[0.762s] Invoking command in '/home/roboticist/0_Projects/tail_mate/src/sjtu_drone/sjtu_drone_bringup': PYTHONPATH=/home/roboticist/0_Projects/tail_mate/build/sjtu_drone_bringup/prefix_override:/usr/lib/python3/dist-packages/colcon_core/task/python/colcon_distutils_commands:/home/roboticist/0_Projects/tail_mate/install/sjtu_drone_bringup/lib/python3.10/site-packages:${PYTHONPATH} /usr/bin/python3 -W ignore:setup.py install is deprecated -W ignore:easy_install command is deprecated setup.py egg_info --egg-base ../../../build/sjtu_drone_bringup build --build-base /home/roboticist/0_Projects/tail_mate/build/sjtu_drone_bringup/build install --record /home/roboticist/0_Projects/tail_mate/build/sjtu_drone_bringup/install.log --single-version-externally-managed install_data
[0.994s] running egg_info
[0.995s] creating ../../../build/sjtu_drone_bringup/sjtu_drone_bringup.egg-info
[0.995s] writing ../../../build/sjtu_drone_bringup/sjtu_drone_bringup.egg-info/PKG-INFO
[0.995s] writing dependency_links to ../../../build/sjtu_drone_bringup/sjtu_drone_bringup.egg-info/dependency_links.txt
[0.995s] writing entry points to ../../../build/sjtu_drone_bringup/sjtu_drone_bringup.egg-info/entry_points.txt
[0.995s] writing requirements to ../../../build/sjtu_drone_bringup/sjtu_drone_bringup.egg-info/requires.txt
[0.995s] writing top-level names to ../../../build/sjtu_drone_bringup/sjtu_drone_bringup.egg-info/top_level.txt
[0.995s] writing manifest file '../../../build/sjtu_drone_bringup/sjtu_drone_bringup.egg-info/SOURCES.txt'
[0.997s] reading manifest file '../../../build/sjtu_drone_bringup/sjtu_drone_bringup.egg-info/SOURCES.txt'
[0.997s] writing manifest file '../../../build/sjtu_drone_bringup/sjtu_drone_bringup.egg-info/SOURCES.txt'
[0.997s] running build
[0.997s] running build_py
[0.998s] creating /home/roboticist/0_Projects/tail_mate/build/sjtu_drone_bringup/build
[0.998s] creating /home/roboticist/0_Projects/tail_mate/build/sjtu_drone_bringup/build/lib
[0.998s] creating /home/roboticist/0_Projects/tail_mate/build/sjtu_drone_bringup/build/lib/sjtu_drone_bringup
[0.998s] copying sjtu_drone_bringup/spawn_drone.py -> /home/roboticist/0_Projects/tail_mate/build/sjtu_drone_bringup/build/lib/sjtu_drone_bringup
[0.998s] copying sjtu_drone_bringup/__init__.py -> /home/roboticist/0_Projects/tail_mate/build/sjtu_drone_bringup/build/lib/sjtu_drone_bringup
[0.998s] running install
[0.998s] running install_lib
[0.999s] creating /home/roboticist/0_Projects/tail_mate/install/sjtu_drone_bringup/lib/python3.10/site-packages/sjtu_drone_bringup
[0.999s] copying /home/roboticist/0_Projects/tail_mate/build/sjtu_drone_bringup/build/lib/sjtu_drone_bringup/spawn_drone.py -> /home/roboticist/0_Projects/tail_mate/install/sjtu_drone_bringup/lib/python3.10/site-packages/sjtu_drone_bringup
[0.999s] copying /home/roboticist/0_Projects/tail_mate/build/sjtu_drone_bringup/build/lib/sjtu_drone_bringup/__init__.py -> /home/roboticist/0_Projects/tail_mate/install/sjtu_drone_bringup/lib/python3.10/site-packages/sjtu_drone_bringup
[0.999s] byte-compiling /home/roboticist/0_Projects/tail_mate/install/sjtu_drone_bringup/lib/python3.10/site-packages/sjtu_drone_bringup/spawn_drone.py to spawn_drone.cpython-310.pyc
[1.000s] byte-compiling /home/roboticist/0_Projects/tail_mate/install/sjtu_drone_bringup/lib/python3.10/site-packages/sjtu_drone_bringup/__init__.py to __init__.cpython-310.pyc
[1.000s] running install_data
[1.000s] creating /home/roboticist/0_Projects/tail_mate/install/sjtu_drone_bringup/share/ament_index
[1.000s] creating /home/roboticist/0_Projects/tail_mate/install/sjtu_drone_bringup/share/ament_index/resource_index
[1.000s] creating /home/roboticist/0_Projects/tail_mate/install/sjtu_drone_bringup/share/ament_index/resource_index/packages
[1.000s] copying resource/sjtu_drone_bringup -> /home/roboticist/0_Projects/tail_mate/install/sjtu_drone_bringup/share/ament_index/resource_index/packages
[1.000s] copying package.xml -> /home/roboticist/0_Projects/tail_mate/install/sjtu_drone_bringup/share/sjtu_drone_bringup
[1.000s] creating /home/roboticist/0_Projects/tail_mate/install/sjtu_drone_bringup/share/sjtu_drone_bringup/launch
[1.000s] copying launch/sjtu_drone_gazebo.launch.py -> /home/roboticist/0_Projects/tail_mate/install/sjtu_drone_bringup/share/sjtu_drone_bringup/launch
[1.000s] copying launch/sjtu_drone_bringup.launch.py -> /home/roboticist/0_Projects/tail_mate/install/sjtu_drone_bringup/share/sjtu_drone_bringup/launch
[1.000s] creating /home/roboticist/0_Projects/tail_mate/install/sjtu_drone_bringup/share/sjtu_drone_bringup/rviz
[1.000s] copying rviz/rviz.rviz -> /home/roboticist/0_Projects/tail_mate/install/sjtu_drone_bringup/share/sjtu_drone_bringup/rviz
[1.001s] creating /home/roboticist/0_Projects/tail_mate/install/sjtu_drone_bringup/share/sjtu_drone_bringup/config
[1.001s] copying config/drone.yaml -> /home/roboticist/0_Projects/tail_mate/install/sjtu_drone_bringup/share/sjtu_drone_bringup/config
[1.001s] running install_egg_info
[1.002s] Copying ../../../build/sjtu_drone_bringup/sjtu_drone_bringup.egg-info to /home/roboticist/0_Projects/tail_mate/install/sjtu_drone_bringup/lib/python3.10/site-packages/sjtu_drone_bringup-0.0.0-py3.10.egg-info
[1.003s] running install_scripts
[1.020s] Installing spawn_drone script to /home/roboticist/0_Projects/tail_mate/install/sjtu_drone_bringup/lib/sjtu_drone_bringup
[1.021s] writing list of installed files to '/home/roboticist/0_Projects/tail_mate/build/sjtu_drone_bringup/install.log'
[1.049s] Invoked command in '/home/roboticist/0_Projects/tail_mate/src/sjtu_drone/sjtu_drone_bringup' returned '0': PYTHONPATH=/home/roboticist/0_Projects/tail_mate/build/sjtu_drone_bringup/prefix_override:/usr/lib/python3/dist-packages/colcon_core/task/python/colcon_distutils_commands:/home/roboticist/0_Projects/tail_mate/install/sjtu_drone_bringup/lib/python3.10/site-packages:${PYTHONPATH} /usr/bin/python3 -W ignore:setup.py install is deprecated -W ignore:easy_install command is deprecated setup.py egg_info --egg-base ../../../build/sjtu_drone_bringup build --build-base /home/roboticist/0_Projects/tail_mate/build/sjtu_drone_bringup/build install --record /home/roboticist/0_Projects/tail_mate/build/sjtu_drone_bringup/install.log --single-version-externally-managed install_data
