[0.106s] DEBUG:colcon:Command line arguments: ['/usr/bin/colcon', 'build']
[0.106s] DEBUG:colcon:Parsed command line arguments: Namespace(log_base=None, log_level=None, verb_name='build', build_base='build', install_base='install', merge_install=False, symlink_install=False, test_result_base=None, continue_on_error=False, executor='parallel', parallel_workers=20, event_handlers=None, ignore_user_meta=False, metas=['./colcon.meta'], base_paths=['.'], packages_ignore=None, packages_ignore_regex=None, paths=None, packages_up_to=None, packages_up_to_regex=None, packages_above=None, packages_above_and_dependencies=None, packages_above_depth=None, packages_select_by_dep=None, packages_skip_by_dep=None, packages_skip_up_to=None, packages_select_build_failed=False, packages_skip_build_finished=False, packages_select_test_failures=False, packages_skip_test_passed=False, packages_select=None, packages_skip=None, packages_select_regex=None, packages_skip_regex=None, packages_start=None, packages_end=None, allow_overriding=[], cmake_args=None, cmake_target=None, cmake_target_skip_unavailable=False, cmake_clean_cache=False, cmake_clean_first=False, cmake_force_configure=False, ament_cmake_args=None, catkin_cmake_args=None, catkin_skip_building_tests=False, mixin_files=None, mixin=None, verb_parser=<colcon_mixin.mixin.mixin_argument.MixinArgumentDecorator object at 0x712d3c26ac20>, verb_extension=<colcon_core.verb.build.BuildVerb object at 0x712d3c26a020>, main=<bound method BuildVerb.main of <colcon_core.verb.build.BuildVerb object at 0x712d3c26a020>>, mixin_verb=('build',))
[0.262s] Level 1:colcon.colcon_core.package_discovery:discover_packages(colcon_meta) check parameters
[0.262s] Level 1:colcon.colcon_core.package_discovery:discover_packages(recursive) check parameters
[0.262s] Level 1:colcon.colcon_core.package_discovery:discover_packages(ignore) check parameters
[0.262s] Level 1:colcon.colcon_core.package_discovery:discover_packages(path) check parameters
[0.262s] Level 1:colcon.colcon_core.package_discovery:discover_packages(colcon_meta) discover
[0.262s] Level 1:colcon.colcon_core.package_discovery:discover_packages(recursive) discover
[0.262s] INFO:colcon.colcon_core.package_discovery:Crawling recursively for packages in '/home/roboticist/0_Projects/tail_mate'
[0.262s] Level 1:colcon.colcon_core.package_identification:_identify(.) by extensions ['ignore', 'ignore_ament_install']
[0.262s] Level 1:colcon.colcon_core.package_identification:_identify(.) by extension 'ignore'
[0.262s] Level 1:colcon.colcon_core.package_identification:_identify(.) by extension 'ignore_ament_install'
[0.262s] Level 1:colcon.colcon_core.package_identification:_identify(.) by extensions ['colcon_pkg']
[0.263s] Level 1:colcon.colcon_core.package_identification:_identify(.) by extension 'colcon_pkg'
[0.263s] Level 1:colcon.colcon_core.package_identification:_identify(.) by extensions ['colcon_meta']
[0.263s] Level 1:colcon.colcon_core.package_identification:_identify(.) by extension 'colcon_meta'
[0.263s] Level 1:colcon.colcon_core.package_identification:_identify(.) by extensions ['ros']
[0.263s] Level 1:colcon.colcon_core.package_identification:_identify(.) by extension 'ros'
[0.272s] Level 1:colcon.colcon_core.package_identification:_identify(.) by extensions ['cmake', 'python']
[0.272s] Level 1:colcon.colcon_core.package_identification:_identify(.) by extension 'cmake'
[0.272s] Level 1:colcon.colcon_core.package_identification:_identify(.) by extension 'python'
[0.272s] Level 1:colcon.colcon_core.package_identification:_identify(.) by extensions ['python_setup_py']
[0.272s] Level 1:colcon.colcon_core.package_identification:_identify(.) by extension 'python_setup_py'
[0.272s] Level 1:colcon.colcon_core.package_identification:_identify(assets) by extensions ['ignore', 'ignore_ament_install']
[0.273s] Level 1:colcon.colcon_core.package_identification:_identify(assets) by extension 'ignore'
[0.273s] Level 1:colcon.colcon_core.package_identification:_identify(assets) by extension 'ignore_ament_install'
[0.273s] Level 1:colcon.colcon_core.package_identification:_identify(assets) by extensions ['colcon_pkg']
[0.273s] Level 1:colcon.colcon_core.package_identification:_identify(assets) by extension 'colcon_pkg'
[0.273s] Level 1:colcon.colcon_core.package_identification:_identify(assets) by extensions ['colcon_meta']
[0.273s] Level 1:colcon.colcon_core.package_identification:_identify(assets) by extension 'colcon_meta'
[0.273s] Level 1:colcon.colcon_core.package_identification:_identify(assets) by extensions ['ros']
[0.273s] Level 1:colcon.colcon_core.package_identification:_identify(assets) by extension 'ros'
[0.273s] Level 1:colcon.colcon_core.package_identification:_identify(assets) by extensions ['cmake', 'python']
[0.273s] Level 1:colcon.colcon_core.package_identification:_identify(assets) by extension 'cmake'
[0.273s] Level 1:colcon.colcon_core.package_identification:_identify(assets) by extension 'python'
[0.273s] Level 1:colcon.colcon_core.package_identification:_identify(assets) by extensions ['python_setup_py']
[0.273s] Level 1:colcon.colcon_core.package_identification:_identify(assets) by extension 'python_setup_py'
[0.273s] Level 1:colcon.colcon_core.package_identification:_identify(build) by extensions ['ignore', 'ignore_ament_install']
[0.273s] Level 1:colcon.colcon_core.package_identification:_identify(build) by extension 'ignore'
[0.273s] Level 1:colcon.colcon_core.package_identification:_identify(build) ignored
[0.273s] Level 1:colcon.colcon_core.package_identification:_identify(docs) by extensions ['ignore', 'ignore_ament_install']
[0.273s] Level 1:colcon.colcon_core.package_identification:_identify(docs) by extension 'ignore'
[0.273s] Level 1:colcon.colcon_core.package_identification:_identify(docs) by extension 'ignore_ament_install'
[0.273s] Level 1:colcon.colcon_core.package_identification:_identify(docs) by extensions ['colcon_pkg']
[0.273s] Level 1:colcon.colcon_core.package_identification:_identify(docs) by extension 'colcon_pkg'
[0.273s] Level 1:colcon.colcon_core.package_identification:_identify(docs) by extensions ['colcon_meta']
[0.273s] Level 1:colcon.colcon_core.package_identification:_identify(docs) by extension 'colcon_meta'
[0.274s] Level 1:colcon.colcon_core.package_identification:_identify(docs) by extensions ['ros']
[0.274s] Level 1:colcon.colcon_core.package_identification:_identify(docs) by extension 'ros'
[0.274s] Level 1:colcon.colcon_core.package_identification:_identify(docs) by extensions ['cmake', 'python']
[0.274s] Level 1:colcon.colcon_core.package_identification:_identify(docs) by extension 'cmake'
[0.274s] Level 1:colcon.colcon_core.package_identification:_identify(docs) by extension 'python'
[0.274s] Level 1:colcon.colcon_core.package_identification:_identify(docs) by extensions ['python_setup_py']
[0.274s] Level 1:colcon.colcon_core.package_identification:_identify(docs) by extension 'python_setup_py'
[0.274s] Level 1:colcon.colcon_core.package_identification:_identify(install) by extensions ['ignore', 'ignore_ament_install']
[0.274s] Level 1:colcon.colcon_core.package_identification:_identify(install) by extension 'ignore'
[0.274s] Level 1:colcon.colcon_core.package_identification:_identify(install) ignored
[0.274s] Level 1:colcon.colcon_core.package_identification:_identify(log) by extensions ['ignore', 'ignore_ament_install']
[0.274s] Level 1:colcon.colcon_core.package_identification:_identify(log) by extension 'ignore'
[0.274s] Level 1:colcon.colcon_core.package_identification:_identify(log) ignored
[0.274s] Level 1:colcon.colcon_core.package_identification:_identify(src) by extensions ['ignore', 'ignore_ament_install']
[0.274s] Level 1:colcon.colcon_core.package_identification:_identify(src) by extension 'ignore'
[0.274s] Level 1:colcon.colcon_core.package_identification:_identify(src) by extension 'ignore_ament_install'
[0.274s] Level 1:colcon.colcon_core.package_identification:_identify(src) by extensions ['colcon_pkg']
[0.274s] Level 1:colcon.colcon_core.package_identification:_identify(src) by extension 'colcon_pkg'
[0.274s] Level 1:colcon.colcon_core.package_identification:_identify(src) by extensions ['colcon_meta']
[0.274s] Level 1:colcon.colcon_core.package_identification:_identify(src) by extension 'colcon_meta'
[0.274s] Level 1:colcon.colcon_core.package_identification:_identify(src) by extensions ['ros']
[0.275s] Level 1:colcon.colcon_core.package_identification:_identify(src) by extension 'ros'
[0.275s] Level 1:colcon.colcon_core.package_identification:_identify(src) by extensions ['cmake', 'python']
[0.275s] Level 1:colcon.colcon_core.package_identification:_identify(src) by extension 'cmake'
[0.275s] Level 1:colcon.colcon_core.package_identification:_identify(src) by extension 'python'
[0.275s] Level 1:colcon.colcon_core.package_identification:_identify(src) by extensions ['python_setup_py']
[0.275s] Level 1:colcon.colcon_core.package_identification:_identify(src) by extension 'python_setup_py'
[0.275s] Level 1:colcon.colcon_core.package_identification:_identify(src/followme_drone) by extensions ['ignore', 'ignore_ament_install']
[0.275s] Level 1:colcon.colcon_core.package_identification:_identify(src/followme_drone) by extension 'ignore'
[0.275s] Level 1:colcon.colcon_core.package_identification:_identify(src/followme_drone) by extension 'ignore_ament_install'
[0.275s] Level 1:colcon.colcon_core.package_identification:_identify(src/followme_drone) by extensions ['colcon_pkg']
[0.275s] Level 1:colcon.colcon_core.package_identification:_identify(src/followme_drone) by extension 'colcon_pkg'
[0.275s] Level 1:colcon.colcon_core.package_identification:_identify(src/followme_drone) by extensions ['colcon_meta']
[0.275s] Level 1:colcon.colcon_core.package_identification:_identify(src/followme_drone) by extension 'colcon_meta'
[0.275s] Level 1:colcon.colcon_core.package_identification:_identify(src/followme_drone) by extensions ['ros']
[0.275s] Level 1:colcon.colcon_core.package_identification:_identify(src/followme_drone) by extension 'ros'
[0.283s] DEBUG:colcon.colcon_core.package_identification:Package 'src/followme_drone' with type 'ros.ament_cmake' and name 'followme_drone'
[0.283s] Level 1:colcon.colcon_core.package_identification:_identify(src/sjtu_drone) by extensions ['ignore', 'ignore_ament_install']
[0.283s] Level 1:colcon.colcon_core.package_identification:_identify(src/sjtu_drone) by extension 'ignore'
[0.283s] Level 1:colcon.colcon_core.package_identification:_identify(src/sjtu_drone) by extension 'ignore_ament_install'
[0.283s] Level 1:colcon.colcon_core.package_identification:_identify(src/sjtu_drone) by extensions ['colcon_pkg']
[0.283s] Level 1:colcon.colcon_core.package_identification:_identify(src/sjtu_drone) by extension 'colcon_pkg'
[0.283s] Level 1:colcon.colcon_core.package_identification:_identify(src/sjtu_drone) by extensions ['colcon_meta']
[0.283s] Level 1:colcon.colcon_core.package_identification:_identify(src/sjtu_drone) by extension 'colcon_meta'
[0.283s] Level 1:colcon.colcon_core.package_identification:_identify(src/sjtu_drone) by extensions ['ros']
[0.283s] Level 1:colcon.colcon_core.package_identification:_identify(src/sjtu_drone) by extension 'ros'
[0.283s] Level 1:colcon.colcon_core.package_identification:_identify(src/sjtu_drone) by extensions ['cmake', 'python']
[0.283s] Level 1:colcon.colcon_core.package_identification:_identify(src/sjtu_drone) by extension 'cmake'
[0.283s] Level 1:colcon.colcon_core.package_identification:_identify(src/sjtu_drone) by extension 'python'
[0.283s] Level 1:colcon.colcon_core.package_identification:_identify(src/sjtu_drone) by extensions ['python_setup_py']
[0.283s] Level 1:colcon.colcon_core.package_identification:_identify(src/sjtu_drone) by extension 'python_setup_py'
[0.283s] Level 1:colcon.colcon_core.package_identification:_identify(src/sjtu_drone/imgs) by extensions ['ignore', 'ignore_ament_install']
[0.283s] Level 1:colcon.colcon_core.package_identification:_identify(src/sjtu_drone/imgs) by extension 'ignore'
[0.283s] Level 1:colcon.colcon_core.package_identification:_identify(src/sjtu_drone/imgs) by extension 'ignore_ament_install'
[0.284s] Level 1:colcon.colcon_core.package_identification:_identify(src/sjtu_drone/imgs) by extensions ['colcon_pkg']
[0.284s] Level 1:colcon.colcon_core.package_identification:_identify(src/sjtu_drone/imgs) by extension 'colcon_pkg'
[0.284s] Level 1:colcon.colcon_core.package_identification:_identify(src/sjtu_drone/imgs) by extensions ['colcon_meta']
[0.284s] Level 1:colcon.colcon_core.package_identification:_identify(src/sjtu_drone/imgs) by extension 'colcon_meta'
[0.284s] Level 1:colcon.colcon_core.package_identification:_identify(src/sjtu_drone/imgs) by extensions ['ros']
[0.284s] Level 1:colcon.colcon_core.package_identification:_identify(src/sjtu_drone/imgs) by extension 'ros'
[0.284s] Level 1:colcon.colcon_core.package_identification:_identify(src/sjtu_drone/imgs) by extensions ['cmake', 'python']
[0.284s] Level 1:colcon.colcon_core.package_identification:_identify(src/sjtu_drone/imgs) by extension 'cmake'
[0.284s] Level 1:colcon.colcon_core.package_identification:_identify(src/sjtu_drone/imgs) by extension 'python'
[0.284s] Level 1:colcon.colcon_core.package_identification:_identify(src/sjtu_drone/imgs) by extensions ['python_setup_py']
[0.284s] Level 1:colcon.colcon_core.package_identification:_identify(src/sjtu_drone/imgs) by extension 'python_setup_py'
[0.284s] Level 1:colcon.colcon_core.package_identification:_identify(src/sjtu_drone/sjtu_drone_bringup) by extensions ['ignore', 'ignore_ament_install']
[0.284s] Level 1:colcon.colcon_core.package_identification:_identify(src/sjtu_drone/sjtu_drone_bringup) by extension 'ignore'
[0.284s] Level 1:colcon.colcon_core.package_identification:_identify(src/sjtu_drone/sjtu_drone_bringup) by extension 'ignore_ament_install'
[0.284s] Level 1:colcon.colcon_core.package_identification:_identify(src/sjtu_drone/sjtu_drone_bringup) by extensions ['colcon_pkg']
[0.284s] Level 1:colcon.colcon_core.package_identification:_identify(src/sjtu_drone/sjtu_drone_bringup) by extension 'colcon_pkg'
[0.284s] Level 1:colcon.colcon_core.package_identification:_identify(src/sjtu_drone/sjtu_drone_bringup) by extensions ['colcon_meta']
[0.284s] Level 1:colcon.colcon_core.package_identification:_identify(src/sjtu_drone/sjtu_drone_bringup) by extension 'colcon_meta'
[0.284s] Level 1:colcon.colcon_core.package_identification:_identify(src/sjtu_drone/sjtu_drone_bringup) by extensions ['ros']
[0.284s] Level 1:colcon.colcon_core.package_identification:_identify(src/sjtu_drone/sjtu_drone_bringup) by extension 'ros'
[0.285s] DEBUG:colcon.colcon_core.package_identification:Package 'src/sjtu_drone/sjtu_drone_bringup' with type 'ros.ament_python' and name 'sjtu_drone_bringup'
[0.285s] Level 1:colcon.colcon_core.package_identification:_identify(src/sjtu_drone/sjtu_drone_control) by extensions ['ignore', 'ignore_ament_install']
[0.285s] Level 1:colcon.colcon_core.package_identification:_identify(src/sjtu_drone/sjtu_drone_control) by extension 'ignore'
[0.285s] Level 1:colcon.colcon_core.package_identification:_identify(src/sjtu_drone/sjtu_drone_control) by extension 'ignore_ament_install'
[0.285s] Level 1:colcon.colcon_core.package_identification:_identify(src/sjtu_drone/sjtu_drone_control) by extensions ['colcon_pkg']
[0.286s] Level 1:colcon.colcon_core.package_identification:_identify(src/sjtu_drone/sjtu_drone_control) by extension 'colcon_pkg'
[0.286s] Level 1:colcon.colcon_core.package_identification:_identify(src/sjtu_drone/sjtu_drone_control) by extensions ['colcon_meta']
[0.286s] Level 1:colcon.colcon_core.package_identification:_identify(src/sjtu_drone/sjtu_drone_control) by extension 'colcon_meta'
[0.286s] Level 1:colcon.colcon_core.package_identification:_identify(src/sjtu_drone/sjtu_drone_control) by extensions ['ros']
[0.286s] Level 1:colcon.colcon_core.package_identification:_identify(src/sjtu_drone/sjtu_drone_control) by extension 'ros'
[0.286s] DEBUG:colcon.colcon_core.package_identification:Package 'src/sjtu_drone/sjtu_drone_control' with type 'ros.ament_python' and name 'sjtu_drone_control'
[0.286s] Level 1:colcon.colcon_core.package_identification:_identify(src/sjtu_drone/sjtu_drone_description) by extensions ['ignore', 'ignore_ament_install']
[0.287s] Level 1:colcon.colcon_core.package_identification:_identify(src/sjtu_drone/sjtu_drone_description) by extension 'ignore'
[0.287s] Level 1:colcon.colcon_core.package_identification:_identify(src/sjtu_drone/sjtu_drone_description) by extension 'ignore_ament_install'
[0.287s] Level 1:colcon.colcon_core.package_identification:_identify(src/sjtu_drone/sjtu_drone_description) by extensions ['colcon_pkg']
[0.287s] Level 1:colcon.colcon_core.package_identification:_identify(src/sjtu_drone/sjtu_drone_description) by extension 'colcon_pkg'
[0.287s] Level 1:colcon.colcon_core.package_identification:_identify(src/sjtu_drone/sjtu_drone_description) by extensions ['colcon_meta']
[0.287s] Level 1:colcon.colcon_core.package_identification:_identify(src/sjtu_drone/sjtu_drone_description) by extension 'colcon_meta'
[0.287s] Level 1:colcon.colcon_core.package_identification:_identify(src/sjtu_drone/sjtu_drone_description) by extensions ['ros']
[0.287s] Level 1:colcon.colcon_core.package_identification:_identify(src/sjtu_drone/sjtu_drone_description) by extension 'ros'
[0.288s] DEBUG:colcon.colcon_core.package_identification:Package 'src/sjtu_drone/sjtu_drone_description' with type 'ros.ament_cmake' and name 'sjtu_drone_description'
[0.288s] Level 1:colcon.colcon_core.package_identification:_identify(src/turtlebot3_simulations) by extensions ['ignore', 'ignore_ament_install']
[0.288s] Level 1:colcon.colcon_core.package_identification:_identify(src/turtlebot3_simulations) by extension 'ignore'
[0.288s] Level 1:colcon.colcon_core.package_identification:_identify(src/turtlebot3_simulations) by extension 'ignore_ament_install'
[0.288s] Level 1:colcon.colcon_core.package_identification:_identify(src/turtlebot3_simulations) by extensions ['colcon_pkg']
[0.288s] Level 1:colcon.colcon_core.package_identification:_identify(src/turtlebot3_simulations) by extension 'colcon_pkg'
[0.288s] Level 1:colcon.colcon_core.package_identification:_identify(src/turtlebot3_simulations) by extensions ['colcon_meta']
[0.288s] Level 1:colcon.colcon_core.package_identification:_identify(src/turtlebot3_simulations) by extension 'colcon_meta'
[0.288s] Level 1:colcon.colcon_core.package_identification:_identify(src/turtlebot3_simulations) by extensions ['ros']
[0.288s] Level 1:colcon.colcon_core.package_identification:_identify(src/turtlebot3_simulations) by extension 'ros'
[0.288s] Level 1:colcon.colcon_core.package_identification:_identify(src/turtlebot3_simulations) by extensions ['cmake', 'python']
[0.288s] Level 1:colcon.colcon_core.package_identification:_identify(src/turtlebot3_simulations) by extension 'cmake'
[0.288s] Level 1:colcon.colcon_core.package_identification:_identify(src/turtlebot3_simulations) by extension 'python'
[0.288s] Level 1:colcon.colcon_core.package_identification:_identify(src/turtlebot3_simulations) by extensions ['python_setup_py']
[0.288s] Level 1:colcon.colcon_core.package_identification:_identify(src/turtlebot3_simulations) by extension 'python_setup_py'
[0.288s] Level 1:colcon.colcon_core.package_identification:_identify(src/turtlebot3_simulations/turtlebot3_fake_node) by extensions ['ignore', 'ignore_ament_install']
[0.288s] Level 1:colcon.colcon_core.package_identification:_identify(src/turtlebot3_simulations/turtlebot3_fake_node) by extension 'ignore'
[0.288s] Level 1:colcon.colcon_core.package_identification:_identify(src/turtlebot3_simulations/turtlebot3_fake_node) by extension 'ignore_ament_install'
[0.288s] Level 1:colcon.colcon_core.package_identification:_identify(src/turtlebot3_simulations/turtlebot3_fake_node) by extensions ['colcon_pkg']
[0.288s] Level 1:colcon.colcon_core.package_identification:_identify(src/turtlebot3_simulations/turtlebot3_fake_node) by extension 'colcon_pkg'
[0.288s] Level 1:colcon.colcon_core.package_identification:_identify(src/turtlebot3_simulations/turtlebot3_fake_node) by extensions ['colcon_meta']
[0.288s] Level 1:colcon.colcon_core.package_identification:_identify(src/turtlebot3_simulations/turtlebot3_fake_node) by extension 'colcon_meta'
[0.289s] Level 1:colcon.colcon_core.package_identification:_identify(src/turtlebot3_simulations/turtlebot3_fake_node) by extensions ['ros']
[0.289s] Level 1:colcon.colcon_core.package_identification:_identify(src/turtlebot3_simulations/turtlebot3_fake_node) by extension 'ros'
[0.289s] DEBUG:colcon.colcon_core.package_identification:Package 'src/turtlebot3_simulations/turtlebot3_fake_node' with type 'ros.ament_cmake' and name 'turtlebot3_fake_node'
[0.290s] Level 1:colcon.colcon_core.package_identification:_identify(src/turtlebot3_simulations/turtlebot3_gazebo) by extensions ['ignore', 'ignore_ament_install']
[0.290s] Level 1:colcon.colcon_core.package_identification:_identify(src/turtlebot3_simulations/turtlebot3_gazebo) by extension 'ignore'
[0.290s] Level 1:colcon.colcon_core.package_identification:_identify(src/turtlebot3_simulations/turtlebot3_gazebo) by extension 'ignore_ament_install'
[0.290s] Level 1:colcon.colcon_core.package_identification:_identify(src/turtlebot3_simulations/turtlebot3_gazebo) by extensions ['colcon_pkg']
[0.290s] Level 1:colcon.colcon_core.package_identification:_identify(src/turtlebot3_simulations/turtlebot3_gazebo) by extension 'colcon_pkg'
[0.290s] Level 1:colcon.colcon_core.package_identification:_identify(src/turtlebot3_simulations/turtlebot3_gazebo) by extensions ['colcon_meta']
[0.290s] Level 1:colcon.colcon_core.package_identification:_identify(src/turtlebot3_simulations/turtlebot3_gazebo) by extension 'colcon_meta'
[0.290s] Level 1:colcon.colcon_core.package_identification:_identify(src/turtlebot3_simulations/turtlebot3_gazebo) by extensions ['ros']
[0.290s] Level 1:colcon.colcon_core.package_identification:_identify(src/turtlebot3_simulations/turtlebot3_gazebo) by extension 'ros'
[0.291s] DEBUG:colcon.colcon_core.package_identification:Package 'src/turtlebot3_simulations/turtlebot3_gazebo' with type 'ros.ament_cmake' and name 'turtlebot3_gazebo'
[0.291s] Level 1:colcon.colcon_core.package_identification:_identify(src/turtlebot3_simulations/turtlebot3_simulations) by extensions ['ignore', 'ignore_ament_install']
[0.291s] Level 1:colcon.colcon_core.package_identification:_identify(src/turtlebot3_simulations/turtlebot3_simulations) by extension 'ignore'
[0.291s] Level 1:colcon.colcon_core.package_identification:_identify(src/turtlebot3_simulations/turtlebot3_simulations) by extension 'ignore_ament_install'
[0.291s] Level 1:colcon.colcon_core.package_identification:_identify(src/turtlebot3_simulations/turtlebot3_simulations) by extensions ['colcon_pkg']
[0.291s] Level 1:colcon.colcon_core.package_identification:_identify(src/turtlebot3_simulations/turtlebot3_simulations) by extension 'colcon_pkg'
[0.291s] Level 1:colcon.colcon_core.package_identification:_identify(src/turtlebot3_simulations/turtlebot3_simulations) by extensions ['colcon_meta']
[0.291s] Level 1:colcon.colcon_core.package_identification:_identify(src/turtlebot3_simulations/turtlebot3_simulations) by extension 'colcon_meta'
[0.291s] Level 1:colcon.colcon_core.package_identification:_identify(src/turtlebot3_simulations/turtlebot3_simulations) by extensions ['ros']
[0.291s] Level 1:colcon.colcon_core.package_identification:_identify(src/turtlebot3_simulations/turtlebot3_simulations) by extension 'ros'
[0.292s] DEBUG:colcon.colcon_core.package_identification:Package 'src/turtlebot3_simulations/turtlebot3_simulations' with type 'ros.ament_cmake' and name 'turtlebot3_simulations'
[0.292s] Level 1:colcon.colcon_core.package_discovery:discover_packages(recursive) using defaults
[0.292s] Level 1:colcon.colcon_core.package_discovery:discover_packages(ignore) discover
[0.292s] Level 1:colcon.colcon_core.package_discovery:discover_packages(ignore) using defaults
[0.292s] Level 1:colcon.colcon_core.package_discovery:discover_packages(path) discover
[0.292s] Level 1:colcon.colcon_core.package_discovery:discover_packages(path) using defaults
[0.318s] Level 1:colcon.colcon_core.package_discovery:discover_packages(prefix_path) check parameters
[0.318s] Level 1:colcon.colcon_core.package_discovery:discover_packages(prefix_path) discover
[0.321s] DEBUG:colcon.colcon_installed_package_information.package_discovery:Found 7 installed packages in /home/roboticist/0_Projects/tail_mate/install
[0.323s] DEBUG:colcon.colcon_installed_package_information.package_discovery:Found 492 installed packages in /opt/ros/humble
[0.326s] Level 1:colcon.colcon_core.package_discovery:discover_packages(prefix_path) using defaults
[0.376s] Level 5:colcon.colcon_core.verb:set package 'followme_drone' build argument 'cmake_args' from command line to 'None'
[0.376s] Level 5:colcon.colcon_core.verb:set package 'followme_drone' build argument 'cmake_target' from command line to 'None'
[0.376s] Level 5:colcon.colcon_core.verb:set package 'followme_drone' build argument 'cmake_target_skip_unavailable' from command line to 'False'
[0.376s] Level 5:colcon.colcon_core.verb:set package 'followme_drone' build argument 'cmake_clean_cache' from command line to 'False'
[0.376s] Level 5:colcon.colcon_core.verb:set package 'followme_drone' build argument 'cmake_clean_first' from command line to 'False'
[0.376s] Level 5:colcon.colcon_core.verb:set package 'followme_drone' build argument 'cmake_force_configure' from command line to 'False'
[0.376s] Level 5:colcon.colcon_core.verb:set package 'followme_drone' build argument 'ament_cmake_args' from command line to 'None'
[0.376s] Level 5:colcon.colcon_core.verb:set package 'followme_drone' build argument 'catkin_cmake_args' from command line to 'None'
[0.376s] Level 5:colcon.colcon_core.verb:set package 'followme_drone' build argument 'catkin_skip_building_tests' from command line to 'False'
[0.376s] DEBUG:colcon.colcon_core.verb:Building package 'followme_drone' with the following arguments: {'ament_cmake_args': None, 'build_base': '/home/roboticist/0_Projects/tail_mate/build/followme_drone', 'catkin_cmake_args': None, 'catkin_skip_building_tests': False, 'cmake_args': None, 'cmake_clean_cache': False, 'cmake_clean_first': False, 'cmake_force_configure': False, 'cmake_target': None, 'cmake_target_skip_unavailable': False, 'install_base': '/home/roboticist/0_Projects/tail_mate/install/followme_drone', 'merge_install': False, 'path': '/home/roboticist/0_Projects/tail_mate/src/followme_drone', 'symlink_install': False, 'test_result_base': None}
[0.376s] Level 5:colcon.colcon_core.verb:set package 'sjtu_drone_bringup' build argument 'cmake_args' from command line to 'None'
[0.376s] Level 5:colcon.colcon_core.verb:set package 'sjtu_drone_bringup' build argument 'cmake_target' from command line to 'None'
[0.376s] Level 5:colcon.colcon_core.verb:set package 'sjtu_drone_bringup' build argument 'cmake_target_skip_unavailable' from command line to 'False'
[0.376s] Level 5:colcon.colcon_core.verb:set package 'sjtu_drone_bringup' build argument 'cmake_clean_cache' from command line to 'False'
[0.376s] Level 5:colcon.colcon_core.verb:set package 'sjtu_drone_bringup' build argument 'cmake_clean_first' from command line to 'False'
[0.376s] Level 5:colcon.colcon_core.verb:set package 'sjtu_drone_bringup' build argument 'cmake_force_configure' from command line to 'False'
[0.376s] Level 5:colcon.colcon_core.verb:set package 'sjtu_drone_bringup' build argument 'ament_cmake_args' from command line to 'None'
[0.376s] Level 5:colcon.colcon_core.verb:set package 'sjtu_drone_bringup' build argument 'catkin_cmake_args' from command line to 'None'
[0.376s] Level 5:colcon.colcon_core.verb:set package 'sjtu_drone_bringup' build argument 'catkin_skip_building_tests' from command line to 'False'
[0.376s] DEBUG:colcon.colcon_core.verb:Building package 'sjtu_drone_bringup' with the following arguments: {'ament_cmake_args': None, 'build_base': '/home/roboticist/0_Projects/tail_mate/build/sjtu_drone_bringup', 'catkin_cmake_args': None, 'catkin_skip_building_tests': False, 'cmake_args': None, 'cmake_clean_cache': False, 'cmake_clean_first': False, 'cmake_force_configure': False, 'cmake_target': None, 'cmake_target_skip_unavailable': False, 'install_base': '/home/roboticist/0_Projects/tail_mate/install/sjtu_drone_bringup', 'merge_install': False, 'path': '/home/roboticist/0_Projects/tail_mate/src/sjtu_drone/sjtu_drone_bringup', 'symlink_install': False, 'test_result_base': None}
[0.377s] Level 5:colcon.colcon_core.verb:set package 'sjtu_drone_control' build argument 'cmake_args' from command line to 'None'
[0.377s] Level 5:colcon.colcon_core.verb:set package 'sjtu_drone_control' build argument 'cmake_target' from command line to 'None'
[0.377s] Level 5:colcon.colcon_core.verb:set package 'sjtu_drone_control' build argument 'cmake_target_skip_unavailable' from command line to 'False'
[0.377s] Level 5:colcon.colcon_core.verb:set package 'sjtu_drone_control' build argument 'cmake_clean_cache' from command line to 'False'
[0.377s] Level 5:colcon.colcon_core.verb:set package 'sjtu_drone_control' build argument 'cmake_clean_first' from command line to 'False'
[0.377s] Level 5:colcon.colcon_core.verb:set package 'sjtu_drone_control' build argument 'cmake_force_configure' from command line to 'False'
[0.377s] Level 5:colcon.colcon_core.verb:set package 'sjtu_drone_control' build argument 'ament_cmake_args' from command line to 'None'
[0.377s] Level 5:colcon.colcon_core.verb:set package 'sjtu_drone_control' build argument 'catkin_cmake_args' from command line to 'None'
[0.377s] Level 5:colcon.colcon_core.verb:set package 'sjtu_drone_control' build argument 'catkin_skip_building_tests' from command line to 'False'
[0.377s] DEBUG:colcon.colcon_core.verb:Building package 'sjtu_drone_control' with the following arguments: {'ament_cmake_args': None, 'build_base': '/home/roboticist/0_Projects/tail_mate/build/sjtu_drone_control', 'catkin_cmake_args': None, 'catkin_skip_building_tests': False, 'cmake_args': None, 'cmake_clean_cache': False, 'cmake_clean_first': False, 'cmake_force_configure': False, 'cmake_target': None, 'cmake_target_skip_unavailable': False, 'install_base': '/home/roboticist/0_Projects/tail_mate/install/sjtu_drone_control', 'merge_install': False, 'path': '/home/roboticist/0_Projects/tail_mate/src/sjtu_drone/sjtu_drone_control', 'symlink_install': False, 'test_result_base': None}
[0.377s] Level 5:colcon.colcon_core.verb:set package 'sjtu_drone_description' build argument 'cmake_args' from command line to 'None'
[0.377s] Level 5:colcon.colcon_core.verb:set package 'sjtu_drone_description' build argument 'cmake_target' from command line to 'None'
[0.377s] Level 5:colcon.colcon_core.verb:set package 'sjtu_drone_description' build argument 'cmake_target_skip_unavailable' from command line to 'False'
[0.377s] Level 5:colcon.colcon_core.verb:set package 'sjtu_drone_description' build argument 'cmake_clean_cache' from command line to 'False'
[0.377s] Level 5:colcon.colcon_core.verb:set package 'sjtu_drone_description' build argument 'cmake_clean_first' from command line to 'False'
[0.377s] Level 5:colcon.colcon_core.verb:set package 'sjtu_drone_description' build argument 'cmake_force_configure' from command line to 'False'
[0.377s] Level 5:colcon.colcon_core.verb:set package 'sjtu_drone_description' build argument 'ament_cmake_args' from command line to 'None'
[0.377s] Level 5:colcon.colcon_core.verb:set package 'sjtu_drone_description' build argument 'catkin_cmake_args' from command line to 'None'
[0.377s] Level 5:colcon.colcon_core.verb:set package 'sjtu_drone_description' build argument 'catkin_skip_building_tests' from command line to 'False'
[0.377s] DEBUG:colcon.colcon_core.verb:Building package 'sjtu_drone_description' with the following arguments: {'ament_cmake_args': None, 'build_base': '/home/roboticist/0_Projects/tail_mate/build/sjtu_drone_description', 'catkin_cmake_args': None, 'catkin_skip_building_tests': False, 'cmake_args': None, 'cmake_clean_cache': False, 'cmake_clean_first': False, 'cmake_force_configure': False, 'cmake_target': None, 'cmake_target_skip_unavailable': False, 'install_base': '/home/roboticist/0_Projects/tail_mate/install/sjtu_drone_description', 'merge_install': False, 'path': '/home/roboticist/0_Projects/tail_mate/src/sjtu_drone/sjtu_drone_description', 'symlink_install': False, 'test_result_base': None}
[0.378s] Level 5:colcon.colcon_core.verb:set package 'turtlebot3_fake_node' build argument 'cmake_args' from command line to 'None'
[0.378s] Level 5:colcon.colcon_core.verb:set package 'turtlebot3_fake_node' build argument 'cmake_target' from command line to 'None'
[0.378s] Level 5:colcon.colcon_core.verb:set package 'turtlebot3_fake_node' build argument 'cmake_target_skip_unavailable' from command line to 'False'
[0.378s] Level 5:colcon.colcon_core.verb:set package 'turtlebot3_fake_node' build argument 'cmake_clean_cache' from command line to 'False'
[0.378s] Level 5:colcon.colcon_core.verb:set package 'turtlebot3_fake_node' build argument 'cmake_clean_first' from command line to 'False'
[0.378s] Level 5:colcon.colcon_core.verb:set package 'turtlebot3_fake_node' build argument 'cmake_force_configure' from command line to 'False'
[0.378s] Level 5:colcon.colcon_core.verb:set package 'turtlebot3_fake_node' build argument 'ament_cmake_args' from command line to 'None'
[0.378s] Level 5:colcon.colcon_core.verb:set package 'turtlebot3_fake_node' build argument 'catkin_cmake_args' from command line to 'None'
[0.378s] Level 5:colcon.colcon_core.verb:set package 'turtlebot3_fake_node' build argument 'catkin_skip_building_tests' from command line to 'False'
[0.378s] DEBUG:colcon.colcon_core.verb:Building package 'turtlebot3_fake_node' with the following arguments: {'ament_cmake_args': None, 'build_base': '/home/roboticist/0_Projects/tail_mate/build/turtlebot3_fake_node', 'catkin_cmake_args': None, 'catkin_skip_building_tests': False, 'cmake_args': None, 'cmake_clean_cache': False, 'cmake_clean_first': False, 'cmake_force_configure': False, 'cmake_target': None, 'cmake_target_skip_unavailable': False, 'install_base': '/home/roboticist/0_Projects/tail_mate/install/turtlebot3_fake_node', 'merge_install': False, 'path': '/home/roboticist/0_Projects/tail_mate/src/turtlebot3_simulations/turtlebot3_fake_node', 'symlink_install': False, 'test_result_base': None}
[0.378s] Level 5:colcon.colcon_core.verb:set package 'turtlebot3_gazebo' build argument 'cmake_args' from command line to 'None'
[0.378s] Level 5:colcon.colcon_core.verb:set package 'turtlebot3_gazebo' build argument 'cmake_target' from command line to 'None'
[0.378s] Level 5:colcon.colcon_core.verb:set package 'turtlebot3_gazebo' build argument 'cmake_target_skip_unavailable' from command line to 'False'
[0.378s] Level 5:colcon.colcon_core.verb:set package 'turtlebot3_gazebo' build argument 'cmake_clean_cache' from command line to 'False'
[0.378s] Level 5:colcon.colcon_core.verb:set package 'turtlebot3_gazebo' build argument 'cmake_clean_first' from command line to 'False'
[0.378s] Level 5:colcon.colcon_core.verb:set package 'turtlebot3_gazebo' build argument 'cmake_force_configure' from command line to 'False'
[0.378s] Level 5:colcon.colcon_core.verb:set package 'turtlebot3_gazebo' build argument 'ament_cmake_args' from command line to 'None'
[0.378s] Level 5:colcon.colcon_core.verb:set package 'turtlebot3_gazebo' build argument 'catkin_cmake_args' from command line to 'None'
[0.378s] Level 5:colcon.colcon_core.verb:set package 'turtlebot3_gazebo' build argument 'catkin_skip_building_tests' from command line to 'False'
[0.378s] DEBUG:colcon.colcon_core.verb:Building package 'turtlebot3_gazebo' with the following arguments: {'ament_cmake_args': None, 'build_base': '/home/roboticist/0_Projects/tail_mate/build/turtlebot3_gazebo', 'catkin_cmake_args': None, 'catkin_skip_building_tests': False, 'cmake_args': None, 'cmake_clean_cache': False, 'cmake_clean_first': False, 'cmake_force_configure': False, 'cmake_target': None, 'cmake_target_skip_unavailable': False, 'install_base': '/home/roboticist/0_Projects/tail_mate/install/turtlebot3_gazebo', 'merge_install': False, 'path': '/home/roboticist/0_Projects/tail_mate/src/turtlebot3_simulations/turtlebot3_gazebo', 'symlink_install': False, 'test_result_base': None}
[0.379s] Level 5:colcon.colcon_core.verb:set package 'turtlebot3_simulations' build argument 'cmake_args' from command line to 'None'
[0.379s] Level 5:colcon.colcon_core.verb:set package 'turtlebot3_simulations' build argument 'cmake_target' from command line to 'None'
[0.379s] Level 5:colcon.colcon_core.verb:set package 'turtlebot3_simulations' build argument 'cmake_target_skip_unavailable' from command line to 'False'
[0.379s] Level 5:colcon.colcon_core.verb:set package 'turtlebot3_simulations' build argument 'cmake_clean_cache' from command line to 'False'
[0.379s] Level 5:colcon.colcon_core.verb:set package 'turtlebot3_simulations' build argument 'cmake_clean_first' from command line to 'False'
[0.379s] Level 5:colcon.colcon_core.verb:set package 'turtlebot3_simulations' build argument 'cmake_force_configure' from command line to 'False'
[0.379s] Level 5:colcon.colcon_core.verb:set package 'turtlebot3_simulations' build argument 'ament_cmake_args' from command line to 'None'
[0.379s] Level 5:colcon.colcon_core.verb:set package 'turtlebot3_simulations' build argument 'catkin_cmake_args' from command line to 'None'
[0.379s] Level 5:colcon.colcon_core.verb:set package 'turtlebot3_simulations' build argument 'catkin_skip_building_tests' from command line to 'False'
[0.379s] DEBUG:colcon.colcon_core.verb:Building package 'turtlebot3_simulations' with the following arguments: {'ament_cmake_args': None, 'build_base': '/home/roboticist/0_Projects/tail_mate/build/turtlebot3_simulations', 'catkin_cmake_args': None, 'catkin_skip_building_tests': False, 'cmake_args': None, 'cmake_clean_cache': False, 'cmake_clean_first': False, 'cmake_force_configure': False, 'cmake_target': None, 'cmake_target_skip_unavailable': False, 'install_base': '/home/roboticist/0_Projects/tail_mate/install/turtlebot3_simulations', 'merge_install': False, 'path': '/home/roboticist/0_Projects/tail_mate/src/turtlebot3_simulations/turtlebot3_simulations', 'symlink_install': False, 'test_result_base': None}
[0.379s] INFO:colcon.colcon_core.executor:Executing jobs using 'parallel' executor
[0.380s] DEBUG:colcon.colcon_parallel_executor.executor.parallel:run_until_complete
[0.380s] INFO:colcon.colcon_ros.task.ament_cmake.build:Building ROS package in '/home/roboticist/0_Projects/tail_mate/src/turtlebot3_simulations/turtlebot3_fake_node' with build type 'ament_cmake'
[0.380s] INFO:colcon.colcon_cmake.task.cmake.build:Building CMake package in '/home/roboticist/0_Projects/tail_mate/src/turtlebot3_simulations/turtlebot3_fake_node'
[0.383s] INFO:colcon.colcon_core.plugin_system:Skipping extension 'colcon_core.shell.bat': Not used on non-Windows systems
[0.383s] INFO:colcon.colcon_core.shell:Skip shell extension 'powershell' for command environment: Not usable outside of PowerShell
[0.383s] DEBUG:colcon.colcon_core.shell:Skip shell extension 'dsv' for command environment
[0.387s] INFO:colcon.colcon_ros.task.ament_cmake.build:Building ROS package in '/home/roboticist/0_Projects/tail_mate/src/turtlebot3_simulations/turtlebot3_gazebo' with build type 'ament_cmake'
[0.387s] INFO:colcon.colcon_cmake.task.cmake.build:Building CMake package in '/home/roboticist/0_Projects/tail_mate/src/turtlebot3_simulations/turtlebot3_gazebo'
[0.387s] INFO:colcon.colcon_core.shell:Skip shell extension 'powershell' for command environment: Not usable outside of PowerShell
[0.387s] DEBUG:colcon.colcon_core.shell:Skip shell extension 'dsv' for command environment
[0.391s] INFO:colcon.colcon_ros.task.ament_cmake.build:Building ROS package in '/home/roboticist/0_Projects/tail_mate/src/followme_drone' with build type 'ament_cmake'
[0.391s] INFO:colcon.colcon_cmake.task.cmake.build:Building CMake package in '/home/roboticist/0_Projects/tail_mate/src/followme_drone'
[0.391s] INFO:colcon.colcon_core.shell:Skip shell extension 'powershell' for command environment: Not usable outside of PowerShell
[0.391s] DEBUG:colcon.colcon_core.shell:Skip shell extension 'dsv' for command environment
[0.395s] INFO:colcon.colcon_ros.task.ament_python.build:Building ROS package in '/home/roboticist/0_Projects/tail_mate/src/sjtu_drone/sjtu_drone_bringup' with build type 'ament_python'
[0.395s] Level 1:colcon.colcon_core.shell:create_environment_hook('sjtu_drone_bringup', 'ament_prefix_path')
[0.396s] INFO:colcon.colcon_core.shell:Creating environment hook '/home/roboticist/0_Projects/tail_mate/install/sjtu_drone_bringup/share/sjtu_drone_bringup/hook/ament_prefix_path.ps1'
[0.396s] INFO:colcon.colcon_core.shell:Creating environment descriptor '/home/roboticist/0_Projects/tail_mate/install/sjtu_drone_bringup/share/sjtu_drone_bringup/hook/ament_prefix_path.dsv'
[0.397s] INFO:colcon.colcon_core.shell:Creating environment hook '/home/roboticist/0_Projects/tail_mate/install/sjtu_drone_bringup/share/sjtu_drone_bringup/hook/ament_prefix_path.sh'
[0.397s] INFO:colcon.colcon_core.shell:Skip shell extension 'powershell' for command environment: Not usable outside of PowerShell
[0.398s] DEBUG:colcon.colcon_core.shell:Skip shell extension 'dsv' for command environment
[0.401s] INFO:colcon.colcon_ros.task.ament_python.build:Building ROS package in '/home/roboticist/0_Projects/tail_mate/src/sjtu_drone/sjtu_drone_control' with build type 'ament_python'
[0.401s] Level 1:colcon.colcon_core.shell:create_environment_hook('sjtu_drone_control', 'ament_prefix_path')
[0.401s] INFO:colcon.colcon_core.shell:Creating environment hook '/home/roboticist/0_Projects/tail_mate/install/sjtu_drone_control/share/sjtu_drone_control/hook/ament_prefix_path.ps1'
[0.402s] INFO:colcon.colcon_core.shell:Creating environment descriptor '/home/roboticist/0_Projects/tail_mate/install/sjtu_drone_control/share/sjtu_drone_control/hook/ament_prefix_path.dsv'
[0.402s] INFO:colcon.colcon_core.shell:Creating environment hook '/home/roboticist/0_Projects/tail_mate/install/sjtu_drone_control/share/sjtu_drone_control/hook/ament_prefix_path.sh'
[0.403s] INFO:colcon.colcon_core.shell:Skip shell extension 'powershell' for command environment: Not usable outside of PowerShell
[0.403s] DEBUG:colcon.colcon_core.shell:Skip shell extension 'dsv' for command environment
[0.406s] INFO:colcon.colcon_ros.task.ament_cmake.build:Building ROS package in '/home/roboticist/0_Projects/tail_mate/src/sjtu_drone/sjtu_drone_description' with build type 'ament_cmake'
[0.407s] INFO:colcon.colcon_cmake.task.cmake.build:Building CMake package in '/home/roboticist/0_Projects/tail_mate/src/sjtu_drone/sjtu_drone_description'
[0.407s] INFO:colcon.colcon_core.shell:Skip shell extension 'powershell' for command environment: Not usable outside of PowerShell
[0.407s] DEBUG:colcon.colcon_core.shell:Skip shell extension 'dsv' for command environment
[0.416s] DEBUG:colcon.colcon_core.event_handler.log_command:Invoking command in '/home/roboticist/0_Projects/tail_mate/build/turtlebot3_fake_node': CMAKE_PREFIX_PATH=${CMAKE_PREFIX_PATH}:/home/roboticist/0_Projects/tail_mate/install/sjtu_drone_control:/home/roboticist/0_Projects/tail_mate/install/sjtu_drone_bringup:/opt/ros/humble /usr/bin/cmake --build /home/roboticist/0_Projects/tail_mate/build/turtlebot3_fake_node -- -j20 -l20
[0.419s] DEBUG:colcon.colcon_core.event_handler.log_command:Invoking command in '/home/roboticist/0_Projects/tail_mate/build/turtlebot3_gazebo': CMAKE_PREFIX_PATH=${CMAKE_PREFIX_PATH}:/home/roboticist/0_Projects/tail_mate/install/sjtu_drone_control:/home/roboticist/0_Projects/tail_mate/install/sjtu_drone_bringup:/opt/ros/humble /usr/bin/cmake --build /home/roboticist/0_Projects/tail_mate/build/turtlebot3_gazebo -- -j20 -l20
[0.421s] DEBUG:colcon.colcon_core.event_handler.log_command:Invoking command in '/home/roboticist/0_Projects/tail_mate/build/followme_drone': CMAKE_PREFIX_PATH=${CMAKE_PREFIX_PATH}:/home/roboticist/0_Projects/tail_mate/install/sjtu_drone_control:/home/roboticist/0_Projects/tail_mate/install/sjtu_drone_bringup:/opt/ros/humble /usr/bin/cmake --build /home/roboticist/0_Projects/tail_mate/build/followme_drone -- -j20 -l20
[0.667s] INFO:colcon.colcon_core.task.python.build:Building Python package in '/home/roboticist/0_Projects/tail_mate/src/sjtu_drone/sjtu_drone_bringup'
[0.667s] INFO:colcon.colcon_core.shell:Skip shell extension 'powershell' for command environment: Not usable outside of PowerShell
[0.667s] DEBUG:colcon.colcon_core.shell:Skip shell extension 'dsv' for command environment
[0.899s] INFO:colcon.colcon_core.task.python.build:Building Python package in '/home/roboticist/0_Projects/tail_mate/src/sjtu_drone/sjtu_drone_control'
[0.899s] INFO:colcon.colcon_core.shell:Skip shell extension 'powershell' for command environment: Not usable outside of PowerShell
[0.899s] DEBUG:colcon.colcon_core.shell:Skip shell extension 'dsv' for command environment
[0.914s] DEBUG:colcon.colcon_core.event_handler.log_command:Invoking command in '/home/roboticist/0_Projects/tail_mate/build/sjtu_drone_description': CMAKE_PREFIX_PATH=${CMAKE_PREFIX_PATH}:/home/roboticist/0_Projects/tail_mate/install/sjtu_drone_control:/home/roboticist/0_Projects/tail_mate/install/sjtu_drone_bringup:/opt/ros/humble /usr/bin/cmake --build /home/roboticist/0_Projects/tail_mate/build/sjtu_drone_description -- -j20 -l20
[0.915s] DEBUG:colcon.colcon_core.event_handler.log_command:Invoked command in '/home/roboticist/0_Projects/tail_mate/build/turtlebot3_fake_node' returned '0': CMAKE_PREFIX_PATH=${CMAKE_PREFIX_PATH}:/home/roboticist/0_Projects/tail_mate/install/sjtu_drone_control:/home/roboticist/0_Projects/tail_mate/install/sjtu_drone_bringup:/opt/ros/humble /usr/bin/cmake --build /home/roboticist/0_Projects/tail_mate/build/turtlebot3_fake_node -- -j20 -l20
[0.922s] DEBUG:colcon.colcon_core.event_handler.log_command:Invoking command in '/home/roboticist/0_Projects/tail_mate/build/turtlebot3_fake_node': CMAKE_PREFIX_PATH=${CMAKE_PREFIX_PATH}:/home/roboticist/0_Projects/tail_mate/install/sjtu_drone_control:/home/roboticist/0_Projects/tail_mate/install/sjtu_drone_bringup:/opt/ros/humble /usr/bin/cmake --install /home/roboticist/0_Projects/tail_mate/build/turtlebot3_fake_node
[0.923s] DEBUG:colcon.colcon_core.event_handler.log_command:Invoked command in '/home/roboticist/0_Projects/tail_mate/build/followme_drone' returned '0': CMAKE_PREFIX_PATH=${CMAKE_PREFIX_PATH}:/home/roboticist/0_Projects/tail_mate/install/sjtu_drone_control:/home/roboticist/0_Projects/tail_mate/install/sjtu_drone_bringup:/opt/ros/humble /usr/bin/cmake --build /home/roboticist/0_Projects/tail_mate/build/followme_drone -- -j20 -l20
[0.924s] DEBUG:colcon.colcon_core.event_handler.log_command:Invoking command in '/home/roboticist/0_Projects/tail_mate/build/followme_drone': CMAKE_PREFIX_PATH=${CMAKE_PREFIX_PATH}:/home/roboticist/0_Projects/tail_mate/install/sjtu_drone_control:/home/roboticist/0_Projects/tail_mate/install/sjtu_drone_bringup:/opt/ros/humble /usr/bin/cmake --install /home/roboticist/0_Projects/tail_mate/build/followme_drone
[0.924s] DEBUG:colcon.colcon_core.event_handler.log_command:Invoked command in '/home/roboticist/0_Projects/tail_mate/build/turtlebot3_gazebo' returned '0': CMAKE_PREFIX_PATH=${CMAKE_PREFIX_PATH}:/home/roboticist/0_Projects/tail_mate/install/sjtu_drone_control:/home/roboticist/0_Projects/tail_mate/install/sjtu_drone_bringup:/opt/ros/humble /usr/bin/cmake --build /home/roboticist/0_Projects/tail_mate/build/turtlebot3_gazebo -- -j20 -l20
[0.925s] DEBUG:colcon.colcon_core.event_handler.log_command:Invoking command in '/home/roboticist/0_Projects/tail_mate/build/turtlebot3_gazebo': CMAKE_PREFIX_PATH=${CMAKE_PREFIX_PATH}:/home/roboticist/0_Projects/tail_mate/install/sjtu_drone_control:/home/roboticist/0_Projects/tail_mate/install/sjtu_drone_bringup:/opt/ros/humble /usr/bin/cmake --install /home/roboticist/0_Projects/tail_mate/build/turtlebot3_gazebo
[0.932s] Level 1:colcon.colcon_core.environment:create_environment_scripts_only(turtlebot3_fake_node)
[0.933s] DEBUG:colcon.colcon_core.event_handler.log_command:Invoked command in '/home/roboticist/0_Projects/tail_mate/build/turtlebot3_fake_node' returned '0': CMAKE_PREFIX_PATH=${CMAKE_PREFIX_PATH}:/home/roboticist/0_Projects/tail_mate/install/sjtu_drone_control:/home/roboticist/0_Projects/tail_mate/install/sjtu_drone_bringup:/opt/ros/humble /usr/bin/cmake --install /home/roboticist/0_Projects/tail_mate/build/turtlebot3_fake_node
[0.945s] Level 1:colcon.colcon_core.environment:checking '/home/roboticist/0_Projects/tail_mate/install/turtlebot3_fake_node' for CMake module files
[0.945s] Level 1:colcon.colcon_core.environment:checking '/home/roboticist/0_Projects/tail_mate/install/turtlebot3_fake_node' for CMake config files
[0.945s] Level 1:colcon.colcon_core.shell:create_environment_hook('turtlebot3_fake_node', 'cmake_prefix_path')
[0.945s] INFO:colcon.colcon_core.shell:Creating environment hook '/home/roboticist/0_Projects/tail_mate/install/turtlebot3_fake_node/share/turtlebot3_fake_node/hook/cmake_prefix_path.ps1'
[0.946s] INFO:colcon.colcon_core.shell:Creating environment descriptor '/home/roboticist/0_Projects/tail_mate/install/turtlebot3_fake_node/share/turtlebot3_fake_node/hook/cmake_prefix_path.dsv'
[0.946s] INFO:colcon.colcon_core.shell:Creating environment hook '/home/roboticist/0_Projects/tail_mate/install/turtlebot3_fake_node/share/turtlebot3_fake_node/hook/cmake_prefix_path.sh'
[0.946s] Level 1:colcon.colcon_core.environment:checking '/home/roboticist/0_Projects/tail_mate/install/turtlebot3_fake_node/lib'
[0.946s] Level 1:colcon.colcon_core.environment:checking '/home/roboticist/0_Projects/tail_mate/install/turtlebot3_fake_node/bin'
[0.946s] Level 1:colcon.colcon_core.environment:checking '/home/roboticist/0_Projects/tail_mate/install/turtlebot3_fake_node/lib/pkgconfig/turtlebot3_fake_node.pc'
[0.946s] Level 1:colcon.colcon_core.environment:checking '/home/roboticist/0_Projects/tail_mate/install/turtlebot3_fake_node/lib/python3.10/site-packages'
[0.947s] Level 1:colcon.colcon_core.environment:checking '/home/roboticist/0_Projects/tail_mate/install/turtlebot3_fake_node/bin'
[0.947s] INFO:colcon.colcon_core.shell:Creating package script '/home/roboticist/0_Projects/tail_mate/install/turtlebot3_fake_node/share/turtlebot3_fake_node/package.ps1'
[0.947s] INFO:colcon.colcon_core.shell:Creating package descriptor '/home/roboticist/0_Projects/tail_mate/install/turtlebot3_fake_node/share/turtlebot3_fake_node/package.dsv'
[0.948s] INFO:colcon.colcon_core.shell:Creating package script '/home/roboticist/0_Projects/tail_mate/install/turtlebot3_fake_node/share/turtlebot3_fake_node/package.sh'
[0.948s] INFO:colcon.colcon_core.shell:Creating package script '/home/roboticist/0_Projects/tail_mate/install/turtlebot3_fake_node/share/turtlebot3_fake_node/package.bash'
[0.948s] INFO:colcon.colcon_core.shell:Creating package script '/home/roboticist/0_Projects/tail_mate/install/turtlebot3_fake_node/share/turtlebot3_fake_node/package.zsh'
[0.949s] Level 1:colcon.colcon_core.environment:create_file_with_runtime_dependencies(/home/roboticist/0_Projects/tail_mate/install/turtlebot3_fake_node/share/colcon-core/packages/turtlebot3_fake_node)
[0.949s] Level 1:colcon.colcon_core.environment:create_environment_scripts_only(turtlebot3_fake_node)
[0.949s] Level 1:colcon.colcon_core.environment:checking '/home/roboticist/0_Projects/tail_mate/install/turtlebot3_fake_node' for CMake module files
[0.949s] Level 1:colcon.colcon_core.environment:checking '/home/roboticist/0_Projects/tail_mate/install/turtlebot3_fake_node' for CMake config files
[0.950s] Level 1:colcon.colcon_core.shell:create_environment_hook('turtlebot3_fake_node', 'cmake_prefix_path')
[0.950s] INFO:colcon.colcon_core.shell:Creating environment hook '/home/roboticist/0_Projects/tail_mate/install/turtlebot3_fake_node/share/turtlebot3_fake_node/hook/cmake_prefix_path.ps1'
[0.950s] INFO:colcon.colcon_core.shell:Creating environment descriptor '/home/roboticist/0_Projects/tail_mate/install/turtlebot3_fake_node/share/turtlebot3_fake_node/hook/cmake_prefix_path.dsv'
[0.950s] INFO:colcon.colcon_core.shell:Creating environment hook '/home/roboticist/0_Projects/tail_mate/install/turtlebot3_fake_node/share/turtlebot3_fake_node/hook/cmake_prefix_path.sh'
[0.950s] Level 1:colcon.colcon_core.environment:checking '/home/roboticist/0_Projects/tail_mate/install/turtlebot3_fake_node/lib'
[0.950s] Level 1:colcon.colcon_core.environment:checking '/home/roboticist/0_Projects/tail_mate/install/turtlebot3_fake_node/bin'
[0.950s] Level 1:colcon.colcon_core.environment:checking '/home/roboticist/0_Projects/tail_mate/install/turtlebot3_fake_node/lib/pkgconfig/turtlebot3_fake_node.pc'
[0.951s] Level 1:colcon.colcon_core.environment:checking '/home/roboticist/0_Projects/tail_mate/install/turtlebot3_fake_node/lib/python3.10/site-packages'
[0.951s] Level 1:colcon.colcon_core.environment:checking '/home/roboticist/0_Projects/tail_mate/install/turtlebot3_fake_node/bin'
[0.951s] INFO:colcon.colcon_core.shell:Creating package script '/home/roboticist/0_Projects/tail_mate/install/turtlebot3_fake_node/share/turtlebot3_fake_node/package.ps1'
[0.951s] INFO:colcon.colcon_core.shell:Creating package descriptor '/home/roboticist/0_Projects/tail_mate/install/turtlebot3_fake_node/share/turtlebot3_fake_node/package.dsv'
[0.951s] INFO:colcon.colcon_core.shell:Creating package script '/home/roboticist/0_Projects/tail_mate/install/turtlebot3_fake_node/share/turtlebot3_fake_node/package.sh'
[0.951s] INFO:colcon.colcon_core.shell:Creating package script '/home/roboticist/0_Projects/tail_mate/install/turtlebot3_fake_node/share/turtlebot3_fake_node/package.bash'
[0.952s] INFO:colcon.colcon_core.shell:Creating package script '/home/roboticist/0_Projects/tail_mate/install/turtlebot3_fake_node/share/turtlebot3_fake_node/package.zsh'
[0.952s] Level 1:colcon.colcon_core.environment:create_file_with_runtime_dependencies(/home/roboticist/0_Projects/tail_mate/install/turtlebot3_fake_node/share/colcon-core/packages/turtlebot3_fake_node)
[0.953s] Level 1:colcon.colcon_core.environment:create_environment_scripts_only(followme_drone)
[0.953s] Level 1:colcon.colcon_core.environment:checking '/home/roboticist/0_Projects/tail_mate/install/followme_drone' for CMake module files
[0.953s] DEBUG:colcon.colcon_core.event_handler.log_command:Invoked command in '/home/roboticist/0_Projects/tail_mate/build/followme_drone' returned '0': CMAKE_PREFIX_PATH=${CMAKE_PREFIX_PATH}:/home/roboticist/0_Projects/tail_mate/install/sjtu_drone_control:/home/roboticist/0_Projects/tail_mate/install/sjtu_drone_bringup:/opt/ros/humble /usr/bin/cmake --install /home/roboticist/0_Projects/tail_mate/build/followme_drone
[0.953s] Level 1:colcon.colcon_core.environment:checking '/home/roboticist/0_Projects/tail_mate/install/followme_drone' for CMake config files
[0.953s] Level 1:colcon.colcon_core.shell:create_environment_hook('followme_drone', 'cmake_prefix_path')
[0.954s] INFO:colcon.colcon_core.shell:Creating environment hook '/home/roboticist/0_Projects/tail_mate/install/followme_drone/share/followme_drone/hook/cmake_prefix_path.ps1'
[0.954s] INFO:colcon.colcon_core.shell:Creating environment descriptor '/home/roboticist/0_Projects/tail_mate/install/followme_drone/share/followme_drone/hook/cmake_prefix_path.dsv'
[0.954s] INFO:colcon.colcon_core.shell:Creating environment hook '/home/roboticist/0_Projects/tail_mate/install/followme_drone/share/followme_drone/hook/cmake_prefix_path.sh'
[0.954s] Level 1:colcon.colcon_core.environment:checking '/home/roboticist/0_Projects/tail_mate/install/followme_drone/lib'
[0.954s] Level 1:colcon.colcon_core.environment:checking '/home/roboticist/0_Projects/tail_mate/install/followme_drone/bin'
[0.954s] Level 1:colcon.colcon_core.environment:checking '/home/roboticist/0_Projects/tail_mate/install/followme_drone/lib/pkgconfig/followme_drone.pc'
[0.954s] Level 1:colcon.colcon_core.environment:checking '/home/roboticist/0_Projects/tail_mate/install/followme_drone/lib/python3.10/site-packages'
[0.955s] Level 1:colcon.colcon_core.environment:checking '/home/roboticist/0_Projects/tail_mate/install/followme_drone/bin'
[0.955s] INFO:colcon.colcon_core.shell:Creating package script '/home/roboticist/0_Projects/tail_mate/install/followme_drone/share/followme_drone/package.ps1'
[0.955s] INFO:colcon.colcon_core.shell:Creating package descriptor '/home/roboticist/0_Projects/tail_mate/install/followme_drone/share/followme_drone/package.dsv'
[0.955s] INFO:colcon.colcon_core.shell:Creating package script '/home/roboticist/0_Projects/tail_mate/install/followme_drone/share/followme_drone/package.sh'
[0.955s] INFO:colcon.colcon_core.shell:Creating package script '/home/roboticist/0_Projects/tail_mate/install/followme_drone/share/followme_drone/package.bash'
[0.955s] INFO:colcon.colcon_core.shell:Creating package script '/home/roboticist/0_Projects/tail_mate/install/followme_drone/share/followme_drone/package.zsh'
[0.956s] Level 1:colcon.colcon_core.environment:create_file_with_runtime_dependencies(/home/roboticist/0_Projects/tail_mate/install/followme_drone/share/colcon-core/packages/followme_drone)
[0.956s] Level 1:colcon.colcon_core.environment:create_environment_scripts_only(followme_drone)
[0.956s] Level 1:colcon.colcon_core.environment:checking '/home/roboticist/0_Projects/tail_mate/install/followme_drone' for CMake module files
[0.956s] Level 1:colcon.colcon_core.environment:checking '/home/roboticist/0_Projects/tail_mate/install/followme_drone' for CMake config files
[0.956s] Level 1:colcon.colcon_core.shell:create_environment_hook('followme_drone', 'cmake_prefix_path')
[0.956s] INFO:colcon.colcon_core.shell:Creating environment hook '/home/roboticist/0_Projects/tail_mate/install/followme_drone/share/followme_drone/hook/cmake_prefix_path.ps1'
[0.957s] INFO:colcon.colcon_core.shell:Creating environment descriptor '/home/roboticist/0_Projects/tail_mate/install/followme_drone/share/followme_drone/hook/cmake_prefix_path.dsv'
[0.957s] INFO:colcon.colcon_core.shell:Creating environment hook '/home/roboticist/0_Projects/tail_mate/install/followme_drone/share/followme_drone/hook/cmake_prefix_path.sh'
[0.957s] Level 1:colcon.colcon_core.environment:checking '/home/roboticist/0_Projects/tail_mate/install/followme_drone/lib'
[0.957s] Level 1:colcon.colcon_core.environment:checking '/home/roboticist/0_Projects/tail_mate/install/followme_drone/bin'
[0.957s] Level 1:colcon.colcon_core.environment:checking '/home/roboticist/0_Projects/tail_mate/install/followme_drone/lib/pkgconfig/followme_drone.pc'
[0.957s] Level 1:colcon.colcon_core.environment:checking '/home/roboticist/0_Projects/tail_mate/install/followme_drone/lib/python3.10/site-packages'
[0.957s] Level 1:colcon.colcon_core.environment:checking '/home/roboticist/0_Projects/tail_mate/install/followme_drone/bin'
[0.958s] INFO:colcon.colcon_core.shell:Creating package script '/home/roboticist/0_Projects/tail_mate/install/followme_drone/share/followme_drone/package.ps1'
[0.958s] INFO:colcon.colcon_core.shell:Creating package descriptor '/home/roboticist/0_Projects/tail_mate/install/followme_drone/share/followme_drone/package.dsv'
[0.958s] INFO:colcon.colcon_core.shell:Creating package script '/home/roboticist/0_Projects/tail_mate/install/followme_drone/share/followme_drone/package.sh'
[0.958s] INFO:colcon.colcon_core.shell:Creating package script '/home/roboticist/0_Projects/tail_mate/install/followme_drone/share/followme_drone/package.bash'
[0.958s] INFO:colcon.colcon_core.shell:Creating package script '/home/roboticist/0_Projects/tail_mate/install/followme_drone/share/followme_drone/package.zsh'
[0.959s] Level 1:colcon.colcon_core.environment:create_file_with_runtime_dependencies(/home/roboticist/0_Projects/tail_mate/install/followme_drone/share/colcon-core/packages/followme_drone)
[0.959s] Level 1:colcon.colcon_core.environment:create_environment_scripts_only(turtlebot3_gazebo)
[0.959s] Level 1:colcon.colcon_core.environment:checking '/home/roboticist/0_Projects/tail_mate/install/turtlebot3_gazebo' for CMake module files
[0.959s] DEBUG:colcon.colcon_core.event_handler.log_command:Invoked command in '/home/roboticist/0_Projects/tail_mate/build/turtlebot3_gazebo' returned '0': CMAKE_PREFIX_PATH=${CMAKE_PREFIX_PATH}:/home/roboticist/0_Projects/tail_mate/install/sjtu_drone_control:/home/roboticist/0_Projects/tail_mate/install/sjtu_drone_bringup:/opt/ros/humble /usr/bin/cmake --install /home/roboticist/0_Projects/tail_mate/build/turtlebot3_gazebo
[0.959s] Level 1:colcon.colcon_core.environment:checking '/home/roboticist/0_Projects/tail_mate/install/turtlebot3_gazebo' for CMake config files
[0.960s] Level 1:colcon.colcon_core.shell:create_environment_hook('turtlebot3_gazebo', 'cmake_prefix_path')
[0.960s] INFO:colcon.colcon_core.shell:Creating environment hook '/home/roboticist/0_Projects/tail_mate/install/turtlebot3_gazebo/share/turtlebot3_gazebo/hook/cmake_prefix_path.ps1'
[0.960s] INFO:colcon.colcon_core.shell:Creating environment descriptor '/home/roboticist/0_Projects/tail_mate/install/turtlebot3_gazebo/share/turtlebot3_gazebo/hook/cmake_prefix_path.dsv'
[0.961s] INFO:colcon.colcon_core.shell:Creating environment hook '/home/roboticist/0_Projects/tail_mate/install/turtlebot3_gazebo/share/turtlebot3_gazebo/hook/cmake_prefix_path.sh'
[0.961s] Level 1:colcon.colcon_core.environment:checking '/home/roboticist/0_Projects/tail_mate/install/turtlebot3_gazebo/lib'
[0.961s] Level 1:colcon.colcon_core.environment:checking '/home/roboticist/0_Projects/tail_mate/install/turtlebot3_gazebo/bin'
[0.961s] Level 1:colcon.colcon_core.environment:checking '/home/roboticist/0_Projects/tail_mate/install/turtlebot3_gazebo/lib/pkgconfig/turtlebot3_gazebo.pc'
[0.961s] Level 1:colcon.colcon_core.environment:checking '/home/roboticist/0_Projects/tail_mate/install/turtlebot3_gazebo/lib/python3.10/site-packages'
[0.961s] Level 1:colcon.colcon_core.environment:checking '/home/roboticist/0_Projects/tail_mate/install/turtlebot3_gazebo/bin'
[0.961s] INFO:colcon.colcon_core.shell:Creating package script '/home/roboticist/0_Projects/tail_mate/install/turtlebot3_gazebo/share/turtlebot3_gazebo/package.ps1'
[0.962s] INFO:colcon.colcon_core.shell:Creating package descriptor '/home/roboticist/0_Projects/tail_mate/install/turtlebot3_gazebo/share/turtlebot3_gazebo/package.dsv'
[0.962s] INFO:colcon.colcon_core.shell:Creating package script '/home/roboticist/0_Projects/tail_mate/install/turtlebot3_gazebo/share/turtlebot3_gazebo/package.sh'
[0.962s] INFO:colcon.colcon_core.shell:Creating package script '/home/roboticist/0_Projects/tail_mate/install/turtlebot3_gazebo/share/turtlebot3_gazebo/package.bash'
[0.962s] INFO:colcon.colcon_core.shell:Creating package script '/home/roboticist/0_Projects/tail_mate/install/turtlebot3_gazebo/share/turtlebot3_gazebo/package.zsh'
[0.963s] Level 1:colcon.colcon_core.environment:create_file_with_runtime_dependencies(/home/roboticist/0_Projects/tail_mate/install/turtlebot3_gazebo/share/colcon-core/packages/turtlebot3_gazebo)
[0.963s] Level 1:colcon.colcon_core.environment:create_environment_scripts_only(turtlebot3_gazebo)
[0.963s] Level 1:colcon.colcon_core.environment:checking '/home/roboticist/0_Projects/tail_mate/install/turtlebot3_gazebo' for CMake module files
[0.963s] Level 1:colcon.colcon_core.environment:checking '/home/roboticist/0_Projects/tail_mate/install/turtlebot3_gazebo' for CMake config files
[0.964s] Level 1:colcon.colcon_core.shell:create_environment_hook('turtlebot3_gazebo', 'cmake_prefix_path')
[0.964s] INFO:colcon.colcon_core.shell:Creating environment hook '/home/roboticist/0_Projects/tail_mate/install/turtlebot3_gazebo/share/turtlebot3_gazebo/hook/cmake_prefix_path.ps1'
[0.964s] INFO:colcon.colcon_core.shell:Creating environment descriptor '/home/roboticist/0_Projects/tail_mate/install/turtlebot3_gazebo/share/turtlebot3_gazebo/hook/cmake_prefix_path.dsv'
[0.964s] INFO:colcon.colcon_core.shell:Creating environment hook '/home/roboticist/0_Projects/tail_mate/install/turtlebot3_gazebo/share/turtlebot3_gazebo/hook/cmake_prefix_path.sh'
[0.965s] Level 1:colcon.colcon_core.environment:checking '/home/roboticist/0_Projects/tail_mate/install/turtlebot3_gazebo/lib'
[0.965s] Level 1:colcon.colcon_core.environment:checking '/home/roboticist/0_Projects/tail_mate/install/turtlebot3_gazebo/bin'
[0.965s] Level 1:colcon.colcon_core.environment:checking '/home/roboticist/0_Projects/tail_mate/install/turtlebot3_gazebo/lib/pkgconfig/turtlebot3_gazebo.pc'
[0.965s] Level 1:colcon.colcon_core.environment:checking '/home/roboticist/0_Projects/tail_mate/install/turtlebot3_gazebo/lib/python3.10/site-packages'
[0.965s] Level 1:colcon.colcon_core.environment:checking '/home/roboticist/0_Projects/tail_mate/install/turtlebot3_gazebo/bin'
[0.965s] INFO:colcon.colcon_core.shell:Creating package script '/home/roboticist/0_Projects/tail_mate/install/turtlebot3_gazebo/share/turtlebot3_gazebo/package.ps1'
[0.965s] INFO:colcon.colcon_core.shell:Creating package descriptor '/home/roboticist/0_Projects/tail_mate/install/turtlebot3_gazebo/share/turtlebot3_gazebo/package.dsv'
[0.966s] INFO:colcon.colcon_core.shell:Creating package script '/home/roboticist/0_Projects/tail_mate/install/turtlebot3_gazebo/share/turtlebot3_gazebo/package.sh'
[0.966s] INFO:colcon.colcon_core.shell:Creating package script '/home/roboticist/0_Projects/tail_mate/install/turtlebot3_gazebo/share/turtlebot3_gazebo/package.bash'
[0.966s] INFO:colcon.colcon_core.shell:Creating package script '/home/roboticist/0_Projects/tail_mate/install/turtlebot3_gazebo/share/turtlebot3_gazebo/package.zsh'
[0.966s] Level 1:colcon.colcon_core.environment:create_file_with_runtime_dependencies(/home/roboticist/0_Projects/tail_mate/install/turtlebot3_gazebo/share/colcon-core/packages/turtlebot3_gazebo)
[0.966s] INFO:colcon.colcon_ros.task.ament_cmake.build:Building ROS package in '/home/roboticist/0_Projects/tail_mate/src/turtlebot3_simulations/turtlebot3_simulations' with build type 'ament_cmake'
[0.967s] INFO:colcon.colcon_cmake.task.cmake.build:Building CMake package in '/home/roboticist/0_Projects/tail_mate/src/turtlebot3_simulations/turtlebot3_simulations'
[0.967s] INFO:colcon.colcon_core.shell:Skip shell extension 'powershell' for command environment: Not usable outside of PowerShell
[0.967s] DEBUG:colcon.colcon_core.shell:Skip shell extension 'dsv' for command environment
[0.973s] DEBUG:colcon.colcon_core.event_handler.log_command:Invoking command in '/home/roboticist/0_Projects/tail_mate/build/turtlebot3_simulations': CMAKE_PREFIX_PATH=/home/roboticist/0_Projects/tail_mate/install/turtlebot3_gazebo:/home/roboticist/0_Projects/tail_mate/install/turtlebot3_fake_node:/home/roboticist/0_Projects/tail_mate/install/turtlebot3_simulations:/home/roboticist/0_Projects/tail_mate/install/sjtu_drone_description:/home/roboticist/0_Projects/tail_mate/install/followme_drone:/home/roboticist/0_Projects/tail_mate/install/sjtu_drone_control:/home/roboticist/0_Projects/tail_mate/install/sjtu_drone_bringup:/opt/ros/humble /usr/bin/cmake --build /home/roboticist/0_Projects/tail_mate/build/turtlebot3_simulations -- -j20 -l20
[1.000s] DEBUG:colcon.colcon_core.event_handler.log_command:Invoked command in '/home/roboticist/0_Projects/tail_mate/build/sjtu_drone_description' returned '0': CMAKE_PREFIX_PATH=${CMAKE_PREFIX_PATH}:/home/roboticist/0_Projects/tail_mate/install/sjtu_drone_control:/home/roboticist/0_Projects/tail_mate/install/sjtu_drone_bringup:/opt/ros/humble /usr/bin/cmake --build /home/roboticist/0_Projects/tail_mate/build/sjtu_drone_description -- -j20 -l20
[1.002s] DEBUG:colcon.colcon_core.event_handler.log_command:Invoking command in '/home/roboticist/0_Projects/tail_mate/build/sjtu_drone_description': CMAKE_PREFIX_PATH=${CMAKE_PREFIX_PATH}:/home/roboticist/0_Projects/tail_mate/install/sjtu_drone_control:/home/roboticist/0_Projects/tail_mate/install/sjtu_drone_bringup:/opt/ros/humble /usr/bin/cmake --install /home/roboticist/0_Projects/tail_mate/build/sjtu_drone_description
[1.003s] DEBUG:colcon.colcon_core.event_handler.log_command:Invoked command in '/home/roboticist/0_Projects/tail_mate/build/turtlebot3_simulations' returned '0': CMAKE_PREFIX_PATH=/home/roboticist/0_Projects/tail_mate/install/turtlebot3_gazebo:/home/roboticist/0_Projects/tail_mate/install/turtlebot3_fake_node:/home/roboticist/0_Projects/tail_mate/install/turtlebot3_simulations:/home/roboticist/0_Projects/tail_mate/install/sjtu_drone_description:/home/roboticist/0_Projects/tail_mate/install/followme_drone:/home/roboticist/0_Projects/tail_mate/install/sjtu_drone_control:/home/roboticist/0_Projects/tail_mate/install/sjtu_drone_bringup:/opt/ros/humble /usr/bin/cmake --build /home/roboticist/0_Projects/tail_mate/build/turtlebot3_simulations -- -j20 -l20
[1.004s] DEBUG:colcon.colcon_core.event_handler.log_command:Invoking command in '/home/roboticist/0_Projects/tail_mate/build/turtlebot3_simulations': CMAKE_PREFIX_PATH=/home/roboticist/0_Projects/tail_mate/install/turtlebot3_gazebo:/home/roboticist/0_Projects/tail_mate/install/turtlebot3_fake_node:/home/roboticist/0_Projects/tail_mate/install/turtlebot3_simulations:/home/roboticist/0_Projects/tail_mate/install/sjtu_drone_description:/home/roboticist/0_Projects/tail_mate/install/followme_drone:/home/roboticist/0_Projects/tail_mate/install/sjtu_drone_control:/home/roboticist/0_Projects/tail_mate/install/sjtu_drone_bringup:/opt/ros/humble /usr/bin/cmake --install /home/roboticist/0_Projects/tail_mate/build/turtlebot3_simulations
[1.009s] Level 1:colcon.colcon_core.environment:create_environment_scripts_only(sjtu_drone_description)
[1.010s] Level 1:colcon.colcon_core.environment:checking '/home/roboticist/0_Projects/tail_mate/install/sjtu_drone_description' for CMake module files
[1.010s] DEBUG:colcon.colcon_core.event_handler.log_command:Invoked command in '/home/roboticist/0_Projects/tail_mate/build/sjtu_drone_description' returned '0': CMAKE_PREFIX_PATH=${CMAKE_PREFIX_PATH}:/home/roboticist/0_Projects/tail_mate/install/sjtu_drone_control:/home/roboticist/0_Projects/tail_mate/install/sjtu_drone_bringup:/opt/ros/humble /usr/bin/cmake --install /home/roboticist/0_Projects/tail_mate/build/sjtu_drone_description
[1.010s] Level 1:colcon.colcon_core.environment:checking '/home/roboticist/0_Projects/tail_mate/install/sjtu_drone_description' for CMake config files
[1.011s] Level 1:colcon.colcon_core.shell:create_environment_hook('sjtu_drone_description', 'cmake_prefix_path')
[1.011s] INFO:colcon.colcon_core.shell:Creating environment hook '/home/roboticist/0_Projects/tail_mate/install/sjtu_drone_description/share/sjtu_drone_description/hook/cmake_prefix_path.ps1'
[1.011s] INFO:colcon.colcon_core.shell:Creating environment descriptor '/home/roboticist/0_Projects/tail_mate/install/sjtu_drone_description/share/sjtu_drone_description/hook/cmake_prefix_path.dsv'
[1.011s] INFO:colcon.colcon_core.shell:Creating environment hook '/home/roboticist/0_Projects/tail_mate/install/sjtu_drone_description/share/sjtu_drone_description/hook/cmake_prefix_path.sh'
[1.012s] Level 1:colcon.colcon_core.environment:checking '/home/roboticist/0_Projects/tail_mate/install/sjtu_drone_description/lib'
[1.012s] Level 1:colcon.colcon_core.shell:create_environment_hook('sjtu_drone_description', 'ld_library_path_lib')
[1.012s] INFO:colcon.colcon_core.shell:Creating environment hook '/home/roboticist/0_Projects/tail_mate/install/sjtu_drone_description/share/sjtu_drone_description/hook/ld_library_path_lib.ps1'
[1.012s] INFO:colcon.colcon_core.shell:Creating environment descriptor '/home/roboticist/0_Projects/tail_mate/install/sjtu_drone_description/share/sjtu_drone_description/hook/ld_library_path_lib.dsv'
[1.012s] INFO:colcon.colcon_core.shell:Creating environment hook '/home/roboticist/0_Projects/tail_mate/install/sjtu_drone_description/share/sjtu_drone_description/hook/ld_library_path_lib.sh'
[1.012s] Level 1:colcon.colcon_core.environment:checking '/home/roboticist/0_Projects/tail_mate/install/sjtu_drone_description/bin'
[1.012s] Level 1:colcon.colcon_core.environment:checking '/home/roboticist/0_Projects/tail_mate/install/sjtu_drone_description/lib/pkgconfig/sjtu_drone_description.pc'
[1.012s] Level 1:colcon.colcon_core.environment:checking '/home/roboticist/0_Projects/tail_mate/install/sjtu_drone_description/lib/python3.10/site-packages'
[1.013s] Level 1:colcon.colcon_core.environment:checking '/home/roboticist/0_Projects/tail_mate/install/sjtu_drone_description/bin'
[1.013s] INFO:colcon.colcon_core.shell:Creating package script '/home/roboticist/0_Projects/tail_mate/install/sjtu_drone_description/share/sjtu_drone_description/package.ps1'
[1.013s] INFO:colcon.colcon_core.shell:Creating package descriptor '/home/roboticist/0_Projects/tail_mate/install/sjtu_drone_description/share/sjtu_drone_description/package.dsv'
[1.013s] INFO:colcon.colcon_core.shell:Creating package script '/home/roboticist/0_Projects/tail_mate/install/sjtu_drone_description/share/sjtu_drone_description/package.sh'
[1.013s] INFO:colcon.colcon_core.shell:Creating package script '/home/roboticist/0_Projects/tail_mate/install/sjtu_drone_description/share/sjtu_drone_description/package.bash'
[1.014s] INFO:colcon.colcon_core.shell:Creating package script '/home/roboticist/0_Projects/tail_mate/install/sjtu_drone_description/share/sjtu_drone_description/package.zsh'
[1.014s] Level 1:colcon.colcon_core.environment:create_file_with_runtime_dependencies(/home/roboticist/0_Projects/tail_mate/install/sjtu_drone_description/share/colcon-core/packages/sjtu_drone_description)
[1.014s] Level 1:colcon.colcon_core.environment:create_environment_scripts_only(sjtu_drone_description)
[1.014s] Level 1:colcon.colcon_core.environment:checking '/home/roboticist/0_Projects/tail_mate/install/sjtu_drone_description' for CMake module files
[1.014s] Level 1:colcon.colcon_core.environment:checking '/home/roboticist/0_Projects/tail_mate/install/sjtu_drone_description' for CMake config files
[1.014s] Level 1:colcon.colcon_core.shell:create_environment_hook('sjtu_drone_description', 'cmake_prefix_path')
[1.015s] INFO:colcon.colcon_core.shell:Creating environment hook '/home/roboticist/0_Projects/tail_mate/install/sjtu_drone_description/share/sjtu_drone_description/hook/cmake_prefix_path.ps1'
[1.015s] INFO:colcon.colcon_core.shell:Creating environment descriptor '/home/roboticist/0_Projects/tail_mate/install/sjtu_drone_description/share/sjtu_drone_description/hook/cmake_prefix_path.dsv'
[1.015s] INFO:colcon.colcon_core.shell:Creating environment hook '/home/roboticist/0_Projects/tail_mate/install/sjtu_drone_description/share/sjtu_drone_description/hook/cmake_prefix_path.sh'
[1.015s] Level 1:colcon.colcon_core.environment:checking '/home/roboticist/0_Projects/tail_mate/install/sjtu_drone_description/lib'
[1.015s] Level 1:colcon.colcon_core.shell:create_environment_hook('sjtu_drone_description', 'ld_library_path_lib')
[1.015s] INFO:colcon.colcon_core.shell:Creating environment hook '/home/roboticist/0_Projects/tail_mate/install/sjtu_drone_description/share/sjtu_drone_description/hook/ld_library_path_lib.ps1'
[1.015s] INFO:colcon.colcon_core.shell:Creating environment descriptor '/home/roboticist/0_Projects/tail_mate/install/sjtu_drone_description/share/sjtu_drone_description/hook/ld_library_path_lib.dsv'
[1.016s] INFO:colcon.colcon_core.shell:Creating environment hook '/home/roboticist/0_Projects/tail_mate/install/sjtu_drone_description/share/sjtu_drone_description/hook/ld_library_path_lib.sh'
[1.016s] Level 1:colcon.colcon_core.environment:checking '/home/roboticist/0_Projects/tail_mate/install/sjtu_drone_description/bin'
[1.016s] Level 1:colcon.colcon_core.environment:checking '/home/roboticist/0_Projects/tail_mate/install/sjtu_drone_description/lib/pkgconfig/sjtu_drone_description.pc'
[1.016s] Level 1:colcon.colcon_core.environment:checking '/home/roboticist/0_Projects/tail_mate/install/sjtu_drone_description/lib/python3.10/site-packages'
[1.016s] Level 1:colcon.colcon_core.environment:checking '/home/roboticist/0_Projects/tail_mate/install/sjtu_drone_description/bin'
[1.016s] INFO:colcon.colcon_core.shell:Creating package script '/home/roboticist/0_Projects/tail_mate/install/sjtu_drone_description/share/sjtu_drone_description/package.ps1'
[1.017s] INFO:colcon.colcon_core.shell:Creating package descriptor '/home/roboticist/0_Projects/tail_mate/install/sjtu_drone_description/share/sjtu_drone_description/package.dsv'
[1.017s] INFO:colcon.colcon_core.shell:Creating package script '/home/roboticist/0_Projects/tail_mate/install/sjtu_drone_description/share/sjtu_drone_description/package.sh'
[1.017s] INFO:colcon.colcon_core.shell:Creating package script '/home/roboticist/0_Projects/tail_mate/install/sjtu_drone_description/share/sjtu_drone_description/package.bash'
[1.017s] INFO:colcon.colcon_core.shell:Creating package script '/home/roboticist/0_Projects/tail_mate/install/sjtu_drone_description/share/sjtu_drone_description/package.zsh'
[1.017s] Level 1:colcon.colcon_core.environment:create_file_with_runtime_dependencies(/home/roboticist/0_Projects/tail_mate/install/sjtu_drone_description/share/colcon-core/packages/sjtu_drone_description)
[1.018s] Level 1:colcon.colcon_core.environment:create_environment_scripts_only(turtlebot3_simulations)
[1.018s] Level 1:colcon.colcon_core.environment:checking '/home/roboticist/0_Projects/tail_mate/install/turtlebot3_simulations' for CMake module files
[1.018s] DEBUG:colcon.colcon_core.event_handler.log_command:Invoked command in '/home/roboticist/0_Projects/tail_mate/build/turtlebot3_simulations' returned '0': CMAKE_PREFIX_PATH=/home/roboticist/0_Projects/tail_mate/install/turtlebot3_gazebo:/home/roboticist/0_Projects/tail_mate/install/turtlebot3_fake_node:/home/roboticist/0_Projects/tail_mate/install/turtlebot3_simulations:/home/roboticist/0_Projects/tail_mate/install/sjtu_drone_description:/home/roboticist/0_Projects/tail_mate/install/followme_drone:/home/roboticist/0_Projects/tail_mate/install/sjtu_drone_control:/home/roboticist/0_Projects/tail_mate/install/sjtu_drone_bringup:/opt/ros/humble /usr/bin/cmake --install /home/roboticist/0_Projects/tail_mate/build/turtlebot3_simulations
[1.018s] Level 1:colcon.colcon_core.environment:checking '/home/roboticist/0_Projects/tail_mate/install/turtlebot3_simulations' for CMake config files
[1.019s] Level 1:colcon.colcon_core.shell:create_environment_hook('turtlebot3_simulations', 'cmake_prefix_path')
[1.019s] INFO:colcon.colcon_core.shell:Creating environment hook '/home/roboticist/0_Projects/tail_mate/install/turtlebot3_simulations/share/turtlebot3_simulations/hook/cmake_prefix_path.ps1'
[1.019s] INFO:colcon.colcon_core.shell:Creating environment descriptor '/home/roboticist/0_Projects/tail_mate/install/turtlebot3_simulations/share/turtlebot3_simulations/hook/cmake_prefix_path.dsv'
[1.019s] INFO:colcon.colcon_core.shell:Creating environment hook '/home/roboticist/0_Projects/tail_mate/install/turtlebot3_simulations/share/turtlebot3_simulations/hook/cmake_prefix_path.sh'
[1.019s] Level 1:colcon.colcon_core.environment:checking '/home/roboticist/0_Projects/tail_mate/install/turtlebot3_simulations/bin'
[1.019s] Level 1:colcon.colcon_core.environment:checking '/home/roboticist/0_Projects/tail_mate/install/turtlebot3_simulations/lib/pkgconfig/turtlebot3_simulations.pc'
[1.019s] Level 1:colcon.colcon_core.environment:checking '/home/roboticist/0_Projects/tail_mate/install/turtlebot3_simulations/lib/python3.10/site-packages'
[1.020s] Level 1:colcon.colcon_core.environment:checking '/home/roboticist/0_Projects/tail_mate/install/turtlebot3_simulations/bin'
[1.020s] INFO:colcon.colcon_core.shell:Creating package script '/home/roboticist/0_Projects/tail_mate/install/turtlebot3_simulations/share/turtlebot3_simulations/package.ps1'
[1.020s] INFO:colcon.colcon_core.shell:Creating package descriptor '/home/roboticist/0_Projects/tail_mate/install/turtlebot3_simulations/share/turtlebot3_simulations/package.dsv'
[1.020s] INFO:colcon.colcon_core.shell:Creating package script '/home/roboticist/0_Projects/tail_mate/install/turtlebot3_simulations/share/turtlebot3_simulations/package.sh'
[1.020s] INFO:colcon.colcon_core.shell:Creating package script '/home/roboticist/0_Projects/tail_mate/install/turtlebot3_simulations/share/turtlebot3_simulations/package.bash'
[1.020s] INFO:colcon.colcon_core.shell:Creating package script '/home/roboticist/0_Projects/tail_mate/install/turtlebot3_simulations/share/turtlebot3_simulations/package.zsh'
[1.021s] Level 1:colcon.colcon_core.environment:create_file_with_runtime_dependencies(/home/roboticist/0_Projects/tail_mate/install/turtlebot3_simulations/share/colcon-core/packages/turtlebot3_simulations)
[1.021s] Level 1:colcon.colcon_core.environment:create_environment_scripts_only(turtlebot3_simulations)
[1.021s] Level 1:colcon.colcon_core.environment:checking '/home/roboticist/0_Projects/tail_mate/install/turtlebot3_simulations' for CMake module files
[1.021s] Level 1:colcon.colcon_core.environment:checking '/home/roboticist/0_Projects/tail_mate/install/turtlebot3_simulations' for CMake config files
[1.021s] Level 1:colcon.colcon_core.shell:create_environment_hook('turtlebot3_simulations', 'cmake_prefix_path')
[1.021s] INFO:colcon.colcon_core.shell:Creating environment hook '/home/roboticist/0_Projects/tail_mate/install/turtlebot3_simulations/share/turtlebot3_simulations/hook/cmake_prefix_path.ps1'
[1.022s] INFO:colcon.colcon_core.shell:Creating environment descriptor '/home/roboticist/0_Projects/tail_mate/install/turtlebot3_simulations/share/turtlebot3_simulations/hook/cmake_prefix_path.dsv'
[1.022s] INFO:colcon.colcon_core.shell:Creating environment hook '/home/roboticist/0_Projects/tail_mate/install/turtlebot3_simulations/share/turtlebot3_simulations/hook/cmake_prefix_path.sh'
[1.022s] Level 1:colcon.colcon_core.environment:checking '/home/roboticist/0_Projects/tail_mate/install/turtlebot3_simulations/bin'
[1.022s] Level 1:colcon.colcon_core.environment:checking '/home/roboticist/0_Projects/tail_mate/install/turtlebot3_simulations/lib/pkgconfig/turtlebot3_simulations.pc'
[1.022s] Level 1:colcon.colcon_core.environment:checking '/home/roboticist/0_Projects/tail_mate/install/turtlebot3_simulations/lib/python3.10/site-packages'
[1.022s] Level 1:colcon.colcon_core.environment:checking '/home/roboticist/0_Projects/tail_mate/install/turtlebot3_simulations/bin'
[1.022s] INFO:colcon.colcon_core.shell:Creating package script '/home/roboticist/0_Projects/tail_mate/install/turtlebot3_simulations/share/turtlebot3_simulations/package.ps1'
[1.023s] INFO:colcon.colcon_core.shell:Creating package descriptor '/home/roboticist/0_Projects/tail_mate/install/turtlebot3_simulations/share/turtlebot3_simulations/package.dsv'
[1.023s] INFO:colcon.colcon_core.shell:Creating package script '/home/roboticist/0_Projects/tail_mate/install/turtlebot3_simulations/share/turtlebot3_simulations/package.sh'
[1.023s] INFO:colcon.colcon_core.shell:Creating package script '/home/roboticist/0_Projects/tail_mate/install/turtlebot3_simulations/share/turtlebot3_simulations/package.bash'
[1.023s] INFO:colcon.colcon_core.shell:Creating package script '/home/roboticist/0_Projects/tail_mate/install/turtlebot3_simulations/share/turtlebot3_simulations/package.zsh'
[1.023s] Level 1:colcon.colcon_core.environment:create_file_with_runtime_dependencies(/home/roboticist/0_Projects/tail_mate/install/turtlebot3_simulations/share/colcon-core/packages/turtlebot3_simulations)
[1.287s] DEBUG:colcon.colcon_core.event_handler.log_command:Invoking command in '/home/roboticist/0_Projects/tail_mate/src/sjtu_drone/sjtu_drone_bringup': PYTHONPATH=/home/roboticist/0_Projects/tail_mate/build/sjtu_drone_bringup/prefix_override:/usr/lib/python3/dist-packages/colcon_core/task/python/colcon_distutils_commands:/home/roboticist/0_Projects/tail_mate/install/sjtu_drone_bringup/lib/python3.10/site-packages:${PYTHONPATH} /usr/bin/python3 -W ignore:setup.py install is deprecated -W ignore:easy_install command is deprecated setup.py egg_info --egg-base ../../../build/sjtu_drone_bringup build --build-base /home/roboticist/0_Projects/tail_mate/build/sjtu_drone_bringup/build install --record /home/roboticist/0_Projects/tail_mate/build/sjtu_drone_bringup/install.log --single-version-externally-managed install_data
[1.295s] DEBUG:colcon.colcon_core.event_handler.log_command:Invoking command in '/home/roboticist/0_Projects/tail_mate/src/sjtu_drone/sjtu_drone_control': PYTHONPATH=/home/roboticist/0_Projects/tail_mate/build/sjtu_drone_control/prefix_override:/usr/lib/python3/dist-packages/colcon_core/task/python/colcon_distutils_commands:/home/roboticist/0_Projects/tail_mate/install/sjtu_drone_control/lib/python3.10/site-packages:${PYTHONPATH} /usr/bin/python3 -W ignore:setup.py install is deprecated -W ignore:easy_install command is deprecated setup.py egg_info --egg-base ../../../build/sjtu_drone_control build --build-base /home/roboticist/0_Projects/tail_mate/build/sjtu_drone_control/build install --record /home/roboticist/0_Projects/tail_mate/build/sjtu_drone_control/install.log --single-version-externally-managed install_data
[1.553s] Level 1:colcon.colcon_core.environment:checking '/home/roboticist/0_Projects/tail_mate/install/sjtu_drone_bringup' for CMake module files
[1.554s] DEBUG:colcon.colcon_core.event_handler.log_command:Invoked command in '/home/roboticist/0_Projects/tail_mate/src/sjtu_drone/sjtu_drone_bringup' returned '0': PYTHONPATH=/home/roboticist/0_Projects/tail_mate/build/sjtu_drone_bringup/prefix_override:/usr/lib/python3/dist-packages/colcon_core/task/python/colcon_distutils_commands:/home/roboticist/0_Projects/tail_mate/install/sjtu_drone_bringup/lib/python3.10/site-packages:${PYTHONPATH} /usr/bin/python3 -W ignore:setup.py install is deprecated -W ignore:easy_install command is deprecated setup.py egg_info --egg-base ../../../build/sjtu_drone_bringup build --build-base /home/roboticist/0_Projects/tail_mate/build/sjtu_drone_bringup/build install --record /home/roboticist/0_Projects/tail_mate/build/sjtu_drone_bringup/install.log --single-version-externally-managed install_data
[1.554s] Level 1:colcon.colcon_core.environment:checking '/home/roboticist/0_Projects/tail_mate/install/sjtu_drone_bringup' for CMake config files
[1.554s] Level 1:colcon.colcon_core.environment:checking '/home/roboticist/0_Projects/tail_mate/install/sjtu_drone_bringup/lib'
[1.554s] Level 1:colcon.colcon_core.environment:checking '/home/roboticist/0_Projects/tail_mate/install/sjtu_drone_bringup/bin'
[1.554s] Level 1:colcon.colcon_core.environment:checking '/home/roboticist/0_Projects/tail_mate/install/sjtu_drone_bringup/lib/pkgconfig/sjtu_drone_bringup.pc'
[1.554s] Level 1:colcon.colcon_core.environment:checking '/home/roboticist/0_Projects/tail_mate/install/sjtu_drone_bringup/lib/python3.10/site-packages'
[1.554s] Level 1:colcon.colcon_core.shell:create_environment_hook('sjtu_drone_bringup', 'pythonpath')
[1.555s] INFO:colcon.colcon_core.shell:Creating environment hook '/home/roboticist/0_Projects/tail_mate/install/sjtu_drone_bringup/share/sjtu_drone_bringup/hook/pythonpath.ps1'
[1.555s] INFO:colcon.colcon_core.shell:Creating environment descriptor '/home/roboticist/0_Projects/tail_mate/install/sjtu_drone_bringup/share/sjtu_drone_bringup/hook/pythonpath.dsv'
[1.555s] INFO:colcon.colcon_core.shell:Creating environment hook '/home/roboticist/0_Projects/tail_mate/install/sjtu_drone_bringup/share/sjtu_drone_bringup/hook/pythonpath.sh'
[1.555s] Level 1:colcon.colcon_core.environment:checking '/home/roboticist/0_Projects/tail_mate/install/sjtu_drone_bringup/bin'
[1.555s] Level 1:colcon.colcon_core.environment:create_environment_scripts_only(sjtu_drone_bringup)
[1.556s] INFO:colcon.colcon_core.shell:Creating package script '/home/roboticist/0_Projects/tail_mate/install/sjtu_drone_bringup/share/sjtu_drone_bringup/package.ps1'
[1.556s] INFO:colcon.colcon_core.shell:Creating package descriptor '/home/roboticist/0_Projects/tail_mate/install/sjtu_drone_bringup/share/sjtu_drone_bringup/package.dsv'
[1.556s] INFO:colcon.colcon_core.shell:Creating package script '/home/roboticist/0_Projects/tail_mate/install/sjtu_drone_bringup/share/sjtu_drone_bringup/package.sh'
[1.556s] INFO:colcon.colcon_core.shell:Creating package script '/home/roboticist/0_Projects/tail_mate/install/sjtu_drone_bringup/share/sjtu_drone_bringup/package.bash'
[1.556s] INFO:colcon.colcon_core.shell:Creating package script '/home/roboticist/0_Projects/tail_mate/install/sjtu_drone_bringup/share/sjtu_drone_bringup/package.zsh'
[1.556s] Level 1:colcon.colcon_core.environment:create_file_with_runtime_dependencies(/home/roboticist/0_Projects/tail_mate/install/sjtu_drone_bringup/share/colcon-core/packages/sjtu_drone_bringup)
[1.557s] Level 1:colcon.colcon_core.environment:checking '/home/roboticist/0_Projects/tail_mate/install/sjtu_drone_control' for CMake module files
[1.558s] DEBUG:colcon.colcon_core.event_handler.log_command:Invoked command in '/home/roboticist/0_Projects/tail_mate/src/sjtu_drone/sjtu_drone_control' returned '0': PYTHONPATH=/home/roboticist/0_Projects/tail_mate/build/sjtu_drone_control/prefix_override:/usr/lib/python3/dist-packages/colcon_core/task/python/colcon_distutils_commands:/home/roboticist/0_Projects/tail_mate/install/sjtu_drone_control/lib/python3.10/site-packages:${PYTHONPATH} /usr/bin/python3 -W ignore:setup.py install is deprecated -W ignore:easy_install command is deprecated setup.py egg_info --egg-base ../../../build/sjtu_drone_control build --build-base /home/roboticist/0_Projects/tail_mate/build/sjtu_drone_control/build install --record /home/roboticist/0_Projects/tail_mate/build/sjtu_drone_control/install.log --single-version-externally-managed install_data
[1.558s] Level 1:colcon.colcon_core.environment:checking '/home/roboticist/0_Projects/tail_mate/install/sjtu_drone_control' for CMake config files
[1.558s] Level 1:colcon.colcon_core.environment:checking '/home/roboticist/0_Projects/tail_mate/install/sjtu_drone_control/lib'
[1.558s] Level 1:colcon.colcon_core.environment:checking '/home/roboticist/0_Projects/tail_mate/install/sjtu_drone_control/bin'
[1.558s] Level 1:colcon.colcon_core.environment:checking '/home/roboticist/0_Projects/tail_mate/install/sjtu_drone_control/lib/pkgconfig/sjtu_drone_control.pc'
[1.558s] Level 1:colcon.colcon_core.environment:checking '/home/roboticist/0_Projects/tail_mate/install/sjtu_drone_control/lib/python3.10/site-packages'
[1.558s] Level 1:colcon.colcon_core.shell:create_environment_hook('sjtu_drone_control', 'pythonpath')
[1.558s] INFO:colcon.colcon_core.shell:Creating environment hook '/home/roboticist/0_Projects/tail_mate/install/sjtu_drone_control/share/sjtu_drone_control/hook/pythonpath.ps1'
[1.558s] INFO:colcon.colcon_core.shell:Creating environment descriptor '/home/roboticist/0_Projects/tail_mate/install/sjtu_drone_control/share/sjtu_drone_control/hook/pythonpath.dsv'
[1.559s] INFO:colcon.colcon_core.shell:Creating environment hook '/home/roboticist/0_Projects/tail_mate/install/sjtu_drone_control/share/sjtu_drone_control/hook/pythonpath.sh'
[1.559s] Level 1:colcon.colcon_core.environment:checking '/home/roboticist/0_Projects/tail_mate/install/sjtu_drone_control/bin'
[1.559s] Level 1:colcon.colcon_core.environment:create_environment_scripts_only(sjtu_drone_control)
[1.559s] INFO:colcon.colcon_core.shell:Creating package script '/home/roboticist/0_Projects/tail_mate/install/sjtu_drone_control/share/sjtu_drone_control/package.ps1'
[1.559s] INFO:colcon.colcon_core.shell:Creating package descriptor '/home/roboticist/0_Projects/tail_mate/install/sjtu_drone_control/share/sjtu_drone_control/package.dsv'
[1.559s] INFO:colcon.colcon_core.shell:Creating package script '/home/roboticist/0_Projects/tail_mate/install/sjtu_drone_control/share/sjtu_drone_control/package.sh'
[1.560s] INFO:colcon.colcon_core.shell:Creating package script '/home/roboticist/0_Projects/tail_mate/install/sjtu_drone_control/share/sjtu_drone_control/package.bash'
[1.560s] INFO:colcon.colcon_core.shell:Creating package script '/home/roboticist/0_Projects/tail_mate/install/sjtu_drone_control/share/sjtu_drone_control/package.zsh'
[1.560s] Level 1:colcon.colcon_core.environment:create_file_with_runtime_dependencies(/home/roboticist/0_Projects/tail_mate/install/sjtu_drone_control/share/colcon-core/packages/sjtu_drone_control)
[1.560s] DEBUG:colcon.colcon_parallel_executor.executor.parallel:closing loop
[1.560s] DEBUG:colcon.colcon_parallel_executor.executor.parallel:loop closed
[1.560s] DEBUG:colcon.colcon_parallel_executor.executor.parallel:run_until_complete finished with '0'
[1.560s] DEBUG:colcon.colcon_core.event_reactor:joining thread
[1.564s] INFO:colcon.colcon_core.plugin_system:Skipping extension 'colcon_notification.desktop_notification.terminal_notifier': Not used on non-Darwin systems
[1.564s] INFO:colcon.colcon_core.plugin_system:Skipping extension 'colcon_notification.desktop_notification.win32': Not used on non-Windows systems
[1.564s] INFO:colcon.colcon_notification.desktop_notification:Sending desktop notification using 'notify2'
[1.578s] DEBUG:colcon.colcon_core.event_reactor:joined thread
[1.578s] INFO:colcon.colcon_core.shell:Creating prefix script '/home/roboticist/0_Projects/tail_mate/install/local_setup.ps1'
[1.578s] INFO:colcon.colcon_core.shell:Creating prefix util module '/home/roboticist/0_Projects/tail_mate/install/_local_setup_util_ps1.py'
[1.579s] INFO:colcon.colcon_core.shell:Creating prefix chain script '/home/roboticist/0_Projects/tail_mate/install/setup.ps1'
[1.580s] INFO:colcon.colcon_core.shell:Creating prefix script '/home/roboticist/0_Projects/tail_mate/install/local_setup.sh'
[1.580s] INFO:colcon.colcon_core.shell:Creating prefix util module '/home/roboticist/0_Projects/tail_mate/install/_local_setup_util_sh.py'
[1.581s] INFO:colcon.colcon_core.shell:Creating prefix chain script '/home/roboticist/0_Projects/tail_mate/install/setup.sh'
[1.581s] INFO:colcon.colcon_core.shell:Creating prefix script '/home/roboticist/0_Projects/tail_mate/install/local_setup.bash'
[1.582s] INFO:colcon.colcon_core.shell:Creating prefix chain script '/home/roboticist/0_Projects/tail_mate/install/setup.bash'
[1.582s] INFO:colcon.colcon_core.shell:Creating prefix script '/home/roboticist/0_Projects/tail_mate/install/local_setup.zsh'
[1.583s] INFO:colcon.colcon_core.shell:Creating prefix chain script '/home/roboticist/0_Projects/tail_mate/install/setup.zsh'
