[0.477s] Invoking command in '/home/roboticist/0_Projects/tail_mate/build/sjtu_drone_description': CMAKE_PREFIX_PATH=${CMAKE_PREFIX_PATH}:/home/roboticist/0_Projects/tail_mate/install/sjtu_drone_control:/home/roboticist/0_Projects/tail_mate/install/sjtu_drone_bringup:/opt/ros/humble /usr/bin/cmake /home/roboticist/0_Projects/tail_mate/src/sjtu_drone/sjtu_drone_description -DCMAKE_INSTALL_PREFIX=/home/roboticist/0_Projects/tail_mate/install/sjtu_drone_description
[0.521s] -- The C compiler identification is GNU 11.4.0
[0.558s] -- The CXX compiler identification is GNU 11.4.0
[0.563s] -- Detecting C compiler ABI info
[0.609s] -- Detecting C compiler ABI info - done
[0.615s] -- Check for working C compiler: /usr/bin/cc - skipped
[0.616s] -- Detecting C compile features
[0.616s] -- Detecting C compile features - done
[0.618s] -- Detecting CXX compiler ABI info
[0.678s] -- Detecting CXX compiler ABI info - done
[0.684s] -- Check for working CXX compiler: /usr/bin/c++ - skipped
[0.684s] -- Detecting CXX compile features
[0.685s] -- Detecting CXX compile features - done
[0.688s] -- Found PkgConfig: /usr/bin/pkg-config (found version "0.29.2") 
[0.688s] -- Checking for module 'OGRE'
[0.697s] --   Found OGRE, version 1.9.0
[0.719s] -- Checking for module 'OGRE-Terrain'
[0.726s] --   Found OGRE-Terrain, version 1.9.0
[0.749s] -- Found ament_cmake: 1.3.11 (/opt/ros/humble/share/ament_cmake/cmake)
[0.879s] -- Found Python3: /usr/bin/python3 (found version "3.10.12") found components: Interpreter 
[0.951s] -- Found ament_cmake_ros: 0.10.0 (/opt/ros/humble/share/ament_cmake_ros/cmake)
[0.962s] -- Found rclcpp: 16.0.12 (/opt/ros/humble/share/rclcpp/cmake)
[0.991s] -- Found rosidl_generator_c: 3.1.6 (/opt/ros/humble/share/rosidl_generator_c/cmake)
[0.995s] -- Found rosidl_adapter: 3.1.6 (/opt/ros/humble/share/rosidl_adapter/cmake)
[1.000s] -- Found rosidl_generator_cpp: 3.1.6 (/opt/ros/humble/share/rosidl_generator_cpp/cmake)
[1.007s] -- Using all available rosidl_typesupport_c: rosidl_typesupport_fastrtps_c;rosidl_typesupport_introspection_c
[1.017s] -- Using all available rosidl_typesupport_cpp: rosidl_typesupport_fastrtps_cpp;rosidl_typesupport_introspection_cpp
[1.043s] -- Found rmw_implementation_cmake: 6.1.2 (/opt/ros/humble/share/rmw_implementation_cmake/cmake)
[1.045s] -- Found rmw_fastrtps_cpp: 6.2.7 (/opt/ros/humble/share/rmw_fastrtps_cpp/cmake)
[1.100s] -- Found OpenSSL: /usr/lib/x86_64-linux-gnu/libcrypto.so (found version "3.0.2")  
[1.124s] -- Found FastRTPS: /opt/ros/humble/include  
[1.160s] -- Using RMW implementation 'rmw_fastrtps_cpp' as default
[1.169s] -- Looking for pthread.h
[1.226s] -- Looking for pthread.h - found
[1.227s] -- Performing Test CMAKE_HAVE_LIBC_PTHREAD
[1.283s] -- Performing Test CMAKE_HAVE_LIBC_PTHREAD - Success
[1.284s] -- Found Threads: TRUE  
[1.333s] -- Found gazebo_ros: 3.9.0 (/opt/ros/humble/share/gazebo_ros/cmake)
[1.346s] -- Checking for module 'bullet>=2.82'
[1.355s] --   Found bullet, version 3.05
[1.437s] -- Found fcl: /usr/include (found suitable version "0.7.0", minimum required is "0.5.0") 
[1.471s] -- Found assimp: /usr/include (found version "5.2.0") 
[1.490s] -- Found DART: /usr/include (Required is at least version "6.6") found components: dart 
[1.518s] -- Found Boost: /usr/lib/x86_64-linux-gnu/cmake/Boost-1.74.0/BoostConfig.cmake (found suitable version "1.74.0", minimum required is "1.40.0") found components: thread system filesystem program_options regex iostreams date_time 
[1.532s] -- Found Protobuf: /usr/lib/x86_64-linux-gnu/libprotobuf.so (found version "3.12.4") 
[1.537s] -- Looking for ignition-math6 -- found version 6.15.1
[1.544s] -- Searching for dependencies of ignition-math6
[1.546s] -- Looking for OGRE...
[1.546s] -- OGRE_PREFIX_WATCH changed.
[1.551s] -- Checking for module 'OGRE'
[1.560s] --   Found OGRE, version 1.9.0
[1.583s] -- Found Ogre Ghadamon (1.9.0)
[1.597s] -- Looking for OGRE_Paging...
[1.601s] -- Found OGRE_Paging: optimized;/usr/lib/x86_64-linux-gnu/libOgrePaging.so;debug;/usr/lib/x86_64-linux-gnu/libOgrePaging.so
[1.601s] -- Looking for OGRE_Terrain...
[1.606s] -- Found OGRE_Terrain: optimized;/usr/lib/x86_64-linux-gnu/libOgreTerrain.so;debug;/usr/lib/x86_64-linux-gnu/libOgreTerrain.so
[1.606s] -- Looking for OGRE_Property...
[1.610s] -- Found OGRE_Property: optimized;/usr/lib/x86_64-linux-gnu/libOgreProperty.so;debug;/usr/lib/x86_64-linux-gnu/libOgreProperty.so
[1.610s] -- Looking for OGRE_RTShaderSystem...
[1.615s] -- Found OGRE_RTShaderSystem: optimized;/usr/lib/x86_64-linux-gnu/libOgreRTShaderSystem.so;debug;/usr/lib/x86_64-linux-gnu/libOgreRTShaderSystem.so
[1.615s] -- Looking for OGRE_Volume...
[1.619s] -- Found OGRE_Volume: optimized;/usr/lib/x86_64-linux-gnu/libOgreVolume.so;debug;/usr/lib/x86_64-linux-gnu/libOgreVolume.so
[1.619s] -- Looking for OGRE_Overlay...
[1.624s] -- Found OGRE_Overlay: optimized;/usr/lib/x86_64-linux-gnu/libOgreOverlay.so;debug;/usr/lib/x86_64-linux-gnu/libOgreOverlay.so
[1.723s] -- Looking for ignition-math6 -- found version 6.15.1
[1.725s] -- Looking for ignition-transport8 -- found version 8.2.1
[1.726s] -- Searching for dependencies of ignition-transport8
[1.742s] -- Found Protobuf: /usr/lib/x86_64-linux-gnu/libprotobuf.so (found suitable version "3.12.4", minimum required is "3") 
[1.752s] -- Config-file not installed for ZeroMQ -- checking for pkg-config
[1.756s] -- Checking for module 'libzmq >= 4'
[1.766s] --   Found libzmq , version 4.3.4
[1.790s] -- Found ZeroMQ: TRUE (Required is at least version "4") 
[1.795s] -- Checking for module 'uuid'
[1.805s] --   Found uuid, version 2.37.2
[1.829s] -- Found UUID: TRUE  
[1.831s] -- Looking for ignition-msgs5 -- found version 5.8.1
[1.832s] -- Searching for dependencies of ignition-msgs5
[1.848s] -- Looking for ignition-math6 -- found version 6.15.1
[1.852s] -- Checking for module 'tinyxml2'
[1.862s] --   Found tinyxml2, version 9.0.0
[1.885s] -- Looking for ignition-msgs5 -- found version 5.8.1
[1.887s] -- Looking for ignition-common3 -- found version 3.14.0
[1.888s] -- Searching for dependencies of ignition-common3
[1.888s] -- Looking for dlfcn.h - found
[1.889s] -- Looking for libdl - found
[1.890s] -- Found DL: TRUE  
[1.901s] -- Found tinyobjloader: /usr/lib/x86_64-linux-gnu/cmake/tinyobjloader/tinyobjloader-config.cmake (found version "2.0.0") 
[1.901s] -- Searching for <ignition-common3> component [graphics]
[1.904s] -- Looking for ignition-common3-graphics -- found version 3.14.0
[1.904s] -- Searching for dependencies of ignition-common3-graphics
[1.904s] -- Looking for ignition-math6 -- found version 6.15.1
[1.908s] -- Looking for ignition-fuel_tools4 -- found version 4.4.0
[1.908s] -- Searching for dependencies of ignition-fuel_tools4
[1.967s] -- Found CURL: /usr/lib/x86_64-linux-gnu/libcurl.so (found version "7.81.0")  
[1.975s] -- Checking for module 'jsoncpp'
[1.984s] --   Found jsoncpp, version 1.9.5
[2.007s] -- Found JSONCPP: TRUE  
[2.012s] -- Checking for module 'libzip'
[2.021s] --   Found libzip, version 1.7.3
[2.044s] -- Found ZIP: TRUE  
[2.045s] -- Looking for ignition-common3 -- found version 3.14.0
[2.045s] -- Looking for ignition-math6 -- found version 6.15.1
[2.045s] -- Looking for ignition-msgs5 -- found version 5.8.1
[2.049s] -- Gazebo version: 11.10
[2.049s] -- Checking for module 'tbb'
[2.059s] --   Found tbb, version 2021.5.0
[2.085s] -- Found gazebo_plugins: 3.9.0 (/opt/ros/humble/share/gazebo_plugins/cmake)
[2.145s] -- Found sensor_msgs: 4.8.0 (/opt/ros/humble/share/sensor_msgs/cmake)
[2.161s] -- Found nav_msgs: 4.8.0 (/opt/ros/humble/share/nav_msgs/cmake)
[2.179s] -- Found tf2: 0.25.12 (/opt/ros/humble/share/tf2/cmake)
[2.186s] -- Found tf2_ros: 0.25.12 (/opt/ros/humble/share/tf2_ros/cmake)
[2.249s] -- Found tf2_geometry_msgs: 0.25.12 (/opt/ros/humble/share/tf2_geometry_msgs/cmake)
[2.255s] -- Found eigen3_cmake_module: 0.1.1 (/opt/ros/humble/share/eigen3_cmake_module/cmake)
[2.256s] -- Found Eigen3: TRUE (found version "3.4.0") 
[2.256s] -- Ensuring Eigen3 include directory is part of orocos-kdl CMake target
[2.264s] -- Found ament_lint_auto: 0.12.12 (/opt/ros/humble/share/ament_lint_auto/cmake)
[2.328s] -- Added test 'cppcheck' to perform static code analysis on C / C++ code
[2.329s] -- Configured cppcheck include dirs: /home/roboticist/0_Projects/tail_mate/src/sjtu_drone/sjtu_drone_description/include;$<BUILD_INTERFACE:/home/roboticist/0_Projects/tail_mate/src/sjtu_drone/sjtu_drone_description/include>
[2.329s] -- Configured cppcheck exclude dirs and/or files: 
[2.329s] -- Added test 'lint_cmake' to check CMake code style
[2.330s] -- Added test 'uncrustify' to check C / C++ code style
[2.330s] -- Configured uncrustify additional arguments: 
[2.331s] -- Added test 'xmllint' to check XML markup files
[2.332s] -- Configuring done
[2.357s] -- Generating done
[2.360s] -- Build files have been written to: /home/roboticist/0_Projects/tail_mate/build/sjtu_drone_description
[2.369s] Invoked command in '/home/roboticist/0_Projects/tail_mate/build/sjtu_drone_description' returned '0': CMAKE_PREFIX_PATH=${CMAKE_PREFIX_PATH}:/home/roboticist/0_Projects/tail_mate/install/sjtu_drone_control:/home/roboticist/0_Projects/tail_mate/install/sjtu_drone_bringup:/opt/ros/humble /usr/bin/cmake /home/roboticist/0_Projects/tail_mate/src/sjtu_drone/sjtu_drone_description -DCMAKE_INSTALL_PREFIX=/home/roboticist/0_Projects/tail_mate/install/sjtu_drone_description
[2.371s] Invoking command in '/home/roboticist/0_Projects/tail_mate/build/sjtu_drone_description': CMAKE_PREFIX_PATH=${CMAKE_PREFIX_PATH}:/home/roboticist/0_Projects/tail_mate/install/sjtu_drone_control:/home/roboticist/0_Projects/tail_mate/install/sjtu_drone_bringup:/opt/ros/humble /usr/bin/cmake --build /home/roboticist/0_Projects/tail_mate/build/sjtu_drone_description -- -j20 -l20
[2.412s] [ 25%] [32mBuilding CXX object CMakeFiles/plugin_drone.dir/src/plugin_drone_private.cpp.o[0m
[2.413s] [ 50%] [32mBuilding CXX object CMakeFiles/plugin_drone.dir/src/plugin_drone.cpp.o[0m
[2.413s] [ 75%] [32mBuilding CXX object CMakeFiles/plugin_drone.dir/src/pid_controller.cpp.o[0m
[22.265s] [100%] [32m[1mLinking CXX shared library /home/roboticist/0_Projects/tail_mate/src/sjtu_drone/sjtu_drone_description/plugins/libplugin_drone.so[0m
[24.047s] [100%] Built target plugin_drone
[24.059s] Invoked command in '/home/roboticist/0_Projects/tail_mate/build/sjtu_drone_description' returned '0': CMAKE_PREFIX_PATH=${CMAKE_PREFIX_PATH}:/home/roboticist/0_Projects/tail_mate/install/sjtu_drone_control:/home/roboticist/0_Projects/tail_mate/install/sjtu_drone_bringup:/opt/ros/humble /usr/bin/cmake --build /home/roboticist/0_Projects/tail_mate/build/sjtu_drone_description -- -j20 -l20
[24.060s] Invoking command in '/home/roboticist/0_Projects/tail_mate/build/sjtu_drone_description': CMAKE_PREFIX_PATH=${CMAKE_PREFIX_PATH}:/home/roboticist/0_Projects/tail_mate/install/sjtu_drone_control:/home/roboticist/0_Projects/tail_mate/install/sjtu_drone_bringup:/opt/ros/humble /usr/bin/cmake --install /home/roboticist/0_Projects/tail_mate/build/sjtu_drone_description
[24.066s] -- Install configuration: ""
[24.066s] -- Installing: /home/roboticist/0_Projects/tail_mate/install/sjtu_drone_description/include
[24.066s] -- Installing: /home/roboticist/0_Projects/tail_mate/install/sjtu_drone_description/include/sjtu_drone_description
[24.066s] -- Installing: /home/roboticist/0_Projects/tail_mate/install/sjtu_drone_description/include/sjtu_drone_description/pid_controller.h
[24.066s] -- Installing: /home/roboticist/0_Projects/tail_mate/install/sjtu_drone_description/include/sjtu_drone_description/plugin_drone_private.h
[24.066s] -- Installing: /home/roboticist/0_Projects/tail_mate/install/sjtu_drone_description/include/sjtu_drone_description/plugin_drone.h
[24.066s] -- Installing: /home/roboticist/0_Projects/tail_mate/install/sjtu_drone_description/lib/libplugin_drone.so
[24.083s] -- Set runtime path of "/home/roboticist/0_Projects/tail_mate/install/sjtu_drone_description/lib/libplugin_drone.so" to ""
[24.083s] -- Installing: /home/roboticist/0_Projects/tail_mate/install/sjtu_drone_description/share/sjtu_drone_description/environment/library_path.sh
[24.083s] -- Installing: /home/roboticist/0_Projects/tail_mate/install/sjtu_drone_description/share/sjtu_drone_description/environment/library_path.dsv
[24.083s] -- Installing: /home/roboticist/0_Projects/tail_mate/install/sjtu_drone_description/share/sjtu_drone_description/models
[24.083s] -- Installing: /home/roboticist/0_Projects/tail_mate/install/sjtu_drone_description/share/sjtu_drone_description/models/sjtu_drone
[24.083s] -- Installing: /home/roboticist/0_Projects/tail_mate/install/sjtu_drone_description/share/sjtu_drone_description/models/sjtu_drone/quadrotor_4.stl
[24.083s] -- Installing: /home/roboticist/0_Projects/tail_mate/install/sjtu_drone_description/share/sjtu_drone_description/models/sjtu_drone/model.config
[24.083s] -- Installing: /home/roboticist/0_Projects/tail_mate/install/sjtu_drone_description/share/sjtu_drone_description/models/sjtu_drone/quadrotor_4.dae
[24.084s] -- Installing: /home/roboticist/0_Projects/tail_mate/install/sjtu_drone_description/share/sjtu_drone_description/models/sjtu_drone/sjtu_drone.sdf
[24.084s] -- Installing: /home/roboticist/0_Projects/tail_mate/install/sjtu_drone_description/share/sjtu_drone_description/models/database.config
[24.084s] -- Installing: /home/roboticist/0_Projects/tail_mate/install/sjtu_drone_description/share/sjtu_drone_description/urdf
[24.084s] -- Installing: /home/roboticist/0_Projects/tail_mate/install/sjtu_drone_description/share/sjtu_drone_description/urdf/sjtu_drone.urdf.xacro
[24.084s] -- Installing: /home/roboticist/0_Projects/tail_mate/install/sjtu_drone_description/share/sjtu_drone_description/urdf/sjtu_drone.urdf
[24.084s] -- Installing: /home/roboticist/0_Projects/tail_mate/install/sjtu_drone_description/share/sjtu_drone_description/worlds
[24.084s] -- Installing: /home/roboticist/0_Projects/tail_mate/install/sjtu_drone_description/share/sjtu_drone_description/worlds/playground.world
[24.084s] -- Installing: /home/roboticist/0_Projects/tail_mate/install/sjtu_drone_description/share/ament_index/resource_index/package_run_dependencies/sjtu_drone_description
[24.084s] -- Installing: /home/roboticist/0_Projects/tail_mate/install/sjtu_drone_description/share/ament_index/resource_index/parent_prefix_path/sjtu_drone_description
[24.084s] -- Installing: /home/roboticist/0_Projects/tail_mate/install/sjtu_drone_description/share/sjtu_drone_description/environment/ament_prefix_path.sh
[24.084s] -- Installing: /home/roboticist/0_Projects/tail_mate/install/sjtu_drone_description/share/sjtu_drone_description/environment/ament_prefix_path.dsv
[24.084s] -- Installing: /home/roboticist/0_Projects/tail_mate/install/sjtu_drone_description/share/sjtu_drone_description/environment/path.sh
[24.085s] -- Installing: /home/roboticist/0_Projects/tail_mate/install/sjtu_drone_description/share/sjtu_drone_description/environment/path.dsv
[24.085s] -- Installing: /home/roboticist/0_Projects/tail_mate/install/sjtu_drone_description/share/sjtu_drone_description/local_setup.bash
[24.085s] -- Installing: /home/roboticist/0_Projects/tail_mate/install/sjtu_drone_description/share/sjtu_drone_description/local_setup.sh
[24.085s] -- Installing: /home/roboticist/0_Projects/tail_mate/install/sjtu_drone_description/share/sjtu_drone_description/local_setup.zsh
[24.085s] -- Installing: /home/roboticist/0_Projects/tail_mate/install/sjtu_drone_description/share/sjtu_drone_description/local_setup.dsv
[24.085s] -- Installing: /home/roboticist/0_Projects/tail_mate/install/sjtu_drone_description/share/sjtu_drone_description/package.dsv
[24.085s] -- Installing: /home/roboticist/0_Projects/tail_mate/install/sjtu_drone_description/share/ament_index/resource_index/packages/sjtu_drone_description
[24.085s] -- Installing: /home/roboticist/0_Projects/tail_mate/install/sjtu_drone_description/share/sjtu_drone_description/cmake/export_sjtu_drone_descriptionExport.cmake
[24.085s] -- Installing: /home/roboticist/0_Projects/tail_mate/install/sjtu_drone_description/share/sjtu_drone_description/cmake/export_sjtu_drone_descriptionExport-noconfig.cmake
[24.085s] -- Installing: /home/roboticist/0_Projects/tail_mate/install/sjtu_drone_description/share/sjtu_drone_description/cmake/ament_cmake_export_include_directories-extras.cmake
[24.086s] -- Installing: /home/roboticist/0_Projects/tail_mate/install/sjtu_drone_description/share/sjtu_drone_description/cmake/ament_cmake_export_libraries-extras.cmake
[24.086s] -- Installing: /home/roboticist/0_Projects/tail_mate/install/sjtu_drone_description/share/sjtu_drone_description/cmake/ament_cmake_export_targets-extras.cmake
[24.086s] -- Installing: /home/roboticist/0_Projects/tail_mate/install/sjtu_drone_description/share/sjtu_drone_description/cmake/sjtu_drone_descriptionConfig.cmake
[24.086s] -- Installing: /home/roboticist/0_Projects/tail_mate/install/sjtu_drone_description/share/sjtu_drone_description/cmake/sjtu_drone_descriptionConfig-version.cmake
[24.086s] -- Installing: /home/roboticist/0_Projects/tail_mate/install/sjtu_drone_description/share/sjtu_drone_description/package.xml
[24.088s] Invoked command in '/home/roboticist/0_Projects/tail_mate/build/sjtu_drone_description' returned '0': CMAKE_PREFIX_PATH=${CMAKE_PREFIX_PATH}:/home/roboticist/0_Projects/tail_mate/install/sjtu_drone_control:/home/roboticist/0_Projects/tail_mate/install/sjtu_drone_bringup:/opt/ros/humble /usr/bin/cmake --install /home/roboticist/0_Projects/tail_mate/build/sjtu_drone_description
