[0.091s] DEBUG:colcon:Command line arguments: ['/usr/bin/colcon', 'build']
[0.091s] DEBUG:colcon:Parsed command line arguments: Namespace(log_base=None, log_level=None, verb_name='build', build_base='build', install_base='install', merge_install=False, symlink_install=False, test_result_base=None, continue_on_error=False, executor='parallel', parallel_workers=20, event_handlers=None, ignore_user_meta=False, metas=['./colcon.meta'], base_paths=['.'], packages_ignore=None, packages_ignore_regex=None, paths=None, packages_up_to=None, packages_up_to_regex=None, packages_above=None, packages_above_and_dependencies=None, packages_above_depth=None, packages_select_by_dep=None, packages_skip_by_dep=None, packages_skip_up_to=None, packages_select_build_failed=False, packages_skip_build_finished=False, packages_select_test_failures=False, packages_skip_test_passed=False, packages_select=None, packages_skip=None, packages_select_regex=None, packages_skip_regex=None, packages_start=None, packages_end=None, allow_overriding=[], cmake_args=None, cmake_target=None, cmake_target_skip_unavailable=False, cmake_clean_cache=False, cmake_clean_first=False, cmake_force_configure=False, ament_cmake_args=None, catkin_cmake_args=None, catkin_skip_building_tests=False, mixin_files=None, mixin=None, verb_parser=<colcon_mixin.mixin.mixin_argument.MixinArgumentDecorator object at 0x786821f1ac20>, verb_extension=<colcon_core.verb.build.BuildVerb object at 0x786821f1a020>, main=<bound method BuildVerb.main of <colcon_core.verb.build.BuildVerb object at 0x786821f1a020>>, mixin_verb=('build',))
[0.249s] Level 1:colcon.colcon_core.package_discovery:discover_packages(colcon_meta) check parameters
[0.249s] Level 1:colcon.colcon_core.package_discovery:discover_packages(recursive) check parameters
[0.249s] Level 1:colcon.colcon_core.package_discovery:discover_packages(ignore) check parameters
[0.249s] Level 1:colcon.colcon_core.package_discovery:discover_packages(path) check parameters
[0.249s] Level 1:colcon.colcon_core.package_discovery:discover_packages(colcon_meta) discover
[0.249s] Level 1:colcon.colcon_core.package_discovery:discover_packages(recursive) discover
[0.249s] INFO:colcon.colcon_core.package_discovery:Crawling recursively for packages in '/home/roboticist/0_Projects/tail_mate'
[0.249s] Level 1:colcon.colcon_core.package_identification:_identify(.) by extensions ['ignore', 'ignore_ament_install']
[0.249s] Level 1:colcon.colcon_core.package_identification:_identify(.) by extension 'ignore'
[0.249s] Level 1:colcon.colcon_core.package_identification:_identify(.) by extension 'ignore_ament_install'
[0.249s] Level 1:colcon.colcon_core.package_identification:_identify(.) by extensions ['colcon_pkg']
[0.249s] Level 1:colcon.colcon_core.package_identification:_identify(.) by extension 'colcon_pkg'
[0.249s] Level 1:colcon.colcon_core.package_identification:_identify(.) by extensions ['colcon_meta']
[0.249s] Level 1:colcon.colcon_core.package_identification:_identify(.) by extension 'colcon_meta'
[0.249s] Level 1:colcon.colcon_core.package_identification:_identify(.) by extensions ['ros']
[0.249s] Level 1:colcon.colcon_core.package_identification:_identify(.) by extension 'ros'
[0.259s] Level 1:colcon.colcon_core.package_identification:_identify(.) by extensions ['cmake', 'python']
[0.259s] Level 1:colcon.colcon_core.package_identification:_identify(.) by extension 'cmake'
[0.259s] Level 1:colcon.colcon_core.package_identification:_identify(.) by extension 'python'
[0.259s] Level 1:colcon.colcon_core.package_identification:_identify(.) by extensions ['python_setup_py']
[0.259s] Level 1:colcon.colcon_core.package_identification:_identify(.) by extension 'python_setup_py'
[0.259s] Level 1:colcon.colcon_core.package_identification:_identify(assets) by extensions ['ignore', 'ignore_ament_install']
[0.259s] Level 1:colcon.colcon_core.package_identification:_identify(assets) by extension 'ignore'
[0.259s] Level 1:colcon.colcon_core.package_identification:_identify(assets) by extension 'ignore_ament_install'
[0.259s] Level 1:colcon.colcon_core.package_identification:_identify(assets) by extensions ['colcon_pkg']
[0.259s] Level 1:colcon.colcon_core.package_identification:_identify(assets) by extension 'colcon_pkg'
[0.259s] Level 1:colcon.colcon_core.package_identification:_identify(assets) by extensions ['colcon_meta']
[0.259s] Level 1:colcon.colcon_core.package_identification:_identify(assets) by extension 'colcon_meta'
[0.259s] Level 1:colcon.colcon_core.package_identification:_identify(assets) by extensions ['ros']
[0.260s] Level 1:colcon.colcon_core.package_identification:_identify(assets) by extension 'ros'
[0.260s] Level 1:colcon.colcon_core.package_identification:_identify(assets) by extensions ['cmake', 'python']
[0.260s] Level 1:colcon.colcon_core.package_identification:_identify(assets) by extension 'cmake'
[0.260s] Level 1:colcon.colcon_core.package_identification:_identify(assets) by extension 'python'
[0.260s] Level 1:colcon.colcon_core.package_identification:_identify(assets) by extensions ['python_setup_py']
[0.260s] Level 1:colcon.colcon_core.package_identification:_identify(assets) by extension 'python_setup_py'
[0.260s] Level 1:colcon.colcon_core.package_identification:_identify(build) by extensions ['ignore', 'ignore_ament_install']
[0.260s] Level 1:colcon.colcon_core.package_identification:_identify(build) by extension 'ignore'
[0.260s] Level 1:colcon.colcon_core.package_identification:_identify(build) ignored
[0.260s] Level 1:colcon.colcon_core.package_identification:_identify(docs) by extensions ['ignore', 'ignore_ament_install']
[0.260s] Level 1:colcon.colcon_core.package_identification:_identify(docs) by extension 'ignore'
[0.260s] Level 1:colcon.colcon_core.package_identification:_identify(docs) by extension 'ignore_ament_install'
[0.260s] Level 1:colcon.colcon_core.package_identification:_identify(docs) by extensions ['colcon_pkg']
[0.260s] Level 1:colcon.colcon_core.package_identification:_identify(docs) by extension 'colcon_pkg'
[0.260s] Level 1:colcon.colcon_core.package_identification:_identify(docs) by extensions ['colcon_meta']
[0.260s] Level 1:colcon.colcon_core.package_identification:_identify(docs) by extension 'colcon_meta'
[0.260s] Level 1:colcon.colcon_core.package_identification:_identify(docs) by extensions ['ros']
[0.260s] Level 1:colcon.colcon_core.package_identification:_identify(docs) by extension 'ros'
[0.260s] Level 1:colcon.colcon_core.package_identification:_identify(docs) by extensions ['cmake', 'python']
[0.260s] Level 1:colcon.colcon_core.package_identification:_identify(docs) by extension 'cmake'
[0.260s] Level 1:colcon.colcon_core.package_identification:_identify(docs) by extension 'python'
[0.260s] Level 1:colcon.colcon_core.package_identification:_identify(docs) by extensions ['python_setup_py']
[0.260s] Level 1:colcon.colcon_core.package_identification:_identify(docs) by extension 'python_setup_py'
[0.261s] Level 1:colcon.colcon_core.package_identification:_identify(install) by extensions ['ignore', 'ignore_ament_install']
[0.261s] Level 1:colcon.colcon_core.package_identification:_identify(install) by extension 'ignore'
[0.261s] Level 1:colcon.colcon_core.package_identification:_identify(install) ignored
[0.261s] Level 1:colcon.colcon_core.package_identification:_identify(log) by extensions ['ignore', 'ignore_ament_install']
[0.261s] Level 1:colcon.colcon_core.package_identification:_identify(log) by extension 'ignore'
[0.261s] Level 1:colcon.colcon_core.package_identification:_identify(log) ignored
[0.261s] Level 1:colcon.colcon_core.package_identification:_identify(src) by extensions ['ignore', 'ignore_ament_install']
[0.261s] Level 1:colcon.colcon_core.package_identification:_identify(src) by extension 'ignore'
[0.261s] Level 1:colcon.colcon_core.package_identification:_identify(src) by extension 'ignore_ament_install'
[0.261s] Level 1:colcon.colcon_core.package_identification:_identify(src) by extensions ['colcon_pkg']
[0.261s] Level 1:colcon.colcon_core.package_identification:_identify(src) by extension 'colcon_pkg'
[0.261s] Level 1:colcon.colcon_core.package_identification:_identify(src) by extensions ['colcon_meta']
[0.261s] Level 1:colcon.colcon_core.package_identification:_identify(src) by extension 'colcon_meta'
[0.261s] Level 1:colcon.colcon_core.package_identification:_identify(src) by extensions ['ros']
[0.261s] Level 1:colcon.colcon_core.package_identification:_identify(src) by extension 'ros'
[0.261s] Level 1:colcon.colcon_core.package_identification:_identify(src) by extensions ['cmake', 'python']
[0.261s] Level 1:colcon.colcon_core.package_identification:_identify(src) by extension 'cmake'
[0.261s] Level 1:colcon.colcon_core.package_identification:_identify(src) by extension 'python'
[0.261s] Level 1:colcon.colcon_core.package_identification:_identify(src) by extensions ['python_setup_py']
[0.261s] Level 1:colcon.colcon_core.package_identification:_identify(src) by extension 'python_setup_py'
[0.261s] Level 1:colcon.colcon_core.package_identification:_identify(src/followme_drone) by extensions ['ignore', 'ignore_ament_install']
[0.261s] Level 1:colcon.colcon_core.package_identification:_identify(src/followme_drone) by extension 'ignore'
[0.262s] Level 1:colcon.colcon_core.package_identification:_identify(src/followme_drone) by extension 'ignore_ament_install'
[0.262s] Level 1:colcon.colcon_core.package_identification:_identify(src/followme_drone) by extensions ['colcon_pkg']
[0.262s] Level 1:colcon.colcon_core.package_identification:_identify(src/followme_drone) by extension 'colcon_pkg'
[0.262s] Level 1:colcon.colcon_core.package_identification:_identify(src/followme_drone) by extensions ['colcon_meta']
[0.262s] Level 1:colcon.colcon_core.package_identification:_identify(src/followme_drone) by extension 'colcon_meta'
[0.262s] Level 1:colcon.colcon_core.package_identification:_identify(src/followme_drone) by extensions ['ros']
[0.262s] Level 1:colcon.colcon_core.package_identification:_identify(src/followme_drone) by extension 'ros'
[0.269s] DEBUG:colcon.colcon_core.package_identification:Package 'src/followme_drone' with type 'ros.ament_cmake' and name 'followme_drone'
[0.269s] Level 1:colcon.colcon_core.package_identification:_identify(src/sjtu_drone) by extensions ['ignore', 'ignore_ament_install']
[0.270s] Level 1:colcon.colcon_core.package_identification:_identify(src/sjtu_drone) by extension 'ignore'
[0.270s] Level 1:colcon.colcon_core.package_identification:_identify(src/sjtu_drone) by extension 'ignore_ament_install'
[0.270s] Level 1:colcon.colcon_core.package_identification:_identify(src/sjtu_drone) by extensions ['colcon_pkg']
[0.270s] Level 1:colcon.colcon_core.package_identification:_identify(src/sjtu_drone) by extension 'colcon_pkg'
[0.270s] Level 1:colcon.colcon_core.package_identification:_identify(src/sjtu_drone) by extensions ['colcon_meta']
[0.270s] Level 1:colcon.colcon_core.package_identification:_identify(src/sjtu_drone) by extension 'colcon_meta'
[0.270s] Level 1:colcon.colcon_core.package_identification:_identify(src/sjtu_drone) by extensions ['ros']
[0.270s] Level 1:colcon.colcon_core.package_identification:_identify(src/sjtu_drone) by extension 'ros'
[0.270s] Level 1:colcon.colcon_core.package_identification:_identify(src/sjtu_drone) by extensions ['cmake', 'python']
[0.270s] Level 1:colcon.colcon_core.package_identification:_identify(src/sjtu_drone) by extension 'cmake'
[0.270s] Level 1:colcon.colcon_core.package_identification:_identify(src/sjtu_drone) by extension 'python'
[0.270s] Level 1:colcon.colcon_core.package_identification:_identify(src/sjtu_drone) by extensions ['python_setup_py']
[0.270s] Level 1:colcon.colcon_core.package_identification:_identify(src/sjtu_drone) by extension 'python_setup_py'
[0.270s] Level 1:colcon.colcon_core.package_identification:_identify(src/sjtu_drone/imgs) by extensions ['ignore', 'ignore_ament_install']
[0.270s] Level 1:colcon.colcon_core.package_identification:_identify(src/sjtu_drone/imgs) by extension 'ignore'
[0.270s] Level 1:colcon.colcon_core.package_identification:_identify(src/sjtu_drone/imgs) by extension 'ignore_ament_install'
[0.270s] Level 1:colcon.colcon_core.package_identification:_identify(src/sjtu_drone/imgs) by extensions ['colcon_pkg']
[0.270s] Level 1:colcon.colcon_core.package_identification:_identify(src/sjtu_drone/imgs) by extension 'colcon_pkg'
[0.270s] Level 1:colcon.colcon_core.package_identification:_identify(src/sjtu_drone/imgs) by extensions ['colcon_meta']
[0.270s] Level 1:colcon.colcon_core.package_identification:_identify(src/sjtu_drone/imgs) by extension 'colcon_meta'
[0.270s] Level 1:colcon.colcon_core.package_identification:_identify(src/sjtu_drone/imgs) by extensions ['ros']
[0.270s] Level 1:colcon.colcon_core.package_identification:_identify(src/sjtu_drone/imgs) by extension 'ros'
[0.270s] Level 1:colcon.colcon_core.package_identification:_identify(src/sjtu_drone/imgs) by extensions ['cmake', 'python']
[0.270s] Level 1:colcon.colcon_core.package_identification:_identify(src/sjtu_drone/imgs) by extension 'cmake'
[0.271s] Level 1:colcon.colcon_core.package_identification:_identify(src/sjtu_drone/imgs) by extension 'python'
[0.271s] Level 1:colcon.colcon_core.package_identification:_identify(src/sjtu_drone/imgs) by extensions ['python_setup_py']
[0.271s] Level 1:colcon.colcon_core.package_identification:_identify(src/sjtu_drone/imgs) by extension 'python_setup_py'
[0.271s] Level 1:colcon.colcon_core.package_identification:_identify(src/sjtu_drone/sjtu_drone_bringup) by extensions ['ignore', 'ignore_ament_install']
[0.271s] Level 1:colcon.colcon_core.package_identification:_identify(src/sjtu_drone/sjtu_drone_bringup) by extension 'ignore'
[0.271s] Level 1:colcon.colcon_core.package_identification:_identify(src/sjtu_drone/sjtu_drone_bringup) by extension 'ignore_ament_install'
[0.271s] Level 1:colcon.colcon_core.package_identification:_identify(src/sjtu_drone/sjtu_drone_bringup) by extensions ['colcon_pkg']
[0.271s] Level 1:colcon.colcon_core.package_identification:_identify(src/sjtu_drone/sjtu_drone_bringup) by extension 'colcon_pkg'
[0.271s] Level 1:colcon.colcon_core.package_identification:_identify(src/sjtu_drone/sjtu_drone_bringup) by extensions ['colcon_meta']
[0.271s] Level 1:colcon.colcon_core.package_identification:_identify(src/sjtu_drone/sjtu_drone_bringup) by extension 'colcon_meta'
[0.271s] Level 1:colcon.colcon_core.package_identification:_identify(src/sjtu_drone/sjtu_drone_bringup) by extensions ['ros']
[0.271s] Level 1:colcon.colcon_core.package_identification:_identify(src/sjtu_drone/sjtu_drone_bringup) by extension 'ros'
[0.272s] DEBUG:colcon.colcon_core.package_identification:Package 'src/sjtu_drone/sjtu_drone_bringup' with type 'ros.ament_python' and name 'sjtu_drone_bringup'
[0.272s] Level 1:colcon.colcon_core.package_identification:_identify(src/sjtu_drone/sjtu_drone_control) by extensions ['ignore', 'ignore_ament_install']
[0.272s] Level 1:colcon.colcon_core.package_identification:_identify(src/sjtu_drone/sjtu_drone_control) by extension 'ignore'
[0.272s] Level 1:colcon.colcon_core.package_identification:_identify(src/sjtu_drone/sjtu_drone_control) by extension 'ignore_ament_install'
[0.272s] Level 1:colcon.colcon_core.package_identification:_identify(src/sjtu_drone/sjtu_drone_control) by extensions ['colcon_pkg']
[0.272s] Level 1:colcon.colcon_core.package_identification:_identify(src/sjtu_drone/sjtu_drone_control) by extension 'colcon_pkg'
[0.272s] Level 1:colcon.colcon_core.package_identification:_identify(src/sjtu_drone/sjtu_drone_control) by extensions ['colcon_meta']
[0.272s] Level 1:colcon.colcon_core.package_identification:_identify(src/sjtu_drone/sjtu_drone_control) by extension 'colcon_meta'
[0.272s] Level 1:colcon.colcon_core.package_identification:_identify(src/sjtu_drone/sjtu_drone_control) by extensions ['ros']
[0.272s] Level 1:colcon.colcon_core.package_identification:_identify(src/sjtu_drone/sjtu_drone_control) by extension 'ros'
[0.273s] DEBUG:colcon.colcon_core.package_identification:Package 'src/sjtu_drone/sjtu_drone_control' with type 'ros.ament_python' and name 'sjtu_drone_control'
[0.273s] Level 1:colcon.colcon_core.package_identification:_identify(src/sjtu_drone/sjtu_drone_description) by extensions ['ignore', 'ignore_ament_install']
[0.273s] Level 1:colcon.colcon_core.package_identification:_identify(src/sjtu_drone/sjtu_drone_description) by extension 'ignore'
[0.273s] Level 1:colcon.colcon_core.package_identification:_identify(src/sjtu_drone/sjtu_drone_description) by extension 'ignore_ament_install'
[0.273s] Level 1:colcon.colcon_core.package_identification:_identify(src/sjtu_drone/sjtu_drone_description) by extensions ['colcon_pkg']
[0.273s] Level 1:colcon.colcon_core.package_identification:_identify(src/sjtu_drone/sjtu_drone_description) by extension 'colcon_pkg'
[0.273s] Level 1:colcon.colcon_core.package_identification:_identify(src/sjtu_drone/sjtu_drone_description) by extensions ['colcon_meta']
[0.273s] Level 1:colcon.colcon_core.package_identification:_identify(src/sjtu_drone/sjtu_drone_description) by extension 'colcon_meta'
[0.273s] Level 1:colcon.colcon_core.package_identification:_identify(src/sjtu_drone/sjtu_drone_description) by extensions ['ros']
[0.273s] Level 1:colcon.colcon_core.package_identification:_identify(src/sjtu_drone/sjtu_drone_description) by extension 'ros'
[0.274s] DEBUG:colcon.colcon_core.package_identification:Package 'src/sjtu_drone/sjtu_drone_description' with type 'ros.ament_cmake' and name 'sjtu_drone_description'
[0.274s] Level 1:colcon.colcon_core.package_discovery:discover_packages(recursive) using defaults
[0.274s] Level 1:colcon.colcon_core.package_discovery:discover_packages(ignore) discover
[0.274s] Level 1:colcon.colcon_core.package_discovery:discover_packages(ignore) using defaults
[0.274s] Level 1:colcon.colcon_core.package_discovery:discover_packages(path) discover
[0.274s] Level 1:colcon.colcon_core.package_discovery:discover_packages(path) using defaults
[0.291s] Level 1:colcon.colcon_core.package_discovery:discover_packages(prefix_path) check parameters
[0.291s] Level 1:colcon.colcon_core.package_discovery:discover_packages(prefix_path) discover
[0.292s] DEBUG:colcon.colcon_installed_package_information.package_discovery:Found 4 installed packages in /home/roboticist/0_Projects/tail_mate/install
[0.294s] DEBUG:colcon.colcon_installed_package_information.package_discovery:Found 492 installed packages in /opt/ros/humble
[0.297s] Level 1:colcon.colcon_core.package_discovery:discover_packages(prefix_path) using defaults
[0.346s] Level 5:colcon.colcon_core.verb:set package 'followme_drone' build argument 'cmake_args' from command line to 'None'
[0.346s] Level 5:colcon.colcon_core.verb:set package 'followme_drone' build argument 'cmake_target' from command line to 'None'
[0.346s] Level 5:colcon.colcon_core.verb:set package 'followme_drone' build argument 'cmake_target_skip_unavailable' from command line to 'False'
[0.346s] Level 5:colcon.colcon_core.verb:set package 'followme_drone' build argument 'cmake_clean_cache' from command line to 'False'
[0.346s] Level 5:colcon.colcon_core.verb:set package 'followme_drone' build argument 'cmake_clean_first' from command line to 'False'
[0.346s] Level 5:colcon.colcon_core.verb:set package 'followme_drone' build argument 'cmake_force_configure' from command line to 'False'
[0.346s] Level 5:colcon.colcon_core.verb:set package 'followme_drone' build argument 'ament_cmake_args' from command line to 'None'
[0.346s] Level 5:colcon.colcon_core.verb:set package 'followme_drone' build argument 'catkin_cmake_args' from command line to 'None'
[0.346s] Level 5:colcon.colcon_core.verb:set package 'followme_drone' build argument 'catkin_skip_building_tests' from command line to 'False'
[0.346s] DEBUG:colcon.colcon_core.verb:Building package 'followme_drone' with the following arguments: {'ament_cmake_args': None, 'build_base': '/home/roboticist/0_Projects/tail_mate/build/followme_drone', 'catkin_cmake_args': None, 'catkin_skip_building_tests': False, 'cmake_args': None, 'cmake_clean_cache': False, 'cmake_clean_first': False, 'cmake_force_configure': False, 'cmake_target': None, 'cmake_target_skip_unavailable': False, 'install_base': '/home/roboticist/0_Projects/tail_mate/install/followme_drone', 'merge_install': False, 'path': '/home/roboticist/0_Projects/tail_mate/src/followme_drone', 'symlink_install': False, 'test_result_base': None}
[0.346s] Level 5:colcon.colcon_core.verb:set package 'sjtu_drone_bringup' build argument 'cmake_args' from command line to 'None'
[0.346s] Level 5:colcon.colcon_core.verb:set package 'sjtu_drone_bringup' build argument 'cmake_target' from command line to 'None'
[0.346s] Level 5:colcon.colcon_core.verb:set package 'sjtu_drone_bringup' build argument 'cmake_target_skip_unavailable' from command line to 'False'
[0.346s] Level 5:colcon.colcon_core.verb:set package 'sjtu_drone_bringup' build argument 'cmake_clean_cache' from command line to 'False'
[0.346s] Level 5:colcon.colcon_core.verb:set package 'sjtu_drone_bringup' build argument 'cmake_clean_first' from command line to 'False'
[0.346s] Level 5:colcon.colcon_core.verb:set package 'sjtu_drone_bringup' build argument 'cmake_force_configure' from command line to 'False'
[0.346s] Level 5:colcon.colcon_core.verb:set package 'sjtu_drone_bringup' build argument 'ament_cmake_args' from command line to 'None'
[0.347s] Level 5:colcon.colcon_core.verb:set package 'sjtu_drone_bringup' build argument 'catkin_cmake_args' from command line to 'None'
[0.347s] Level 5:colcon.colcon_core.verb:set package 'sjtu_drone_bringup' build argument 'catkin_skip_building_tests' from command line to 'False'
[0.347s] DEBUG:colcon.colcon_core.verb:Building package 'sjtu_drone_bringup' with the following arguments: {'ament_cmake_args': None, 'build_base': '/home/roboticist/0_Projects/tail_mate/build/sjtu_drone_bringup', 'catkin_cmake_args': None, 'catkin_skip_building_tests': False, 'cmake_args': None, 'cmake_clean_cache': False, 'cmake_clean_first': False, 'cmake_force_configure': False, 'cmake_target': None, 'cmake_target_skip_unavailable': False, 'install_base': '/home/roboticist/0_Projects/tail_mate/install/sjtu_drone_bringup', 'merge_install': False, 'path': '/home/roboticist/0_Projects/tail_mate/src/sjtu_drone/sjtu_drone_bringup', 'symlink_install': False, 'test_result_base': None}
[0.347s] Level 5:colcon.colcon_core.verb:set package 'sjtu_drone_control' build argument 'cmake_args' from command line to 'None'
[0.347s] Level 5:colcon.colcon_core.verb:set package 'sjtu_drone_control' build argument 'cmake_target' from command line to 'None'
[0.347s] Level 5:colcon.colcon_core.verb:set package 'sjtu_drone_control' build argument 'cmake_target_skip_unavailable' from command line to 'False'
[0.347s] Level 5:colcon.colcon_core.verb:set package 'sjtu_drone_control' build argument 'cmake_clean_cache' from command line to 'False'
[0.347s] Level 5:colcon.colcon_core.verb:set package 'sjtu_drone_control' build argument 'cmake_clean_first' from command line to 'False'
[0.347s] Level 5:colcon.colcon_core.verb:set package 'sjtu_drone_control' build argument 'cmake_force_configure' from command line to 'False'
[0.347s] Level 5:colcon.colcon_core.verb:set package 'sjtu_drone_control' build argument 'ament_cmake_args' from command line to 'None'
[0.347s] Level 5:colcon.colcon_core.verb:set package 'sjtu_drone_control' build argument 'catkin_cmake_args' from command line to 'None'
[0.347s] Level 5:colcon.colcon_core.verb:set package 'sjtu_drone_control' build argument 'catkin_skip_building_tests' from command line to 'False'
[0.347s] DEBUG:colcon.colcon_core.verb:Building package 'sjtu_drone_control' with the following arguments: {'ament_cmake_args': None, 'build_base': '/home/roboticist/0_Projects/tail_mate/build/sjtu_drone_control', 'catkin_cmake_args': None, 'catkin_skip_building_tests': False, 'cmake_args': None, 'cmake_clean_cache': False, 'cmake_clean_first': False, 'cmake_force_configure': False, 'cmake_target': None, 'cmake_target_skip_unavailable': False, 'install_base': '/home/roboticist/0_Projects/tail_mate/install/sjtu_drone_control', 'merge_install': False, 'path': '/home/roboticist/0_Projects/tail_mate/src/sjtu_drone/sjtu_drone_control', 'symlink_install': False, 'test_result_base': None}
[0.347s] Level 5:colcon.colcon_core.verb:set package 'sjtu_drone_description' build argument 'cmake_args' from command line to 'None'
[0.347s] Level 5:colcon.colcon_core.verb:set package 'sjtu_drone_description' build argument 'cmake_target' from command line to 'None'
[0.347s] Level 5:colcon.colcon_core.verb:set package 'sjtu_drone_description' build argument 'cmake_target_skip_unavailable' from command line to 'False'
[0.347s] Level 5:colcon.colcon_core.verb:set package 'sjtu_drone_description' build argument 'cmake_clean_cache' from command line to 'False'
[0.347s] Level 5:colcon.colcon_core.verb:set package 'sjtu_drone_description' build argument 'cmake_clean_first' from command line to 'False'
[0.347s] Level 5:colcon.colcon_core.verb:set package 'sjtu_drone_description' build argument 'cmake_force_configure' from command line to 'False'
[0.348s] Level 5:colcon.colcon_core.verb:set package 'sjtu_drone_description' build argument 'ament_cmake_args' from command line to 'None'
[0.348s] Level 5:colcon.colcon_core.verb:set package 'sjtu_drone_description' build argument 'catkin_cmake_args' from command line to 'None'
[0.348s] Level 5:colcon.colcon_core.verb:set package 'sjtu_drone_description' build argument 'catkin_skip_building_tests' from command line to 'False'
[0.348s] DEBUG:colcon.colcon_core.verb:Building package 'sjtu_drone_description' with the following arguments: {'ament_cmake_args': None, 'build_base': '/home/roboticist/0_Projects/tail_mate/build/sjtu_drone_description', 'catkin_cmake_args': None, 'catkin_skip_building_tests': False, 'cmake_args': None, 'cmake_clean_cache': False, 'cmake_clean_first': False, 'cmake_force_configure': False, 'cmake_target': None, 'cmake_target_skip_unavailable': False, 'install_base': '/home/roboticist/0_Projects/tail_mate/install/sjtu_drone_description', 'merge_install': False, 'path': '/home/roboticist/0_Projects/tail_mate/src/sjtu_drone/sjtu_drone_description', 'symlink_install': False, 'test_result_base': None}
[0.348s] INFO:colcon.colcon_core.executor:Executing jobs using 'parallel' executor
[0.349s] DEBUG:colcon.colcon_parallel_executor.executor.parallel:run_until_complete
[0.349s] INFO:colcon.colcon_ros.task.ament_cmake.build:Building ROS package in '/home/roboticist/0_Projects/tail_mate/src/followme_drone' with build type 'ament_cmake'
[0.349s] INFO:colcon.colcon_cmake.task.cmake.build:Building CMake package in '/home/roboticist/0_Projects/tail_mate/src/followme_drone'
[0.351s] INFO:colcon.colcon_core.plugin_system:Skipping extension 'colcon_core.shell.bat': Not used on non-Windows systems
[0.351s] INFO:colcon.colcon_core.shell:Skip shell extension 'powershell' for command environment: Not usable outside of PowerShell
[0.351s] DEBUG:colcon.colcon_core.shell:Skip shell extension 'dsv' for command environment
[0.354s] INFO:colcon.colcon_ros.task.ament_python.build:Building ROS package in '/home/roboticist/0_Projects/tail_mate/src/sjtu_drone/sjtu_drone_bringup' with build type 'ament_python'
[0.354s] Level 1:colcon.colcon_core.shell:create_environment_hook('sjtu_drone_bringup', 'ament_prefix_path')
[0.355s] INFO:colcon.colcon_core.shell:Creating environment hook '/home/roboticist/0_Projects/tail_mate/install/sjtu_drone_bringup/share/sjtu_drone_bringup/hook/ament_prefix_path.ps1'
[0.355s] INFO:colcon.colcon_core.shell:Creating environment descriptor '/home/roboticist/0_Projects/tail_mate/install/sjtu_drone_bringup/share/sjtu_drone_bringup/hook/ament_prefix_path.dsv'
[0.356s] INFO:colcon.colcon_core.shell:Creating environment hook '/home/roboticist/0_Projects/tail_mate/install/sjtu_drone_bringup/share/sjtu_drone_bringup/hook/ament_prefix_path.sh'
[0.356s] INFO:colcon.colcon_core.shell:Skip shell extension 'powershell' for command environment: Not usable outside of PowerShell
[0.356s] DEBUG:colcon.colcon_core.shell:Skip shell extension 'dsv' for command environment
[0.360s] INFO:colcon.colcon_ros.task.ament_python.build:Building ROS package in '/home/roboticist/0_Projects/tail_mate/src/sjtu_drone/sjtu_drone_control' with build type 'ament_python'
[0.360s] Level 1:colcon.colcon_core.shell:create_environment_hook('sjtu_drone_control', 'ament_prefix_path')
[0.361s] INFO:colcon.colcon_core.shell:Creating environment hook '/home/roboticist/0_Projects/tail_mate/install/sjtu_drone_control/share/sjtu_drone_control/hook/ament_prefix_path.ps1'
[0.361s] INFO:colcon.colcon_core.shell:Creating environment descriptor '/home/roboticist/0_Projects/tail_mate/install/sjtu_drone_control/share/sjtu_drone_control/hook/ament_prefix_path.dsv'
[0.361s] INFO:colcon.colcon_core.shell:Creating environment hook '/home/roboticist/0_Projects/tail_mate/install/sjtu_drone_control/share/sjtu_drone_control/hook/ament_prefix_path.sh'
[0.362s] INFO:colcon.colcon_core.shell:Skip shell extension 'powershell' for command environment: Not usable outside of PowerShell
[0.362s] DEBUG:colcon.colcon_core.shell:Skip shell extension 'dsv' for command environment
[0.364s] INFO:colcon.colcon_ros.task.ament_cmake.build:Building ROS package in '/home/roboticist/0_Projects/tail_mate/src/sjtu_drone/sjtu_drone_description' with build type 'ament_cmake'
[0.364s] INFO:colcon.colcon_cmake.task.cmake.build:Building CMake package in '/home/roboticist/0_Projects/tail_mate/src/sjtu_drone/sjtu_drone_description'
[0.364s] INFO:colcon.colcon_core.shell:Skip shell extension 'powershell' for command environment: Not usable outside of PowerShell
[0.364s] DEBUG:colcon.colcon_core.shell:Skip shell extension 'dsv' for command environment
[0.372s] DEBUG:colcon.colcon_core.event_handler.log_command:Invoking command in '/home/roboticist/0_Projects/tail_mate/build/followme_drone': CMAKE_PREFIX_PATH=${CMAKE_PREFIX_PATH}:/home/roboticist/0_Projects/tail_mate/install/sjtu_drone_control:/home/roboticist/0_Projects/tail_mate/install/sjtu_drone_bringup:/opt/ros/humble /usr/bin/cmake --build /home/roboticist/0_Projects/tail_mate/build/followme_drone -- -j20 -l20
[0.508s] INFO:colcon.colcon_core.task.python.build:Building Python package in '/home/roboticist/0_Projects/tail_mate/src/sjtu_drone/sjtu_drone_bringup'
[0.508s] INFO:colcon.colcon_core.shell:Skip shell extension 'powershell' for command environment: Not usable outside of PowerShell
[0.508s] DEBUG:colcon.colcon_core.shell:Skip shell extension 'dsv' for command environment
[0.740s] INFO:colcon.colcon_core.task.python.build:Building Python package in '/home/roboticist/0_Projects/tail_mate/src/sjtu_drone/sjtu_drone_control'
[0.740s] INFO:colcon.colcon_core.shell:Skip shell extension 'powershell' for command environment: Not usable outside of PowerShell
[0.740s] DEBUG:colcon.colcon_core.shell:Skip shell extension 'dsv' for command environment
[0.748s] DEBUG:colcon.colcon_core.event_handler.log_command:Invoking command in '/home/roboticist/0_Projects/tail_mate/build/sjtu_drone_description': CMAKE_PREFIX_PATH=${CMAKE_PREFIX_PATH}:/home/roboticist/0_Projects/tail_mate/install/sjtu_drone_control:/home/roboticist/0_Projects/tail_mate/install/sjtu_drone_bringup:/opt/ros/humble /usr/bin/cmake --build /home/roboticist/0_Projects/tail_mate/build/sjtu_drone_description -- -j20 -l20
[0.748s] DEBUG:colcon.colcon_core.event_handler.log_command:Invoked command in '/home/roboticist/0_Projects/tail_mate/build/followme_drone' returned '0': CMAKE_PREFIX_PATH=${CMAKE_PREFIX_PATH}:/home/roboticist/0_Projects/tail_mate/install/sjtu_drone_control:/home/roboticist/0_Projects/tail_mate/install/sjtu_drone_bringup:/opt/ros/humble /usr/bin/cmake --build /home/roboticist/0_Projects/tail_mate/build/followme_drone -- -j20 -l20
[0.755s] DEBUG:colcon.colcon_core.event_handler.log_command:Invoking command in '/home/roboticist/0_Projects/tail_mate/build/followme_drone': CMAKE_PREFIX_PATH=${CMAKE_PREFIX_PATH}:/home/roboticist/0_Projects/tail_mate/install/sjtu_drone_control:/home/roboticist/0_Projects/tail_mate/install/sjtu_drone_bringup:/opt/ros/humble /usr/bin/cmake --install /home/roboticist/0_Projects/tail_mate/build/followme_drone
[0.764s] Level 1:colcon.colcon_core.environment:create_environment_scripts_only(followme_drone)
[0.764s] DEBUG:colcon.colcon_core.event_handler.log_command:Invoked command in '/home/roboticist/0_Projects/tail_mate/build/followme_drone' returned '0': CMAKE_PREFIX_PATH=${CMAKE_PREFIX_PATH}:/home/roboticist/0_Projects/tail_mate/install/sjtu_drone_control:/home/roboticist/0_Projects/tail_mate/install/sjtu_drone_bringup:/opt/ros/humble /usr/bin/cmake --install /home/roboticist/0_Projects/tail_mate/build/followme_drone
[0.765s] Level 1:colcon.colcon_core.environment:checking '/home/roboticist/0_Projects/tail_mate/install/followme_drone' for CMake module files
[0.765s] Level 1:colcon.colcon_core.environment:checking '/home/roboticist/0_Projects/tail_mate/install/followme_drone' for CMake config files
[0.765s] Level 1:colcon.colcon_core.shell:create_environment_hook('followme_drone', 'cmake_prefix_path')
[0.766s] INFO:colcon.colcon_core.shell:Creating environment hook '/home/roboticist/0_Projects/tail_mate/install/followme_drone/share/followme_drone/hook/cmake_prefix_path.ps1'
[0.766s] INFO:colcon.colcon_core.shell:Creating environment descriptor '/home/roboticist/0_Projects/tail_mate/install/followme_drone/share/followme_drone/hook/cmake_prefix_path.dsv'
[0.766s] INFO:colcon.colcon_core.shell:Creating environment hook '/home/roboticist/0_Projects/tail_mate/install/followme_drone/share/followme_drone/hook/cmake_prefix_path.sh'
[0.766s] Level 1:colcon.colcon_core.environment:checking '/home/roboticist/0_Projects/tail_mate/install/followme_drone/lib'
[0.767s] Level 1:colcon.colcon_core.environment:checking '/home/roboticist/0_Projects/tail_mate/install/followme_drone/bin'
[0.767s] Level 1:colcon.colcon_core.environment:checking '/home/roboticist/0_Projects/tail_mate/install/followme_drone/lib/pkgconfig/followme_drone.pc'
[0.767s] Level 1:colcon.colcon_core.environment:checking '/home/roboticist/0_Projects/tail_mate/install/followme_drone/lib/python3.10/site-packages'
[0.767s] Level 1:colcon.colcon_core.environment:checking '/home/roboticist/0_Projects/tail_mate/install/followme_drone/bin'
[0.767s] INFO:colcon.colcon_core.shell:Creating package script '/home/roboticist/0_Projects/tail_mate/install/followme_drone/share/followme_drone/package.ps1'
[0.767s] INFO:colcon.colcon_core.shell:Creating package descriptor '/home/roboticist/0_Projects/tail_mate/install/followme_drone/share/followme_drone/package.dsv'
[0.768s] INFO:colcon.colcon_core.shell:Creating package script '/home/roboticist/0_Projects/tail_mate/install/followme_drone/share/followme_drone/package.sh'
[0.768s] INFO:colcon.colcon_core.shell:Creating package script '/home/roboticist/0_Projects/tail_mate/install/followme_drone/share/followme_drone/package.bash'
[0.768s] INFO:colcon.colcon_core.shell:Creating package script '/home/roboticist/0_Projects/tail_mate/install/followme_drone/share/followme_drone/package.zsh'
[0.769s] Level 1:colcon.colcon_core.environment:create_file_with_runtime_dependencies(/home/roboticist/0_Projects/tail_mate/install/followme_drone/share/colcon-core/packages/followme_drone)
[0.769s] Level 1:colcon.colcon_core.environment:create_environment_scripts_only(followme_drone)
[0.769s] Level 1:colcon.colcon_core.environment:checking '/home/roboticist/0_Projects/tail_mate/install/followme_drone' for CMake module files
[0.769s] Level 1:colcon.colcon_core.environment:checking '/home/roboticist/0_Projects/tail_mate/install/followme_drone' for CMake config files
[0.769s] Level 1:colcon.colcon_core.shell:create_environment_hook('followme_drone', 'cmake_prefix_path')
[0.770s] INFO:colcon.colcon_core.shell:Creating environment hook '/home/roboticist/0_Projects/tail_mate/install/followme_drone/share/followme_drone/hook/cmake_prefix_path.ps1'
[0.770s] INFO:colcon.colcon_core.shell:Creating environment descriptor '/home/roboticist/0_Projects/tail_mate/install/followme_drone/share/followme_drone/hook/cmake_prefix_path.dsv'
[0.770s] INFO:colcon.colcon_core.shell:Creating environment hook '/home/roboticist/0_Projects/tail_mate/install/followme_drone/share/followme_drone/hook/cmake_prefix_path.sh'
[0.770s] Level 1:colcon.colcon_core.environment:checking '/home/roboticist/0_Projects/tail_mate/install/followme_drone/lib'
[0.770s] Level 1:colcon.colcon_core.environment:checking '/home/roboticist/0_Projects/tail_mate/install/followme_drone/bin'
[0.770s] Level 1:colcon.colcon_core.environment:checking '/home/roboticist/0_Projects/tail_mate/install/followme_drone/lib/pkgconfig/followme_drone.pc'
[0.770s] Level 1:colcon.colcon_core.environment:checking '/home/roboticist/0_Projects/tail_mate/install/followme_drone/lib/python3.10/site-packages'
[0.770s] Level 1:colcon.colcon_core.environment:checking '/home/roboticist/0_Projects/tail_mate/install/followme_drone/bin'
[0.771s] INFO:colcon.colcon_core.shell:Creating package script '/home/roboticist/0_Projects/tail_mate/install/followme_drone/share/followme_drone/package.ps1'
[0.771s] INFO:colcon.colcon_core.shell:Creating package descriptor '/home/roboticist/0_Projects/tail_mate/install/followme_drone/share/followme_drone/package.dsv'
[0.771s] INFO:colcon.colcon_core.shell:Creating package script '/home/roboticist/0_Projects/tail_mate/install/followme_drone/share/followme_drone/package.sh'
[0.771s] INFO:colcon.colcon_core.shell:Creating package script '/home/roboticist/0_Projects/tail_mate/install/followme_drone/share/followme_drone/package.bash'
[0.771s] INFO:colcon.colcon_core.shell:Creating package script '/home/roboticist/0_Projects/tail_mate/install/followme_drone/share/followme_drone/package.zsh'
[0.772s] Level 1:colcon.colcon_core.environment:create_file_with_runtime_dependencies(/home/roboticist/0_Projects/tail_mate/install/followme_drone/share/colcon-core/packages/followme_drone)
[0.829s] DEBUG:colcon.colcon_core.event_handler.log_command:Invoked command in '/home/roboticist/0_Projects/tail_mate/build/sjtu_drone_description' returned '0': CMAKE_PREFIX_PATH=${CMAKE_PREFIX_PATH}:/home/roboticist/0_Projects/tail_mate/install/sjtu_drone_control:/home/roboticist/0_Projects/tail_mate/install/sjtu_drone_bringup:/opt/ros/humble /usr/bin/cmake --build /home/roboticist/0_Projects/tail_mate/build/sjtu_drone_description -- -j20 -l20
[0.830s] DEBUG:colcon.colcon_core.event_handler.log_command:Invoking command in '/home/roboticist/0_Projects/tail_mate/build/sjtu_drone_description': CMAKE_PREFIX_PATH=${CMAKE_PREFIX_PATH}:/home/roboticist/0_Projects/tail_mate/install/sjtu_drone_control:/home/roboticist/0_Projects/tail_mate/install/sjtu_drone_bringup:/opt/ros/humble /usr/bin/cmake --install /home/roboticist/0_Projects/tail_mate/build/sjtu_drone_description
[0.837s] Level 1:colcon.colcon_core.environment:create_environment_scripts_only(sjtu_drone_description)
[0.838s] Level 1:colcon.colcon_core.environment:checking '/home/roboticist/0_Projects/tail_mate/install/sjtu_drone_description' for CMake module files
[0.838s] DEBUG:colcon.colcon_core.event_handler.log_command:Invoked command in '/home/roboticist/0_Projects/tail_mate/build/sjtu_drone_description' returned '0': CMAKE_PREFIX_PATH=${CMAKE_PREFIX_PATH}:/home/roboticist/0_Projects/tail_mate/install/sjtu_drone_control:/home/roboticist/0_Projects/tail_mate/install/sjtu_drone_bringup:/opt/ros/humble /usr/bin/cmake --install /home/roboticist/0_Projects/tail_mate/build/sjtu_drone_description
[0.838s] Level 1:colcon.colcon_core.environment:checking '/home/roboticist/0_Projects/tail_mate/install/sjtu_drone_description' for CMake config files
[0.838s] Level 1:colcon.colcon_core.shell:create_environment_hook('sjtu_drone_description', 'cmake_prefix_path')
[0.838s] INFO:colcon.colcon_core.shell:Creating environment hook '/home/roboticist/0_Projects/tail_mate/install/sjtu_drone_description/share/sjtu_drone_description/hook/cmake_prefix_path.ps1'
[0.839s] INFO:colcon.colcon_core.shell:Creating environment descriptor '/home/roboticist/0_Projects/tail_mate/install/sjtu_drone_description/share/sjtu_drone_description/hook/cmake_prefix_path.dsv'
[0.839s] INFO:colcon.colcon_core.shell:Creating environment hook '/home/roboticist/0_Projects/tail_mate/install/sjtu_drone_description/share/sjtu_drone_description/hook/cmake_prefix_path.sh'
[0.839s] Level 1:colcon.colcon_core.environment:checking '/home/roboticist/0_Projects/tail_mate/install/sjtu_drone_description/lib'
[0.839s] Level 1:colcon.colcon_core.shell:create_environment_hook('sjtu_drone_description', 'ld_library_path_lib')
[0.839s] INFO:colcon.colcon_core.shell:Creating environment hook '/home/roboticist/0_Projects/tail_mate/install/sjtu_drone_description/share/sjtu_drone_description/hook/ld_library_path_lib.ps1'
[0.839s] INFO:colcon.colcon_core.shell:Creating environment descriptor '/home/roboticist/0_Projects/tail_mate/install/sjtu_drone_description/share/sjtu_drone_description/hook/ld_library_path_lib.dsv'
[0.840s] INFO:colcon.colcon_core.shell:Creating environment hook '/home/roboticist/0_Projects/tail_mate/install/sjtu_drone_description/share/sjtu_drone_description/hook/ld_library_path_lib.sh'
[0.840s] Level 1:colcon.colcon_core.environment:checking '/home/roboticist/0_Projects/tail_mate/install/sjtu_drone_description/bin'
[0.840s] Level 1:colcon.colcon_core.environment:checking '/home/roboticist/0_Projects/tail_mate/install/sjtu_drone_description/lib/pkgconfig/sjtu_drone_description.pc'
[0.840s] Level 1:colcon.colcon_core.environment:checking '/home/roboticist/0_Projects/tail_mate/install/sjtu_drone_description/lib/python3.10/site-packages'
[0.840s] Level 1:colcon.colcon_core.environment:checking '/home/roboticist/0_Projects/tail_mate/install/sjtu_drone_description/bin'
[0.840s] INFO:colcon.colcon_core.shell:Creating package script '/home/roboticist/0_Projects/tail_mate/install/sjtu_drone_description/share/sjtu_drone_description/package.ps1'
[0.840s] INFO:colcon.colcon_core.shell:Creating package descriptor '/home/roboticist/0_Projects/tail_mate/install/sjtu_drone_description/share/sjtu_drone_description/package.dsv'
[0.841s] INFO:colcon.colcon_core.shell:Creating package script '/home/roboticist/0_Projects/tail_mate/install/sjtu_drone_description/share/sjtu_drone_description/package.sh'
[0.841s] INFO:colcon.colcon_core.shell:Creating package script '/home/roboticist/0_Projects/tail_mate/install/sjtu_drone_description/share/sjtu_drone_description/package.bash'
[0.841s] INFO:colcon.colcon_core.shell:Creating package script '/home/roboticist/0_Projects/tail_mate/install/sjtu_drone_description/share/sjtu_drone_description/package.zsh'
[0.841s] Level 1:colcon.colcon_core.environment:create_file_with_runtime_dependencies(/home/roboticist/0_Projects/tail_mate/install/sjtu_drone_description/share/colcon-core/packages/sjtu_drone_description)
[0.841s] Level 1:colcon.colcon_core.environment:create_environment_scripts_only(sjtu_drone_description)
[0.842s] Level 1:colcon.colcon_core.environment:checking '/home/roboticist/0_Projects/tail_mate/install/sjtu_drone_description' for CMake module files
[0.842s] Level 1:colcon.colcon_core.environment:checking '/home/roboticist/0_Projects/tail_mate/install/sjtu_drone_description' for CMake config files
[0.842s] Level 1:colcon.colcon_core.shell:create_environment_hook('sjtu_drone_description', 'cmake_prefix_path')
[0.842s] INFO:colcon.colcon_core.shell:Creating environment hook '/home/roboticist/0_Projects/tail_mate/install/sjtu_drone_description/share/sjtu_drone_description/hook/cmake_prefix_path.ps1'
[0.842s] INFO:colcon.colcon_core.shell:Creating environment descriptor '/home/roboticist/0_Projects/tail_mate/install/sjtu_drone_description/share/sjtu_drone_description/hook/cmake_prefix_path.dsv'
[0.842s] INFO:colcon.colcon_core.shell:Creating environment hook '/home/roboticist/0_Projects/tail_mate/install/sjtu_drone_description/share/sjtu_drone_description/hook/cmake_prefix_path.sh'
[0.843s] Level 1:colcon.colcon_core.environment:checking '/home/roboticist/0_Projects/tail_mate/install/sjtu_drone_description/lib'
[0.843s] Level 1:colcon.colcon_core.shell:create_environment_hook('sjtu_drone_description', 'ld_library_path_lib')
[0.843s] INFO:colcon.colcon_core.shell:Creating environment hook '/home/roboticist/0_Projects/tail_mate/install/sjtu_drone_description/share/sjtu_drone_description/hook/ld_library_path_lib.ps1'
[0.843s] INFO:colcon.colcon_core.shell:Creating environment descriptor '/home/roboticist/0_Projects/tail_mate/install/sjtu_drone_description/share/sjtu_drone_description/hook/ld_library_path_lib.dsv'
[0.843s] INFO:colcon.colcon_core.shell:Creating environment hook '/home/roboticist/0_Projects/tail_mate/install/sjtu_drone_description/share/sjtu_drone_description/hook/ld_library_path_lib.sh'
[0.844s] Level 1:colcon.colcon_core.environment:checking '/home/roboticist/0_Projects/tail_mate/install/sjtu_drone_description/bin'
[0.844s] Level 1:colcon.colcon_core.environment:checking '/home/roboticist/0_Projects/tail_mate/install/sjtu_drone_description/lib/pkgconfig/sjtu_drone_description.pc'
[0.844s] Level 1:colcon.colcon_core.environment:checking '/home/roboticist/0_Projects/tail_mate/install/sjtu_drone_description/lib/python3.10/site-packages'
[0.844s] Level 1:colcon.colcon_core.environment:checking '/home/roboticist/0_Projects/tail_mate/install/sjtu_drone_description/bin'
[0.844s] INFO:colcon.colcon_core.shell:Creating package script '/home/roboticist/0_Projects/tail_mate/install/sjtu_drone_description/share/sjtu_drone_description/package.ps1'
[0.844s] INFO:colcon.colcon_core.shell:Creating package descriptor '/home/roboticist/0_Projects/tail_mate/install/sjtu_drone_description/share/sjtu_drone_description/package.dsv'
[0.844s] INFO:colcon.colcon_core.shell:Creating package script '/home/roboticist/0_Projects/tail_mate/install/sjtu_drone_description/share/sjtu_drone_description/package.sh'
[0.845s] INFO:colcon.colcon_core.shell:Creating package script '/home/roboticist/0_Projects/tail_mate/install/sjtu_drone_description/share/sjtu_drone_description/package.bash'
[0.845s] INFO:colcon.colcon_core.shell:Creating package script '/home/roboticist/0_Projects/tail_mate/install/sjtu_drone_description/share/sjtu_drone_description/package.zsh'
[0.845s] Level 1:colcon.colcon_core.environment:create_file_with_runtime_dependencies(/home/roboticist/0_Projects/tail_mate/install/sjtu_drone_description/share/colcon-core/packages/sjtu_drone_description)
[0.971s] DEBUG:colcon.colcon_core.event_handler.log_command:Invoking command in '/home/roboticist/0_Projects/tail_mate/src/sjtu_drone/sjtu_drone_bringup': PYTHONPATH=/home/roboticist/0_Projects/tail_mate/build/sjtu_drone_bringup/prefix_override:/usr/lib/python3/dist-packages/colcon_core/task/python/colcon_distutils_commands:/home/roboticist/0_Projects/tail_mate/install/sjtu_drone_bringup/lib/python3.10/site-packages:${PYTHONPATH} /usr/bin/python3 -W ignore:setup.py install is deprecated -W ignore:easy_install command is deprecated setup.py egg_info --egg-base ../../../build/sjtu_drone_bringup build --build-base /home/roboticist/0_Projects/tail_mate/build/sjtu_drone_bringup/build install --record /home/roboticist/0_Projects/tail_mate/build/sjtu_drone_bringup/install.log --single-version-externally-managed install_data
[1.048s] DEBUG:colcon.colcon_core.event_handler.log_command:Invoking command in '/home/roboticist/0_Projects/tail_mate/src/sjtu_drone/sjtu_drone_control': PYTHONPATH=/home/roboticist/0_Projects/tail_mate/build/sjtu_drone_control/prefix_override:/usr/lib/python3/dist-packages/colcon_core/task/python/colcon_distutils_commands:/home/roboticist/0_Projects/tail_mate/install/sjtu_drone_control/lib/python3.10/site-packages:${PYTHONPATH} /usr/bin/python3 -W ignore:setup.py install is deprecated -W ignore:easy_install command is deprecated setup.py egg_info --egg-base ../../../build/sjtu_drone_control build --build-base /home/roboticist/0_Projects/tail_mate/build/sjtu_drone_control/build install --record /home/roboticist/0_Projects/tail_mate/build/sjtu_drone_control/install.log --single-version-externally-managed install_data
[1.230s] Level 1:colcon.colcon_core.environment:checking '/home/roboticist/0_Projects/tail_mate/install/sjtu_drone_bringup' for CMake module files
[1.231s] DEBUG:colcon.colcon_core.event_handler.log_command:Invoked command in '/home/roboticist/0_Projects/tail_mate/src/sjtu_drone/sjtu_drone_bringup' returned '0': PYTHONPATH=/home/roboticist/0_Projects/tail_mate/build/sjtu_drone_bringup/prefix_override:/usr/lib/python3/dist-packages/colcon_core/task/python/colcon_distutils_commands:/home/roboticist/0_Projects/tail_mate/install/sjtu_drone_bringup/lib/python3.10/site-packages:${PYTHONPATH} /usr/bin/python3 -W ignore:setup.py install is deprecated -W ignore:easy_install command is deprecated setup.py egg_info --egg-base ../../../build/sjtu_drone_bringup build --build-base /home/roboticist/0_Projects/tail_mate/build/sjtu_drone_bringup/build install --record /home/roboticist/0_Projects/tail_mate/build/sjtu_drone_bringup/install.log --single-version-externally-managed install_data
[1.231s] Level 1:colcon.colcon_core.environment:checking '/home/roboticist/0_Projects/tail_mate/install/sjtu_drone_bringup' for CMake config files
[1.231s] Level 1:colcon.colcon_core.environment:checking '/home/roboticist/0_Projects/tail_mate/install/sjtu_drone_bringup/lib'
[1.231s] Level 1:colcon.colcon_core.environment:checking '/home/roboticist/0_Projects/tail_mate/install/sjtu_drone_bringup/bin'
[1.231s] Level 1:colcon.colcon_core.environment:checking '/home/roboticist/0_Projects/tail_mate/install/sjtu_drone_bringup/lib/pkgconfig/sjtu_drone_bringup.pc'
[1.231s] Level 1:colcon.colcon_core.environment:checking '/home/roboticist/0_Projects/tail_mate/install/sjtu_drone_bringup/lib/python3.10/site-packages'
[1.231s] Level 1:colcon.colcon_core.shell:create_environment_hook('sjtu_drone_bringup', 'pythonpath')
[1.232s] INFO:colcon.colcon_core.shell:Creating environment hook '/home/roboticist/0_Projects/tail_mate/install/sjtu_drone_bringup/share/sjtu_drone_bringup/hook/pythonpath.ps1'
[1.232s] INFO:colcon.colcon_core.shell:Creating environment descriptor '/home/roboticist/0_Projects/tail_mate/install/sjtu_drone_bringup/share/sjtu_drone_bringup/hook/pythonpath.dsv'
[1.232s] INFO:colcon.colcon_core.shell:Creating environment hook '/home/roboticist/0_Projects/tail_mate/install/sjtu_drone_bringup/share/sjtu_drone_bringup/hook/pythonpath.sh'
[1.232s] Level 1:colcon.colcon_core.environment:checking '/home/roboticist/0_Projects/tail_mate/install/sjtu_drone_bringup/bin'
[1.232s] Level 1:colcon.colcon_core.environment:create_environment_scripts_only(sjtu_drone_bringup)
[1.233s] INFO:colcon.colcon_core.shell:Creating package script '/home/roboticist/0_Projects/tail_mate/install/sjtu_drone_bringup/share/sjtu_drone_bringup/package.ps1'
[1.233s] INFO:colcon.colcon_core.shell:Creating package descriptor '/home/roboticist/0_Projects/tail_mate/install/sjtu_drone_bringup/share/sjtu_drone_bringup/package.dsv'
[1.233s] INFO:colcon.colcon_core.shell:Creating package script '/home/roboticist/0_Projects/tail_mate/install/sjtu_drone_bringup/share/sjtu_drone_bringup/package.sh'
[1.233s] INFO:colcon.colcon_core.shell:Creating package script '/home/roboticist/0_Projects/tail_mate/install/sjtu_drone_bringup/share/sjtu_drone_bringup/package.bash'
[1.233s] INFO:colcon.colcon_core.shell:Creating package script '/home/roboticist/0_Projects/tail_mate/install/sjtu_drone_bringup/share/sjtu_drone_bringup/package.zsh'
[1.233s] Level 1:colcon.colcon_core.environment:create_file_with_runtime_dependencies(/home/roboticist/0_Projects/tail_mate/install/sjtu_drone_bringup/share/colcon-core/packages/sjtu_drone_bringup)
[1.306s] Level 1:colcon.colcon_core.environment:checking '/home/roboticist/0_Projects/tail_mate/install/sjtu_drone_control' for CMake module files
[1.306s] DEBUG:colcon.colcon_core.event_handler.log_command:Invoked command in '/home/roboticist/0_Projects/tail_mate/src/sjtu_drone/sjtu_drone_control' returned '0': PYTHONPATH=/home/roboticist/0_Projects/tail_mate/build/sjtu_drone_control/prefix_override:/usr/lib/python3/dist-packages/colcon_core/task/python/colcon_distutils_commands:/home/roboticist/0_Projects/tail_mate/install/sjtu_drone_control/lib/python3.10/site-packages:${PYTHONPATH} /usr/bin/python3 -W ignore:setup.py install is deprecated -W ignore:easy_install command is deprecated setup.py egg_info --egg-base ../../../build/sjtu_drone_control build --build-base /home/roboticist/0_Projects/tail_mate/build/sjtu_drone_control/build install --record /home/roboticist/0_Projects/tail_mate/build/sjtu_drone_control/install.log --single-version-externally-managed install_data
[1.306s] Level 1:colcon.colcon_core.environment:checking '/home/roboticist/0_Projects/tail_mate/install/sjtu_drone_control' for CMake config files
[1.307s] Level 1:colcon.colcon_core.environment:checking '/home/roboticist/0_Projects/tail_mate/install/sjtu_drone_control/lib'
[1.307s] Level 1:colcon.colcon_core.environment:checking '/home/roboticist/0_Projects/tail_mate/install/sjtu_drone_control/bin'
[1.307s] Level 1:colcon.colcon_core.environment:checking '/home/roboticist/0_Projects/tail_mate/install/sjtu_drone_control/lib/pkgconfig/sjtu_drone_control.pc'
[1.307s] Level 1:colcon.colcon_core.environment:checking '/home/roboticist/0_Projects/tail_mate/install/sjtu_drone_control/lib/python3.10/site-packages'
[1.307s] Level 1:colcon.colcon_core.shell:create_environment_hook('sjtu_drone_control', 'pythonpath')
[1.307s] INFO:colcon.colcon_core.shell:Creating environment hook '/home/roboticist/0_Projects/tail_mate/install/sjtu_drone_control/share/sjtu_drone_control/hook/pythonpath.ps1'
[1.307s] INFO:colcon.colcon_core.shell:Creating environment descriptor '/home/roboticist/0_Projects/tail_mate/install/sjtu_drone_control/share/sjtu_drone_control/hook/pythonpath.dsv'
[1.308s] INFO:colcon.colcon_core.shell:Creating environment hook '/home/roboticist/0_Projects/tail_mate/install/sjtu_drone_control/share/sjtu_drone_control/hook/pythonpath.sh'
[1.308s] Level 1:colcon.colcon_core.environment:checking '/home/roboticist/0_Projects/tail_mate/install/sjtu_drone_control/bin'
[1.308s] Level 1:colcon.colcon_core.environment:create_environment_scripts_only(sjtu_drone_control)
[1.308s] INFO:colcon.colcon_core.shell:Creating package script '/home/roboticist/0_Projects/tail_mate/install/sjtu_drone_control/share/sjtu_drone_control/package.ps1'
[1.308s] INFO:colcon.colcon_core.shell:Creating package descriptor '/home/roboticist/0_Projects/tail_mate/install/sjtu_drone_control/share/sjtu_drone_control/package.dsv'
[1.309s] INFO:colcon.colcon_core.shell:Creating package script '/home/roboticist/0_Projects/tail_mate/install/sjtu_drone_control/share/sjtu_drone_control/package.sh'
[1.309s] INFO:colcon.colcon_core.shell:Creating package script '/home/roboticist/0_Projects/tail_mate/install/sjtu_drone_control/share/sjtu_drone_control/package.bash'
[1.309s] INFO:colcon.colcon_core.shell:Creating package script '/home/roboticist/0_Projects/tail_mate/install/sjtu_drone_control/share/sjtu_drone_control/package.zsh'
[1.309s] Level 1:colcon.colcon_core.environment:create_file_with_runtime_dependencies(/home/roboticist/0_Projects/tail_mate/install/sjtu_drone_control/share/colcon-core/packages/sjtu_drone_control)
[1.309s] DEBUG:colcon.colcon_parallel_executor.executor.parallel:closing loop
[1.310s] DEBUG:colcon.colcon_parallel_executor.executor.parallel:loop closed
[1.310s] DEBUG:colcon.colcon_parallel_executor.executor.parallel:run_until_complete finished with '0'
[1.310s] DEBUG:colcon.colcon_core.event_reactor:joining thread
[1.313s] INFO:colcon.colcon_core.plugin_system:Skipping extension 'colcon_notification.desktop_notification.terminal_notifier': Not used on non-Darwin systems
[1.313s] INFO:colcon.colcon_core.plugin_system:Skipping extension 'colcon_notification.desktop_notification.win32': Not used on non-Windows systems
[1.313s] INFO:colcon.colcon_notification.desktop_notification:Sending desktop notification using 'notify2'
[1.320s] DEBUG:colcon.colcon_core.event_reactor:joined thread
[1.320s] INFO:colcon.colcon_core.shell:Creating prefix script '/home/roboticist/0_Projects/tail_mate/install/local_setup.ps1'
[1.321s] INFO:colcon.colcon_core.shell:Creating prefix util module '/home/roboticist/0_Projects/tail_mate/install/_local_setup_util_ps1.py'
[1.321s] INFO:colcon.colcon_core.shell:Creating prefix chain script '/home/roboticist/0_Projects/tail_mate/install/setup.ps1'
[1.322s] INFO:colcon.colcon_core.shell:Creating prefix script '/home/roboticist/0_Projects/tail_mate/install/local_setup.sh'
[1.322s] INFO:colcon.colcon_core.shell:Creating prefix util module '/home/roboticist/0_Projects/tail_mate/install/_local_setup_util_sh.py'
[1.322s] INFO:colcon.colcon_core.shell:Creating prefix chain script '/home/roboticist/0_Projects/tail_mate/install/setup.sh'
[1.323s] INFO:colcon.colcon_core.shell:Creating prefix script '/home/roboticist/0_Projects/tail_mate/install/local_setup.bash'
[1.323s] INFO:colcon.colcon_core.shell:Creating prefix chain script '/home/roboticist/0_Projects/tail_mate/install/setup.bash'
[1.324s] INFO:colcon.colcon_core.shell:Creating prefix script '/home/roboticist/0_Projects/tail_mate/install/local_setup.zsh'
[1.324s] INFO:colcon.colcon_core.shell:Creating prefix chain script '/home/roboticist/0_Projects/tail_mate/install/setup.zsh'
