[0.808s] Invoking command in '/home/roboticist/0_Projects/tail_mate/src/sjtu_drone/sjtu_drone_control': PYTHONPATH=/home/roboticist/0_Projects/tail_mate/build/sjtu_drone_control/prefix_override:/usr/lib/python3/dist-packages/colcon_core/task/python/colcon_distutils_commands:/home/roboticist/0_Projects/tail_mate/install/sjtu_drone_control/lib/python3.10/site-packages:${PYTHONPATH} /usr/bin/python3 -W ignore:setup.py install is deprecated -W ignore:easy_install command is deprecated setup.py egg_info --egg-base ../../../build/sjtu_drone_control build --build-base /home/roboticist/0_Projects/tail_mate/build/sjtu_drone_control/build install --record /home/roboticist/0_Projects/tail_mate/build/sjtu_drone_control/install.log --single-version-externally-managed install_data
[1.023s] running egg_info
[1.024s] writing ../../../build/sjtu_drone_control/sjtu_drone_control.egg-info/PKG-INFO
[1.024s] writing dependency_links to ../../../build/sjtu_drone_control/sjtu_drone_control.egg-info/dependency_links.txt
[1.024s] writing entry points to ../../../build/sjtu_drone_control/sjtu_drone_control.egg-info/entry_points.txt
[1.024s] writing requirements to ../../../build/sjtu_drone_control/sjtu_drone_control.egg-info/requires.txt
[1.024s] writing top-level names to ../../../build/sjtu_drone_control/sjtu_drone_control.egg-info/top_level.txt
[1.026s] reading manifest file '../../../build/sjtu_drone_control/sjtu_drone_control.egg-info/SOURCES.txt'
[1.027s] writing manifest file '../../../build/sjtu_drone_control/sjtu_drone_control.egg-info/SOURCES.txt'
[1.027s] running build
[1.027s] running build_py
[1.027s] running install
[1.027s] running install_lib
[1.028s] running install_data
[1.028s] running install_egg_info
[1.030s] removing '/home/roboticist/0_Projects/tail_mate/install/sjtu_drone_control/lib/python3.10/site-packages/sjtu_drone_control-0.0.0-py3.10.egg-info' (and everything under it)
[1.030s] Copying ../../../build/sjtu_drone_control/sjtu_drone_control.egg-info to /home/roboticist/0_Projects/tail_mate/install/sjtu_drone_control/lib/python3.10/site-packages/sjtu_drone_control-0.0.0-py3.10.egg-info
[1.031s] running install_scripts
[1.047s] Installing drone_position_control script to /home/roboticist/0_Projects/tail_mate/install/sjtu_drone_control/lib/sjtu_drone_control
[1.047s] Installing open_loop_control script to /home/roboticist/0_Projects/tail_mate/install/sjtu_drone_control/lib/sjtu_drone_control
[1.047s] Installing teleop script to /home/roboticist/0_Projects/tail_mate/install/sjtu_drone_control/lib/sjtu_drone_control
[1.047s] Installing teleop_joystick script to /home/roboticist/0_Projects/tail_mate/install/sjtu_drone_control/lib/sjtu_drone_control
[1.048s] writing list of installed files to '/home/roboticist/0_Projects/tail_mate/build/sjtu_drone_control/install.log'
[1.067s] Invoked command in '/home/roboticist/0_Projects/tail_mate/src/sjtu_drone/sjtu_drone_control' returned '0': PYTHONPATH=/home/roboticist/0_Projects/tail_mate/build/sjtu_drone_control/prefix_override:/usr/lib/python3/dist-packages/colcon_core/task/python/colcon_distutils_commands:/home/roboticist/0_Projects/tail_mate/install/sjtu_drone_control/lib/python3.10/site-packages:${PYTHONPATH} /usr/bin/python3 -W ignore:setup.py install is deprecated -W ignore:easy_install command is deprecated setup.py egg_info --egg-base ../../../build/sjtu_drone_control build --build-base /home/roboticist/0_Projects/tail_mate/build/sjtu_drone_control/build install --record /home/roboticist/0_Projects/tail_mate/build/sjtu_drone_control/install.log --single-version-externally-managed install_data
