[0.005s] Invoking command in '/home/roboticist/0_Projects/tail_mate/build/turtlebot3_simulations': AMENT_PREFIX_PATH=/home/roboticist/0_Projects/tail_mate/install/turtlebot3_gazebo:/home/roboticist/0_Projects/tail_mate/install/turtlebot3_fake_node:${AMENT_PREFIX_PATH} CMAKE_PREFIX_PATH=/home/roboticist/0_Projects/tail_mate/install/turtlebot3_gazebo:/home/roboticist/0_Projects/tail_mate/install/turtlebot3_fake_node:/opt/ros/humble /usr/bin/cmake --build /home/roboticist/0_Projects/tail_mate/build/turtlebot3_simulations -- -j20 -l20
[0.034s] Invoked command in '/home/roboticist/0_Projects/tail_mate/build/turtlebot3_simulations' returned '0': AMENT_PREFIX_PATH=/home/roboticist/0_Projects/tail_mate/install/turtlebot3_gazebo:/home/roboticist/0_Projects/tail_mate/install/turtlebot3_fake_node:${AMENT_PREFIX_PATH} CMAKE_PREFIX_PATH=/home/roboticist/0_Projects/tail_mate/install/turtlebot3_gazebo:/home/roboticist/0_Projects/tail_mate/install/turtlebot3_fake_node:/opt/ros/humble /usr/bin/cmake --build /home/roboticist/0_Projects/tail_mate/build/turtlebot3_simulations -- -j20 -l20
[0.035s] Invoking command in '/home/roboticist/0_Projects/tail_mate/build/turtlebot3_simulations': AMENT_PREFIX_PATH=/home/roboticist/0_Projects/tail_mate/install/turtlebot3_gazebo:/home/roboticist/0_Projects/tail_mate/install/turtlebot3_fake_node:${AMENT_PREFIX_PATH} CMAKE_PREFIX_PATH=/home/roboticist/0_Projects/tail_mate/install/turtlebot3_gazebo:/home/roboticist/0_Projects/tail_mate/install/turtlebot3_fake_node:/opt/ros/humble /usr/bin/cmake --install /home/roboticist/0_Projects/tail_mate/build/turtlebot3_simulations
[0.043s] -- Install configuration: ""
[0.043s] -- Up-to-date: /home/roboticist/0_Projects/tail_mate/install/turtlebot3_simulations/share/ament_index/resource_index/package_run_dependencies/turtlebot3_simulations
[0.043s] -- Up-to-date: /home/roboticist/0_Projects/tail_mate/install/turtlebot3_simulations/share/ament_index/resource_index/parent_prefix_path/turtlebot3_simulations
[0.044s] -- Up-to-date: /home/roboticist/0_Projects/tail_mate/install/turtlebot3_simulations/share/turtlebot3_simulations/environment/ament_prefix_path.sh
[0.044s] -- Up-to-date: /home/roboticist/0_Projects/tail_mate/install/turtlebot3_simulations/share/turtlebot3_simulations/environment/ament_prefix_path.dsv
[0.044s] -- Up-to-date: /home/roboticist/0_Projects/tail_mate/install/turtlebot3_simulations/share/turtlebot3_simulations/environment/path.sh
[0.044s] -- Up-to-date: /home/roboticist/0_Projects/tail_mate/install/turtlebot3_simulations/share/turtlebot3_simulations/environment/path.dsv
[0.044s] -- Up-to-date: /home/roboticist/0_Projects/tail_mate/install/turtlebot3_simulations/share/turtlebot3_simulations/local_setup.bash
[0.044s] -- Up-to-date: /home/roboticist/0_Projects/tail_mate/install/turtlebot3_simulations/share/turtlebot3_simulations/local_setup.sh
[0.044s] -- Up-to-date: /home/roboticist/0_Projects/tail_mate/install/turtlebot3_simulations/share/turtlebot3_simulations/local_setup.zsh
[0.044s] -- Up-to-date: /home/roboticist/0_Projects/tail_mate/install/turtlebot3_simulations/share/turtlebot3_simulations/local_setup.dsv
[0.044s] -- Installing: /home/roboticist/0_Projects/tail_mate/install/turtlebot3_simulations/share/turtlebot3_simulations/package.dsv
[0.044s] -- Up-to-date: /home/roboticist/0_Projects/tail_mate/install/turtlebot3_simulations/share/ament_index/resource_index/packages/turtlebot3_simulations
[0.044s] -- Up-to-date: /home/roboticist/0_Projects/tail_mate/install/turtlebot3_simulations/share/turtlebot3_simulations/cmake/turtlebot3_simulationsConfig.cmake
[0.044s] -- Up-to-date: /home/roboticist/0_Projects/tail_mate/install/turtlebot3_simulations/share/turtlebot3_simulations/cmake/turtlebot3_simulationsConfig-version.cmake
[0.044s] -- Up-to-date: /home/roboticist/0_Projects/tail_mate/install/turtlebot3_simulations/share/turtlebot3_simulations/package.xml
[0.059s] Invoked command in '/home/roboticist/0_Projects/tail_mate/build/turtlebot3_simulations' returned '0': AMENT_PREFIX_PATH=/home/roboticist/0_Projects/tail_mate/install/turtlebot3_gazebo:/home/roboticist/0_Projects/tail_mate/install/turtlebot3_fake_node:${AMENT_PREFIX_PATH} CMAKE_PREFIX_PATH=/home/roboticist/0_Projects/tail_mate/install/turtlebot3_gazebo:/home/roboticist/0_Projects/tail_mate/install/turtlebot3_fake_node:/opt/ros/humble /usr/bin/cmake --install /home/roboticist/0_Projects/tail_mate/build/turtlebot3_simulations
