[0.028s] Invoking command in '/home/roboticist/0_Projects/tail_mate/build/followme_drone': CMAKE_PREFIX_PATH=${CMAKE_PREFIX_PATH}:/home/roboticist/0_Projects/tail_mate/install/sjtu_drone_control:/home/roboticist/0_Projects/tail_mate/install/sjtu_drone_bringup:/opt/ros/humble /usr/bin/cmake --build /home/roboticist/0_Projects/tail_mate/build/followme_drone -- -j20 -l20
[0.359s] [ 25%] [32mBuilding CXX object CMakeFiles/drone_patrol_controller.dir/scripts/drone_patrol_controller.cpp.o[0m
[0.359s] [ 37%] Built target tb3_follower
[0.359s] [ 62%] Built target tb3_nav_node
[0.360s] [ 87%] Built target drive_node
[6.576s] [100%] [32m[1mLinking CXX executable drone_patrol_controller[0m
[6.915s] [100%] Built target drone_patrol_controller
[6.927s] Invoked command in '/home/roboticist/0_Projects/tail_mate/build/followme_drone' returned '0': CMAKE_PREFIX_PATH=${CMAKE_PREFIX_PATH}:/home/roboticist/0_Projects/tail_mate/install/sjtu_drone_control:/home/roboticist/0_Projects/tail_mate/install/sjtu_drone_bringup:/opt/ros/humble /usr/bin/cmake --build /home/roboticist/0_Projects/tail_mate/build/followme_drone -- -j20 -l20
[6.929s] Invoking command in '/home/roboticist/0_Projects/tail_mate/build/followme_drone': CMAKE_PREFIX_PATH=${CMAKE_PREFIX_PATH}:/home/roboticist/0_Projects/tail_mate/install/sjtu_drone_control:/home/roboticist/0_Projects/tail_mate/install/sjtu_drone_bringup:/opt/ros/humble /usr/bin/cmake --install /home/roboticist/0_Projects/tail_mate/build/followme_drone
[6.935s] -- Install configuration: ""
[6.935s] -- Up-to-date: /home/roboticist/0_Projects/tail_mate/install/followme_drone/lib/followme_drone/drive_node
[6.935s] -- Up-to-date: /home/roboticist/0_Projects/tail_mate/install/followme_drone/lib/followme_drone/tb3_follower
[6.936s] -- Up-to-date: /home/roboticist/0_Projects/tail_mate/install/followme_drone/lib/followme_drone/tb3_nav_node
[6.936s] -- Installing: /home/roboticist/0_Projects/tail_mate/install/followme_drone/lib/followme_drone/drone_patrol_controller
[6.940s] -- Set runtime path of "/home/roboticist/0_Projects/tail_mate/install/followme_drone/lib/followme_drone/drone_patrol_controller" to ""
[6.940s] -- Up-to-date: /home/roboticist/0_Projects/tail_mate/install/followme_drone/lib/followme_drone/single_goal_nav.py
[6.940s] -- Up-to-date: /home/roboticist/0_Projects/tail_mate/install/followme_drone/lib/followme_drone/multi_waypointspython.py
[6.940s] -- Up-to-date: /home/roboticist/0_Projects/tail_mate/install/followme_drone/share/followme_drone//config
[6.940s] -- Up-to-date: /home/roboticist/0_Projects/tail_mate/install/followme_drone/share/followme_drone//config/turtlebot3_lds_2d.lua
[6.940s] -- Up-to-date: /home/roboticist/0_Projects/tail_mate/install/followme_drone/share/followme_drone//launch
[6.940s] -- Up-to-date: /home/roboticist/0_Projects/tail_mate/install/followme_drone/share/followme_drone//launch/drone_patrol.launch.py
[6.940s] -- Up-to-date: /home/roboticist/0_Projects/tail_mate/install/followme_drone/share/followme_drone//launch/mapping.launch.py
[6.940s] -- Up-to-date: /home/roboticist/0_Projects/tail_mate/install/followme_drone/share/followme_drone//launch/followme_drone.launch.py
[6.940s] -- Up-to-date: /home/roboticist/0_Projects/tail_mate/install/followme_drone/share/followme_drone//launch/navigation.launch.py
[6.940s] -- Up-to-date: /home/roboticist/0_Projects/tail_mate/install/followme_drone/share/followme_drone//launch/spy_drone.launch.py
[6.940s] -- Up-to-date: /home/roboticist/0_Projects/tail_mate/install/followme_drone/share/followme_drone//launch/p1_b_tb3_drone_gazebo.launch.py
[6.940s] -- Up-to-date: /home/roboticist/0_Projects/tail_mate/install/followme_drone/share/followme_drone//launch/navigation.launch copy.py
[6.940s] -- Up-to-date: /home/roboticist/0_Projects/tail_mate/install/followme_drone/share/followme_drone//launch/trial.launch.py
[6.940s] -- Up-to-date: /home/roboticist/0_Projects/tail_mate/install/followme_drone/share/followme_drone//maps
[6.940s] -- Up-to-date: /home/roboticist/0_Projects/tail_mate/install/followme_drone/share/followme_drone//maps/tb3_map.yaml
[6.940s] -- Up-to-date: /home/roboticist/0_Projects/tail_mate/install/followme_drone/share/followme_drone//maps/tb3_map.pgm
[6.940s] -- Up-to-date: /home/roboticist/0_Projects/tail_mate/install/followme_drone/share/followme_drone//nav2
[6.940s] -- Up-to-date: /home/roboticist/0_Projects/tail_mate/install/followme_drone/share/followme_drone//nav2/tb3_nav2_params.yaml
[6.940s] -- Up-to-date: /home/roboticist/0_Projects/tail_mate/install/followme_drone/share/followme_drone//rviz
[6.940s] -- Up-to-date: /home/roboticist/0_Projects/tail_mate/install/followme_drone/share/followme_drone//rviz/navigation.rviz
[6.941s] -- Up-to-date: /home/roboticist/0_Projects/tail_mate/install/followme_drone/share/followme_drone//rviz/mapping.rviz
[6.941s] -- Up-to-date: /home/roboticist/0_Projects/tail_mate/install/followme_drone/share/followme_drone//worlds
[6.941s] -- Up-to-date: /home/roboticist/0_Projects/tail_mate/install/followme_drone/share/followme_drone//worlds/laboratory.world
[6.941s] -- Up-to-date: /home/roboticist/0_Projects/tail_mate/install/followme_drone/share/followme_drone//worlds/museum.world
[6.941s] -- Up-to-date: /home/roboticist/0_Projects/tail_mate/install/followme_drone/share/followme_drone//worlds/empty.world
[6.941s] -- Up-to-date: /home/roboticist/0_Projects/tail_mate/install/followme_drone/share/followme_drone//worlds/office_cpr.world
[6.941s] -- Up-to-date: /home/roboticist/0_Projects/tail_mate/install/followme_drone/share/ament_index/resource_index/package_run_dependencies/followme_drone
[6.941s] -- Up-to-date: /home/roboticist/0_Projects/tail_mate/install/followme_drone/share/ament_index/resource_index/parent_prefix_path/followme_drone
[6.941s] -- Up-to-date: /home/roboticist/0_Projects/tail_mate/install/followme_drone/share/followme_drone/environment/ament_prefix_path.sh
[6.941s] -- Up-to-date: /home/roboticist/0_Projects/tail_mate/install/followme_drone/share/followme_drone/environment/ament_prefix_path.dsv
[6.941s] -- Up-to-date: /home/roboticist/0_Projects/tail_mate/install/followme_drone/share/followme_drone/environment/path.sh
[6.941s] -- Up-to-date: /home/roboticist/0_Projects/tail_mate/install/followme_drone/share/followme_drone/environment/path.dsv
[6.941s] -- Up-to-date: /home/roboticist/0_Projects/tail_mate/install/followme_drone/share/followme_drone/local_setup.bash
[6.941s] -- Up-to-date: /home/roboticist/0_Projects/tail_mate/install/followme_drone/share/followme_drone/local_setup.sh
[6.941s] -- Up-to-date: /home/roboticist/0_Projects/tail_mate/install/followme_drone/share/followme_drone/local_setup.zsh
[6.941s] -- Up-to-date: /home/roboticist/0_Projects/tail_mate/install/followme_drone/share/followme_drone/local_setup.dsv
[6.941s] -- Installing: /home/roboticist/0_Projects/tail_mate/install/followme_drone/share/followme_drone/package.dsv
[6.941s] -- Up-to-date: /home/roboticist/0_Projects/tail_mate/install/followme_drone/share/ament_index/resource_index/packages/followme_drone
[6.941s] -- Up-to-date: /home/roboticist/0_Projects/tail_mate/install/followme_drone/share/followme_drone/cmake/followme_droneConfig.cmake
[6.941s] -- Up-to-date: /home/roboticist/0_Projects/tail_mate/install/followme_drone/share/followme_drone/cmake/followme_droneConfig-version.cmake
[6.941s] -- Up-to-date: /home/roboticist/0_Projects/tail_mate/install/followme_drone/share/followme_drone/package.xml
[6.943s] Invoked command in '/home/roboticist/0_Projects/tail_mate/build/followme_drone' returned '0': CMAKE_PREFIX_PATH=${CMAKE_PREFIX_PATH}:/home/roboticist/0_Projects/tail_mate/install/sjtu_drone_control:/home/roboticist/0_Projects/tail_mate/install/sjtu_drone_bringup:/opt/ros/humble /usr/bin/cmake --install /home/roboticist/0_Projects/tail_mate/build/followme_drone
