[0.028s] Invoking command in '/home/roboticist/0_Projects/tail_mate/build/followme_drone': CMAKE_PREFIX_PATH=${CMAKE_PREFIX_PATH}:/home/roboticist/0_Projects/tail_mate/install/sjtu_drone_control:/home/roboticist/0_Projects/tail_mate/install/sjtu_drone_bringup:/opt/ros/humble /usr/bin/cmake --build /home/roboticist/0_Projects/tail_mate/build/followme_drone -- -j20 -l20
[0.510s] [35m[1mConsolidate compiler generated dependencies of target drone_patrol_controller[0m
[0.510s] [ 25%] Built target drive_node
[0.510s] [ 50%] Built target tb3_follower
[0.510s] [ 75%] Built target tb3_nav_node
[0.511s] [ 87%] [32mBuilding CXX object CMakeFiles/drone_patrol_controller.dir/scripts/drone_patrol_controller.cpp.o[0m
[3.646s] [100%] [32m[1mLinking CXX executable drone_patrol_controller[0m
[3.806s] [100%] Built target drone_patrol_controller
[3.814s] Invoked command in '/home/roboticist/0_Projects/tail_mate/build/followme_drone' returned '0': CMAKE_PREFIX_PATH=${CMAKE_PREFIX_PATH}:/home/roboticist/0_Projects/tail_mate/install/sjtu_drone_control:/home/roboticist/0_Projects/tail_mate/install/sjtu_drone_bringup:/opt/ros/humble /usr/bin/cmake --build /home/roboticist/0_Projects/tail_mate/build/followme_drone -- -j20 -l20
[3.816s] Invoking command in '/home/roboticist/0_Projects/tail_mate/build/followme_drone': CMAKE_PREFIX_PATH=${CMAKE_PREFIX_PATH}:/home/roboticist/0_Projects/tail_mate/install/sjtu_drone_control:/home/roboticist/0_Projects/tail_mate/install/sjtu_drone_bringup:/opt/ros/humble /usr/bin/cmake --install /home/roboticist/0_Projects/tail_mate/build/followme_drone
[3.822s] -- Install configuration: ""
[3.822s] -- Up-to-date: /home/roboticist/0_Projects/tail_mate/install/followme_drone/lib/followme_drone/drive_node
[3.822s] -- Up-to-date: /home/roboticist/0_Projects/tail_mate/install/followme_drone/lib/followme_drone/tb3_follower
[3.823s] -- Up-to-date: /home/roboticist/0_Projects/tail_mate/install/followme_drone/lib/followme_drone/tb3_nav_node
[3.824s] -- Installing: /home/roboticist/0_Projects/tail_mate/install/followme_drone/lib/followme_drone/drone_patrol_controller
[3.825s] -- Set runtime path of "/home/roboticist/0_Projects/tail_mate/install/followme_drone/lib/followme_drone/drone_patrol_controller" to ""
[3.825s] -- Up-to-date: /home/roboticist/0_Projects/tail_mate/install/followme_drone/lib/followme_drone/single_goal_nav.py
[3.825s] -- Up-to-date: /home/roboticist/0_Projects/tail_mate/install/followme_drone/lib/followme_drone/multi_waypointspython.py
[3.825s] -- Up-to-date: /home/roboticist/0_Projects/tail_mate/install/followme_drone/share/followme_drone//config
[3.825s] -- Up-to-date: /home/roboticist/0_Projects/tail_mate/install/followme_drone/share/followme_drone//config/turtlebot3_lds_2d.lua
[3.825s] -- Up-to-date: /home/roboticist/0_Projects/tail_mate/install/followme_drone/share/followme_drone//launch
[3.825s] -- Up-to-date: /home/roboticist/0_Projects/tail_mate/install/followme_drone/share/followme_drone//launch/drone_patrol.launch.py
[3.825s] -- Up-to-date: /home/roboticist/0_Projects/tail_mate/install/followme_drone/share/followme_drone//launch/mapping.launch.py
[3.826s] -- Up-to-date: /home/roboticist/0_Projects/tail_mate/install/followme_drone/share/followme_drone//launch/followme_drone.launch.py
[3.826s] -- Up-to-date: /home/roboticist/0_Projects/tail_mate/install/followme_drone/share/followme_drone//launch/navigation.launch.py
[3.826s] -- Up-to-date: /home/roboticist/0_Projects/tail_mate/install/followme_drone/share/followme_drone//launch/spy_drone.launch.py
[3.826s] -- Up-to-date: /home/roboticist/0_Projects/tail_mate/install/followme_drone/share/followme_drone//launch/p1_b_tb3_drone_gazebo.launch.py
[3.826s] -- Up-to-date: /home/roboticist/0_Projects/tail_mate/install/followme_drone/share/followme_drone//launch/navigation.launch copy.py
[3.826s] -- Up-to-date: /home/roboticist/0_Projects/tail_mate/install/followme_drone/share/followme_drone//launch/trial.launch.py
[3.826s] -- Up-to-date: /home/roboticist/0_Projects/tail_mate/install/followme_drone/share/followme_drone//maps
[3.826s] -- Up-to-date: /home/roboticist/0_Projects/tail_mate/install/followme_drone/share/followme_drone//maps/tb3_map.yaml
[3.826s] -- Up-to-date: /home/roboticist/0_Projects/tail_mate/install/followme_drone/share/followme_drone//maps/tb3_map.pgm
[3.826s] -- Up-to-date: /home/roboticist/0_Projects/tail_mate/install/followme_drone/share/followme_drone//nav2
[3.826s] -- Up-to-date: /home/roboticist/0_Projects/tail_mate/install/followme_drone/share/followme_drone//nav2/tb3_nav2_params.yaml
[3.826s] -- Up-to-date: /home/roboticist/0_Projects/tail_mate/install/followme_drone/share/followme_drone//rviz
[3.826s] -- Up-to-date: /home/roboticist/0_Projects/tail_mate/install/followme_drone/share/followme_drone//rviz/navigation.rviz
[3.826s] -- Up-to-date: /home/roboticist/0_Projects/tail_mate/install/followme_drone/share/followme_drone//rviz/mapping.rviz
[3.826s] -- Up-to-date: /home/roboticist/0_Projects/tail_mate/install/followme_drone/share/followme_drone//worlds
[3.826s] -- Up-to-date: /home/roboticist/0_Projects/tail_mate/install/followme_drone/share/followme_drone//worlds/laboratory.world
[3.827s] -- Up-to-date: /home/roboticist/0_Projects/tail_mate/install/followme_drone/share/followme_drone//worlds/museum.world
[3.827s] -- Up-to-date: /home/roboticist/0_Projects/tail_mate/install/followme_drone/share/followme_drone//worlds/empty.world
[3.827s] -- Up-to-date: /home/roboticist/0_Projects/tail_mate/install/followme_drone/share/followme_drone//worlds/office_cpr.world
[3.827s] -- Up-to-date: /home/roboticist/0_Projects/tail_mate/install/followme_drone/share/ament_index/resource_index/package_run_dependencies/followme_drone
[3.827s] -- Up-to-date: /home/roboticist/0_Projects/tail_mate/install/followme_drone/share/ament_index/resource_index/parent_prefix_path/followme_drone
[3.827s] -- Up-to-date: /home/roboticist/0_Projects/tail_mate/install/followme_drone/share/followme_drone/environment/ament_prefix_path.sh
[3.827s] -- Up-to-date: /home/roboticist/0_Projects/tail_mate/install/followme_drone/share/followme_drone/environment/ament_prefix_path.dsv
[3.827s] -- Up-to-date: /home/roboticist/0_Projects/tail_mate/install/followme_drone/share/followme_drone/environment/path.sh
[3.827s] -- Up-to-date: /home/roboticist/0_Projects/tail_mate/install/followme_drone/share/followme_drone/environment/path.dsv
[3.827s] -- Up-to-date: /home/roboticist/0_Projects/tail_mate/install/followme_drone/share/followme_drone/local_setup.bash
[3.827s] -- Up-to-date: /home/roboticist/0_Projects/tail_mate/install/followme_drone/share/followme_drone/local_setup.sh
[3.827s] -- Up-to-date: /home/roboticist/0_Projects/tail_mate/install/followme_drone/share/followme_drone/local_setup.zsh
[3.827s] -- Up-to-date: /home/roboticist/0_Projects/tail_mate/install/followme_drone/share/followme_drone/local_setup.dsv
[3.828s] -- Installing: /home/roboticist/0_Projects/tail_mate/install/followme_drone/share/followme_drone/package.dsv
[3.828s] -- Up-to-date: /home/roboticist/0_Projects/tail_mate/install/followme_drone/share/ament_index/resource_index/packages/followme_drone
[3.828s] -- Up-to-date: /home/roboticist/0_Projects/tail_mate/install/followme_drone/share/followme_drone/cmake/followme_droneConfig.cmake
[3.828s] -- Up-to-date: /home/roboticist/0_Projects/tail_mate/install/followme_drone/share/followme_drone/cmake/followme_droneConfig-version.cmake
[3.828s] -- Up-to-date: /home/roboticist/0_Projects/tail_mate/install/followme_drone/share/followme_drone/package.xml
[3.829s] Invoked command in '/home/roboticist/0_Projects/tail_mate/build/followme_drone' returned '0': CMAKE_PREFIX_PATH=${CMAKE_PREFIX_PATH}:/home/roboticist/0_Projects/tail_mate/install/sjtu_drone_control:/home/roboticist/0_Projects/tail_mate/install/sjtu_drone_bringup:/opt/ros/humble /usr/bin/cmake --install /home/roboticist/0_Projects/tail_mate/build/followme_drone
