[0.021s] Invoking command in '/home/roboticist/0_Projects/tail_mate/build/followme_drone': CMAKE_PREFIX_PATH=${CMAKE_PREFIX_PATH}:/home/roboticist/0_Projects/tail_mate/install/sjtu_drone_control:/home/roboticist/0_Projects/tail_mate/install/sjtu_drone_bringup:/opt/ros/humble /usr/bin/cmake /home/roboticist/0_Projects/tail_mate/src/followme_drone -DCMAKE_INSTALL_PREFIX=/home/roboticist/0_Projects/tail_mate/install/followme_drone
[0.488s] -- The C compiler identification is GNU 11.4.0
[0.488s] -- The CXX compiler identification is GNU 11.4.0
[0.488s] -- Detecting C compiler ABI info
[0.488s] -- Detecting C compiler ABI info - done
[0.488s] -- Check for working C compiler: /usr/bin/cc - skipped
[0.488s] -- Detecting C compile features
[0.488s] -- Detecting C compile features - done
[0.488s] -- Detecting CXX compiler ABI info
[0.488s] -- Detecting CXX compiler ABI info - done
[0.488s] -- Check for working CXX compiler: /usr/bin/c++ - skipped
[0.489s] -- Detecting CXX compile features
[0.489s] -- Detecting CXX compile features - done
[0.489s] -- Found ament_cmake: 1.3.11 (/opt/ros/humble/share/ament_cmake/cmake)
[0.489s] -- Found Python3: /usr/bin/python3 (found version "3.10.12") found components: Interpreter 
[0.491s] -- Found rclcpp: 16.0.12 (/opt/ros/humble/share/rclcpp/cmake)
[0.542s] -- Found rosidl_generator_c: 3.1.6 (/opt/ros/humble/share/rosidl_generator_c/cmake)
[0.549s] -- Found rosidl_adapter: 3.1.6 (/opt/ros/humble/share/rosidl_adapter/cmake)
[0.558s] -- Found rosidl_generator_cpp: 3.1.6 (/opt/ros/humble/share/rosidl_generator_cpp/cmake)
[0.566s] -- Using all available rosidl_typesupport_c: rosidl_typesupport_fastrtps_c;rosidl_typesupport_introspection_c
[0.578s] -- Using all available rosidl_typesupport_cpp: rosidl_typesupport_fastrtps_cpp;rosidl_typesupport_introspection_cpp
[0.610s] -- Found rmw_implementation_cmake: 6.1.2 (/opt/ros/humble/share/rmw_implementation_cmake/cmake)
[0.612s] -- Found rmw_fastrtps_cpp: 6.2.7 (/opt/ros/humble/share/rmw_fastrtps_cpp/cmake)
[0.677s] -- Found OpenSSL: /usr/lib/x86_64-linux-gnu/libcrypto.so (found version "3.0.2")  
[0.701s] -- Found FastRTPS: /opt/ros/humble/include  
[0.737s] -- Using RMW implementation 'rmw_fastrtps_cpp' as default
[0.747s] -- Looking for pthread.h
[0.809s] -- Looking for pthread.h - found
[0.810s] -- Performing Test CMAKE_HAVE_LIBC_PTHREAD
[0.863s] -- Performing Test CMAKE_HAVE_LIBC_PTHREAD - Success
[0.864s] -- Found Threads: TRUE  
[0.923s] -- Found geometry_msgs: 4.8.0 (/opt/ros/humble/share/geometry_msgs/cmake)
[0.934s] -- Found sensor_msgs: 4.8.0 (/opt/ros/humble/share/sensor_msgs/cmake)
[0.947s] -- Found cv_bridge: 3.2.1 (/opt/ros/humble/share/cv_bridge/cmake)
[0.955s] -- Found OpenCV: /usr (found version "4.5.4") 
[1.007s] -- Configuring done
[1.014s] -- Generating done
[1.016s] -- Build files have been written to: /home/roboticist/0_Projects/tail_mate/build/followme_drone
[1.023s] Invoked command in '/home/roboticist/0_Projects/tail_mate/build/followme_drone' returned '0': CMAKE_PREFIX_PATH=${CMAKE_PREFIX_PATH}:/home/roboticist/0_Projects/tail_mate/install/sjtu_drone_control:/home/roboticist/0_Projects/tail_mate/install/sjtu_drone_bringup:/opt/ros/humble /usr/bin/cmake /home/roboticist/0_Projects/tail_mate/src/followme_drone -DCMAKE_INSTALL_PREFIX=/home/roboticist/0_Projects/tail_mate/install/followme_drone
[1.025s] Invoking command in '/home/roboticist/0_Projects/tail_mate/build/followme_drone': CMAKE_PREFIX_PATH=${CMAKE_PREFIX_PATH}:/home/roboticist/0_Projects/tail_mate/install/sjtu_drone_control:/home/roboticist/0_Projects/tail_mate/install/sjtu_drone_bringup:/opt/ros/humble /usr/bin/cmake --build /home/roboticist/0_Projects/tail_mate/build/followme_drone -- -j20 -l20
[1.066s] [ 50%] [32mBuilding CXX object CMakeFiles/followme_drone_node.dir/src/followme_drone_node.cpp.o[0m
[8.962s] [100%] [32m[1mLinking CXX executable followme_drone_node[0m
[9.589s] [100%] Built target followme_drone_node
[9.598s] Invoked command in '/home/roboticist/0_Projects/tail_mate/build/followme_drone' returned '0': CMAKE_PREFIX_PATH=${CMAKE_PREFIX_PATH}:/home/roboticist/0_Projects/tail_mate/install/sjtu_drone_control:/home/roboticist/0_Projects/tail_mate/install/sjtu_drone_bringup:/opt/ros/humble /usr/bin/cmake --build /home/roboticist/0_Projects/tail_mate/build/followme_drone -- -j20 -l20
[9.606s] Invoking command in '/home/roboticist/0_Projects/tail_mate/build/followme_drone': CMAKE_PREFIX_PATH=${CMAKE_PREFIX_PATH}:/home/roboticist/0_Projects/tail_mate/install/sjtu_drone_control:/home/roboticist/0_Projects/tail_mate/install/sjtu_drone_bringup:/opt/ros/humble /usr/bin/cmake --install /home/roboticist/0_Projects/tail_mate/build/followme_drone
[9.611s] -- Install configuration: ""
[9.612s] -- Installing: /home/roboticist/0_Projects/tail_mate/install/followme_drone/lib/followme_drone/followme_drone_node
[9.614s] -- Set runtime path of "/home/roboticist/0_Projects/tail_mate/install/followme_drone/lib/followme_drone/followme_drone_node" to ""
[9.614s] -- Installing: /home/roboticist/0_Projects/tail_mate/install/followme_drone/share/followme_drone//launch
[9.615s] -- Installing: /home/roboticist/0_Projects/tail_mate/install/followme_drone/share/followme_drone//launch/followme_drone.launch.py
[9.615s] -- Installing: /home/roboticist/0_Projects/tail_mate/install/followme_drone/share/followme_drone//launch/spy_drone.launch.py
[9.615s] -- Installing: /home/roboticist/0_Projects/tail_mate/install/followme_drone/share/followme_drone//launch/p1_b_tb3_drone_gazebo.launch.py
[9.615s] -- Installing: /home/roboticist/0_Projects/tail_mate/install/followme_drone/share/followme_drone//worlds
[9.615s] -- Installing: /home/roboticist/0_Projects/tail_mate/install/followme_drone/share/followme_drone//worlds/empty.world
[9.615s] -- Installing: /home/roboticist/0_Projects/tail_mate/install/followme_drone/share/followme_drone//worlds/office_cpr.world
[9.615s] -- Installing: /home/roboticist/0_Projects/tail_mate/install/followme_drone/share/ament_index/resource_index/package_run_dependencies/followme_drone
[9.615s] -- Installing: /home/roboticist/0_Projects/tail_mate/install/followme_drone/share/ament_index/resource_index/parent_prefix_path/followme_drone
[9.615s] -- Installing: /home/roboticist/0_Projects/tail_mate/install/followme_drone/share/followme_drone/environment/ament_prefix_path.sh
[9.616s] -- Installing: /home/roboticist/0_Projects/tail_mate/install/followme_drone/share/followme_drone/environment/ament_prefix_path.dsv
[9.616s] -- Installing: /home/roboticist/0_Projects/tail_mate/install/followme_drone/share/followme_drone/environment/path.sh
[9.616s] -- Installing: /home/roboticist/0_Projects/tail_mate/install/followme_drone/share/followme_drone/environment/path.dsv
[9.616s] -- Installing: /home/roboticist/0_Projects/tail_mate/install/followme_drone/share/followme_drone/local_setup.bash
[9.616s] -- Installing: /home/roboticist/0_Projects/tail_mate/install/followme_drone/share/followme_drone/local_setup.sh
[9.616s] -- Installing: /home/roboticist/0_Projects/tail_mate/install/followme_drone/share/followme_drone/local_setup.zsh
[9.616s] -- Installing: /home/roboticist/0_Projects/tail_mate/install/followme_drone/share/followme_drone/local_setup.dsv
[9.616s] -- Installing: /home/roboticist/0_Projects/tail_mate/install/followme_drone/share/followme_drone/package.dsv
[9.616s] -- Installing: /home/roboticist/0_Projects/tail_mate/install/followme_drone/share/ament_index/resource_index/packages/followme_drone
[9.616s] -- Installing: /home/roboticist/0_Projects/tail_mate/install/followme_drone/share/followme_drone/cmake/followme_droneConfig.cmake
[9.617s] -- Installing: /home/roboticist/0_Projects/tail_mate/install/followme_drone/share/followme_drone/cmake/followme_droneConfig-version.cmake
[9.617s] -- Installing: /home/roboticist/0_Projects/tail_mate/install/followme_drone/share/followme_drone/package.xml
[9.618s] Invoked command in '/home/roboticist/0_Projects/tail_mate/build/followme_drone' returned '0': CMAKE_PREFIX_PATH=${CMAKE_PREFIX_PATH}:/home/roboticist/0_Projects/tail_mate/install/sjtu_drone_control:/home/roboticist/0_Projects/tail_mate/install/sjtu_drone_bringup:/opt/ros/humble /usr/bin/cmake --install /home/roboticist/0_Projects/tail_mate/build/followme_drone
