[0.093s] DEBUG:colcon:Command line arguments: ['/usr/bin/colcon', 'build']
[0.093s] DEBUG:colcon:Parsed command line arguments: Namespace(log_base=None, log_level=None, verb_name='build', build_base='build', install_base='install', merge_install=False, symlink_install=False, test_result_base=None, continue_on_error=False, executor='parallel', parallel_workers=20, event_handlers=None, ignore_user_meta=False, metas=['./colcon.meta'], base_paths=['.'], packages_ignore=None, packages_ignore_regex=None, paths=None, packages_up_to=None, packages_up_to_regex=None, packages_above=None, packages_above_and_dependencies=None, packages_above_depth=None, packages_select_by_dep=None, packages_skip_by_dep=None, packages_skip_up_to=None, packages_select_build_failed=False, packages_skip_build_finished=False, packages_select_test_failures=False, packages_skip_test_passed=False, packages_select=None, packages_skip=None, packages_select_regex=None, packages_skip_regex=None, packages_start=None, packages_end=None, allow_overriding=[], cmake_args=None, cmake_target=None, cmake_target_skip_unavailable=False, cmake_clean_cache=False, cmake_clean_first=False, cmake_force_configure=False, ament_cmake_args=None, catkin_cmake_args=None, catkin_skip_building_tests=False, mixin_files=None, mixin=None, verb_parser=<colcon_mixin.mixin.mixin_argument.MixinArgumentDecorator object at 0x7532fccf2c20>, verb_extension=<colcon_core.verb.build.BuildVerb object at 0x7532fccf2020>, main=<bound method BuildVerb.main of <colcon_core.verb.build.BuildVerb object at 0x7532fccf2020>>, mixin_verb=('build',))
[0.252s] Level 1:colcon.colcon_core.package_discovery:discover_packages(colcon_meta) check parameters
[0.252s] Level 1:colcon.colcon_core.package_discovery:discover_packages(recursive) check parameters
[0.252s] Level 1:colcon.colcon_core.package_discovery:discover_packages(ignore) check parameters
[0.252s] Level 1:colcon.colcon_core.package_discovery:discover_packages(path) check parameters
[0.252s] Level 1:colcon.colcon_core.package_discovery:discover_packages(colcon_meta) discover
[0.252s] Level 1:colcon.colcon_core.package_discovery:discover_packages(recursive) discover
[0.252s] INFO:colcon.colcon_core.package_discovery:Crawling recursively for packages in '/home/roboticist/0_Projects/tail_mate'
[0.252s] Level 1:colcon.colcon_core.package_identification:_identify(.) by extensions ['ignore', 'ignore_ament_install']
[0.253s] Level 1:colcon.colcon_core.package_identification:_identify(.) by extension 'ignore'
[0.253s] Level 1:colcon.colcon_core.package_identification:_identify(.) by extension 'ignore_ament_install'
[0.253s] Level 1:colcon.colcon_core.package_identification:_identify(.) by extensions ['colcon_pkg']
[0.253s] Level 1:colcon.colcon_core.package_identification:_identify(.) by extension 'colcon_pkg'
[0.253s] Level 1:colcon.colcon_core.package_identification:_identify(.) by extensions ['colcon_meta']
[0.253s] Level 1:colcon.colcon_core.package_identification:_identify(.) by extension 'colcon_meta'
[0.253s] Level 1:colcon.colcon_core.package_identification:_identify(.) by extensions ['ros']
[0.253s] Level 1:colcon.colcon_core.package_identification:_identify(.) by extension 'ros'
[0.263s] Level 1:colcon.colcon_core.package_identification:_identify(.) by extensions ['cmake', 'python']
[0.263s] Level 1:colcon.colcon_core.package_identification:_identify(.) by extension 'cmake'
[0.263s] Level 1:colcon.colcon_core.package_identification:_identify(.) by extension 'python'
[0.263s] Level 1:colcon.colcon_core.package_identification:_identify(.) by extensions ['python_setup_py']
[0.263s] Level 1:colcon.colcon_core.package_identification:_identify(.) by extension 'python_setup_py'
[0.264s] Level 1:colcon.colcon_core.package_identification:_identify(assets) by extensions ['ignore', 'ignore_ament_install']
[0.264s] Level 1:colcon.colcon_core.package_identification:_identify(assets) by extension 'ignore'
[0.264s] Level 1:colcon.colcon_core.package_identification:_identify(assets) by extension 'ignore_ament_install'
[0.264s] Level 1:colcon.colcon_core.package_identification:_identify(assets) by extensions ['colcon_pkg']
[0.264s] Level 1:colcon.colcon_core.package_identification:_identify(assets) by extension 'colcon_pkg'
[0.264s] Level 1:colcon.colcon_core.package_identification:_identify(assets) by extensions ['colcon_meta']
[0.264s] Level 1:colcon.colcon_core.package_identification:_identify(assets) by extension 'colcon_meta'
[0.264s] Level 1:colcon.colcon_core.package_identification:_identify(assets) by extensions ['ros']
[0.264s] Level 1:colcon.colcon_core.package_identification:_identify(assets) by extension 'ros'
[0.264s] Level 1:colcon.colcon_core.package_identification:_identify(assets) by extensions ['cmake', 'python']
[0.264s] Level 1:colcon.colcon_core.package_identification:_identify(assets) by extension 'cmake'
[0.264s] Level 1:colcon.colcon_core.package_identification:_identify(assets) by extension 'python'
[0.264s] Level 1:colcon.colcon_core.package_identification:_identify(assets) by extensions ['python_setup_py']
[0.264s] Level 1:colcon.colcon_core.package_identification:_identify(assets) by extension 'python_setup_py'
[0.264s] Level 1:colcon.colcon_core.package_identification:_identify(build) by extensions ['ignore', 'ignore_ament_install']
[0.264s] Level 1:colcon.colcon_core.package_identification:_identify(build) by extension 'ignore'
[0.264s] Level 1:colcon.colcon_core.package_identification:_identify(build) ignored
[0.264s] Level 1:colcon.colcon_core.package_identification:_identify(docs) by extensions ['ignore', 'ignore_ament_install']
[0.265s] Level 1:colcon.colcon_core.package_identification:_identify(docs) by extension 'ignore'
[0.265s] Level 1:colcon.colcon_core.package_identification:_identify(docs) by extension 'ignore_ament_install'
[0.265s] Level 1:colcon.colcon_core.package_identification:_identify(docs) by extensions ['colcon_pkg']
[0.265s] Level 1:colcon.colcon_core.package_identification:_identify(docs) by extension 'colcon_pkg'
[0.265s] Level 1:colcon.colcon_core.package_identification:_identify(docs) by extensions ['colcon_meta']
[0.265s] Level 1:colcon.colcon_core.package_identification:_identify(docs) by extension 'colcon_meta'
[0.265s] Level 1:colcon.colcon_core.package_identification:_identify(docs) by extensions ['ros']
[0.265s] Level 1:colcon.colcon_core.package_identification:_identify(docs) by extension 'ros'
[0.265s] Level 1:colcon.colcon_core.package_identification:_identify(docs) by extensions ['cmake', 'python']
[0.265s] Level 1:colcon.colcon_core.package_identification:_identify(docs) by extension 'cmake'
[0.265s] Level 1:colcon.colcon_core.package_identification:_identify(docs) by extension 'python'
[0.265s] Level 1:colcon.colcon_core.package_identification:_identify(docs) by extensions ['python_setup_py']
[0.265s] Level 1:colcon.colcon_core.package_identification:_identify(docs) by extension 'python_setup_py'
[0.265s] Level 1:colcon.colcon_core.package_identification:_identify(install) by extensions ['ignore', 'ignore_ament_install']
[0.265s] Level 1:colcon.colcon_core.package_identification:_identify(install) by extension 'ignore'
[0.265s] Level 1:colcon.colcon_core.package_identification:_identify(install) ignored
[0.265s] Level 1:colcon.colcon_core.package_identification:_identify(log) by extensions ['ignore', 'ignore_ament_install']
[0.265s] Level 1:colcon.colcon_core.package_identification:_identify(log) by extension 'ignore'
[0.265s] Level 1:colcon.colcon_core.package_identification:_identify(log) ignored
[0.266s] Level 1:colcon.colcon_core.package_identification:_identify(src) by extensions ['ignore', 'ignore_ament_install']
[0.266s] Level 1:colcon.colcon_core.package_identification:_identify(src) by extension 'ignore'
[0.266s] Level 1:colcon.colcon_core.package_identification:_identify(src) by extension 'ignore_ament_install'
[0.266s] Level 1:colcon.colcon_core.package_identification:_identify(src) by extensions ['colcon_pkg']
[0.266s] Level 1:colcon.colcon_core.package_identification:_identify(src) by extension 'colcon_pkg'
[0.266s] Level 1:colcon.colcon_core.package_identification:_identify(src) by extensions ['colcon_meta']
[0.266s] Level 1:colcon.colcon_core.package_identification:_identify(src) by extension 'colcon_meta'
[0.266s] Level 1:colcon.colcon_core.package_identification:_identify(src) by extensions ['ros']
[0.266s] Level 1:colcon.colcon_core.package_identification:_identify(src) by extension 'ros'
[0.266s] Level 1:colcon.colcon_core.package_identification:_identify(src) by extensions ['cmake', 'python']
[0.266s] Level 1:colcon.colcon_core.package_identification:_identify(src) by extension 'cmake'
[0.266s] Level 1:colcon.colcon_core.package_identification:_identify(src) by extension 'python'
[0.266s] Level 1:colcon.colcon_core.package_identification:_identify(src) by extensions ['python_setup_py']
[0.266s] Level 1:colcon.colcon_core.package_identification:_identify(src) by extension 'python_setup_py'
[0.266s] Level 1:colcon.colcon_core.package_identification:_identify(src/followme_drone) by extensions ['ignore', 'ignore_ament_install']
[0.266s] Level 1:colcon.colcon_core.package_identification:_identify(src/followme_drone) by extension 'ignore'
[0.266s] Level 1:colcon.colcon_core.package_identification:_identify(src/followme_drone) by extension 'ignore_ament_install'
[0.266s] Level 1:colcon.colcon_core.package_identification:_identify(src/followme_drone) by extensions ['colcon_pkg']
[0.266s] Level 1:colcon.colcon_core.package_identification:_identify(src/followme_drone) by extension 'colcon_pkg'
[0.266s] Level 1:colcon.colcon_core.package_identification:_identify(src/followme_drone) by extensions ['colcon_meta']
[0.266s] Level 1:colcon.colcon_core.package_identification:_identify(src/followme_drone) by extension 'colcon_meta'
[0.266s] Level 1:colcon.colcon_core.package_identification:_identify(src/followme_drone) by extensions ['ros']
[0.266s] Level 1:colcon.colcon_core.package_identification:_identify(src/followme_drone) by extension 'ros'
[0.276s] DEBUG:colcon.colcon_core.package_identification:Package 'src/followme_drone' with type 'ros.ament_cmake' and name 'followme_drone'
[0.276s] Level 1:colcon.colcon_core.package_identification:_identify(src/sjtu_drone) by extensions ['ignore', 'ignore_ament_install']
[0.276s] Level 1:colcon.colcon_core.package_identification:_identify(src/sjtu_drone) by extension 'ignore'
[0.276s] Level 1:colcon.colcon_core.package_identification:_identify(src/sjtu_drone) by extension 'ignore_ament_install'
[0.276s] Level 1:colcon.colcon_core.package_identification:_identify(src/sjtu_drone) by extensions ['colcon_pkg']
[0.277s] Level 1:colcon.colcon_core.package_identification:_identify(src/sjtu_drone) by extension 'colcon_pkg'
[0.277s] Level 1:colcon.colcon_core.package_identification:_identify(src/sjtu_drone) by extensions ['colcon_meta']
[0.277s] Level 1:colcon.colcon_core.package_identification:_identify(src/sjtu_drone) by extension 'colcon_meta'
[0.277s] Level 1:colcon.colcon_core.package_identification:_identify(src/sjtu_drone) by extensions ['ros']
[0.277s] Level 1:colcon.colcon_core.package_identification:_identify(src/sjtu_drone) by extension 'ros'
[0.277s] Level 1:colcon.colcon_core.package_identification:_identify(src/sjtu_drone) by extensions ['cmake', 'python']
[0.277s] Level 1:colcon.colcon_core.package_identification:_identify(src/sjtu_drone) by extension 'cmake'
[0.277s] Level 1:colcon.colcon_core.package_identification:_identify(src/sjtu_drone) by extension 'python'
[0.277s] Level 1:colcon.colcon_core.package_identification:_identify(src/sjtu_drone) by extensions ['python_setup_py']
[0.277s] Level 1:colcon.colcon_core.package_identification:_identify(src/sjtu_drone) by extension 'python_setup_py'
[0.277s] Level 1:colcon.colcon_core.package_identification:_identify(src/sjtu_drone/imgs) by extensions ['ignore', 'ignore_ament_install']
[0.277s] Level 1:colcon.colcon_core.package_identification:_identify(src/sjtu_drone/imgs) by extension 'ignore'
[0.277s] Level 1:colcon.colcon_core.package_identification:_identify(src/sjtu_drone/imgs) by extension 'ignore_ament_install'
[0.277s] Level 1:colcon.colcon_core.package_identification:_identify(src/sjtu_drone/imgs) by extensions ['colcon_pkg']
[0.277s] Level 1:colcon.colcon_core.package_identification:_identify(src/sjtu_drone/imgs) by extension 'colcon_pkg'
[0.277s] Level 1:colcon.colcon_core.package_identification:_identify(src/sjtu_drone/imgs) by extensions ['colcon_meta']
[0.277s] Level 1:colcon.colcon_core.package_identification:_identify(src/sjtu_drone/imgs) by extension 'colcon_meta'
[0.277s] Level 1:colcon.colcon_core.package_identification:_identify(src/sjtu_drone/imgs) by extensions ['ros']
[0.277s] Level 1:colcon.colcon_core.package_identification:_identify(src/sjtu_drone/imgs) by extension 'ros'
[0.277s] Level 1:colcon.colcon_core.package_identification:_identify(src/sjtu_drone/imgs) by extensions ['cmake', 'python']
[0.277s] Level 1:colcon.colcon_core.package_identification:_identify(src/sjtu_drone/imgs) by extension 'cmake'
[0.277s] Level 1:colcon.colcon_core.package_identification:_identify(src/sjtu_drone/imgs) by extension 'python'
[0.278s] Level 1:colcon.colcon_core.package_identification:_identify(src/sjtu_drone/imgs) by extensions ['python_setup_py']
[0.278s] Level 1:colcon.colcon_core.package_identification:_identify(src/sjtu_drone/imgs) by extension 'python_setup_py'
[0.278s] Level 1:colcon.colcon_core.package_identification:_identify(src/sjtu_drone/sjtu_drone_bringup) by extensions ['ignore', 'ignore_ament_install']
[0.278s] Level 1:colcon.colcon_core.package_identification:_identify(src/sjtu_drone/sjtu_drone_bringup) by extension 'ignore'
[0.278s] Level 1:colcon.colcon_core.package_identification:_identify(src/sjtu_drone/sjtu_drone_bringup) by extension 'ignore_ament_install'
[0.278s] Level 1:colcon.colcon_core.package_identification:_identify(src/sjtu_drone/sjtu_drone_bringup) by extensions ['colcon_pkg']
[0.278s] Level 1:colcon.colcon_core.package_identification:_identify(src/sjtu_drone/sjtu_drone_bringup) by extension 'colcon_pkg'
[0.278s] Level 1:colcon.colcon_core.package_identification:_identify(src/sjtu_drone/sjtu_drone_bringup) by extensions ['colcon_meta']
[0.278s] Level 1:colcon.colcon_core.package_identification:_identify(src/sjtu_drone/sjtu_drone_bringup) by extension 'colcon_meta'
[0.278s] Level 1:colcon.colcon_core.package_identification:_identify(src/sjtu_drone/sjtu_drone_bringup) by extensions ['ros']
[0.278s] Level 1:colcon.colcon_core.package_identification:_identify(src/sjtu_drone/sjtu_drone_bringup) by extension 'ros'
[0.279s] DEBUG:colcon.colcon_core.package_identification:Package 'src/sjtu_drone/sjtu_drone_bringup' with type 'ros.ament_python' and name 'sjtu_drone_bringup'
[0.279s] Level 1:colcon.colcon_core.package_identification:_identify(src/sjtu_drone/sjtu_drone_control) by extensions ['ignore', 'ignore_ament_install']
[0.279s] Level 1:colcon.colcon_core.package_identification:_identify(src/sjtu_drone/sjtu_drone_control) by extension 'ignore'
[0.279s] Level 1:colcon.colcon_core.package_identification:_identify(src/sjtu_drone/sjtu_drone_control) by extension 'ignore_ament_install'
[0.279s] Level 1:colcon.colcon_core.package_identification:_identify(src/sjtu_drone/sjtu_drone_control) by extensions ['colcon_pkg']
[0.279s] Level 1:colcon.colcon_core.package_identification:_identify(src/sjtu_drone/sjtu_drone_control) by extension 'colcon_pkg'
[0.279s] Level 1:colcon.colcon_core.package_identification:_identify(src/sjtu_drone/sjtu_drone_control) by extensions ['colcon_meta']
[0.279s] Level 1:colcon.colcon_core.package_identification:_identify(src/sjtu_drone/sjtu_drone_control) by extension 'colcon_meta'
[0.279s] Level 1:colcon.colcon_core.package_identification:_identify(src/sjtu_drone/sjtu_drone_control) by extensions ['ros']
[0.280s] Level 1:colcon.colcon_core.package_identification:_identify(src/sjtu_drone/sjtu_drone_control) by extension 'ros'
[0.280s] DEBUG:colcon.colcon_core.package_identification:Package 'src/sjtu_drone/sjtu_drone_control' with type 'ros.ament_python' and name 'sjtu_drone_control'
[0.280s] Level 1:colcon.colcon_core.package_identification:_identify(src/sjtu_drone/sjtu_drone_description) by extensions ['ignore', 'ignore_ament_install']
[0.280s] Level 1:colcon.colcon_core.package_identification:_identify(src/sjtu_drone/sjtu_drone_description) by extension 'ignore'
[0.281s] Level 1:colcon.colcon_core.package_identification:_identify(src/sjtu_drone/sjtu_drone_description) by extension 'ignore_ament_install'
[0.281s] Level 1:colcon.colcon_core.package_identification:_identify(src/sjtu_drone/sjtu_drone_description) by extensions ['colcon_pkg']
[0.281s] Level 1:colcon.colcon_core.package_identification:_identify(src/sjtu_drone/sjtu_drone_description) by extension 'colcon_pkg'
[0.281s] Level 1:colcon.colcon_core.package_identification:_identify(src/sjtu_drone/sjtu_drone_description) by extensions ['colcon_meta']
[0.281s] Level 1:colcon.colcon_core.package_identification:_identify(src/sjtu_drone/sjtu_drone_description) by extension 'colcon_meta'
[0.281s] Level 1:colcon.colcon_core.package_identification:_identify(src/sjtu_drone/sjtu_drone_description) by extensions ['ros']
[0.281s] Level 1:colcon.colcon_core.package_identification:_identify(src/sjtu_drone/sjtu_drone_description) by extension 'ros'
[0.282s] DEBUG:colcon.colcon_core.package_identification:Package 'src/sjtu_drone/sjtu_drone_description' with type 'ros.ament_cmake' and name 'sjtu_drone_description'
[0.282s] Level 1:colcon.colcon_core.package_identification:_identify(src/turtlebot3_simulations) by extensions ['ignore', 'ignore_ament_install']
[0.282s] Level 1:colcon.colcon_core.package_identification:_identify(src/turtlebot3_simulations) by extension 'ignore'
[0.282s] Level 1:colcon.colcon_core.package_identification:_identify(src/turtlebot3_simulations) by extension 'ignore_ament_install'
[0.282s] Level 1:colcon.colcon_core.package_identification:_identify(src/turtlebot3_simulations) by extensions ['colcon_pkg']
[0.282s] Level 1:colcon.colcon_core.package_identification:_identify(src/turtlebot3_simulations) by extension 'colcon_pkg'
[0.282s] Level 1:colcon.colcon_core.package_identification:_identify(src/turtlebot3_simulations) by extensions ['colcon_meta']
[0.282s] Level 1:colcon.colcon_core.package_identification:_identify(src/turtlebot3_simulations) by extension 'colcon_meta'
[0.282s] Level 1:colcon.colcon_core.package_identification:_identify(src/turtlebot3_simulations) by extensions ['ros']
[0.282s] Level 1:colcon.colcon_core.package_identification:_identify(src/turtlebot3_simulations) by extension 'ros'
[0.282s] Level 1:colcon.colcon_core.package_identification:_identify(src/turtlebot3_simulations) by extensions ['cmake', 'python']
[0.282s] Level 1:colcon.colcon_core.package_identification:_identify(src/turtlebot3_simulations) by extension 'cmake'
[0.282s] Level 1:colcon.colcon_core.package_identification:_identify(src/turtlebot3_simulations) by extension 'python'
[0.282s] Level 1:colcon.colcon_core.package_identification:_identify(src/turtlebot3_simulations) by extensions ['python_setup_py']
[0.282s] Level 1:colcon.colcon_core.package_identification:_identify(src/turtlebot3_simulations) by extension 'python_setup_py'
[0.282s] Level 1:colcon.colcon_core.package_identification:_identify(src/turtlebot3_simulations/turtlebot3_fake_node) by extensions ['ignore', 'ignore_ament_install']
[0.282s] Level 1:colcon.colcon_core.package_identification:_identify(src/turtlebot3_simulations/turtlebot3_fake_node) by extension 'ignore'
[0.282s] Level 1:colcon.colcon_core.package_identification:_identify(src/turtlebot3_simulations/turtlebot3_fake_node) by extension 'ignore_ament_install'
[0.282s] Level 1:colcon.colcon_core.package_identification:_identify(src/turtlebot3_simulations/turtlebot3_fake_node) by extensions ['colcon_pkg']
[0.282s] Level 1:colcon.colcon_core.package_identification:_identify(src/turtlebot3_simulations/turtlebot3_fake_node) by extension 'colcon_pkg'
[0.282s] Level 1:colcon.colcon_core.package_identification:_identify(src/turtlebot3_simulations/turtlebot3_fake_node) by extensions ['colcon_meta']
[0.283s] Level 1:colcon.colcon_core.package_identification:_identify(src/turtlebot3_simulations/turtlebot3_fake_node) by extension 'colcon_meta'
[0.283s] Level 1:colcon.colcon_core.package_identification:_identify(src/turtlebot3_simulations/turtlebot3_fake_node) by extensions ['ros']
[0.283s] Level 1:colcon.colcon_core.package_identification:_identify(src/turtlebot3_simulations/turtlebot3_fake_node) by extension 'ros'
[0.284s] DEBUG:colcon.colcon_core.package_identification:Package 'src/turtlebot3_simulations/turtlebot3_fake_node' with type 'ros.ament_cmake' and name 'turtlebot3_fake_node'
[0.284s] Level 1:colcon.colcon_core.package_identification:_identify(src/turtlebot3_simulations/turtlebot3_gazebo) by extensions ['ignore', 'ignore_ament_install']
[0.284s] Level 1:colcon.colcon_core.package_identification:_identify(src/turtlebot3_simulations/turtlebot3_gazebo) by extension 'ignore'
[0.284s] Level 1:colcon.colcon_core.package_identification:_identify(src/turtlebot3_simulations/turtlebot3_gazebo) by extension 'ignore_ament_install'
[0.284s] Level 1:colcon.colcon_core.package_identification:_identify(src/turtlebot3_simulations/turtlebot3_gazebo) by extensions ['colcon_pkg']
[0.284s] Level 1:colcon.colcon_core.package_identification:_identify(src/turtlebot3_simulations/turtlebot3_gazebo) by extension 'colcon_pkg'
[0.284s] Level 1:colcon.colcon_core.package_identification:_identify(src/turtlebot3_simulations/turtlebot3_gazebo) by extensions ['colcon_meta']
[0.284s] Level 1:colcon.colcon_core.package_identification:_identify(src/turtlebot3_simulations/turtlebot3_gazebo) by extension 'colcon_meta'
[0.284s] Level 1:colcon.colcon_core.package_identification:_identify(src/turtlebot3_simulations/turtlebot3_gazebo) by extensions ['ros']
[0.284s] Level 1:colcon.colcon_core.package_identification:_identify(src/turtlebot3_simulations/turtlebot3_gazebo) by extension 'ros'
[0.285s] DEBUG:colcon.colcon_core.package_identification:Package 'src/turtlebot3_simulations/turtlebot3_gazebo' with type 'ros.ament_cmake' and name 'turtlebot3_gazebo'
[0.285s] Level 1:colcon.colcon_core.package_identification:_identify(src/turtlebot3_simulations/turtlebot3_simulations) by extensions ['ignore', 'ignore_ament_install']
[0.285s] Level 1:colcon.colcon_core.package_identification:_identify(src/turtlebot3_simulations/turtlebot3_simulations) by extension 'ignore'
[0.285s] Level 1:colcon.colcon_core.package_identification:_identify(src/turtlebot3_simulations/turtlebot3_simulations) by extension 'ignore_ament_install'
[0.285s] Level 1:colcon.colcon_core.package_identification:_identify(src/turtlebot3_simulations/turtlebot3_simulations) by extensions ['colcon_pkg']
[0.285s] Level 1:colcon.colcon_core.package_identification:_identify(src/turtlebot3_simulations/turtlebot3_simulations) by extension 'colcon_pkg'
[0.285s] Level 1:colcon.colcon_core.package_identification:_identify(src/turtlebot3_simulations/turtlebot3_simulations) by extensions ['colcon_meta']
[0.285s] Level 1:colcon.colcon_core.package_identification:_identify(src/turtlebot3_simulations/turtlebot3_simulations) by extension 'colcon_meta'
[0.285s] Level 1:colcon.colcon_core.package_identification:_identify(src/turtlebot3_simulations/turtlebot3_simulations) by extensions ['ros']
[0.285s] Level 1:colcon.colcon_core.package_identification:_identify(src/turtlebot3_simulations/turtlebot3_simulations) by extension 'ros'
[0.286s] DEBUG:colcon.colcon_core.package_identification:Package 'src/turtlebot3_simulations/turtlebot3_simulations' with type 'ros.ament_cmake' and name 'turtlebot3_simulations'
[0.286s] Level 1:colcon.colcon_core.package_discovery:discover_packages(recursive) using defaults
[0.286s] Level 1:colcon.colcon_core.package_discovery:discover_packages(ignore) discover
[0.286s] Level 1:colcon.colcon_core.package_discovery:discover_packages(ignore) using defaults
[0.286s] Level 1:colcon.colcon_core.package_discovery:discover_packages(path) discover
[0.286s] Level 1:colcon.colcon_core.package_discovery:discover_packages(path) using defaults
[0.304s] Level 1:colcon.colcon_core.package_discovery:discover_packages(prefix_path) check parameters
[0.304s] Level 1:colcon.colcon_core.package_discovery:discover_packages(prefix_path) discover
[0.306s] DEBUG:colcon.colcon_installed_package_information.package_discovery:Found 7 installed packages in /home/roboticist/0_Projects/tail_mate/install
[0.307s] DEBUG:colcon.colcon_installed_package_information.package_discovery:Found 492 installed packages in /opt/ros/humble
[0.310s] Level 1:colcon.colcon_core.package_discovery:discover_packages(prefix_path) using defaults
[0.360s] Level 5:colcon.colcon_core.verb:set package 'followme_drone' build argument 'cmake_args' from command line to 'None'
[0.360s] Level 5:colcon.colcon_core.verb:set package 'followme_drone' build argument 'cmake_target' from command line to 'None'
[0.360s] Level 5:colcon.colcon_core.verb:set package 'followme_drone' build argument 'cmake_target_skip_unavailable' from command line to 'False'
[0.360s] Level 5:colcon.colcon_core.verb:set package 'followme_drone' build argument 'cmake_clean_cache' from command line to 'False'
[0.360s] Level 5:colcon.colcon_core.verb:set package 'followme_drone' build argument 'cmake_clean_first' from command line to 'False'
[0.360s] Level 5:colcon.colcon_core.verb:set package 'followme_drone' build argument 'cmake_force_configure' from command line to 'False'
[0.360s] Level 5:colcon.colcon_core.verb:set package 'followme_drone' build argument 'ament_cmake_args' from command line to 'None'
[0.361s] Level 5:colcon.colcon_core.verb:set package 'followme_drone' build argument 'catkin_cmake_args' from command line to 'None'
[0.361s] Level 5:colcon.colcon_core.verb:set package 'followme_drone' build argument 'catkin_skip_building_tests' from command line to 'False'
[0.361s] DEBUG:colcon.colcon_core.verb:Building package 'followme_drone' with the following arguments: {'ament_cmake_args': None, 'build_base': '/home/roboticist/0_Projects/tail_mate/build/followme_drone', 'catkin_cmake_args': None, 'catkin_skip_building_tests': False, 'cmake_args': None, 'cmake_clean_cache': False, 'cmake_clean_first': False, 'cmake_force_configure': False, 'cmake_target': None, 'cmake_target_skip_unavailable': False, 'install_base': '/home/roboticist/0_Projects/tail_mate/install/followme_drone', 'merge_install': False, 'path': '/home/roboticist/0_Projects/tail_mate/src/followme_drone', 'symlink_install': False, 'test_result_base': None}
[0.361s] Level 5:colcon.colcon_core.verb:set package 'sjtu_drone_bringup' build argument 'cmake_args' from command line to 'None'
[0.361s] Level 5:colcon.colcon_core.verb:set package 'sjtu_drone_bringup' build argument 'cmake_target' from command line to 'None'
[0.361s] Level 5:colcon.colcon_core.verb:set package 'sjtu_drone_bringup' build argument 'cmake_target_skip_unavailable' from command line to 'False'
[0.361s] Level 5:colcon.colcon_core.verb:set package 'sjtu_drone_bringup' build argument 'cmake_clean_cache' from command line to 'False'
[0.361s] Level 5:colcon.colcon_core.verb:set package 'sjtu_drone_bringup' build argument 'cmake_clean_first' from command line to 'False'
[0.361s] Level 5:colcon.colcon_core.verb:set package 'sjtu_drone_bringup' build argument 'cmake_force_configure' from command line to 'False'
[0.361s] Level 5:colcon.colcon_core.verb:set package 'sjtu_drone_bringup' build argument 'ament_cmake_args' from command line to 'None'
[0.361s] Level 5:colcon.colcon_core.verb:set package 'sjtu_drone_bringup' build argument 'catkin_cmake_args' from command line to 'None'
[0.361s] Level 5:colcon.colcon_core.verb:set package 'sjtu_drone_bringup' build argument 'catkin_skip_building_tests' from command line to 'False'
[0.361s] DEBUG:colcon.colcon_core.verb:Building package 'sjtu_drone_bringup' with the following arguments: {'ament_cmake_args': None, 'build_base': '/home/roboticist/0_Projects/tail_mate/build/sjtu_drone_bringup', 'catkin_cmake_args': None, 'catkin_skip_building_tests': False, 'cmake_args': None, 'cmake_clean_cache': False, 'cmake_clean_first': False, 'cmake_force_configure': False, 'cmake_target': None, 'cmake_target_skip_unavailable': False, 'install_base': '/home/roboticist/0_Projects/tail_mate/install/sjtu_drone_bringup', 'merge_install': False, 'path': '/home/roboticist/0_Projects/tail_mate/src/sjtu_drone/sjtu_drone_bringup', 'symlink_install': False, 'test_result_base': None}
[0.361s] Level 5:colcon.colcon_core.verb:set package 'sjtu_drone_control' build argument 'cmake_args' from command line to 'None'
[0.361s] Level 5:colcon.colcon_core.verb:set package 'sjtu_drone_control' build argument 'cmake_target' from command line to 'None'
[0.361s] Level 5:colcon.colcon_core.verb:set package 'sjtu_drone_control' build argument 'cmake_target_skip_unavailable' from command line to 'False'
[0.362s] Level 5:colcon.colcon_core.verb:set package 'sjtu_drone_control' build argument 'cmake_clean_cache' from command line to 'False'
[0.362s] Level 5:colcon.colcon_core.verb:set package 'sjtu_drone_control' build argument 'cmake_clean_first' from command line to 'False'
[0.362s] Level 5:colcon.colcon_core.verb:set package 'sjtu_drone_control' build argument 'cmake_force_configure' from command line to 'False'
[0.362s] Level 5:colcon.colcon_core.verb:set package 'sjtu_drone_control' build argument 'ament_cmake_args' from command line to 'None'
[0.362s] Level 5:colcon.colcon_core.verb:set package 'sjtu_drone_control' build argument 'catkin_cmake_args' from command line to 'None'
[0.362s] Level 5:colcon.colcon_core.verb:set package 'sjtu_drone_control' build argument 'catkin_skip_building_tests' from command line to 'False'
[0.362s] DEBUG:colcon.colcon_core.verb:Building package 'sjtu_drone_control' with the following arguments: {'ament_cmake_args': None, 'build_base': '/home/roboticist/0_Projects/tail_mate/build/sjtu_drone_control', 'catkin_cmake_args': None, 'catkin_skip_building_tests': False, 'cmake_args': None, 'cmake_clean_cache': False, 'cmake_clean_first': False, 'cmake_force_configure': False, 'cmake_target': None, 'cmake_target_skip_unavailable': False, 'install_base': '/home/roboticist/0_Projects/tail_mate/install/sjtu_drone_control', 'merge_install': False, 'path': '/home/roboticist/0_Projects/tail_mate/src/sjtu_drone/sjtu_drone_control', 'symlink_install': False, 'test_result_base': None}
[0.362s] Level 5:colcon.colcon_core.verb:set package 'sjtu_drone_description' build argument 'cmake_args' from command line to 'None'
[0.362s] Level 5:colcon.colcon_core.verb:set package 'sjtu_drone_description' build argument 'cmake_target' from command line to 'None'
[0.362s] Level 5:colcon.colcon_core.verb:set package 'sjtu_drone_description' build argument 'cmake_target_skip_unavailable' from command line to 'False'
[0.362s] Level 5:colcon.colcon_core.verb:set package 'sjtu_drone_description' build argument 'cmake_clean_cache' from command line to 'False'
[0.362s] Level 5:colcon.colcon_core.verb:set package 'sjtu_drone_description' build argument 'cmake_clean_first' from command line to 'False'
[0.362s] Level 5:colcon.colcon_core.verb:set package 'sjtu_drone_description' build argument 'cmake_force_configure' from command line to 'False'
[0.362s] Level 5:colcon.colcon_core.verb:set package 'sjtu_drone_description' build argument 'ament_cmake_args' from command line to 'None'
[0.362s] Level 5:colcon.colcon_core.verb:set package 'sjtu_drone_description' build argument 'catkin_cmake_args' from command line to 'None'
[0.362s] Level 5:colcon.colcon_core.verb:set package 'sjtu_drone_description' build argument 'catkin_skip_building_tests' from command line to 'False'
[0.362s] DEBUG:colcon.colcon_core.verb:Building package 'sjtu_drone_description' with the following arguments: {'ament_cmake_args': None, 'build_base': '/home/roboticist/0_Projects/tail_mate/build/sjtu_drone_description', 'catkin_cmake_args': None, 'catkin_skip_building_tests': False, 'cmake_args': None, 'cmake_clean_cache': False, 'cmake_clean_first': False, 'cmake_force_configure': False, 'cmake_target': None, 'cmake_target_skip_unavailable': False, 'install_base': '/home/roboticist/0_Projects/tail_mate/install/sjtu_drone_description', 'merge_install': False, 'path': '/home/roboticist/0_Projects/tail_mate/src/sjtu_drone/sjtu_drone_description', 'symlink_install': False, 'test_result_base': None}
[0.362s] Level 5:colcon.colcon_core.verb:set package 'turtlebot3_fake_node' build argument 'cmake_args' from command line to 'None'
[0.363s] Level 5:colcon.colcon_core.verb:set package 'turtlebot3_fake_node' build argument 'cmake_target' from command line to 'None'
[0.363s] Level 5:colcon.colcon_core.verb:set package 'turtlebot3_fake_node' build argument 'cmake_target_skip_unavailable' from command line to 'False'
[0.363s] Level 5:colcon.colcon_core.verb:set package 'turtlebot3_fake_node' build argument 'cmake_clean_cache' from command line to 'False'
[0.363s] Level 5:colcon.colcon_core.verb:set package 'turtlebot3_fake_node' build argument 'cmake_clean_first' from command line to 'False'
[0.363s] Level 5:colcon.colcon_core.verb:set package 'turtlebot3_fake_node' build argument 'cmake_force_configure' from command line to 'False'
[0.363s] Level 5:colcon.colcon_core.verb:set package 'turtlebot3_fake_node' build argument 'ament_cmake_args' from command line to 'None'
[0.363s] Level 5:colcon.colcon_core.verb:set package 'turtlebot3_fake_node' build argument 'catkin_cmake_args' from command line to 'None'
[0.363s] Level 5:colcon.colcon_core.verb:set package 'turtlebot3_fake_node' build argument 'catkin_skip_building_tests' from command line to 'False'
[0.363s] DEBUG:colcon.colcon_core.verb:Building package 'turtlebot3_fake_node' with the following arguments: {'ament_cmake_args': None, 'build_base': '/home/roboticist/0_Projects/tail_mate/build/turtlebot3_fake_node', 'catkin_cmake_args': None, 'catkin_skip_building_tests': False, 'cmake_args': None, 'cmake_clean_cache': False, 'cmake_clean_first': False, 'cmake_force_configure': False, 'cmake_target': None, 'cmake_target_skip_unavailable': False, 'install_base': '/home/roboticist/0_Projects/tail_mate/install/turtlebot3_fake_node', 'merge_install': False, 'path': '/home/roboticist/0_Projects/tail_mate/src/turtlebot3_simulations/turtlebot3_fake_node', 'symlink_install': False, 'test_result_base': None}
[0.363s] Level 5:colcon.colcon_core.verb:set package 'turtlebot3_gazebo' build argument 'cmake_args' from command line to 'None'
[0.363s] Level 5:colcon.colcon_core.verb:set package 'turtlebot3_gazebo' build argument 'cmake_target' from command line to 'None'
[0.363s] Level 5:colcon.colcon_core.verb:set package 'turtlebot3_gazebo' build argument 'cmake_target_skip_unavailable' from command line to 'False'
[0.363s] Level 5:colcon.colcon_core.verb:set package 'turtlebot3_gazebo' build argument 'cmake_clean_cache' from command line to 'False'
[0.363s] Level 5:colcon.colcon_core.verb:set package 'turtlebot3_gazebo' build argument 'cmake_clean_first' from command line to 'False'
[0.363s] Level 5:colcon.colcon_core.verb:set package 'turtlebot3_gazebo' build argument 'cmake_force_configure' from command line to 'False'
[0.363s] Level 5:colcon.colcon_core.verb:set package 'turtlebot3_gazebo' build argument 'ament_cmake_args' from command line to 'None'
[0.363s] Level 5:colcon.colcon_core.verb:set package 'turtlebot3_gazebo' build argument 'catkin_cmake_args' from command line to 'None'
[0.363s] Level 5:colcon.colcon_core.verb:set package 'turtlebot3_gazebo' build argument 'catkin_skip_building_tests' from command line to 'False'
[0.363s] DEBUG:colcon.colcon_core.verb:Building package 'turtlebot3_gazebo' with the following arguments: {'ament_cmake_args': None, 'build_base': '/home/roboticist/0_Projects/tail_mate/build/turtlebot3_gazebo', 'catkin_cmake_args': None, 'catkin_skip_building_tests': False, 'cmake_args': None, 'cmake_clean_cache': False, 'cmake_clean_first': False, 'cmake_force_configure': False, 'cmake_target': None, 'cmake_target_skip_unavailable': False, 'install_base': '/home/roboticist/0_Projects/tail_mate/install/turtlebot3_gazebo', 'merge_install': False, 'path': '/home/roboticist/0_Projects/tail_mate/src/turtlebot3_simulations/turtlebot3_gazebo', 'symlink_install': False, 'test_result_base': None}
[0.364s] Level 5:colcon.colcon_core.verb:set package 'turtlebot3_simulations' build argument 'cmake_args' from command line to 'None'
[0.364s] Level 5:colcon.colcon_core.verb:set package 'turtlebot3_simulations' build argument 'cmake_target' from command line to 'None'
[0.364s] Level 5:colcon.colcon_core.verb:set package 'turtlebot3_simulations' build argument 'cmake_target_skip_unavailable' from command line to 'False'
[0.364s] Level 5:colcon.colcon_core.verb:set package 'turtlebot3_simulations' build argument 'cmake_clean_cache' from command line to 'False'
[0.364s] Level 5:colcon.colcon_core.verb:set package 'turtlebot3_simulations' build argument 'cmake_clean_first' from command line to 'False'
[0.364s] Level 5:colcon.colcon_core.verb:set package 'turtlebot3_simulations' build argument 'cmake_force_configure' from command line to 'False'
[0.364s] Level 5:colcon.colcon_core.verb:set package 'turtlebot3_simulations' build argument 'ament_cmake_args' from command line to 'None'
[0.364s] Level 5:colcon.colcon_core.verb:set package 'turtlebot3_simulations' build argument 'catkin_cmake_args' from command line to 'None'
[0.364s] Level 5:colcon.colcon_core.verb:set package 'turtlebot3_simulations' build argument 'catkin_skip_building_tests' from command line to 'False'
[0.364s] DEBUG:colcon.colcon_core.verb:Building package 'turtlebot3_simulations' with the following arguments: {'ament_cmake_args': None, 'build_base': '/home/roboticist/0_Projects/tail_mate/build/turtlebot3_simulations', 'catkin_cmake_args': None, 'catkin_skip_building_tests': False, 'cmake_args': None, 'cmake_clean_cache': False, 'cmake_clean_first': False, 'cmake_force_configure': False, 'cmake_target': None, 'cmake_target_skip_unavailable': False, 'install_base': '/home/roboticist/0_Projects/tail_mate/install/turtlebot3_simulations', 'merge_install': False, 'path': '/home/roboticist/0_Projects/tail_mate/src/turtlebot3_simulations/turtlebot3_simulations', 'symlink_install': False, 'test_result_base': None}
[0.364s] INFO:colcon.colcon_core.executor:Executing jobs using 'parallel' executor
[0.365s] DEBUG:colcon.colcon_parallel_executor.executor.parallel:run_until_complete
[0.365s] INFO:colcon.colcon_ros.task.ament_cmake.build:Building ROS package in '/home/roboticist/0_Projects/tail_mate/src/turtlebot3_simulations/turtlebot3_fake_node' with build type 'ament_cmake'
[0.365s] INFO:colcon.colcon_cmake.task.cmake.build:Building CMake package in '/home/roboticist/0_Projects/tail_mate/src/turtlebot3_simulations/turtlebot3_fake_node'
[0.367s] INFO:colcon.colcon_core.plugin_system:Skipping extension 'colcon_core.shell.bat': Not used on non-Windows systems
[0.367s] INFO:colcon.colcon_core.shell:Skip shell extension 'powershell' for command environment: Not usable outside of PowerShell
[0.367s] DEBUG:colcon.colcon_core.shell:Skip shell extension 'dsv' for command environment
[0.371s] INFO:colcon.colcon_ros.task.ament_cmake.build:Building ROS package in '/home/roboticist/0_Projects/tail_mate/src/turtlebot3_simulations/turtlebot3_gazebo' with build type 'ament_cmake'
[0.371s] INFO:colcon.colcon_cmake.task.cmake.build:Building CMake package in '/home/roboticist/0_Projects/tail_mate/src/turtlebot3_simulations/turtlebot3_gazebo'
[0.371s] INFO:colcon.colcon_core.shell:Skip shell extension 'powershell' for command environment: Not usable outside of PowerShell
[0.371s] DEBUG:colcon.colcon_core.shell:Skip shell extension 'dsv' for command environment
[0.375s] INFO:colcon.colcon_ros.task.ament_cmake.build:Building ROS package in '/home/roboticist/0_Projects/tail_mate/src/followme_drone' with build type 'ament_cmake'
[0.375s] INFO:colcon.colcon_cmake.task.cmake.build:Building CMake package in '/home/roboticist/0_Projects/tail_mate/src/followme_drone'
[0.375s] INFO:colcon.colcon_core.shell:Skip shell extension 'powershell' for command environment: Not usable outside of PowerShell
[0.375s] DEBUG:colcon.colcon_core.shell:Skip shell extension 'dsv' for command environment
[0.379s] INFO:colcon.colcon_ros.task.ament_python.build:Building ROS package in '/home/roboticist/0_Projects/tail_mate/src/sjtu_drone/sjtu_drone_bringup' with build type 'ament_python'
[0.379s] Level 1:colcon.colcon_core.shell:create_environment_hook('sjtu_drone_bringup', 'ament_prefix_path')
[0.379s] INFO:colcon.colcon_core.shell:Creating environment hook '/home/roboticist/0_Projects/tail_mate/install/sjtu_drone_bringup/share/sjtu_drone_bringup/hook/ament_prefix_path.ps1'
[0.380s] INFO:colcon.colcon_core.shell:Creating environment descriptor '/home/roboticist/0_Projects/tail_mate/install/sjtu_drone_bringup/share/sjtu_drone_bringup/hook/ament_prefix_path.dsv'
[0.380s] INFO:colcon.colcon_core.shell:Creating environment hook '/home/roboticist/0_Projects/tail_mate/install/sjtu_drone_bringup/share/sjtu_drone_bringup/hook/ament_prefix_path.sh'
[0.381s] INFO:colcon.colcon_core.shell:Skip shell extension 'powershell' for command environment: Not usable outside of PowerShell
[0.381s] DEBUG:colcon.colcon_core.shell:Skip shell extension 'dsv' for command environment
[0.384s] INFO:colcon.colcon_ros.task.ament_python.build:Building ROS package in '/home/roboticist/0_Projects/tail_mate/src/sjtu_drone/sjtu_drone_control' with build type 'ament_python'
[0.385s] Level 1:colcon.colcon_core.shell:create_environment_hook('sjtu_drone_control', 'ament_prefix_path')
[0.385s] INFO:colcon.colcon_core.shell:Creating environment hook '/home/roboticist/0_Projects/tail_mate/install/sjtu_drone_control/share/sjtu_drone_control/hook/ament_prefix_path.ps1'
[0.385s] INFO:colcon.colcon_core.shell:Creating environment descriptor '/home/roboticist/0_Projects/tail_mate/install/sjtu_drone_control/share/sjtu_drone_control/hook/ament_prefix_path.dsv'
[0.385s] INFO:colcon.colcon_core.shell:Creating environment hook '/home/roboticist/0_Projects/tail_mate/install/sjtu_drone_control/share/sjtu_drone_control/hook/ament_prefix_path.sh'
[0.386s] INFO:colcon.colcon_core.shell:Skip shell extension 'powershell' for command environment: Not usable outside of PowerShell
[0.386s] DEBUG:colcon.colcon_core.shell:Skip shell extension 'dsv' for command environment
[0.389s] INFO:colcon.colcon_ros.task.ament_cmake.build:Building ROS package in '/home/roboticist/0_Projects/tail_mate/src/sjtu_drone/sjtu_drone_description' with build type 'ament_cmake'
[0.390s] INFO:colcon.colcon_cmake.task.cmake.build:Building CMake package in '/home/roboticist/0_Projects/tail_mate/src/sjtu_drone/sjtu_drone_description'
[0.390s] INFO:colcon.colcon_core.shell:Skip shell extension 'powershell' for command environment: Not usable outside of PowerShell
[0.390s] DEBUG:colcon.colcon_core.shell:Skip shell extension 'dsv' for command environment
[0.399s] DEBUG:colcon.colcon_core.event_handler.log_command:Invoking command in '/home/roboticist/0_Projects/tail_mate/build/turtlebot3_fake_node': CMAKE_PREFIX_PATH=${CMAKE_PREFIX_PATH}:/home/roboticist/0_Projects/tail_mate/install/sjtu_drone_control:/home/roboticist/0_Projects/tail_mate/install/sjtu_drone_bringup:/opt/ros/humble /usr/bin/cmake --build /home/roboticist/0_Projects/tail_mate/build/turtlebot3_fake_node -- -j20 -l20
[0.402s] DEBUG:colcon.colcon_core.event_handler.log_command:Invoking command in '/home/roboticist/0_Projects/tail_mate/build/turtlebot3_gazebo': CMAKE_PREFIX_PATH=${CMAKE_PREFIX_PATH}:/home/roboticist/0_Projects/tail_mate/install/sjtu_drone_control:/home/roboticist/0_Projects/tail_mate/install/sjtu_drone_bringup:/opt/ros/humble /usr/bin/cmake --build /home/roboticist/0_Projects/tail_mate/build/turtlebot3_gazebo -- -j20 -l20
[0.405s] DEBUG:colcon.colcon_core.event_handler.log_command:Invoking command in '/home/roboticist/0_Projects/tail_mate/build/followme_drone': CMAKE_PREFIX_PATH=${CMAKE_PREFIX_PATH}:/home/roboticist/0_Projects/tail_mate/install/sjtu_drone_control:/home/roboticist/0_Projects/tail_mate/install/sjtu_drone_bringup:/opt/ros/humble /usr/bin/cmake --build /home/roboticist/0_Projects/tail_mate/build/followme_drone -- -j20 -l20
[0.643s] INFO:colcon.colcon_core.task.python.build:Building Python package in '/home/roboticist/0_Projects/tail_mate/src/sjtu_drone/sjtu_drone_bringup'
[0.643s] INFO:colcon.colcon_core.shell:Skip shell extension 'powershell' for command environment: Not usable outside of PowerShell
[0.644s] DEBUG:colcon.colcon_core.shell:Skip shell extension 'dsv' for command environment
[0.881s] INFO:colcon.colcon_core.task.python.build:Building Python package in '/home/roboticist/0_Projects/tail_mate/src/sjtu_drone/sjtu_drone_control'
[0.881s] INFO:colcon.colcon_core.shell:Skip shell extension 'powershell' for command environment: Not usable outside of PowerShell
[0.881s] DEBUG:colcon.colcon_core.shell:Skip shell extension 'dsv' for command environment
[0.890s] DEBUG:colcon.colcon_core.event_handler.log_command:Invoking command in '/home/roboticist/0_Projects/tail_mate/build/sjtu_drone_description': CMAKE_PREFIX_PATH=${CMAKE_PREFIX_PATH}:/home/roboticist/0_Projects/tail_mate/install/sjtu_drone_control:/home/roboticist/0_Projects/tail_mate/install/sjtu_drone_bringup:/opt/ros/humble /usr/bin/cmake --build /home/roboticist/0_Projects/tail_mate/build/sjtu_drone_description -- -j20 -l20
[0.892s] DEBUG:colcon.colcon_core.event_handler.log_command:Invoked command in '/home/roboticist/0_Projects/tail_mate/build/turtlebot3_fake_node' returned '0': CMAKE_PREFIX_PATH=${CMAKE_PREFIX_PATH}:/home/roboticist/0_Projects/tail_mate/install/sjtu_drone_control:/home/roboticist/0_Projects/tail_mate/install/sjtu_drone_bringup:/opt/ros/humble /usr/bin/cmake --build /home/roboticist/0_Projects/tail_mate/build/turtlebot3_fake_node -- -j20 -l20
[0.901s] DEBUG:colcon.colcon_core.event_handler.log_command:Invoking command in '/home/roboticist/0_Projects/tail_mate/build/turtlebot3_fake_node': CMAKE_PREFIX_PATH=${CMAKE_PREFIX_PATH}:/home/roboticist/0_Projects/tail_mate/install/sjtu_drone_control:/home/roboticist/0_Projects/tail_mate/install/sjtu_drone_bringup:/opt/ros/humble /usr/bin/cmake --install /home/roboticist/0_Projects/tail_mate/build/turtlebot3_fake_node
[0.901s] DEBUG:colcon.colcon_core.event_handler.log_command:Invoked command in '/home/roboticist/0_Projects/tail_mate/build/turtlebot3_gazebo' returned '0': CMAKE_PREFIX_PATH=${CMAKE_PREFIX_PATH}:/home/roboticist/0_Projects/tail_mate/install/sjtu_drone_control:/home/roboticist/0_Projects/tail_mate/install/sjtu_drone_bringup:/opt/ros/humble /usr/bin/cmake --build /home/roboticist/0_Projects/tail_mate/build/turtlebot3_gazebo -- -j20 -l20
[0.903s] DEBUG:colcon.colcon_core.event_handler.log_command:Invoking command in '/home/roboticist/0_Projects/tail_mate/build/turtlebot3_gazebo': CMAKE_PREFIX_PATH=${CMAKE_PREFIX_PATH}:/home/roboticist/0_Projects/tail_mate/install/sjtu_drone_control:/home/roboticist/0_Projects/tail_mate/install/sjtu_drone_bringup:/opt/ros/humble /usr/bin/cmake --install /home/roboticist/0_Projects/tail_mate/build/turtlebot3_gazebo
[0.911s] Level 1:colcon.colcon_core.environment:create_environment_scripts_only(turtlebot3_fake_node)
[0.914s] DEBUG:colcon.colcon_core.event_handler.log_command:Invoked command in '/home/roboticist/0_Projects/tail_mate/build/turtlebot3_fake_node' returned '0': CMAKE_PREFIX_PATH=${CMAKE_PREFIX_PATH}:/home/roboticist/0_Projects/tail_mate/install/sjtu_drone_control:/home/roboticist/0_Projects/tail_mate/install/sjtu_drone_bringup:/opt/ros/humble /usr/bin/cmake --install /home/roboticist/0_Projects/tail_mate/build/turtlebot3_fake_node
[0.921s] Level 1:colcon.colcon_core.environment:checking '/home/roboticist/0_Projects/tail_mate/install/turtlebot3_fake_node' for CMake module files
[0.924s] Level 1:colcon.colcon_core.environment:checking '/home/roboticist/0_Projects/tail_mate/install/turtlebot3_fake_node' for CMake config files
[0.929s] Level 1:colcon.colcon_core.shell:create_environment_hook('turtlebot3_fake_node', 'cmake_prefix_path')
[0.929s] INFO:colcon.colcon_core.shell:Creating environment hook '/home/roboticist/0_Projects/tail_mate/install/turtlebot3_fake_node/share/turtlebot3_fake_node/hook/cmake_prefix_path.ps1'
[0.929s] INFO:colcon.colcon_core.shell:Creating environment descriptor '/home/roboticist/0_Projects/tail_mate/install/turtlebot3_fake_node/share/turtlebot3_fake_node/hook/cmake_prefix_path.dsv'
[0.930s] INFO:colcon.colcon_core.shell:Creating environment hook '/home/roboticist/0_Projects/tail_mate/install/turtlebot3_fake_node/share/turtlebot3_fake_node/hook/cmake_prefix_path.sh'
[0.930s] Level 1:colcon.colcon_core.environment:checking '/home/roboticist/0_Projects/tail_mate/install/turtlebot3_fake_node/lib'
[0.930s] Level 1:colcon.colcon_core.environment:checking '/home/roboticist/0_Projects/tail_mate/install/turtlebot3_fake_node/bin'
[0.930s] Level 1:colcon.colcon_core.environment:checking '/home/roboticist/0_Projects/tail_mate/install/turtlebot3_fake_node/lib/pkgconfig/turtlebot3_fake_node.pc'
[0.931s] Level 1:colcon.colcon_core.environment:checking '/home/roboticist/0_Projects/tail_mate/install/turtlebot3_fake_node/lib/python3.10/site-packages'
[0.931s] Level 1:colcon.colcon_core.environment:checking '/home/roboticist/0_Projects/tail_mate/install/turtlebot3_fake_node/bin'
[0.931s] INFO:colcon.colcon_core.shell:Creating package script '/home/roboticist/0_Projects/tail_mate/install/turtlebot3_fake_node/share/turtlebot3_fake_node/package.ps1'
[0.932s] INFO:colcon.colcon_core.shell:Creating package descriptor '/home/roboticist/0_Projects/tail_mate/install/turtlebot3_fake_node/share/turtlebot3_fake_node/package.dsv'
[0.932s] INFO:colcon.colcon_core.shell:Creating package script '/home/roboticist/0_Projects/tail_mate/install/turtlebot3_fake_node/share/turtlebot3_fake_node/package.sh'
[0.933s] INFO:colcon.colcon_core.shell:Creating package script '/home/roboticist/0_Projects/tail_mate/install/turtlebot3_fake_node/share/turtlebot3_fake_node/package.bash'
[0.933s] INFO:colcon.colcon_core.shell:Creating package script '/home/roboticist/0_Projects/tail_mate/install/turtlebot3_fake_node/share/turtlebot3_fake_node/package.zsh'
[0.934s] Level 1:colcon.colcon_core.environment:create_file_with_runtime_dependencies(/home/roboticist/0_Projects/tail_mate/install/turtlebot3_fake_node/share/colcon-core/packages/turtlebot3_fake_node)
[0.935s] Level 1:colcon.colcon_core.environment:create_environment_scripts_only(turtlebot3_fake_node)
[0.935s] Level 1:colcon.colcon_core.environment:checking '/home/roboticist/0_Projects/tail_mate/install/turtlebot3_fake_node' for CMake module files
[0.935s] Level 1:colcon.colcon_core.environment:checking '/home/roboticist/0_Projects/tail_mate/install/turtlebot3_fake_node' for CMake config files
[0.936s] Level 1:colcon.colcon_core.shell:create_environment_hook('turtlebot3_fake_node', 'cmake_prefix_path')
[0.936s] INFO:colcon.colcon_core.shell:Creating environment hook '/home/roboticist/0_Projects/tail_mate/install/turtlebot3_fake_node/share/turtlebot3_fake_node/hook/cmake_prefix_path.ps1'
[0.936s] INFO:colcon.colcon_core.shell:Creating environment descriptor '/home/roboticist/0_Projects/tail_mate/install/turtlebot3_fake_node/share/turtlebot3_fake_node/hook/cmake_prefix_path.dsv'
[0.937s] INFO:colcon.colcon_core.shell:Creating environment hook '/home/roboticist/0_Projects/tail_mate/install/turtlebot3_fake_node/share/turtlebot3_fake_node/hook/cmake_prefix_path.sh'
[0.937s] Level 1:colcon.colcon_core.environment:checking '/home/roboticist/0_Projects/tail_mate/install/turtlebot3_fake_node/lib'
[0.937s] Level 1:colcon.colcon_core.environment:checking '/home/roboticist/0_Projects/tail_mate/install/turtlebot3_fake_node/bin'
[0.937s] Level 1:colcon.colcon_core.environment:checking '/home/roboticist/0_Projects/tail_mate/install/turtlebot3_fake_node/lib/pkgconfig/turtlebot3_fake_node.pc'
[0.937s] Level 1:colcon.colcon_core.environment:checking '/home/roboticist/0_Projects/tail_mate/install/turtlebot3_fake_node/lib/python3.10/site-packages'
[0.938s] Level 1:colcon.colcon_core.environment:checking '/home/roboticist/0_Projects/tail_mate/install/turtlebot3_fake_node/bin'
[0.938s] INFO:colcon.colcon_core.shell:Creating package script '/home/roboticist/0_Projects/tail_mate/install/turtlebot3_fake_node/share/turtlebot3_fake_node/package.ps1'
[0.938s] INFO:colcon.colcon_core.shell:Creating package descriptor '/home/roboticist/0_Projects/tail_mate/install/turtlebot3_fake_node/share/turtlebot3_fake_node/package.dsv'
[0.939s] INFO:colcon.colcon_core.shell:Creating package script '/home/roboticist/0_Projects/tail_mate/install/turtlebot3_fake_node/share/turtlebot3_fake_node/package.sh'
[0.939s] INFO:colcon.colcon_core.shell:Creating package script '/home/roboticist/0_Projects/tail_mate/install/turtlebot3_fake_node/share/turtlebot3_fake_node/package.bash'
[0.939s] INFO:colcon.colcon_core.shell:Creating package script '/home/roboticist/0_Projects/tail_mate/install/turtlebot3_fake_node/share/turtlebot3_fake_node/package.zsh'
[0.940s] Level 1:colcon.colcon_core.environment:create_file_with_runtime_dependencies(/home/roboticist/0_Projects/tail_mate/install/turtlebot3_fake_node/share/colcon-core/packages/turtlebot3_fake_node)
[0.941s] Level 1:colcon.colcon_core.environment:create_environment_scripts_only(turtlebot3_gazebo)
[0.941s] Level 1:colcon.colcon_core.environment:checking '/home/roboticist/0_Projects/tail_mate/install/turtlebot3_gazebo' for CMake module files
[0.941s] DEBUG:colcon.colcon_core.event_handler.log_command:Invoked command in '/home/roboticist/0_Projects/tail_mate/build/turtlebot3_gazebo' returned '0': CMAKE_PREFIX_PATH=${CMAKE_PREFIX_PATH}:/home/roboticist/0_Projects/tail_mate/install/sjtu_drone_control:/home/roboticist/0_Projects/tail_mate/install/sjtu_drone_bringup:/opt/ros/humble /usr/bin/cmake --install /home/roboticist/0_Projects/tail_mate/build/turtlebot3_gazebo
[0.942s] Level 1:colcon.colcon_core.environment:checking '/home/roboticist/0_Projects/tail_mate/install/turtlebot3_gazebo' for CMake config files
[0.943s] Level 1:colcon.colcon_core.shell:create_environment_hook('turtlebot3_gazebo', 'cmake_prefix_path')
[0.943s] INFO:colcon.colcon_core.shell:Creating environment hook '/home/roboticist/0_Projects/tail_mate/install/turtlebot3_gazebo/share/turtlebot3_gazebo/hook/cmake_prefix_path.ps1'
[0.944s] INFO:colcon.colcon_core.shell:Creating environment descriptor '/home/roboticist/0_Projects/tail_mate/install/turtlebot3_gazebo/share/turtlebot3_gazebo/hook/cmake_prefix_path.dsv'
[0.944s] INFO:colcon.colcon_core.shell:Creating environment hook '/home/roboticist/0_Projects/tail_mate/install/turtlebot3_gazebo/share/turtlebot3_gazebo/hook/cmake_prefix_path.sh'
[0.945s] Level 1:colcon.colcon_core.environment:checking '/home/roboticist/0_Projects/tail_mate/install/turtlebot3_gazebo/lib'
[0.945s] Level 1:colcon.colcon_core.environment:checking '/home/roboticist/0_Projects/tail_mate/install/turtlebot3_gazebo/bin'
[0.945s] Level 1:colcon.colcon_core.environment:checking '/home/roboticist/0_Projects/tail_mate/install/turtlebot3_gazebo/lib/pkgconfig/turtlebot3_gazebo.pc'
[0.945s] Level 1:colcon.colcon_core.environment:checking '/home/roboticist/0_Projects/tail_mate/install/turtlebot3_gazebo/lib/python3.10/site-packages'
[0.945s] Level 1:colcon.colcon_core.environment:checking '/home/roboticist/0_Projects/tail_mate/install/turtlebot3_gazebo/bin'
[0.945s] INFO:colcon.colcon_core.shell:Creating package script '/home/roboticist/0_Projects/tail_mate/install/turtlebot3_gazebo/share/turtlebot3_gazebo/package.ps1'
[0.946s] INFO:colcon.colcon_core.shell:Creating package descriptor '/home/roboticist/0_Projects/tail_mate/install/turtlebot3_gazebo/share/turtlebot3_gazebo/package.dsv'
[0.946s] INFO:colcon.colcon_core.shell:Creating package script '/home/roboticist/0_Projects/tail_mate/install/turtlebot3_gazebo/share/turtlebot3_gazebo/package.sh'
[0.947s] INFO:colcon.colcon_core.shell:Creating package script '/home/roboticist/0_Projects/tail_mate/install/turtlebot3_gazebo/share/turtlebot3_gazebo/package.bash'
[0.947s] INFO:colcon.colcon_core.shell:Creating package script '/home/roboticist/0_Projects/tail_mate/install/turtlebot3_gazebo/share/turtlebot3_gazebo/package.zsh'
[0.947s] Level 1:colcon.colcon_core.environment:create_file_with_runtime_dependencies(/home/roboticist/0_Projects/tail_mate/install/turtlebot3_gazebo/share/colcon-core/packages/turtlebot3_gazebo)
[0.948s] Level 1:colcon.colcon_core.environment:create_environment_scripts_only(turtlebot3_gazebo)
[0.948s] Level 1:colcon.colcon_core.environment:checking '/home/roboticist/0_Projects/tail_mate/install/turtlebot3_gazebo' for CMake module files
[0.948s] Level 1:colcon.colcon_core.environment:checking '/home/roboticist/0_Projects/tail_mate/install/turtlebot3_gazebo' for CMake config files
[0.950s] Level 1:colcon.colcon_core.shell:create_environment_hook('turtlebot3_gazebo', 'cmake_prefix_path')
[0.950s] INFO:colcon.colcon_core.shell:Creating environment hook '/home/roboticist/0_Projects/tail_mate/install/turtlebot3_gazebo/share/turtlebot3_gazebo/hook/cmake_prefix_path.ps1'
[0.950s] INFO:colcon.colcon_core.shell:Creating environment descriptor '/home/roboticist/0_Projects/tail_mate/install/turtlebot3_gazebo/share/turtlebot3_gazebo/hook/cmake_prefix_path.dsv'
[0.951s] INFO:colcon.colcon_core.shell:Creating environment hook '/home/roboticist/0_Projects/tail_mate/install/turtlebot3_gazebo/share/turtlebot3_gazebo/hook/cmake_prefix_path.sh'
[0.951s] Level 1:colcon.colcon_core.environment:checking '/home/roboticist/0_Projects/tail_mate/install/turtlebot3_gazebo/lib'
[0.951s] Level 1:colcon.colcon_core.environment:checking '/home/roboticist/0_Projects/tail_mate/install/turtlebot3_gazebo/bin'
[0.951s] Level 1:colcon.colcon_core.environment:checking '/home/roboticist/0_Projects/tail_mate/install/turtlebot3_gazebo/lib/pkgconfig/turtlebot3_gazebo.pc'
[0.952s] Level 1:colcon.colcon_core.environment:checking '/home/roboticist/0_Projects/tail_mate/install/turtlebot3_gazebo/lib/python3.10/site-packages'
[0.952s] Level 1:colcon.colcon_core.environment:checking '/home/roboticist/0_Projects/tail_mate/install/turtlebot3_gazebo/bin'
[0.952s] INFO:colcon.colcon_core.shell:Creating package script '/home/roboticist/0_Projects/tail_mate/install/turtlebot3_gazebo/share/turtlebot3_gazebo/package.ps1'
[0.952s] INFO:colcon.colcon_core.shell:Creating package descriptor '/home/roboticist/0_Projects/tail_mate/install/turtlebot3_gazebo/share/turtlebot3_gazebo/package.dsv'
[0.952s] INFO:colcon.colcon_core.shell:Creating package script '/home/roboticist/0_Projects/tail_mate/install/turtlebot3_gazebo/share/turtlebot3_gazebo/package.sh'
[0.953s] INFO:colcon.colcon_core.shell:Creating package script '/home/roboticist/0_Projects/tail_mate/install/turtlebot3_gazebo/share/turtlebot3_gazebo/package.bash'
[0.953s] INFO:colcon.colcon_core.shell:Creating package script '/home/roboticist/0_Projects/tail_mate/install/turtlebot3_gazebo/share/turtlebot3_gazebo/package.zsh'
[0.953s] Level 1:colcon.colcon_core.environment:create_file_with_runtime_dependencies(/home/roboticist/0_Projects/tail_mate/install/turtlebot3_gazebo/share/colcon-core/packages/turtlebot3_gazebo)
[0.953s] INFO:colcon.colcon_ros.task.ament_cmake.build:Building ROS package in '/home/roboticist/0_Projects/tail_mate/src/turtlebot3_simulations/turtlebot3_simulations' with build type 'ament_cmake'
[0.953s] INFO:colcon.colcon_cmake.task.cmake.build:Building CMake package in '/home/roboticist/0_Projects/tail_mate/src/turtlebot3_simulations/turtlebot3_simulations'
[0.953s] INFO:colcon.colcon_core.shell:Skip shell extension 'powershell' for command environment: Not usable outside of PowerShell
[0.953s] DEBUG:colcon.colcon_core.shell:Skip shell extension 'dsv' for command environment
[0.962s] DEBUG:colcon.colcon_core.event_handler.log_command:Invoking command in '/home/roboticist/0_Projects/tail_mate/build/turtlebot3_simulations': CMAKE_PREFIX_PATH=/home/roboticist/0_Projects/tail_mate/install/turtlebot3_gazebo:/home/roboticist/0_Projects/tail_mate/install/turtlebot3_fake_node:/home/roboticist/0_Projects/tail_mate/install/turtlebot3_simulations:/home/roboticist/0_Projects/tail_mate/install/sjtu_drone_description:/home/roboticist/0_Projects/tail_mate/install/followme_drone:/home/roboticist/0_Projects/tail_mate/install/sjtu_drone_control:/home/roboticist/0_Projects/tail_mate/install/sjtu_drone_bringup:/opt/ros/humble /usr/bin/cmake --build /home/roboticist/0_Projects/tail_mate/build/turtlebot3_simulations -- -j20 -l20
[0.968s] DEBUG:colcon.colcon_core.event_handler.log_command:Invoked command in '/home/roboticist/0_Projects/tail_mate/build/sjtu_drone_description' returned '0': CMAKE_PREFIX_PATH=${CMAKE_PREFIX_PATH}:/home/roboticist/0_Projects/tail_mate/install/sjtu_drone_control:/home/roboticist/0_Projects/tail_mate/install/sjtu_drone_bringup:/opt/ros/humble /usr/bin/cmake --build /home/roboticist/0_Projects/tail_mate/build/sjtu_drone_description -- -j20 -l20
[0.970s] DEBUG:colcon.colcon_core.event_handler.log_command:Invoking command in '/home/roboticist/0_Projects/tail_mate/build/sjtu_drone_description': CMAKE_PREFIX_PATH=${CMAKE_PREFIX_PATH}:/home/roboticist/0_Projects/tail_mate/install/sjtu_drone_control:/home/roboticist/0_Projects/tail_mate/install/sjtu_drone_bringup:/opt/ros/humble /usr/bin/cmake --install /home/roboticist/0_Projects/tail_mate/build/sjtu_drone_description
[0.979s] Level 1:colcon.colcon_core.environment:create_environment_scripts_only(sjtu_drone_description)
[0.980s] Level 1:colcon.colcon_core.environment:checking '/home/roboticist/0_Projects/tail_mate/install/sjtu_drone_description' for CMake module files
[0.980s] DEBUG:colcon.colcon_core.event_handler.log_command:Invoked command in '/home/roboticist/0_Projects/tail_mate/build/sjtu_drone_description' returned '0': CMAKE_PREFIX_PATH=${CMAKE_PREFIX_PATH}:/home/roboticist/0_Projects/tail_mate/install/sjtu_drone_control:/home/roboticist/0_Projects/tail_mate/install/sjtu_drone_bringup:/opt/ros/humble /usr/bin/cmake --install /home/roboticist/0_Projects/tail_mate/build/sjtu_drone_description
[0.980s] Level 1:colcon.colcon_core.environment:checking '/home/roboticist/0_Projects/tail_mate/install/sjtu_drone_description' for CMake config files
[0.981s] Level 1:colcon.colcon_core.shell:create_environment_hook('sjtu_drone_description', 'cmake_prefix_path')
[0.981s] INFO:colcon.colcon_core.shell:Creating environment hook '/home/roboticist/0_Projects/tail_mate/install/sjtu_drone_description/share/sjtu_drone_description/hook/cmake_prefix_path.ps1'
[0.981s] INFO:colcon.colcon_core.shell:Creating environment descriptor '/home/roboticist/0_Projects/tail_mate/install/sjtu_drone_description/share/sjtu_drone_description/hook/cmake_prefix_path.dsv'
[0.982s] INFO:colcon.colcon_core.shell:Creating environment hook '/home/roboticist/0_Projects/tail_mate/install/sjtu_drone_description/share/sjtu_drone_description/hook/cmake_prefix_path.sh'
[0.982s] Level 1:colcon.colcon_core.environment:checking '/home/roboticist/0_Projects/tail_mate/install/sjtu_drone_description/lib'
[0.982s] Level 1:colcon.colcon_core.shell:create_environment_hook('sjtu_drone_description', 'ld_library_path_lib')
[0.982s] INFO:colcon.colcon_core.shell:Creating environment hook '/home/roboticist/0_Projects/tail_mate/install/sjtu_drone_description/share/sjtu_drone_description/hook/ld_library_path_lib.ps1'
[0.983s] INFO:colcon.colcon_core.shell:Creating environment descriptor '/home/roboticist/0_Projects/tail_mate/install/sjtu_drone_description/share/sjtu_drone_description/hook/ld_library_path_lib.dsv'
[0.983s] INFO:colcon.colcon_core.shell:Creating environment hook '/home/roboticist/0_Projects/tail_mate/install/sjtu_drone_description/share/sjtu_drone_description/hook/ld_library_path_lib.sh'
[0.983s] Level 1:colcon.colcon_core.environment:checking '/home/roboticist/0_Projects/tail_mate/install/sjtu_drone_description/bin'
[0.984s] Level 1:colcon.colcon_core.environment:checking '/home/roboticist/0_Projects/tail_mate/install/sjtu_drone_description/lib/pkgconfig/sjtu_drone_description.pc'
[0.984s] Level 1:colcon.colcon_core.environment:checking '/home/roboticist/0_Projects/tail_mate/install/sjtu_drone_description/lib/python3.10/site-packages'
[0.984s] Level 1:colcon.colcon_core.environment:checking '/home/roboticist/0_Projects/tail_mate/install/sjtu_drone_description/bin'
[0.984s] INFO:colcon.colcon_core.shell:Creating package script '/home/roboticist/0_Projects/tail_mate/install/sjtu_drone_description/share/sjtu_drone_description/package.ps1'
[0.985s] INFO:colcon.colcon_core.shell:Creating package descriptor '/home/roboticist/0_Projects/tail_mate/install/sjtu_drone_description/share/sjtu_drone_description/package.dsv'
[0.985s] INFO:colcon.colcon_core.shell:Creating package script '/home/roboticist/0_Projects/tail_mate/install/sjtu_drone_description/share/sjtu_drone_description/package.sh'
[0.986s] INFO:colcon.colcon_core.shell:Creating package script '/home/roboticist/0_Projects/tail_mate/install/sjtu_drone_description/share/sjtu_drone_description/package.bash'
[0.986s] INFO:colcon.colcon_core.shell:Creating package script '/home/roboticist/0_Projects/tail_mate/install/sjtu_drone_description/share/sjtu_drone_description/package.zsh'
[0.986s] Level 1:colcon.colcon_core.environment:create_file_with_runtime_dependencies(/home/roboticist/0_Projects/tail_mate/install/sjtu_drone_description/share/colcon-core/packages/sjtu_drone_description)
[0.987s] Level 1:colcon.colcon_core.environment:create_environment_scripts_only(sjtu_drone_description)
[0.987s] Level 1:colcon.colcon_core.environment:checking '/home/roboticist/0_Projects/tail_mate/install/sjtu_drone_description' for CMake module files
[0.987s] Level 1:colcon.colcon_core.environment:checking '/home/roboticist/0_Projects/tail_mate/install/sjtu_drone_description' for CMake config files
[0.988s] Level 1:colcon.colcon_core.shell:create_environment_hook('sjtu_drone_description', 'cmake_prefix_path')
[0.988s] INFO:colcon.colcon_core.shell:Creating environment hook '/home/roboticist/0_Projects/tail_mate/install/sjtu_drone_description/share/sjtu_drone_description/hook/cmake_prefix_path.ps1'
[0.988s] INFO:colcon.colcon_core.shell:Creating environment descriptor '/home/roboticist/0_Projects/tail_mate/install/sjtu_drone_description/share/sjtu_drone_description/hook/cmake_prefix_path.dsv'
[0.989s] INFO:colcon.colcon_core.shell:Creating environment hook '/home/roboticist/0_Projects/tail_mate/install/sjtu_drone_description/share/sjtu_drone_description/hook/cmake_prefix_path.sh'
[0.989s] Level 1:colcon.colcon_core.environment:checking '/home/roboticist/0_Projects/tail_mate/install/sjtu_drone_description/lib'
[0.989s] Level 1:colcon.colcon_core.shell:create_environment_hook('sjtu_drone_description', 'ld_library_path_lib')
[0.989s] INFO:colcon.colcon_core.shell:Creating environment hook '/home/roboticist/0_Projects/tail_mate/install/sjtu_drone_description/share/sjtu_drone_description/hook/ld_library_path_lib.ps1'
[0.990s] INFO:colcon.colcon_core.shell:Creating environment descriptor '/home/roboticist/0_Projects/tail_mate/install/sjtu_drone_description/share/sjtu_drone_description/hook/ld_library_path_lib.dsv'
[0.990s] INFO:colcon.colcon_core.shell:Creating environment hook '/home/roboticist/0_Projects/tail_mate/install/sjtu_drone_description/share/sjtu_drone_description/hook/ld_library_path_lib.sh'
[0.991s] Level 1:colcon.colcon_core.environment:checking '/home/roboticist/0_Projects/tail_mate/install/sjtu_drone_description/bin'
[0.991s] Level 1:colcon.colcon_core.environment:checking '/home/roboticist/0_Projects/tail_mate/install/sjtu_drone_description/lib/pkgconfig/sjtu_drone_description.pc'
[0.991s] Level 1:colcon.colcon_core.environment:checking '/home/roboticist/0_Projects/tail_mate/install/sjtu_drone_description/lib/python3.10/site-packages'
[0.991s] Level 1:colcon.colcon_core.environment:checking '/home/roboticist/0_Projects/tail_mate/install/sjtu_drone_description/bin'
[0.991s] INFO:colcon.colcon_core.shell:Creating package script '/home/roboticist/0_Projects/tail_mate/install/sjtu_drone_description/share/sjtu_drone_description/package.ps1'
[0.992s] INFO:colcon.colcon_core.shell:Creating package descriptor '/home/roboticist/0_Projects/tail_mate/install/sjtu_drone_description/share/sjtu_drone_description/package.dsv'
[0.992s] INFO:colcon.colcon_core.shell:Creating package script '/home/roboticist/0_Projects/tail_mate/install/sjtu_drone_description/share/sjtu_drone_description/package.sh'
[0.993s] INFO:colcon.colcon_core.shell:Creating package script '/home/roboticist/0_Projects/tail_mate/install/sjtu_drone_description/share/sjtu_drone_description/package.bash'
[0.993s] INFO:colcon.colcon_core.shell:Creating package script '/home/roboticist/0_Projects/tail_mate/install/sjtu_drone_description/share/sjtu_drone_description/package.zsh'
[0.993s] Level 1:colcon.colcon_core.environment:create_file_with_runtime_dependencies(/home/roboticist/0_Projects/tail_mate/install/sjtu_drone_description/share/colcon-core/packages/sjtu_drone_description)
[0.995s] DEBUG:colcon.colcon_core.event_handler.log_command:Invoked command in '/home/roboticist/0_Projects/tail_mate/build/turtlebot3_simulations' returned '0': CMAKE_PREFIX_PATH=/home/roboticist/0_Projects/tail_mate/install/turtlebot3_gazebo:/home/roboticist/0_Projects/tail_mate/install/turtlebot3_fake_node:/home/roboticist/0_Projects/tail_mate/install/turtlebot3_simulations:/home/roboticist/0_Projects/tail_mate/install/sjtu_drone_description:/home/roboticist/0_Projects/tail_mate/install/followme_drone:/home/roboticist/0_Projects/tail_mate/install/sjtu_drone_control:/home/roboticist/0_Projects/tail_mate/install/sjtu_drone_bringup:/opt/ros/humble /usr/bin/cmake --build /home/roboticist/0_Projects/tail_mate/build/turtlebot3_simulations -- -j20 -l20
[0.996s] DEBUG:colcon.colcon_core.event_handler.log_command:Invoking command in '/home/roboticist/0_Projects/tail_mate/build/turtlebot3_simulations': CMAKE_PREFIX_PATH=/home/roboticist/0_Projects/tail_mate/install/turtlebot3_gazebo:/home/roboticist/0_Projects/tail_mate/install/turtlebot3_fake_node:/home/roboticist/0_Projects/tail_mate/install/turtlebot3_simulations:/home/roboticist/0_Projects/tail_mate/install/sjtu_drone_description:/home/roboticist/0_Projects/tail_mate/install/followme_drone:/home/roboticist/0_Projects/tail_mate/install/sjtu_drone_control:/home/roboticist/0_Projects/tail_mate/install/sjtu_drone_bringup:/opt/ros/humble /usr/bin/cmake --install /home/roboticist/0_Projects/tail_mate/build/turtlebot3_simulations
[1.004s] Level 1:colcon.colcon_core.environment:create_environment_scripts_only(turtlebot3_simulations)
[1.004s] Level 1:colcon.colcon_core.environment:checking '/home/roboticist/0_Projects/tail_mate/install/turtlebot3_simulations' for CMake module files
[1.005s] DEBUG:colcon.colcon_core.event_handler.log_command:Invoked command in '/home/roboticist/0_Projects/tail_mate/build/turtlebot3_simulations' returned '0': CMAKE_PREFIX_PATH=/home/roboticist/0_Projects/tail_mate/install/turtlebot3_gazebo:/home/roboticist/0_Projects/tail_mate/install/turtlebot3_fake_node:/home/roboticist/0_Projects/tail_mate/install/turtlebot3_simulations:/home/roboticist/0_Projects/tail_mate/install/sjtu_drone_description:/home/roboticist/0_Projects/tail_mate/install/followme_drone:/home/roboticist/0_Projects/tail_mate/install/sjtu_drone_control:/home/roboticist/0_Projects/tail_mate/install/sjtu_drone_bringup:/opt/ros/humble /usr/bin/cmake --install /home/roboticist/0_Projects/tail_mate/build/turtlebot3_simulations
[1.005s] Level 1:colcon.colcon_core.environment:checking '/home/roboticist/0_Projects/tail_mate/install/turtlebot3_simulations' for CMake config files
[1.005s] Level 1:colcon.colcon_core.shell:create_environment_hook('turtlebot3_simulations', 'cmake_prefix_path')
[1.006s] INFO:colcon.colcon_core.shell:Creating environment hook '/home/roboticist/0_Projects/tail_mate/install/turtlebot3_simulations/share/turtlebot3_simulations/hook/cmake_prefix_path.ps1'
[1.006s] INFO:colcon.colcon_core.shell:Creating environment descriptor '/home/roboticist/0_Projects/tail_mate/install/turtlebot3_simulations/share/turtlebot3_simulations/hook/cmake_prefix_path.dsv'
[1.006s] INFO:colcon.colcon_core.shell:Creating environment hook '/home/roboticist/0_Projects/tail_mate/install/turtlebot3_simulations/share/turtlebot3_simulations/hook/cmake_prefix_path.sh'
[1.007s] Level 1:colcon.colcon_core.environment:checking '/home/roboticist/0_Projects/tail_mate/install/turtlebot3_simulations/bin'
[1.007s] Level 1:colcon.colcon_core.environment:checking '/home/roboticist/0_Projects/tail_mate/install/turtlebot3_simulations/lib/pkgconfig/turtlebot3_simulations.pc'
[1.007s] Level 1:colcon.colcon_core.environment:checking '/home/roboticist/0_Projects/tail_mate/install/turtlebot3_simulations/lib/python3.10/site-packages'
[1.007s] Level 1:colcon.colcon_core.environment:checking '/home/roboticist/0_Projects/tail_mate/install/turtlebot3_simulations/bin'
[1.008s] INFO:colcon.colcon_core.shell:Creating package script '/home/roboticist/0_Projects/tail_mate/install/turtlebot3_simulations/share/turtlebot3_simulations/package.ps1'
[1.008s] INFO:colcon.colcon_core.shell:Creating package descriptor '/home/roboticist/0_Projects/tail_mate/install/turtlebot3_simulations/share/turtlebot3_simulations/package.dsv'
[1.008s] INFO:colcon.colcon_core.shell:Creating package script '/home/roboticist/0_Projects/tail_mate/install/turtlebot3_simulations/share/turtlebot3_simulations/package.sh'
[1.009s] INFO:colcon.colcon_core.shell:Creating package script '/home/roboticist/0_Projects/tail_mate/install/turtlebot3_simulations/share/turtlebot3_simulations/package.bash'
[1.009s] INFO:colcon.colcon_core.shell:Creating package script '/home/roboticist/0_Projects/tail_mate/install/turtlebot3_simulations/share/turtlebot3_simulations/package.zsh'
[1.009s] Level 1:colcon.colcon_core.environment:create_file_with_runtime_dependencies(/home/roboticist/0_Projects/tail_mate/install/turtlebot3_simulations/share/colcon-core/packages/turtlebot3_simulations)
[1.010s] Level 1:colcon.colcon_core.environment:create_environment_scripts_only(turtlebot3_simulations)
[1.010s] Level 1:colcon.colcon_core.environment:checking '/home/roboticist/0_Projects/tail_mate/install/turtlebot3_simulations' for CMake module files
[1.010s] Level 1:colcon.colcon_core.environment:checking '/home/roboticist/0_Projects/tail_mate/install/turtlebot3_simulations' for CMake config files
[1.010s] Level 1:colcon.colcon_core.shell:create_environment_hook('turtlebot3_simulations', 'cmake_prefix_path')
[1.011s] INFO:colcon.colcon_core.shell:Creating environment hook '/home/roboticist/0_Projects/tail_mate/install/turtlebot3_simulations/share/turtlebot3_simulations/hook/cmake_prefix_path.ps1'
[1.011s] INFO:colcon.colcon_core.shell:Creating environment descriptor '/home/roboticist/0_Projects/tail_mate/install/turtlebot3_simulations/share/turtlebot3_simulations/hook/cmake_prefix_path.dsv'
[1.011s] INFO:colcon.colcon_core.shell:Creating environment hook '/home/roboticist/0_Projects/tail_mate/install/turtlebot3_simulations/share/turtlebot3_simulations/hook/cmake_prefix_path.sh'
[1.012s] Level 1:colcon.colcon_core.environment:checking '/home/roboticist/0_Projects/tail_mate/install/turtlebot3_simulations/bin'
[1.012s] Level 1:colcon.colcon_core.environment:checking '/home/roboticist/0_Projects/tail_mate/install/turtlebot3_simulations/lib/pkgconfig/turtlebot3_simulations.pc'
[1.012s] Level 1:colcon.colcon_core.environment:checking '/home/roboticist/0_Projects/tail_mate/install/turtlebot3_simulations/lib/python3.10/site-packages'
[1.012s] Level 1:colcon.colcon_core.environment:checking '/home/roboticist/0_Projects/tail_mate/install/turtlebot3_simulations/bin'
[1.012s] INFO:colcon.colcon_core.shell:Creating package script '/home/roboticist/0_Projects/tail_mate/install/turtlebot3_simulations/share/turtlebot3_simulations/package.ps1'
[1.013s] INFO:colcon.colcon_core.shell:Creating package descriptor '/home/roboticist/0_Projects/tail_mate/install/turtlebot3_simulations/share/turtlebot3_simulations/package.dsv'
[1.013s] INFO:colcon.colcon_core.shell:Creating package script '/home/roboticist/0_Projects/tail_mate/install/turtlebot3_simulations/share/turtlebot3_simulations/package.sh'
[1.014s] INFO:colcon.colcon_core.shell:Creating package script '/home/roboticist/0_Projects/tail_mate/install/turtlebot3_simulations/share/turtlebot3_simulations/package.bash'
[1.014s] INFO:colcon.colcon_core.shell:Creating package script '/home/roboticist/0_Projects/tail_mate/install/turtlebot3_simulations/share/turtlebot3_simulations/package.zsh'
[1.014s] Level 1:colcon.colcon_core.environment:create_file_with_runtime_dependencies(/home/roboticist/0_Projects/tail_mate/install/turtlebot3_simulations/share/colcon-core/packages/turtlebot3_simulations)
[1.112s] DEBUG:colcon.colcon_core.event_handler.log_command:Invoking command in '/home/roboticist/0_Projects/tail_mate/src/sjtu_drone/sjtu_drone_control': PYTHONPATH=/home/roboticist/0_Projects/tail_mate/build/sjtu_drone_control/prefix_override:/usr/lib/python3/dist-packages/colcon_core/task/python/colcon_distutils_commands:/home/roboticist/0_Projects/tail_mate/install/sjtu_drone_control/lib/python3.10/site-packages:${PYTHONPATH} /usr/bin/python3 -W ignore:setup.py install is deprecated -W ignore:easy_install command is deprecated setup.py egg_info --egg-base ../../../build/sjtu_drone_control build --build-base /home/roboticist/0_Projects/tail_mate/build/sjtu_drone_control/build install --record /home/roboticist/0_Projects/tail_mate/build/sjtu_drone_control/install.log --single-version-externally-managed install_data
[1.148s] DEBUG:colcon.colcon_core.event_handler.log_command:Invoking command in '/home/roboticist/0_Projects/tail_mate/src/sjtu_drone/sjtu_drone_bringup': PYTHONPATH=/home/roboticist/0_Projects/tail_mate/build/sjtu_drone_bringup/prefix_override:/usr/lib/python3/dist-packages/colcon_core/task/python/colcon_distutils_commands:/home/roboticist/0_Projects/tail_mate/install/sjtu_drone_bringup/lib/python3.10/site-packages:${PYTHONPATH} /usr/bin/python3 -W ignore:setup.py install is deprecated -W ignore:easy_install command is deprecated setup.py egg_info --egg-base ../../../build/sjtu_drone_bringup build --build-base /home/roboticist/0_Projects/tail_mate/build/sjtu_drone_bringup/build install --record /home/roboticist/0_Projects/tail_mate/build/sjtu_drone_bringup/install.log --single-version-externally-managed install_data
[1.327s] Level 1:colcon.colcon_core.environment:checking '/home/roboticist/0_Projects/tail_mate/install/sjtu_drone_bringup' for CMake module files
[1.328s] DEBUG:colcon.colcon_core.event_handler.log_command:Invoked command in '/home/roboticist/0_Projects/tail_mate/src/sjtu_drone/sjtu_drone_bringup' returned '0': PYTHONPATH=/home/roboticist/0_Projects/tail_mate/build/sjtu_drone_bringup/prefix_override:/usr/lib/python3/dist-packages/colcon_core/task/python/colcon_distutils_commands:/home/roboticist/0_Projects/tail_mate/install/sjtu_drone_bringup/lib/python3.10/site-packages:${PYTHONPATH} /usr/bin/python3 -W ignore:setup.py install is deprecated -W ignore:easy_install command is deprecated setup.py egg_info --egg-base ../../../build/sjtu_drone_bringup build --build-base /home/roboticist/0_Projects/tail_mate/build/sjtu_drone_bringup/build install --record /home/roboticist/0_Projects/tail_mate/build/sjtu_drone_bringup/install.log --single-version-externally-managed install_data
[1.328s] Level 1:colcon.colcon_core.environment:checking '/home/roboticist/0_Projects/tail_mate/install/sjtu_drone_bringup' for CMake config files
[1.329s] Level 1:colcon.colcon_core.environment:checking '/home/roboticist/0_Projects/tail_mate/install/sjtu_drone_bringup/lib'
[1.329s] Level 1:colcon.colcon_core.environment:checking '/home/roboticist/0_Projects/tail_mate/install/sjtu_drone_bringup/bin'
[1.329s] Level 1:colcon.colcon_core.environment:checking '/home/roboticist/0_Projects/tail_mate/install/sjtu_drone_bringup/lib/pkgconfig/sjtu_drone_bringup.pc'
[1.329s] Level 1:colcon.colcon_core.environment:checking '/home/roboticist/0_Projects/tail_mate/install/sjtu_drone_bringup/lib/python3.10/site-packages'
[1.329s] Level 1:colcon.colcon_core.shell:create_environment_hook('sjtu_drone_bringup', 'pythonpath')
[1.329s] INFO:colcon.colcon_core.shell:Creating environment hook '/home/roboticist/0_Projects/tail_mate/install/sjtu_drone_bringup/share/sjtu_drone_bringup/hook/pythonpath.ps1'
[1.330s] INFO:colcon.colcon_core.shell:Creating environment descriptor '/home/roboticist/0_Projects/tail_mate/install/sjtu_drone_bringup/share/sjtu_drone_bringup/hook/pythonpath.dsv'
[1.330s] INFO:colcon.colcon_core.shell:Creating environment hook '/home/roboticist/0_Projects/tail_mate/install/sjtu_drone_bringup/share/sjtu_drone_bringup/hook/pythonpath.sh'
[1.330s] Level 1:colcon.colcon_core.environment:checking '/home/roboticist/0_Projects/tail_mate/install/sjtu_drone_bringup/bin'
[1.330s] Level 1:colcon.colcon_core.environment:create_environment_scripts_only(sjtu_drone_bringup)
[1.331s] INFO:colcon.colcon_core.shell:Creating package script '/home/roboticist/0_Projects/tail_mate/install/sjtu_drone_bringup/share/sjtu_drone_bringup/package.ps1'
[1.331s] INFO:colcon.colcon_core.shell:Creating package descriptor '/home/roboticist/0_Projects/tail_mate/install/sjtu_drone_bringup/share/sjtu_drone_bringup/package.dsv'
[1.331s] INFO:colcon.colcon_core.shell:Creating package script '/home/roboticist/0_Projects/tail_mate/install/sjtu_drone_bringup/share/sjtu_drone_bringup/package.sh'
[1.332s] INFO:colcon.colcon_core.shell:Creating package script '/home/roboticist/0_Projects/tail_mate/install/sjtu_drone_bringup/share/sjtu_drone_bringup/package.bash'
[1.332s] INFO:colcon.colcon_core.shell:Creating package script '/home/roboticist/0_Projects/tail_mate/install/sjtu_drone_bringup/share/sjtu_drone_bringup/package.zsh'
[1.332s] Level 1:colcon.colcon_core.environment:create_file_with_runtime_dependencies(/home/roboticist/0_Projects/tail_mate/install/sjtu_drone_bringup/share/colcon-core/packages/sjtu_drone_bringup)
[1.381s] Level 1:colcon.colcon_core.environment:checking '/home/roboticist/0_Projects/tail_mate/install/sjtu_drone_control' for CMake module files
[1.381s] DEBUG:colcon.colcon_core.event_handler.log_command:Invoked command in '/home/roboticist/0_Projects/tail_mate/src/sjtu_drone/sjtu_drone_control' returned '0': PYTHONPATH=/home/roboticist/0_Projects/tail_mate/build/sjtu_drone_control/prefix_override:/usr/lib/python3/dist-packages/colcon_core/task/python/colcon_distutils_commands:/home/roboticist/0_Projects/tail_mate/install/sjtu_drone_control/lib/python3.10/site-packages:${PYTHONPATH} /usr/bin/python3 -W ignore:setup.py install is deprecated -W ignore:easy_install command is deprecated setup.py egg_info --egg-base ../../../build/sjtu_drone_control build --build-base /home/roboticist/0_Projects/tail_mate/build/sjtu_drone_control/build install --record /home/roboticist/0_Projects/tail_mate/build/sjtu_drone_control/install.log --single-version-externally-managed install_data
[1.381s] Level 1:colcon.colcon_core.environment:checking '/home/roboticist/0_Projects/tail_mate/install/sjtu_drone_control' for CMake config files
[1.382s] Level 1:colcon.colcon_core.environment:checking '/home/roboticist/0_Projects/tail_mate/install/sjtu_drone_control/lib'
[1.382s] Level 1:colcon.colcon_core.environment:checking '/home/roboticist/0_Projects/tail_mate/install/sjtu_drone_control/bin'
[1.382s] Level 1:colcon.colcon_core.environment:checking '/home/roboticist/0_Projects/tail_mate/install/sjtu_drone_control/lib/pkgconfig/sjtu_drone_control.pc'
[1.382s] Level 1:colcon.colcon_core.environment:checking '/home/roboticist/0_Projects/tail_mate/install/sjtu_drone_control/lib/python3.10/site-packages'
[1.382s] Level 1:colcon.colcon_core.shell:create_environment_hook('sjtu_drone_control', 'pythonpath')
[1.382s] INFO:colcon.colcon_core.shell:Creating environment hook '/home/roboticist/0_Projects/tail_mate/install/sjtu_drone_control/share/sjtu_drone_control/hook/pythonpath.ps1'
[1.383s] INFO:colcon.colcon_core.shell:Creating environment descriptor '/home/roboticist/0_Projects/tail_mate/install/sjtu_drone_control/share/sjtu_drone_control/hook/pythonpath.dsv'
[1.383s] INFO:colcon.colcon_core.shell:Creating environment hook '/home/roboticist/0_Projects/tail_mate/install/sjtu_drone_control/share/sjtu_drone_control/hook/pythonpath.sh'
[1.384s] Level 1:colcon.colcon_core.environment:checking '/home/roboticist/0_Projects/tail_mate/install/sjtu_drone_control/bin'
[1.384s] Level 1:colcon.colcon_core.environment:create_environment_scripts_only(sjtu_drone_control)
[1.384s] INFO:colcon.colcon_core.shell:Creating package script '/home/roboticist/0_Projects/tail_mate/install/sjtu_drone_control/share/sjtu_drone_control/package.ps1'
[1.384s] INFO:colcon.colcon_core.shell:Creating package descriptor '/home/roboticist/0_Projects/tail_mate/install/sjtu_drone_control/share/sjtu_drone_control/package.dsv'
[1.385s] INFO:colcon.colcon_core.shell:Creating package script '/home/roboticist/0_Projects/tail_mate/install/sjtu_drone_control/share/sjtu_drone_control/package.sh'
[1.385s] INFO:colcon.colcon_core.shell:Creating package script '/home/roboticist/0_Projects/tail_mate/install/sjtu_drone_control/share/sjtu_drone_control/package.bash'
[1.385s] INFO:colcon.colcon_core.shell:Creating package script '/home/roboticist/0_Projects/tail_mate/install/sjtu_drone_control/share/sjtu_drone_control/package.zsh'
[1.386s] Level 1:colcon.colcon_core.environment:create_file_with_runtime_dependencies(/home/roboticist/0_Projects/tail_mate/install/sjtu_drone_control/share/colcon-core/packages/sjtu_drone_control)
[7.535s] DEBUG:colcon.colcon_core.event_handler.log_command:Invoked command in '/home/roboticist/0_Projects/tail_mate/build/followme_drone' returned '0': CMAKE_PREFIX_PATH=${CMAKE_PREFIX_PATH}:/home/roboticist/0_Projects/tail_mate/install/sjtu_drone_control:/home/roboticist/0_Projects/tail_mate/install/sjtu_drone_bringup:/opt/ros/humble /usr/bin/cmake --build /home/roboticist/0_Projects/tail_mate/build/followme_drone -- -j20 -l20
[7.536s] DEBUG:colcon.colcon_core.event_handler.log_command:Invoking command in '/home/roboticist/0_Projects/tail_mate/build/followme_drone': CMAKE_PREFIX_PATH=${CMAKE_PREFIX_PATH}:/home/roboticist/0_Projects/tail_mate/install/sjtu_drone_control:/home/roboticist/0_Projects/tail_mate/install/sjtu_drone_bringup:/opt/ros/humble /usr/bin/cmake --install /home/roboticist/0_Projects/tail_mate/build/followme_drone
[7.550s] Level 1:colcon.colcon_core.environment:create_environment_scripts_only(followme_drone)
[7.550s] Level 1:colcon.colcon_core.environment:checking '/home/roboticist/0_Projects/tail_mate/install/followme_drone' for CMake module files
[7.550s] DEBUG:colcon.colcon_core.event_handler.log_command:Invoked command in '/home/roboticist/0_Projects/tail_mate/build/followme_drone' returned '0': CMAKE_PREFIX_PATH=${CMAKE_PREFIX_PATH}:/home/roboticist/0_Projects/tail_mate/install/sjtu_drone_control:/home/roboticist/0_Projects/tail_mate/install/sjtu_drone_bringup:/opt/ros/humble /usr/bin/cmake --install /home/roboticist/0_Projects/tail_mate/build/followme_drone
[7.551s] Level 1:colcon.colcon_core.environment:checking '/home/roboticist/0_Projects/tail_mate/install/followme_drone' for CMake config files
[7.551s] Level 1:colcon.colcon_core.shell:create_environment_hook('followme_drone', 'cmake_prefix_path')
[7.551s] INFO:colcon.colcon_core.shell:Creating environment hook '/home/roboticist/0_Projects/tail_mate/install/followme_drone/share/followme_drone/hook/cmake_prefix_path.ps1'
[7.551s] INFO:colcon.colcon_core.shell:Creating environment descriptor '/home/roboticist/0_Projects/tail_mate/install/followme_drone/share/followme_drone/hook/cmake_prefix_path.dsv'
[7.552s] INFO:colcon.colcon_core.shell:Creating environment hook '/home/roboticist/0_Projects/tail_mate/install/followme_drone/share/followme_drone/hook/cmake_prefix_path.sh'
[7.552s] Level 1:colcon.colcon_core.environment:checking '/home/roboticist/0_Projects/tail_mate/install/followme_drone/lib'
[7.552s] Level 1:colcon.colcon_core.environment:checking '/home/roboticist/0_Projects/tail_mate/install/followme_drone/bin'
[7.552s] Level 1:colcon.colcon_core.environment:checking '/home/roboticist/0_Projects/tail_mate/install/followme_drone/lib/pkgconfig/followme_drone.pc'
[7.553s] Level 1:colcon.colcon_core.environment:checking '/home/roboticist/0_Projects/tail_mate/install/followme_drone/lib/python3.10/site-packages'
[7.553s] Level 1:colcon.colcon_core.environment:checking '/home/roboticist/0_Projects/tail_mate/install/followme_drone/bin'
[7.553s] INFO:colcon.colcon_core.shell:Creating package script '/home/roboticist/0_Projects/tail_mate/install/followme_drone/share/followme_drone/package.ps1'
[7.553s] INFO:colcon.colcon_core.shell:Creating package descriptor '/home/roboticist/0_Projects/tail_mate/install/followme_drone/share/followme_drone/package.dsv'
[7.554s] INFO:colcon.colcon_core.shell:Creating package script '/home/roboticist/0_Projects/tail_mate/install/followme_drone/share/followme_drone/package.sh'
[7.554s] INFO:colcon.colcon_core.shell:Creating package script '/home/roboticist/0_Projects/tail_mate/install/followme_drone/share/followme_drone/package.bash'
[7.554s] INFO:colcon.colcon_core.shell:Creating package script '/home/roboticist/0_Projects/tail_mate/install/followme_drone/share/followme_drone/package.zsh'
[7.555s] Level 1:colcon.colcon_core.environment:create_file_with_runtime_dependencies(/home/roboticist/0_Projects/tail_mate/install/followme_drone/share/colcon-core/packages/followme_drone)
[7.555s] Level 1:colcon.colcon_core.environment:create_environment_scripts_only(followme_drone)
[7.555s] Level 1:colcon.colcon_core.environment:checking '/home/roboticist/0_Projects/tail_mate/install/followme_drone' for CMake module files
[7.556s] Level 1:colcon.colcon_core.environment:checking '/home/roboticist/0_Projects/tail_mate/install/followme_drone' for CMake config files
[7.556s] Level 1:colcon.colcon_core.shell:create_environment_hook('followme_drone', 'cmake_prefix_path')
[7.556s] INFO:colcon.colcon_core.shell:Creating environment hook '/home/roboticist/0_Projects/tail_mate/install/followme_drone/share/followme_drone/hook/cmake_prefix_path.ps1'
[7.556s] INFO:colcon.colcon_core.shell:Creating environment descriptor '/home/roboticist/0_Projects/tail_mate/install/followme_drone/share/followme_drone/hook/cmake_prefix_path.dsv'
[7.557s] INFO:colcon.colcon_core.shell:Creating environment hook '/home/roboticist/0_Projects/tail_mate/install/followme_drone/share/followme_drone/hook/cmake_prefix_path.sh'
[7.557s] Level 1:colcon.colcon_core.environment:checking '/home/roboticist/0_Projects/tail_mate/install/followme_drone/lib'
[7.557s] Level 1:colcon.colcon_core.environment:checking '/home/roboticist/0_Projects/tail_mate/install/followme_drone/bin'
[7.557s] Level 1:colcon.colcon_core.environment:checking '/home/roboticist/0_Projects/tail_mate/install/followme_drone/lib/pkgconfig/followme_drone.pc'
[7.557s] Level 1:colcon.colcon_core.environment:checking '/home/roboticist/0_Projects/tail_mate/install/followme_drone/lib/python3.10/site-packages'
[7.558s] Level 1:colcon.colcon_core.environment:checking '/home/roboticist/0_Projects/tail_mate/install/followme_drone/bin'
[7.558s] INFO:colcon.colcon_core.shell:Creating package script '/home/roboticist/0_Projects/tail_mate/install/followme_drone/share/followme_drone/package.ps1'
[7.558s] INFO:colcon.colcon_core.shell:Creating package descriptor '/home/roboticist/0_Projects/tail_mate/install/followme_drone/share/followme_drone/package.dsv'
[7.559s] INFO:colcon.colcon_core.shell:Creating package script '/home/roboticist/0_Projects/tail_mate/install/followme_drone/share/followme_drone/package.sh'
[7.559s] INFO:colcon.colcon_core.shell:Creating package script '/home/roboticist/0_Projects/tail_mate/install/followme_drone/share/followme_drone/package.bash'
[7.559s] INFO:colcon.colcon_core.shell:Creating package script '/home/roboticist/0_Projects/tail_mate/install/followme_drone/share/followme_drone/package.zsh'
[7.560s] Level 1:colcon.colcon_core.environment:create_file_with_runtime_dependencies(/home/roboticist/0_Projects/tail_mate/install/followme_drone/share/colcon-core/packages/followme_drone)
[7.560s] DEBUG:colcon.colcon_parallel_executor.executor.parallel:closing loop
[7.560s] DEBUG:colcon.colcon_parallel_executor.executor.parallel:loop closed
[7.561s] DEBUG:colcon.colcon_parallel_executor.executor.parallel:run_until_complete finished with '0'
[7.561s] DEBUG:colcon.colcon_core.event_reactor:joining thread
[7.565s] INFO:colcon.colcon_core.plugin_system:Skipping extension 'colcon_notification.desktop_notification.terminal_notifier': Not used on non-Darwin systems
[7.565s] INFO:colcon.colcon_core.plugin_system:Skipping extension 'colcon_notification.desktop_notification.win32': Not used on non-Windows systems
[7.565s] INFO:colcon.colcon_notification.desktop_notification:Sending desktop notification using 'notify2'
[7.575s] DEBUG:colcon.colcon_core.event_reactor:joined thread
[7.575s] INFO:colcon.colcon_core.shell:Creating prefix script '/home/roboticist/0_Projects/tail_mate/install/local_setup.ps1'
[7.576s] INFO:colcon.colcon_core.shell:Creating prefix util module '/home/roboticist/0_Projects/tail_mate/install/_local_setup_util_ps1.py'
[7.577s] INFO:colcon.colcon_core.shell:Creating prefix chain script '/home/roboticist/0_Projects/tail_mate/install/setup.ps1'
[7.578s] INFO:colcon.colcon_core.shell:Creating prefix script '/home/roboticist/0_Projects/tail_mate/install/local_setup.sh'
[7.578s] INFO:colcon.colcon_core.shell:Creating prefix util module '/home/roboticist/0_Projects/tail_mate/install/_local_setup_util_sh.py'
[7.579s] INFO:colcon.colcon_core.shell:Creating prefix chain script '/home/roboticist/0_Projects/tail_mate/install/setup.sh'
[7.580s] INFO:colcon.colcon_core.shell:Creating prefix script '/home/roboticist/0_Projects/tail_mate/install/local_setup.bash'
[7.580s] INFO:colcon.colcon_core.shell:Creating prefix chain script '/home/roboticist/0_Projects/tail_mate/install/setup.bash'
[7.581s] INFO:colcon.colcon_core.shell:Creating prefix script '/home/roboticist/0_Projects/tail_mate/install/local_setup.zsh'
[7.582s] INFO:colcon.colcon_core.shell:Creating prefix chain script '/home/roboticist/0_Projects/tail_mate/install/setup.zsh'
