[35m[1mConsolidate compiler generated dependencies of target tb3_nav_node[0m
[ 33%] Built target tb3_follower
[ 50%] [32mBuilding CXX object CMakeFiles/tb3_nav_node.dir/scripts/multi_waypoints.cpp.o[0m
[ 83%] Built target drive_node
[01m[K/home/roboticist/0_Projects/tail_mate/src/followme_drone/scripts/multi_waypoints.cpp:83:29:[m[K [01;35m[Kwarning: [m[Kuse of ‘[01m[Kauto[m[K’ in parameter declaration only available with ‘[01m[K-std=c++20[m[K’ or ‘[01m[K-fconcepts[m[K’
   83 |     void handleResult(const [01;35m[Kauto[m[K &result) {
      |                             [01;35m[K^~~~[m[K
/home/roboticist/0_Projects/tail_mate/src/followme_drone/scripts/multi_waypoints.cpp: In instantiation of ‘[01m[Kvoid SecurityPatrol::handleResult(const auto:40&) [with auto:40 = rclcpp_action::ClientGoalHandle<nav2_msgs::action::NavigateThroughPoses>::WrappedResult][m[K’:
[01m[K/home/roboticist/0_Projects/tail_mate/src/followme_drone/scripts/multi_waypoints.cpp:52:29:[m[K   required from here
[01m[K/home/roboticist/0_Projects/tail_mate/src/followme_drone/scripts/multi_waypoints.cpp:84:9:[m[K [01;35m[Kwarning: [m[Kenumeration value ‘[01m[KUNKNOWN[m[K’ not handled in switch [[01;35m[K]8;;https://gcc.gnu.org/onlinedocs/gcc/Warning-Options.html#index-Wswitch-Wswitch]8;;[m[K]
   84 |         [01;35m[Kswitch[m[K (result.code) {
      |         [01;35m[K^~~~~~[m[K
[100%] [32m[1mLinking CXX executable tb3_nav_node[0m
[100%] Built target tb3_nav_node
-- Install configuration: ""
-- Up-to-date: /home/roboticist/0_Projects/tail_mate/install/followme_drone/lib/followme_drone/drive_node
-- Up-to-date: /home/roboticist/0_Projects/tail_mate/install/followme_drone/lib/followme_drone/tb3_follower
-- Installing: /home/roboticist/0_Projects/tail_mate/install/followme_drone/lib/followme_drone/tb3_nav_node
-- Set runtime path of "/home/roboticist/0_Projects/tail_mate/install/followme_drone/lib/followme_drone/tb3_nav_node" to ""
-- Up-to-date: /home/roboticist/0_Projects/tail_mate/install/followme_drone/lib/followme_drone/single_goal_nav.py
[31mCMake Error at cmake_install.cmake:110 (file):
  file INSTALL cannot find
  "/home/roboticist/0_Projects/tail_mate/src/followme_drone/scripts/multi_waypoints.py":
  No such file or directory.

[0m
