[0.490s] Invoking command in '/home/roboticist/0_Projects/tail_mate/build/sjtu_drone_description': CMAKE_PREFIX_PATH=${CMAKE_PREFIX_PATH}:/home/roboticist/0_Projects/tail_mate/install/sjtu_drone_control:/home/roboticist/0_Projects/tail_mate/install/sjtu_drone_bringup:/opt/ros/humble /usr/bin/cmake --build /home/roboticist/0_Projects/tail_mate/build/sjtu_drone_description -- -j20 -l20
[0.564s] [100%] Built target plugin_drone
[0.572s] Invoked command in '/home/roboticist/0_Projects/tail_mate/build/sjtu_drone_description' returned '0': CMAKE_PREFIX_PATH=${CMAKE_PREFIX_PATH}:/home/roboticist/0_Projects/tail_mate/install/sjtu_drone_control:/home/roboticist/0_Projects/tail_mate/install/sjtu_drone_bringup:/opt/ros/humble /usr/bin/cmake --build /home/roboticist/0_Projects/tail_mate/build/sjtu_drone_description -- -j20 -l20
[0.573s] Invoking command in '/home/roboticist/0_Projects/tail_mate/build/sjtu_drone_description': CMAKE_PREFIX_PATH=${CMAKE_PREFIX_PATH}:/home/roboticist/0_Projects/tail_mate/install/sjtu_drone_control:/home/roboticist/0_Projects/tail_mate/install/sjtu_drone_bringup:/opt/ros/humble /usr/bin/cmake --install /home/roboticist/0_Projects/tail_mate/build/sjtu_drone_description
[0.581s] -- Install configuration: ""
[0.581s] -- Up-to-date: /home/roboticist/0_Projects/tail_mate/install/sjtu_drone_description/include
[0.581s] -- Up-to-date: /home/roboticist/0_Projects/tail_mate/install/sjtu_drone_description/include/sjtu_drone_description
[0.581s] -- Up-to-date: /home/roboticist/0_Projects/tail_mate/install/sjtu_drone_description/include/sjtu_drone_description/pid_controller.h
[0.581s] -- Up-to-date: /home/roboticist/0_Projects/tail_mate/install/sjtu_drone_description/include/sjtu_drone_description/plugin_drone_private.h
[0.581s] -- Up-to-date: /home/roboticist/0_Projects/tail_mate/install/sjtu_drone_description/include/sjtu_drone_description/plugin_drone.h
[0.581s] -- Up-to-date: /home/roboticist/0_Projects/tail_mate/install/sjtu_drone_description/lib/libplugin_drone.so
[0.581s] -- Up-to-date: /home/roboticist/0_Projects/tail_mate/install/sjtu_drone_description/share/sjtu_drone_description/environment/library_path.sh
[0.581s] -- Up-to-date: /home/roboticist/0_Projects/tail_mate/install/sjtu_drone_description/share/sjtu_drone_description/environment/library_path.dsv
[0.581s] -- Up-to-date: /home/roboticist/0_Projects/tail_mate/install/sjtu_drone_description/share/sjtu_drone_description/models
[0.581s] -- Up-to-date: /home/roboticist/0_Projects/tail_mate/install/sjtu_drone_description/share/sjtu_drone_description/models/sjtu_drone
[0.581s] -- Up-to-date: /home/roboticist/0_Projects/tail_mate/install/sjtu_drone_description/share/sjtu_drone_description/models/sjtu_drone/quadrotor_4.stl
[0.581s] -- Up-to-date: /home/roboticist/0_Projects/tail_mate/install/sjtu_drone_description/share/sjtu_drone_description/models/sjtu_drone/model.config
[0.581s] -- Up-to-date: /home/roboticist/0_Projects/tail_mate/install/sjtu_drone_description/share/sjtu_drone_description/models/sjtu_drone/quadrotor_4.dae
[0.581s] -- Up-to-date: /home/roboticist/0_Projects/tail_mate/install/sjtu_drone_description/share/sjtu_drone_description/models/sjtu_drone/sjtu_drone.sdf
[0.582s] -- Up-to-date: /home/roboticist/0_Projects/tail_mate/install/sjtu_drone_description/share/sjtu_drone_description/models/database.config
[0.582s] -- Up-to-date: /home/roboticist/0_Projects/tail_mate/install/sjtu_drone_description/share/sjtu_drone_description/urdf
[0.582s] -- Up-to-date: /home/roboticist/0_Projects/tail_mate/install/sjtu_drone_description/share/sjtu_drone_description/urdf/sjtu_drone.urdf.xacro
[0.582s] -- Up-to-date: /home/roboticist/0_Projects/tail_mate/install/sjtu_drone_description/share/sjtu_drone_description/urdf/sjtu_drone.urdf
[0.582s] -- Up-to-date: /home/roboticist/0_Projects/tail_mate/install/sjtu_drone_description/share/sjtu_drone_description/worlds
[0.582s] -- Up-to-date: /home/roboticist/0_Projects/tail_mate/install/sjtu_drone_description/share/sjtu_drone_description/worlds/playground.world
[0.582s] -- Up-to-date: /home/roboticist/0_Projects/tail_mate/install/sjtu_drone_description/share/ament_index/resource_index/package_run_dependencies/sjtu_drone_description
[0.582s] -- Up-to-date: /home/roboticist/0_Projects/tail_mate/install/sjtu_drone_description/share/ament_index/resource_index/parent_prefix_path/sjtu_drone_description
[0.582s] -- Up-to-date: /home/roboticist/0_Projects/tail_mate/install/sjtu_drone_description/share/sjtu_drone_description/environment/ament_prefix_path.sh
[0.582s] -- Up-to-date: /home/roboticist/0_Projects/tail_mate/install/sjtu_drone_description/share/sjtu_drone_description/environment/ament_prefix_path.dsv
[0.582s] -- Up-to-date: /home/roboticist/0_Projects/tail_mate/install/sjtu_drone_description/share/sjtu_drone_description/environment/path.sh
[0.582s] -- Up-to-date: /home/roboticist/0_Projects/tail_mate/install/sjtu_drone_description/share/sjtu_drone_description/environment/path.dsv
[0.582s] -- Up-to-date: /home/roboticist/0_Projects/tail_mate/install/sjtu_drone_description/share/sjtu_drone_description/local_setup.bash
[0.582s] -- Up-to-date: /home/roboticist/0_Projects/tail_mate/install/sjtu_drone_description/share/sjtu_drone_description/local_setup.sh
[0.582s] -- Up-to-date: /home/roboticist/0_Projects/tail_mate/install/sjtu_drone_description/share/sjtu_drone_description/local_setup.zsh
[0.582s] -- Up-to-date: /home/roboticist/0_Projects/tail_mate/install/sjtu_drone_description/share/sjtu_drone_description/local_setup.dsv
[0.582s] -- Installing: /home/roboticist/0_Projects/tail_mate/install/sjtu_drone_description/share/sjtu_drone_description/package.dsv
[0.582s] -- Up-to-date: /home/roboticist/0_Projects/tail_mate/install/sjtu_drone_description/share/ament_index/resource_index/packages/sjtu_drone_description
[0.582s] -- Up-to-date: /home/roboticist/0_Projects/tail_mate/install/sjtu_drone_description/share/sjtu_drone_description/cmake/export_sjtu_drone_descriptionExport.cmake
[0.582s] -- Up-to-date: /home/roboticist/0_Projects/tail_mate/install/sjtu_drone_description/share/sjtu_drone_description/cmake/export_sjtu_drone_descriptionExport-noconfig.cmake
[0.582s] -- Up-to-date: /home/roboticist/0_Projects/tail_mate/install/sjtu_drone_description/share/sjtu_drone_description/cmake/ament_cmake_export_include_directories-extras.cmake
[0.582s] -- Up-to-date: /home/roboticist/0_Projects/tail_mate/install/sjtu_drone_description/share/sjtu_drone_description/cmake/ament_cmake_export_libraries-extras.cmake
[0.582s] -- Up-to-date: /home/roboticist/0_Projects/tail_mate/install/sjtu_drone_description/share/sjtu_drone_description/cmake/ament_cmake_export_targets-extras.cmake
[0.582s] -- Up-to-date: /home/roboticist/0_Projects/tail_mate/install/sjtu_drone_description/share/sjtu_drone_description/cmake/sjtu_drone_descriptionConfig.cmake
[0.583s] -- Up-to-date: /home/roboticist/0_Projects/tail_mate/install/sjtu_drone_description/share/sjtu_drone_description/cmake/sjtu_drone_descriptionConfig-version.cmake
[0.583s] -- Up-to-date: /home/roboticist/0_Projects/tail_mate/install/sjtu_drone_description/share/sjtu_drone_description/package.xml
[0.584s] Invoked command in '/home/roboticist/0_Projects/tail_mate/build/sjtu_drone_description' returned '0': CMAKE_PREFIX_PATH=${CMAKE_PREFIX_PATH}:/home/roboticist/0_Projects/tail_mate/install/sjtu_drone_control:/home/roboticist/0_Projects/tail_mate/install/sjtu_drone_bringup:/opt/ros/humble /usr/bin/cmake --install /home/roboticist/0_Projects/tail_mate/build/sjtu_drone_description
