[0.027s] Invoking command in '/home/roboticist/0_Projects/tail_mate/build/followme_drone': CMAKE_PREFIX_PATH=${CMAKE_PREFIX_PATH}:/home/roboticist/0_Projects/tail_mate/install/sjtu_drone_control:/home/roboticist/0_Projects/tail_mate/install/sjtu_drone_bringup:/opt/ros/humble /usr/bin/cmake --build /home/roboticist/0_Projects/tail_mate/build/followme_drone -- -j20 -l20
[0.504s] -- Found ament_cmake: 1.3.11 (/opt/ros/humble/share/ament_cmake/cmake)
[0.504s] -- Found rclcpp: 16.0.12 (/opt/ros/humble/share/rclcpp/cmake)
[0.505s] -- Found rosidl_generator_c: 3.1.6 (/opt/ros/humble/share/rosidl_generator_c/cmake)
[0.505s] -- Found rosidl_adapter: 3.1.6 (/opt/ros/humble/share/rosidl_adapter/cmake)
[0.505s] -- Found rosidl_generator_cpp: 3.1.6 (/opt/ros/humble/share/rosidl_generator_cpp/cmake)
[0.505s] -- Using all available rosidl_typesupport_c: rosidl_typesupport_fastrtps_c;rosidl_typesupport_introspection_c
[0.505s] -- Using all available rosidl_typesupport_cpp: rosidl_typesupport_fastrtps_cpp;rosidl_typesupport_introspection_cpp
[0.505s] -- Found rmw_implementation_cmake: 6.1.2 (/opt/ros/humble/share/rmw_implementation_cmake/cmake)
[0.505s] -- Found rmw_fastrtps_cpp: 6.2.7 (/opt/ros/humble/share/rmw_fastrtps_cpp/cmake)
[0.505s] -- Using RMW implementation 'rmw_fastrtps_cpp' as default
[0.505s] -- Found geometry_msgs: 4.8.0 (/opt/ros/humble/share/geometry_msgs/cmake)
[0.505s] -- Found sensor_msgs: 4.8.0 (/opt/ros/humble/share/sensor_msgs/cmake)
[0.505s] -- Found cv_bridge: 3.2.1 (/opt/ros/humble/share/cv_bridge/cmake)
[0.505s] -- Found nav_msgs: 4.8.0 (/opt/ros/humble/share/nav_msgs/cmake)
[0.505s] -- Found ament_lint_auto: 0.12.12 (/opt/ros/humble/share/ament_lint_auto/cmake)
[0.505s] -- Added test 'cppcheck' to perform static code analysis on C / C++ code
[0.505s] -- Configured cppcheck include dirs: 
[0.505s] -- Configured cppcheck exclude dirs and/or files: 
[0.505s] -- Added test 'flake8' to check Python code syntax and style conventions
[0.505s] -- Added test 'lint_cmake' to check CMake code style
[0.505s] -- Added test 'pep257' to check Python code against some of the docstring style conventions in PEP 257
[0.505s] -- Added test 'uncrustify' to check C / C++ code style
[0.505s] -- Configured uncrustify additional arguments: 
[0.505s] -- Added test 'xmllint' to check XML markup files
[0.505s] -- Configuring done
[0.516s] -- Generating done
[0.520s] -- Build files have been written to: /home/roboticist/0_Projects/tail_mate/build/followme_drone
[0.549s] [ 50%] [32mBuilding CXX object CMakeFiles/followme_drone_node.dir/scripts/followme_drone_node.cpp.o[0m
[8.223s] [100%] [32m[1mLinking CXX executable followme_drone_node[0m
[8.860s] [100%] Built target followme_drone_node
[8.872s] Invoked command in '/home/roboticist/0_Projects/tail_mate/build/followme_drone' returned '0': CMAKE_PREFIX_PATH=${CMAKE_PREFIX_PATH}:/home/roboticist/0_Projects/tail_mate/install/sjtu_drone_control:/home/roboticist/0_Projects/tail_mate/install/sjtu_drone_bringup:/opt/ros/humble /usr/bin/cmake --build /home/roboticist/0_Projects/tail_mate/build/followme_drone -- -j20 -l20
[8.873s] Invoking command in '/home/roboticist/0_Projects/tail_mate/build/followme_drone': CMAKE_PREFIX_PATH=${CMAKE_PREFIX_PATH}:/home/roboticist/0_Projects/tail_mate/install/sjtu_drone_control:/home/roboticist/0_Projects/tail_mate/install/sjtu_drone_bringup:/opt/ros/humble /usr/bin/cmake --install /home/roboticist/0_Projects/tail_mate/build/followme_drone
[8.878s] -- Install configuration: ""
[8.879s] -- Installing: /home/roboticist/0_Projects/tail_mate/install/followme_drone/lib/followme_drone/followme_drone_node
[8.882s] -- Set runtime path of "/home/roboticist/0_Projects/tail_mate/install/followme_drone/lib/followme_drone/followme_drone_node" to ""
[8.882s] -- Installing: /home/roboticist/0_Projects/tail_mate/install/followme_drone/lib/followme_drone/single_goal_nav.py
[8.882s] -- Installing: /home/roboticist/0_Projects/tail_mate/install/followme_drone/lib/followme_drone/multi_waypoints.py
[8.882s] [31mCMake Error at cmake_install.cmake:74 (file):
[8.882s]   file INSTALL cannot find
[8.882s]   "/home/roboticist/0_Projects/tail_mate/src/followme_drone/configs": No such
[8.882s]   file or directory.
[8.882s] 
[8.882s] [0m
[8.883s] Invoked command in '/home/roboticist/0_Projects/tail_mate/build/followme_drone' returned '1': CMAKE_PREFIX_PATH=${CMAKE_PREFIX_PATH}:/home/roboticist/0_Projects/tail_mate/install/sjtu_drone_control:/home/roboticist/0_Projects/tail_mate/install/sjtu_drone_bringup:/opt/ros/humble /usr/bin/cmake --install /home/roboticist/0_Projects/tail_mate/build/followme_drone
