[0.754s] Invoking command in '/home/roboticist/0_Projects/tail_mate/src/sjtu_drone/sjtu_drone_control': PYTHONPATH=/home/roboticist/0_Projects/tail_mate/build/sjtu_drone_control/prefix_override:/usr/lib/python3/dist-packages/colcon_core/task/python/colcon_distutils_commands:/home/roboticist/0_Projects/tail_mate/install/sjtu_drone_control/lib/python3.10/site-packages:${PYTHONPATH} /usr/bin/python3 -W ignore:setup.py install is deprecated -W ignore:easy_install command is deprecated setup.py egg_info --egg-base ../../../build/sjtu_drone_control build --build-base /home/roboticist/0_Projects/tail_mate/build/sjtu_drone_control/build install --record /home/roboticist/0_Projects/tail_mate/build/sjtu_drone_control/install.log --single-version-externally-managed install_data
[0.985s] running egg_info
[0.985s] creating ../../../build/sjtu_drone_control/sjtu_drone_control.egg-info
[0.985s] writing ../../../build/sjtu_drone_control/sjtu_drone_control.egg-info/PKG-INFO
[0.985s] writing dependency_links to ../../../build/sjtu_drone_control/sjtu_drone_control.egg-info/dependency_links.txt
[0.986s] writing entry points to ../../../build/sjtu_drone_control/sjtu_drone_control.egg-info/entry_points.txt
[0.986s] writing requirements to ../../../build/sjtu_drone_control/sjtu_drone_control.egg-info/requires.txt
[0.986s] writing top-level names to ../../../build/sjtu_drone_control/sjtu_drone_control.egg-info/top_level.txt
[0.986s] writing manifest file '../../../build/sjtu_drone_control/sjtu_drone_control.egg-info/SOURCES.txt'
[0.987s] reading manifest file '../../../build/sjtu_drone_control/sjtu_drone_control.egg-info/SOURCES.txt'
[0.988s] writing manifest file '../../../build/sjtu_drone_control/sjtu_drone_control.egg-info/SOURCES.txt'
[0.988s] running build
[0.988s] running build_py
[0.988s] creating /home/roboticist/0_Projects/tail_mate/build/sjtu_drone_control/build
[0.988s] creating /home/roboticist/0_Projects/tail_mate/build/sjtu_drone_control/build/lib
[0.988s] creating /home/roboticist/0_Projects/tail_mate/build/sjtu_drone_control/build/lib/sjtu_drone_control
[0.988s] copying sjtu_drone_control/teleop.py -> /home/roboticist/0_Projects/tail_mate/build/sjtu_drone_control/build/lib/sjtu_drone_control
[0.988s] copying sjtu_drone_control/__init__.py -> /home/roboticist/0_Projects/tail_mate/build/sjtu_drone_control/build/lib/sjtu_drone_control
[0.988s] copying sjtu_drone_control/open_loop_control.py -> /home/roboticist/0_Projects/tail_mate/build/sjtu_drone_control/build/lib/sjtu_drone_control
[0.989s] copying sjtu_drone_control/drone_position_control.py -> /home/roboticist/0_Projects/tail_mate/build/sjtu_drone_control/build/lib/sjtu_drone_control
[0.989s] copying sjtu_drone_control/teleop_joystick.py -> /home/roboticist/0_Projects/tail_mate/build/sjtu_drone_control/build/lib/sjtu_drone_control
[0.989s] running install
[0.989s] running install_lib
[0.990s] creating /home/roboticist/0_Projects/tail_mate/install/sjtu_drone_control/lib/python3.10/site-packages/sjtu_drone_control
[0.990s] copying /home/roboticist/0_Projects/tail_mate/build/sjtu_drone_control/build/lib/sjtu_drone_control/teleop.py -> /home/roboticist/0_Projects/tail_mate/install/sjtu_drone_control/lib/python3.10/site-packages/sjtu_drone_control
[0.990s] copying /home/roboticist/0_Projects/tail_mate/build/sjtu_drone_control/build/lib/sjtu_drone_control/__init__.py -> /home/roboticist/0_Projects/tail_mate/install/sjtu_drone_control/lib/python3.10/site-packages/sjtu_drone_control
[0.990s] copying /home/roboticist/0_Projects/tail_mate/build/sjtu_drone_control/build/lib/sjtu_drone_control/open_loop_control.py -> /home/roboticist/0_Projects/tail_mate/install/sjtu_drone_control/lib/python3.10/site-packages/sjtu_drone_control
[0.990s] copying /home/roboticist/0_Projects/tail_mate/build/sjtu_drone_control/build/lib/sjtu_drone_control/drone_position_control.py -> /home/roboticist/0_Projects/tail_mate/install/sjtu_drone_control/lib/python3.10/site-packages/sjtu_drone_control
[0.990s] copying /home/roboticist/0_Projects/tail_mate/build/sjtu_drone_control/build/lib/sjtu_drone_control/teleop_joystick.py -> /home/roboticist/0_Projects/tail_mate/install/sjtu_drone_control/lib/python3.10/site-packages/sjtu_drone_control
[0.990s] byte-compiling /home/roboticist/0_Projects/tail_mate/install/sjtu_drone_control/lib/python3.10/site-packages/sjtu_drone_control/teleop.py to teleop.cpython-310.pyc
[0.991s] byte-compiling /home/roboticist/0_Projects/tail_mate/install/sjtu_drone_control/lib/python3.10/site-packages/sjtu_drone_control/__init__.py to __init__.cpython-310.pyc
[0.991s] byte-compiling /home/roboticist/0_Projects/tail_mate/install/sjtu_drone_control/lib/python3.10/site-packages/sjtu_drone_control/open_loop_control.py to open_loop_control.cpython-310.pyc
[0.993s] byte-compiling /home/roboticist/0_Projects/tail_mate/install/sjtu_drone_control/lib/python3.10/site-packages/sjtu_drone_control/drone_position_control.py to drone_position_control.cpython-310.pyc
[0.993s] byte-compiling /home/roboticist/0_Projects/tail_mate/install/sjtu_drone_control/lib/python3.10/site-packages/sjtu_drone_control/teleop_joystick.py to teleop_joystick.cpython-310.pyc
[0.994s] running install_data
[0.994s] creating /home/roboticist/0_Projects/tail_mate/install/sjtu_drone_control/share/ament_index
[0.994s] creating /home/roboticist/0_Projects/tail_mate/install/sjtu_drone_control/share/ament_index/resource_index
[0.994s] creating /home/roboticist/0_Projects/tail_mate/install/sjtu_drone_control/share/ament_index/resource_index/packages
[0.994s] copying resource/sjtu_drone_control -> /home/roboticist/0_Projects/tail_mate/install/sjtu_drone_control/share/ament_index/resource_index/packages
[0.994s] copying package.xml -> /home/roboticist/0_Projects/tail_mate/install/sjtu_drone_control/share/sjtu_drone_control
[0.994s] running install_egg_info
[0.996s] Copying ../../../build/sjtu_drone_control/sjtu_drone_control.egg-info to /home/roboticist/0_Projects/tail_mate/install/sjtu_drone_control/lib/python3.10/site-packages/sjtu_drone_control-0.0.0-py3.10.egg-info
[0.996s] running install_scripts
[1.015s] Installing drone_position_control script to /home/roboticist/0_Projects/tail_mate/install/sjtu_drone_control/lib/sjtu_drone_control
[1.016s] Installing open_loop_control script to /home/roboticist/0_Projects/tail_mate/install/sjtu_drone_control/lib/sjtu_drone_control
[1.016s] Installing teleop script to /home/roboticist/0_Projects/tail_mate/install/sjtu_drone_control/lib/sjtu_drone_control
[1.016s] Installing teleop_joystick script to /home/roboticist/0_Projects/tail_mate/install/sjtu_drone_control/lib/sjtu_drone_control
[1.016s] writing list of installed files to '/home/roboticist/0_Projects/tail_mate/build/sjtu_drone_control/install.log'
[1.035s] Invoked command in '/home/roboticist/0_Projects/tail_mate/src/sjtu_drone/sjtu_drone_control' returned '0': PYTHONPATH=/home/roboticist/0_Projects/tail_mate/build/sjtu_drone_control/prefix_override:/usr/lib/python3/dist-packages/colcon_core/task/python/colcon_distutils_commands:/home/roboticist/0_Projects/tail_mate/install/sjtu_drone_control/lib/python3.10/site-packages:${PYTHONPATH} /usr/bin/python3 -W ignore:setup.py install is deprecated -W ignore:easy_install command is deprecated setup.py egg_info --egg-base ../../../build/sjtu_drone_control build --build-base /home/roboticist/0_Projects/tail_mate/build/sjtu_drone_control/build install --record /home/roboticist/0_Projects/tail_mate/build/sjtu_drone_control/install.log --single-version-externally-managed install_data
