[0.102s] DEBUG:colcon:Command line arguments: ['/usr/bin/colcon', 'build']
[0.103s] DEBUG:colcon:Parsed command line arguments: Namespace(log_base=None, log_level=None, verb_name='build', build_base='build', install_base='install', merge_install=False, symlink_install=False, test_result_base=None, continue_on_error=False, executor='parallel', parallel_workers=20, event_handlers=None, ignore_user_meta=False, metas=['./colcon.meta'], base_paths=['.'], packages_ignore=None, packages_ignore_regex=None, paths=None, packages_up_to=None, packages_up_to_regex=None, packages_above=None, packages_above_and_dependencies=None, packages_above_depth=None, packages_select_by_dep=None, packages_skip_by_dep=None, packages_skip_up_to=None, packages_select_build_failed=False, packages_skip_build_finished=False, packages_select_test_failures=False, packages_skip_test_passed=False, packages_select=None, packages_skip=None, packages_select_regex=None, packages_skip_regex=None, packages_start=None, packages_end=None, allow_overriding=[], cmake_args=None, cmake_target=None, cmake_target_skip_unavailable=False, cmake_clean_cache=False, cmake_clean_first=False, cmake_force_configure=False, ament_cmake_args=None, catkin_cmake_args=None, catkin_skip_building_tests=False, mixin_files=None, mixin=None, verb_parser=<colcon_mixin.mixin.mixin_argument.MixinArgumentDecorator object at 0x7b50b375ec50>, verb_extension=<colcon_core.verb.build.BuildVerb object at 0x7b50b375e050>, main=<bound method BuildVerb.main of <colcon_core.verb.build.BuildVerb object at 0x7b50b375e050>>, mixin_verb=('build',))
[0.260s] Level 1:colcon.colcon_core.package_discovery:discover_packages(colcon_meta) check parameters
[0.260s] Level 1:colcon.colcon_core.package_discovery:discover_packages(recursive) check parameters
[0.260s] Level 1:colcon.colcon_core.package_discovery:discover_packages(ignore) check parameters
[0.260s] Level 1:colcon.colcon_core.package_discovery:discover_packages(path) check parameters
[0.260s] Level 1:colcon.colcon_core.package_discovery:discover_packages(colcon_meta) discover
[0.261s] Level 1:colcon.colcon_core.package_discovery:discover_packages(recursive) discover
[0.261s] INFO:colcon.colcon_core.package_discovery:Crawling recursively for packages in '/home/roboticist/0_Projects/tail_mate'
[0.261s] Level 1:colcon.colcon_core.package_identification:_identify(.) by extensions ['ignore', 'ignore_ament_install']
[0.261s] Level 1:colcon.colcon_core.package_identification:_identify(.) by extension 'ignore'
[0.261s] Level 1:colcon.colcon_core.package_identification:_identify(.) by extension 'ignore_ament_install'
[0.261s] Level 1:colcon.colcon_core.package_identification:_identify(.) by extensions ['colcon_pkg']
[0.261s] Level 1:colcon.colcon_core.package_identification:_identify(.) by extension 'colcon_pkg'
[0.261s] Level 1:colcon.colcon_core.package_identification:_identify(.) by extensions ['colcon_meta']
[0.261s] Level 1:colcon.colcon_core.package_identification:_identify(.) by extension 'colcon_meta'
[0.261s] Level 1:colcon.colcon_core.package_identification:_identify(.) by extensions ['ros']
[0.261s] Level 1:colcon.colcon_core.package_identification:_identify(.) by extension 'ros'
[0.271s] Level 1:colcon.colcon_core.package_identification:_identify(.) by extensions ['cmake', 'python']
[0.271s] Level 1:colcon.colcon_core.package_identification:_identify(.) by extension 'cmake'
[0.271s] Level 1:colcon.colcon_core.package_identification:_identify(.) by extension 'python'
[0.271s] Level 1:colcon.colcon_core.package_identification:_identify(.) by extensions ['python_setup_py']
[0.271s] Level 1:colcon.colcon_core.package_identification:_identify(.) by extension 'python_setup_py'
[0.271s] Level 1:colcon.colcon_core.package_identification:_identify(assets) by extensions ['ignore', 'ignore_ament_install']
[0.271s] Level 1:colcon.colcon_core.package_identification:_identify(assets) by extension 'ignore'
[0.271s] Level 1:colcon.colcon_core.package_identification:_identify(assets) by extension 'ignore_ament_install'
[0.271s] Level 1:colcon.colcon_core.package_identification:_identify(assets) by extensions ['colcon_pkg']
[0.271s] Level 1:colcon.colcon_core.package_identification:_identify(assets) by extension 'colcon_pkg'
[0.271s] Level 1:colcon.colcon_core.package_identification:_identify(assets) by extensions ['colcon_meta']
[0.271s] Level 1:colcon.colcon_core.package_identification:_identify(assets) by extension 'colcon_meta'
[0.271s] Level 1:colcon.colcon_core.package_identification:_identify(assets) by extensions ['ros']
[0.271s] Level 1:colcon.colcon_core.package_identification:_identify(assets) by extension 'ros'
[0.271s] Level 1:colcon.colcon_core.package_identification:_identify(assets) by extensions ['cmake', 'python']
[0.271s] Level 1:colcon.colcon_core.package_identification:_identify(assets) by extension 'cmake'
[0.271s] Level 1:colcon.colcon_core.package_identification:_identify(assets) by extension 'python'
[0.271s] Level 1:colcon.colcon_core.package_identification:_identify(assets) by extensions ['python_setup_py']
[0.271s] Level 1:colcon.colcon_core.package_identification:_identify(assets) by extension 'python_setup_py'
[0.271s] Level 1:colcon.colcon_core.package_identification:_identify(build) by extensions ['ignore', 'ignore_ament_install']
[0.272s] Level 1:colcon.colcon_core.package_identification:_identify(build) by extension 'ignore'
[0.272s] Level 1:colcon.colcon_core.package_identification:_identify(build) ignored
[0.272s] Level 1:colcon.colcon_core.package_identification:_identify(docs) by extensions ['ignore', 'ignore_ament_install']
[0.272s] Level 1:colcon.colcon_core.package_identification:_identify(docs) by extension 'ignore'
[0.272s] Level 1:colcon.colcon_core.package_identification:_identify(docs) by extension 'ignore_ament_install'
[0.272s] Level 1:colcon.colcon_core.package_identification:_identify(docs) by extensions ['colcon_pkg']
[0.272s] Level 1:colcon.colcon_core.package_identification:_identify(docs) by extension 'colcon_pkg'
[0.272s] Level 1:colcon.colcon_core.package_identification:_identify(docs) by extensions ['colcon_meta']
[0.272s] Level 1:colcon.colcon_core.package_identification:_identify(docs) by extension 'colcon_meta'
[0.272s] Level 1:colcon.colcon_core.package_identification:_identify(docs) by extensions ['ros']
[0.272s] Level 1:colcon.colcon_core.package_identification:_identify(docs) by extension 'ros'
[0.272s] Level 1:colcon.colcon_core.package_identification:_identify(docs) by extensions ['cmake', 'python']
[0.272s] Level 1:colcon.colcon_core.package_identification:_identify(docs) by extension 'cmake'
[0.272s] Level 1:colcon.colcon_core.package_identification:_identify(docs) by extension 'python'
[0.272s] Level 1:colcon.colcon_core.package_identification:_identify(docs) by extensions ['python_setup_py']
[0.272s] Level 1:colcon.colcon_core.package_identification:_identify(docs) by extension 'python_setup_py'
[0.272s] Level 1:colcon.colcon_core.package_identification:_identify(install) by extensions ['ignore', 'ignore_ament_install']
[0.272s] Level 1:colcon.colcon_core.package_identification:_identify(install) by extension 'ignore'
[0.272s] Level 1:colcon.colcon_core.package_identification:_identify(install) ignored
[0.272s] Level 1:colcon.colcon_core.package_identification:_identify(log) by extensions ['ignore', 'ignore_ament_install']
[0.273s] Level 1:colcon.colcon_core.package_identification:_identify(log) by extension 'ignore'
[0.273s] Level 1:colcon.colcon_core.package_identification:_identify(log) ignored
[0.273s] Level 1:colcon.colcon_core.package_identification:_identify(src) by extensions ['ignore', 'ignore_ament_install']
[0.273s] Level 1:colcon.colcon_core.package_identification:_identify(src) by extension 'ignore'
[0.273s] Level 1:colcon.colcon_core.package_identification:_identify(src) by extension 'ignore_ament_install'
[0.273s] Level 1:colcon.colcon_core.package_identification:_identify(src) by extensions ['colcon_pkg']
[0.273s] Level 1:colcon.colcon_core.package_identification:_identify(src) by extension 'colcon_pkg'
[0.273s] Level 1:colcon.colcon_core.package_identification:_identify(src) by extensions ['colcon_meta']
[0.273s] Level 1:colcon.colcon_core.package_identification:_identify(src) by extension 'colcon_meta'
[0.273s] Level 1:colcon.colcon_core.package_identification:_identify(src) by extensions ['ros']
[0.273s] Level 1:colcon.colcon_core.package_identification:_identify(src) by extension 'ros'
[0.273s] Level 1:colcon.colcon_core.package_identification:_identify(src) by extensions ['cmake', 'python']
[0.273s] Level 1:colcon.colcon_core.package_identification:_identify(src) by extension 'cmake'
[0.273s] Level 1:colcon.colcon_core.package_identification:_identify(src) by extension 'python'
[0.273s] Level 1:colcon.colcon_core.package_identification:_identify(src) by extensions ['python_setup_py']
[0.273s] Level 1:colcon.colcon_core.package_identification:_identify(src) by extension 'python_setup_py'
[0.273s] Level 1:colcon.colcon_core.package_identification:_identify(src/followme_drone) by extensions ['ignore', 'ignore_ament_install']
[0.273s] Level 1:colcon.colcon_core.package_identification:_identify(src/followme_drone) by extension 'ignore'
[0.273s] Level 1:colcon.colcon_core.package_identification:_identify(src/followme_drone) by extension 'ignore_ament_install'
[0.273s] Level 1:colcon.colcon_core.package_identification:_identify(src/followme_drone) by extensions ['colcon_pkg']
[0.273s] Level 1:colcon.colcon_core.package_identification:_identify(src/followme_drone) by extension 'colcon_pkg'
[0.273s] Level 1:colcon.colcon_core.package_identification:_identify(src/followme_drone) by extensions ['colcon_meta']
[0.273s] Level 1:colcon.colcon_core.package_identification:_identify(src/followme_drone) by extension 'colcon_meta'
[0.273s] Level 1:colcon.colcon_core.package_identification:_identify(src/followme_drone) by extensions ['ros']
[0.273s] Level 1:colcon.colcon_core.package_identification:_identify(src/followme_drone) by extension 'ros'
[0.281s] DEBUG:colcon.colcon_core.package_identification:Package 'src/followme_drone' with type 'ros.ament_cmake' and name 'followme_drone'
[0.281s] Level 1:colcon.colcon_core.package_identification:_identify(src/sjtu_drone) by extensions ['ignore', 'ignore_ament_install']
[0.281s] Level 1:colcon.colcon_core.package_identification:_identify(src/sjtu_drone) by extension 'ignore'
[0.281s] Level 1:colcon.colcon_core.package_identification:_identify(src/sjtu_drone) by extension 'ignore_ament_install'
[0.281s] Level 1:colcon.colcon_core.package_identification:_identify(src/sjtu_drone) by extensions ['colcon_pkg']
[0.281s] Level 1:colcon.colcon_core.package_identification:_identify(src/sjtu_drone) by extension 'colcon_pkg'
[0.282s] Level 1:colcon.colcon_core.package_identification:_identify(src/sjtu_drone) by extensions ['colcon_meta']
[0.282s] Level 1:colcon.colcon_core.package_identification:_identify(src/sjtu_drone) by extension 'colcon_meta'
[0.282s] Level 1:colcon.colcon_core.package_identification:_identify(src/sjtu_drone) by extensions ['ros']
[0.282s] Level 1:colcon.colcon_core.package_identification:_identify(src/sjtu_drone) by extension 'ros'
[0.282s] Level 1:colcon.colcon_core.package_identification:_identify(src/sjtu_drone) by extensions ['cmake', 'python']
[0.282s] Level 1:colcon.colcon_core.package_identification:_identify(src/sjtu_drone) by extension 'cmake'
[0.282s] Level 1:colcon.colcon_core.package_identification:_identify(src/sjtu_drone) by extension 'python'
[0.282s] Level 1:colcon.colcon_core.package_identification:_identify(src/sjtu_drone) by extensions ['python_setup_py']
[0.282s] Level 1:colcon.colcon_core.package_identification:_identify(src/sjtu_drone) by extension 'python_setup_py'
[0.282s] Level 1:colcon.colcon_core.package_identification:_identify(src/sjtu_drone/imgs) by extensions ['ignore', 'ignore_ament_install']
[0.282s] Level 1:colcon.colcon_core.package_identification:_identify(src/sjtu_drone/imgs) by extension 'ignore'
[0.282s] Level 1:colcon.colcon_core.package_identification:_identify(src/sjtu_drone/imgs) by extension 'ignore_ament_install'
[0.282s] Level 1:colcon.colcon_core.package_identification:_identify(src/sjtu_drone/imgs) by extensions ['colcon_pkg']
[0.282s] Level 1:colcon.colcon_core.package_identification:_identify(src/sjtu_drone/imgs) by extension 'colcon_pkg'
[0.282s] Level 1:colcon.colcon_core.package_identification:_identify(src/sjtu_drone/imgs) by extensions ['colcon_meta']
[0.282s] Level 1:colcon.colcon_core.package_identification:_identify(src/sjtu_drone/imgs) by extension 'colcon_meta'
[0.282s] Level 1:colcon.colcon_core.package_identification:_identify(src/sjtu_drone/imgs) by extensions ['ros']
[0.282s] Level 1:colcon.colcon_core.package_identification:_identify(src/sjtu_drone/imgs) by extension 'ros'
[0.282s] Level 1:colcon.colcon_core.package_identification:_identify(src/sjtu_drone/imgs) by extensions ['cmake', 'python']
[0.282s] Level 1:colcon.colcon_core.package_identification:_identify(src/sjtu_drone/imgs) by extension 'cmake'
[0.282s] Level 1:colcon.colcon_core.package_identification:_identify(src/sjtu_drone/imgs) by extension 'python'
[0.282s] Level 1:colcon.colcon_core.package_identification:_identify(src/sjtu_drone/imgs) by extensions ['python_setup_py']
[0.282s] Level 1:colcon.colcon_core.package_identification:_identify(src/sjtu_drone/imgs) by extension 'python_setup_py'
[0.282s] Level 1:colcon.colcon_core.package_identification:_identify(src/sjtu_drone/sjtu_drone_bringup) by extensions ['ignore', 'ignore_ament_install']
[0.283s] Level 1:colcon.colcon_core.package_identification:_identify(src/sjtu_drone/sjtu_drone_bringup) by extension 'ignore'
[0.283s] Level 1:colcon.colcon_core.package_identification:_identify(src/sjtu_drone/sjtu_drone_bringup) by extension 'ignore_ament_install'
[0.283s] Level 1:colcon.colcon_core.package_identification:_identify(src/sjtu_drone/sjtu_drone_bringup) by extensions ['colcon_pkg']
[0.283s] Level 1:colcon.colcon_core.package_identification:_identify(src/sjtu_drone/sjtu_drone_bringup) by extension 'colcon_pkg'
[0.283s] Level 1:colcon.colcon_core.package_identification:_identify(src/sjtu_drone/sjtu_drone_bringup) by extensions ['colcon_meta']
[0.283s] Level 1:colcon.colcon_core.package_identification:_identify(src/sjtu_drone/sjtu_drone_bringup) by extension 'colcon_meta'
[0.283s] Level 1:colcon.colcon_core.package_identification:_identify(src/sjtu_drone/sjtu_drone_bringup) by extensions ['ros']
[0.283s] Level 1:colcon.colcon_core.package_identification:_identify(src/sjtu_drone/sjtu_drone_bringup) by extension 'ros'
[0.284s] DEBUG:colcon.colcon_core.package_identification:Package 'src/sjtu_drone/sjtu_drone_bringup' with type 'ros.ament_python' and name 'sjtu_drone_bringup'
[0.284s] Level 1:colcon.colcon_core.package_identification:_identify(src/sjtu_drone/sjtu_drone_control) by extensions ['ignore', 'ignore_ament_install']
[0.284s] Level 1:colcon.colcon_core.package_identification:_identify(src/sjtu_drone/sjtu_drone_control) by extension 'ignore'
[0.284s] Level 1:colcon.colcon_core.package_identification:_identify(src/sjtu_drone/sjtu_drone_control) by extension 'ignore_ament_install'
[0.284s] Level 1:colcon.colcon_core.package_identification:_identify(src/sjtu_drone/sjtu_drone_control) by extensions ['colcon_pkg']
[0.284s] Level 1:colcon.colcon_core.package_identification:_identify(src/sjtu_drone/sjtu_drone_control) by extension 'colcon_pkg'
[0.284s] Level 1:colcon.colcon_core.package_identification:_identify(src/sjtu_drone/sjtu_drone_control) by extensions ['colcon_meta']
[0.284s] Level 1:colcon.colcon_core.package_identification:_identify(src/sjtu_drone/sjtu_drone_control) by extension 'colcon_meta'
[0.284s] Level 1:colcon.colcon_core.package_identification:_identify(src/sjtu_drone/sjtu_drone_control) by extensions ['ros']
[0.284s] Level 1:colcon.colcon_core.package_identification:_identify(src/sjtu_drone/sjtu_drone_control) by extension 'ros'
[0.285s] DEBUG:colcon.colcon_core.package_identification:Package 'src/sjtu_drone/sjtu_drone_control' with type 'ros.ament_python' and name 'sjtu_drone_control'
[0.285s] Level 1:colcon.colcon_core.package_identification:_identify(src/sjtu_drone/sjtu_drone_description) by extensions ['ignore', 'ignore_ament_install']
[0.285s] Level 1:colcon.colcon_core.package_identification:_identify(src/sjtu_drone/sjtu_drone_description) by extension 'ignore'
[0.285s] Level 1:colcon.colcon_core.package_identification:_identify(src/sjtu_drone/sjtu_drone_description) by extension 'ignore_ament_install'
[0.285s] Level 1:colcon.colcon_core.package_identification:_identify(src/sjtu_drone/sjtu_drone_description) by extensions ['colcon_pkg']
[0.285s] Level 1:colcon.colcon_core.package_identification:_identify(src/sjtu_drone/sjtu_drone_description) by extension 'colcon_pkg'
[0.285s] Level 1:colcon.colcon_core.package_identification:_identify(src/sjtu_drone/sjtu_drone_description) by extensions ['colcon_meta']
[0.285s] Level 1:colcon.colcon_core.package_identification:_identify(src/sjtu_drone/sjtu_drone_description) by extension 'colcon_meta'
[0.285s] Level 1:colcon.colcon_core.package_identification:_identify(src/sjtu_drone/sjtu_drone_description) by extensions ['ros']
[0.285s] Level 1:colcon.colcon_core.package_identification:_identify(src/sjtu_drone/sjtu_drone_description) by extension 'ros'
[0.286s] DEBUG:colcon.colcon_core.package_identification:Package 'src/sjtu_drone/sjtu_drone_description' with type 'ros.ament_cmake' and name 'sjtu_drone_description'
[0.286s] Level 1:colcon.colcon_core.package_identification:_identify(src/turtlebot3_simulations) by extensions ['ignore', 'ignore_ament_install']
[0.286s] Level 1:colcon.colcon_core.package_identification:_identify(src/turtlebot3_simulations) by extension 'ignore'
[0.286s] Level 1:colcon.colcon_core.package_identification:_identify(src/turtlebot3_simulations) by extension 'ignore_ament_install'
[0.286s] Level 1:colcon.colcon_core.package_identification:_identify(src/turtlebot3_simulations) by extensions ['colcon_pkg']
[0.286s] Level 1:colcon.colcon_core.package_identification:_identify(src/turtlebot3_simulations) by extension 'colcon_pkg'
[0.286s] Level 1:colcon.colcon_core.package_identification:_identify(src/turtlebot3_simulations) by extensions ['colcon_meta']
[0.286s] Level 1:colcon.colcon_core.package_identification:_identify(src/turtlebot3_simulations) by extension 'colcon_meta'
[0.287s] Level 1:colcon.colcon_core.package_identification:_identify(src/turtlebot3_simulations) by extensions ['ros']
[0.287s] Level 1:colcon.colcon_core.package_identification:_identify(src/turtlebot3_simulations) by extension 'ros'
[0.287s] Level 1:colcon.colcon_core.package_identification:_identify(src/turtlebot3_simulations) by extensions ['cmake', 'python']
[0.287s] Level 1:colcon.colcon_core.package_identification:_identify(src/turtlebot3_simulations) by extension 'cmake'
[0.287s] Level 1:colcon.colcon_core.package_identification:_identify(src/turtlebot3_simulations) by extension 'python'
[0.287s] Level 1:colcon.colcon_core.package_identification:_identify(src/turtlebot3_simulations) by extensions ['python_setup_py']
[0.287s] Level 1:colcon.colcon_core.package_identification:_identify(src/turtlebot3_simulations) by extension 'python_setup_py'
[0.287s] Level 1:colcon.colcon_core.package_identification:_identify(src/turtlebot3_simulations/turtlebot3_fake_node) by extensions ['ignore', 'ignore_ament_install']
[0.287s] Level 1:colcon.colcon_core.package_identification:_identify(src/turtlebot3_simulations/turtlebot3_fake_node) by extension 'ignore'
[0.287s] Level 1:colcon.colcon_core.package_identification:_identify(src/turtlebot3_simulations/turtlebot3_fake_node) by extension 'ignore_ament_install'
[0.287s] Level 1:colcon.colcon_core.package_identification:_identify(src/turtlebot3_simulations/turtlebot3_fake_node) by extensions ['colcon_pkg']
[0.287s] Level 1:colcon.colcon_core.package_identification:_identify(src/turtlebot3_simulations/turtlebot3_fake_node) by extension 'colcon_pkg'
[0.287s] Level 1:colcon.colcon_core.package_identification:_identify(src/turtlebot3_simulations/turtlebot3_fake_node) by extensions ['colcon_meta']
[0.287s] Level 1:colcon.colcon_core.package_identification:_identify(src/turtlebot3_simulations/turtlebot3_fake_node) by extension 'colcon_meta'
[0.287s] Level 1:colcon.colcon_core.package_identification:_identify(src/turtlebot3_simulations/turtlebot3_fake_node) by extensions ['ros']
[0.287s] Level 1:colcon.colcon_core.package_identification:_identify(src/turtlebot3_simulations/turtlebot3_fake_node) by extension 'ros'
[0.288s] DEBUG:colcon.colcon_core.package_identification:Package 'src/turtlebot3_simulations/turtlebot3_fake_node' with type 'ros.ament_cmake' and name 'turtlebot3_fake_node'
[0.288s] Level 1:colcon.colcon_core.package_identification:_identify(src/turtlebot3_simulations/turtlebot3_gazebo) by extensions ['ignore', 'ignore_ament_install']
[0.288s] Level 1:colcon.colcon_core.package_identification:_identify(src/turtlebot3_simulations/turtlebot3_gazebo) by extension 'ignore'
[0.288s] Level 1:colcon.colcon_core.package_identification:_identify(src/turtlebot3_simulations/turtlebot3_gazebo) by extension 'ignore_ament_install'
[0.288s] Level 1:colcon.colcon_core.package_identification:_identify(src/turtlebot3_simulations/turtlebot3_gazebo) by extensions ['colcon_pkg']
[0.288s] Level 1:colcon.colcon_core.package_identification:_identify(src/turtlebot3_simulations/turtlebot3_gazebo) by extension 'colcon_pkg'
[0.288s] Level 1:colcon.colcon_core.package_identification:_identify(src/turtlebot3_simulations/turtlebot3_gazebo) by extensions ['colcon_meta']
[0.288s] Level 1:colcon.colcon_core.package_identification:_identify(src/turtlebot3_simulations/turtlebot3_gazebo) by extension 'colcon_meta'
[0.288s] Level 1:colcon.colcon_core.package_identification:_identify(src/turtlebot3_simulations/turtlebot3_gazebo) by extensions ['ros']
[0.288s] Level 1:colcon.colcon_core.package_identification:_identify(src/turtlebot3_simulations/turtlebot3_gazebo) by extension 'ros'
[0.289s] DEBUG:colcon.colcon_core.package_identification:Package 'src/turtlebot3_simulations/turtlebot3_gazebo' with type 'ros.ament_cmake' and name 'turtlebot3_gazebo'
[0.290s] Level 1:colcon.colcon_core.package_identification:_identify(src/turtlebot3_simulations/turtlebot3_simulations) by extensions ['ignore', 'ignore_ament_install']
[0.290s] Level 1:colcon.colcon_core.package_identification:_identify(src/turtlebot3_simulations/turtlebot3_simulations) by extension 'ignore'
[0.290s] Level 1:colcon.colcon_core.package_identification:_identify(src/turtlebot3_simulations/turtlebot3_simulations) by extension 'ignore_ament_install'
[0.290s] Level 1:colcon.colcon_core.package_identification:_identify(src/turtlebot3_simulations/turtlebot3_simulations) by extensions ['colcon_pkg']
[0.290s] Level 1:colcon.colcon_core.package_identification:_identify(src/turtlebot3_simulations/turtlebot3_simulations) by extension 'colcon_pkg'
[0.290s] Level 1:colcon.colcon_core.package_identification:_identify(src/turtlebot3_simulations/turtlebot3_simulations) by extensions ['colcon_meta']
[0.290s] Level 1:colcon.colcon_core.package_identification:_identify(src/turtlebot3_simulations/turtlebot3_simulations) by extension 'colcon_meta'
[0.290s] Level 1:colcon.colcon_core.package_identification:_identify(src/turtlebot3_simulations/turtlebot3_simulations) by extensions ['ros']
[0.290s] Level 1:colcon.colcon_core.package_identification:_identify(src/turtlebot3_simulations/turtlebot3_simulations) by extension 'ros'
[0.290s] DEBUG:colcon.colcon_core.package_identification:Package 'src/turtlebot3_simulations/turtlebot3_simulations' with type 'ros.ament_cmake' and name 'turtlebot3_simulations'
[0.290s] Level 1:colcon.colcon_core.package_discovery:discover_packages(recursive) using defaults
[0.290s] Level 1:colcon.colcon_core.package_discovery:discover_packages(ignore) discover
[0.290s] Level 1:colcon.colcon_core.package_discovery:discover_packages(ignore) using defaults
[0.290s] Level 1:colcon.colcon_core.package_discovery:discover_packages(path) discover
[0.290s] Level 1:colcon.colcon_core.package_discovery:discover_packages(path) using defaults
[0.307s] Level 1:colcon.colcon_core.package_discovery:discover_packages(prefix_path) check parameters
[0.308s] Level 1:colcon.colcon_core.package_discovery:discover_packages(prefix_path) discover
[0.309s] DEBUG:colcon.colcon_installed_package_information.package_discovery:Found 7 installed packages in /home/roboticist/0_Projects/tail_mate/install
[0.311s] DEBUG:colcon.colcon_installed_package_information.package_discovery:Found 492 installed packages in /opt/ros/humble
[0.314s] Level 1:colcon.colcon_core.package_discovery:discover_packages(prefix_path) using defaults
[0.364s] Level 5:colcon.colcon_core.verb:set package 'followme_drone' build argument 'cmake_args' from command line to 'None'
[0.364s] Level 5:colcon.colcon_core.verb:set package 'followme_drone' build argument 'cmake_target' from command line to 'None'
[0.364s] Level 5:colcon.colcon_core.verb:set package 'followme_drone' build argument 'cmake_target_skip_unavailable' from command line to 'False'
[0.364s] Level 5:colcon.colcon_core.verb:set package 'followme_drone' build argument 'cmake_clean_cache' from command line to 'False'
[0.364s] Level 5:colcon.colcon_core.verb:set package 'followme_drone' build argument 'cmake_clean_first' from command line to 'False'
[0.364s] Level 5:colcon.colcon_core.verb:set package 'followme_drone' build argument 'cmake_force_configure' from command line to 'False'
[0.364s] Level 5:colcon.colcon_core.verb:set package 'followme_drone' build argument 'ament_cmake_args' from command line to 'None'
[0.364s] Level 5:colcon.colcon_core.verb:set package 'followme_drone' build argument 'catkin_cmake_args' from command line to 'None'
[0.364s] Level 5:colcon.colcon_core.verb:set package 'followme_drone' build argument 'catkin_skip_building_tests' from command line to 'False'
[0.364s] DEBUG:colcon.colcon_core.verb:Building package 'followme_drone' with the following arguments: {'ament_cmake_args': None, 'build_base': '/home/roboticist/0_Projects/tail_mate/build/followme_drone', 'catkin_cmake_args': None, 'catkin_skip_building_tests': False, 'cmake_args': None, 'cmake_clean_cache': False, 'cmake_clean_first': False, 'cmake_force_configure': False, 'cmake_target': None, 'cmake_target_skip_unavailable': False, 'install_base': '/home/roboticist/0_Projects/tail_mate/install/followme_drone', 'merge_install': False, 'path': '/home/roboticist/0_Projects/tail_mate/src/followme_drone', 'symlink_install': False, 'test_result_base': None}
[0.364s] Level 5:colcon.colcon_core.verb:set package 'sjtu_drone_bringup' build argument 'cmake_args' from command line to 'None'
[0.364s] Level 5:colcon.colcon_core.verb:set package 'sjtu_drone_bringup' build argument 'cmake_target' from command line to 'None'
[0.364s] Level 5:colcon.colcon_core.verb:set package 'sjtu_drone_bringup' build argument 'cmake_target_skip_unavailable' from command line to 'False'
[0.364s] Level 5:colcon.colcon_core.verb:set package 'sjtu_drone_bringup' build argument 'cmake_clean_cache' from command line to 'False'
[0.364s] Level 5:colcon.colcon_core.verb:set package 'sjtu_drone_bringup' build argument 'cmake_clean_first' from command line to 'False'
[0.364s] Level 5:colcon.colcon_core.verb:set package 'sjtu_drone_bringup' build argument 'cmake_force_configure' from command line to 'False'
[0.364s] Level 5:colcon.colcon_core.verb:set package 'sjtu_drone_bringup' build argument 'ament_cmake_args' from command line to 'None'
[0.365s] Level 5:colcon.colcon_core.verb:set package 'sjtu_drone_bringup' build argument 'catkin_cmake_args' from command line to 'None'
[0.365s] Level 5:colcon.colcon_core.verb:set package 'sjtu_drone_bringup' build argument 'catkin_skip_building_tests' from command line to 'False'
[0.365s] DEBUG:colcon.colcon_core.verb:Building package 'sjtu_drone_bringup' with the following arguments: {'ament_cmake_args': None, 'build_base': '/home/roboticist/0_Projects/tail_mate/build/sjtu_drone_bringup', 'catkin_cmake_args': None, 'catkin_skip_building_tests': False, 'cmake_args': None, 'cmake_clean_cache': False, 'cmake_clean_first': False, 'cmake_force_configure': False, 'cmake_target': None, 'cmake_target_skip_unavailable': False, 'install_base': '/home/roboticist/0_Projects/tail_mate/install/sjtu_drone_bringup', 'merge_install': False, 'path': '/home/roboticist/0_Projects/tail_mate/src/sjtu_drone/sjtu_drone_bringup', 'symlink_install': False, 'test_result_base': None}
[0.365s] Level 5:colcon.colcon_core.verb:set package 'sjtu_drone_control' build argument 'cmake_args' from command line to 'None'
[0.365s] Level 5:colcon.colcon_core.verb:set package 'sjtu_drone_control' build argument 'cmake_target' from command line to 'None'
[0.365s] Level 5:colcon.colcon_core.verb:set package 'sjtu_drone_control' build argument 'cmake_target_skip_unavailable' from command line to 'False'
[0.365s] Level 5:colcon.colcon_core.verb:set package 'sjtu_drone_control' build argument 'cmake_clean_cache' from command line to 'False'
[0.365s] Level 5:colcon.colcon_core.verb:set package 'sjtu_drone_control' build argument 'cmake_clean_first' from command line to 'False'
[0.365s] Level 5:colcon.colcon_core.verb:set package 'sjtu_drone_control' build argument 'cmake_force_configure' from command line to 'False'
[0.365s] Level 5:colcon.colcon_core.verb:set package 'sjtu_drone_control' build argument 'ament_cmake_args' from command line to 'None'
[0.365s] Level 5:colcon.colcon_core.verb:set package 'sjtu_drone_control' build argument 'catkin_cmake_args' from command line to 'None'
[0.365s] Level 5:colcon.colcon_core.verb:set package 'sjtu_drone_control' build argument 'catkin_skip_building_tests' from command line to 'False'
[0.365s] DEBUG:colcon.colcon_core.verb:Building package 'sjtu_drone_control' with the following arguments: {'ament_cmake_args': None, 'build_base': '/home/roboticist/0_Projects/tail_mate/build/sjtu_drone_control', 'catkin_cmake_args': None, 'catkin_skip_building_tests': False, 'cmake_args': None, 'cmake_clean_cache': False, 'cmake_clean_first': False, 'cmake_force_configure': False, 'cmake_target': None, 'cmake_target_skip_unavailable': False, 'install_base': '/home/roboticist/0_Projects/tail_mate/install/sjtu_drone_control', 'merge_install': False, 'path': '/home/roboticist/0_Projects/tail_mate/src/sjtu_drone/sjtu_drone_control', 'symlink_install': False, 'test_result_base': None}
[0.365s] Level 5:colcon.colcon_core.verb:set package 'sjtu_drone_description' build argument 'cmake_args' from command line to 'None'
[0.365s] Level 5:colcon.colcon_core.verb:set package 'sjtu_drone_description' build argument 'cmake_target' from command line to 'None'
[0.365s] Level 5:colcon.colcon_core.verb:set package 'sjtu_drone_description' build argument 'cmake_target_skip_unavailable' from command line to 'False'
[0.365s] Level 5:colcon.colcon_core.verb:set package 'sjtu_drone_description' build argument 'cmake_clean_cache' from command line to 'False'
[0.365s] Level 5:colcon.colcon_core.verb:set package 'sjtu_drone_description' build argument 'cmake_clean_first' from command line to 'False'
[0.365s] Level 5:colcon.colcon_core.verb:set package 'sjtu_drone_description' build argument 'cmake_force_configure' from command line to 'False'
[0.366s] Level 5:colcon.colcon_core.verb:set package 'sjtu_drone_description' build argument 'ament_cmake_args' from command line to 'None'
[0.366s] Level 5:colcon.colcon_core.verb:set package 'sjtu_drone_description' build argument 'catkin_cmake_args' from command line to 'None'
[0.366s] Level 5:colcon.colcon_core.verb:set package 'sjtu_drone_description' build argument 'catkin_skip_building_tests' from command line to 'False'
[0.366s] DEBUG:colcon.colcon_core.verb:Building package 'sjtu_drone_description' with the following arguments: {'ament_cmake_args': None, 'build_base': '/home/roboticist/0_Projects/tail_mate/build/sjtu_drone_description', 'catkin_cmake_args': None, 'catkin_skip_building_tests': False, 'cmake_args': None, 'cmake_clean_cache': False, 'cmake_clean_first': False, 'cmake_force_configure': False, 'cmake_target': None, 'cmake_target_skip_unavailable': False, 'install_base': '/home/roboticist/0_Projects/tail_mate/install/sjtu_drone_description', 'merge_install': False, 'path': '/home/roboticist/0_Projects/tail_mate/src/sjtu_drone/sjtu_drone_description', 'symlink_install': False, 'test_result_base': None}
[0.366s] Level 5:colcon.colcon_core.verb:set package 'turtlebot3_fake_node' build argument 'cmake_args' from command line to 'None'
[0.366s] Level 5:colcon.colcon_core.verb:set package 'turtlebot3_fake_node' build argument 'cmake_target' from command line to 'None'
[0.366s] Level 5:colcon.colcon_core.verb:set package 'turtlebot3_fake_node' build argument 'cmake_target_skip_unavailable' from command line to 'False'
[0.366s] Level 5:colcon.colcon_core.verb:set package 'turtlebot3_fake_node' build argument 'cmake_clean_cache' from command line to 'False'
[0.366s] Level 5:colcon.colcon_core.verb:set package 'turtlebot3_fake_node' build argument 'cmake_clean_first' from command line to 'False'
[0.366s] Level 5:colcon.colcon_core.verb:set package 'turtlebot3_fake_node' build argument 'cmake_force_configure' from command line to 'False'
[0.366s] Level 5:colcon.colcon_core.verb:set package 'turtlebot3_fake_node' build argument 'ament_cmake_args' from command line to 'None'
[0.366s] Level 5:colcon.colcon_core.verb:set package 'turtlebot3_fake_node' build argument 'catkin_cmake_args' from command line to 'None'
[0.366s] Level 5:colcon.colcon_core.verb:set package 'turtlebot3_fake_node' build argument 'catkin_skip_building_tests' from command line to 'False'
[0.366s] DEBUG:colcon.colcon_core.verb:Building package 'turtlebot3_fake_node' with the following arguments: {'ament_cmake_args': None, 'build_base': '/home/roboticist/0_Projects/tail_mate/build/turtlebot3_fake_node', 'catkin_cmake_args': None, 'catkin_skip_building_tests': False, 'cmake_args': None, 'cmake_clean_cache': False, 'cmake_clean_first': False, 'cmake_force_configure': False, 'cmake_target': None, 'cmake_target_skip_unavailable': False, 'install_base': '/home/roboticist/0_Projects/tail_mate/install/turtlebot3_fake_node', 'merge_install': False, 'path': '/home/roboticist/0_Projects/tail_mate/src/turtlebot3_simulations/turtlebot3_fake_node', 'symlink_install': False, 'test_result_base': None}
[0.366s] Level 5:colcon.colcon_core.verb:set package 'turtlebot3_gazebo' build argument 'cmake_args' from command line to 'None'
[0.366s] Level 5:colcon.colcon_core.verb:set package 'turtlebot3_gazebo' build argument 'cmake_target' from command line to 'None'
[0.366s] Level 5:colcon.colcon_core.verb:set package 'turtlebot3_gazebo' build argument 'cmake_target_skip_unavailable' from command line to 'False'
[0.366s] Level 5:colcon.colcon_core.verb:set package 'turtlebot3_gazebo' build argument 'cmake_clean_cache' from command line to 'False'
[0.366s] Level 5:colcon.colcon_core.verb:set package 'turtlebot3_gazebo' build argument 'cmake_clean_first' from command line to 'False'
[0.367s] Level 5:colcon.colcon_core.verb:set package 'turtlebot3_gazebo' build argument 'cmake_force_configure' from command line to 'False'
[0.367s] Level 5:colcon.colcon_core.verb:set package 'turtlebot3_gazebo' build argument 'ament_cmake_args' from command line to 'None'
[0.367s] Level 5:colcon.colcon_core.verb:set package 'turtlebot3_gazebo' build argument 'catkin_cmake_args' from command line to 'None'
[0.367s] Level 5:colcon.colcon_core.verb:set package 'turtlebot3_gazebo' build argument 'catkin_skip_building_tests' from command line to 'False'
[0.367s] DEBUG:colcon.colcon_core.verb:Building package 'turtlebot3_gazebo' with the following arguments: {'ament_cmake_args': None, 'build_base': '/home/roboticist/0_Projects/tail_mate/build/turtlebot3_gazebo', 'catkin_cmake_args': None, 'catkin_skip_building_tests': False, 'cmake_args': None, 'cmake_clean_cache': False, 'cmake_clean_first': False, 'cmake_force_configure': False, 'cmake_target': None, 'cmake_target_skip_unavailable': False, 'install_base': '/home/roboticist/0_Projects/tail_mate/install/turtlebot3_gazebo', 'merge_install': False, 'path': '/home/roboticist/0_Projects/tail_mate/src/turtlebot3_simulations/turtlebot3_gazebo', 'symlink_install': False, 'test_result_base': None}
[0.367s] Level 5:colcon.colcon_core.verb:set package 'turtlebot3_simulations' build argument 'cmake_args' from command line to 'None'
[0.367s] Level 5:colcon.colcon_core.verb:set package 'turtlebot3_simulations' build argument 'cmake_target' from command line to 'None'
[0.367s] Level 5:colcon.colcon_core.verb:set package 'turtlebot3_simulations' build argument 'cmake_target_skip_unavailable' from command line to 'False'
[0.367s] Level 5:colcon.colcon_core.verb:set package 'turtlebot3_simulations' build argument 'cmake_clean_cache' from command line to 'False'
[0.367s] Level 5:colcon.colcon_core.verb:set package 'turtlebot3_simulations' build argument 'cmake_clean_first' from command line to 'False'
[0.367s] Level 5:colcon.colcon_core.verb:set package 'turtlebot3_simulations' build argument 'cmake_force_configure' from command line to 'False'
[0.367s] Level 5:colcon.colcon_core.verb:set package 'turtlebot3_simulations' build argument 'ament_cmake_args' from command line to 'None'
[0.367s] Level 5:colcon.colcon_core.verb:set package 'turtlebot3_simulations' build argument 'catkin_cmake_args' from command line to 'None'
[0.367s] Level 5:colcon.colcon_core.verb:set package 'turtlebot3_simulations' build argument 'catkin_skip_building_tests' from command line to 'False'
[0.367s] DEBUG:colcon.colcon_core.verb:Building package 'turtlebot3_simulations' with the following arguments: {'ament_cmake_args': None, 'build_base': '/home/roboticist/0_Projects/tail_mate/build/turtlebot3_simulations', 'catkin_cmake_args': None, 'catkin_skip_building_tests': False, 'cmake_args': None, 'cmake_clean_cache': False, 'cmake_clean_first': False, 'cmake_force_configure': False, 'cmake_target': None, 'cmake_target_skip_unavailable': False, 'install_base': '/home/roboticist/0_Projects/tail_mate/install/turtlebot3_simulations', 'merge_install': False, 'path': '/home/roboticist/0_Projects/tail_mate/src/turtlebot3_simulations/turtlebot3_simulations', 'symlink_install': False, 'test_result_base': None}
[0.367s] INFO:colcon.colcon_core.executor:Executing jobs using 'parallel' executor
[0.368s] DEBUG:colcon.colcon_parallel_executor.executor.parallel:run_until_complete
[0.368s] INFO:colcon.colcon_ros.task.ament_cmake.build:Building ROS package in '/home/roboticist/0_Projects/tail_mate/src/turtlebot3_simulations/turtlebot3_fake_node' with build type 'ament_cmake'
[0.368s] INFO:colcon.colcon_cmake.task.cmake.build:Building CMake package in '/home/roboticist/0_Projects/tail_mate/src/turtlebot3_simulations/turtlebot3_fake_node'
[0.370s] INFO:colcon.colcon_core.plugin_system:Skipping extension 'colcon_core.shell.bat': Not used on non-Windows systems
[0.370s] INFO:colcon.colcon_core.shell:Skip shell extension 'powershell' for command environment: Not usable outside of PowerShell
[0.370s] DEBUG:colcon.colcon_core.shell:Skip shell extension 'dsv' for command environment
[0.374s] INFO:colcon.colcon_ros.task.ament_cmake.build:Building ROS package in '/home/roboticist/0_Projects/tail_mate/src/turtlebot3_simulations/turtlebot3_gazebo' with build type 'ament_cmake'
[0.374s] INFO:colcon.colcon_cmake.task.cmake.build:Building CMake package in '/home/roboticist/0_Projects/tail_mate/src/turtlebot3_simulations/turtlebot3_gazebo'
[0.374s] INFO:colcon.colcon_core.shell:Skip shell extension 'powershell' for command environment: Not usable outside of PowerShell
[0.374s] DEBUG:colcon.colcon_core.shell:Skip shell extension 'dsv' for command environment
[0.378s] INFO:colcon.colcon_ros.task.ament_cmake.build:Building ROS package in '/home/roboticist/0_Projects/tail_mate/src/followme_drone' with build type 'ament_cmake'
[0.378s] INFO:colcon.colcon_cmake.task.cmake.build:Building CMake package in '/home/roboticist/0_Projects/tail_mate/src/followme_drone'
[0.378s] INFO:colcon.colcon_core.shell:Skip shell extension 'powershell' for command environment: Not usable outside of PowerShell
[0.378s] DEBUG:colcon.colcon_core.shell:Skip shell extension 'dsv' for command environment
[0.382s] INFO:colcon.colcon_ros.task.ament_python.build:Building ROS package in '/home/roboticist/0_Projects/tail_mate/src/sjtu_drone/sjtu_drone_bringup' with build type 'ament_python'
[0.382s] Level 1:colcon.colcon_core.shell:create_environment_hook('sjtu_drone_bringup', 'ament_prefix_path')
[0.382s] INFO:colcon.colcon_core.shell:Creating environment hook '/home/roboticist/0_Projects/tail_mate/install/sjtu_drone_bringup/share/sjtu_drone_bringup/hook/ament_prefix_path.ps1'
[0.383s] INFO:colcon.colcon_core.shell:Creating environment descriptor '/home/roboticist/0_Projects/tail_mate/install/sjtu_drone_bringup/share/sjtu_drone_bringup/hook/ament_prefix_path.dsv'
[0.383s] INFO:colcon.colcon_core.shell:Creating environment hook '/home/roboticist/0_Projects/tail_mate/install/sjtu_drone_bringup/share/sjtu_drone_bringup/hook/ament_prefix_path.sh'
[0.384s] INFO:colcon.colcon_core.shell:Skip shell extension 'powershell' for command environment: Not usable outside of PowerShell
[0.384s] DEBUG:colcon.colcon_core.shell:Skip shell extension 'dsv' for command environment
[0.388s] INFO:colcon.colcon_ros.task.ament_python.build:Building ROS package in '/home/roboticist/0_Projects/tail_mate/src/sjtu_drone/sjtu_drone_control' with build type 'ament_python'
[0.388s] Level 1:colcon.colcon_core.shell:create_environment_hook('sjtu_drone_control', 'ament_prefix_path')
[0.388s] INFO:colcon.colcon_core.shell:Creating environment hook '/home/roboticist/0_Projects/tail_mate/install/sjtu_drone_control/share/sjtu_drone_control/hook/ament_prefix_path.ps1'
[0.389s] INFO:colcon.colcon_core.shell:Creating environment descriptor '/home/roboticist/0_Projects/tail_mate/install/sjtu_drone_control/share/sjtu_drone_control/hook/ament_prefix_path.dsv'
[0.389s] INFO:colcon.colcon_core.shell:Creating environment hook '/home/roboticist/0_Projects/tail_mate/install/sjtu_drone_control/share/sjtu_drone_control/hook/ament_prefix_path.sh'
[0.389s] INFO:colcon.colcon_core.shell:Skip shell extension 'powershell' for command environment: Not usable outside of PowerShell
[0.389s] DEBUG:colcon.colcon_core.shell:Skip shell extension 'dsv' for command environment
[0.393s] INFO:colcon.colcon_ros.task.ament_cmake.build:Building ROS package in '/home/roboticist/0_Projects/tail_mate/src/sjtu_drone/sjtu_drone_description' with build type 'ament_cmake'
[0.393s] INFO:colcon.colcon_cmake.task.cmake.build:Building CMake package in '/home/roboticist/0_Projects/tail_mate/src/sjtu_drone/sjtu_drone_description'
[0.393s] INFO:colcon.colcon_core.shell:Skip shell extension 'powershell' for command environment: Not usable outside of PowerShell
[0.393s] DEBUG:colcon.colcon_core.shell:Skip shell extension 'dsv' for command environment
[0.402s] DEBUG:colcon.colcon_core.event_handler.log_command:Invoking command in '/home/roboticist/0_Projects/tail_mate/build/turtlebot3_fake_node': CMAKE_PREFIX_PATH=${CMAKE_PREFIX_PATH}:/home/roboticist/0_Projects/tail_mate/install/sjtu_drone_control:/home/roboticist/0_Projects/tail_mate/install/sjtu_drone_bringup:/opt/ros/humble /usr/bin/cmake --build /home/roboticist/0_Projects/tail_mate/build/turtlebot3_fake_node -- -j20 -l20
[0.404s] DEBUG:colcon.colcon_core.event_handler.log_command:Invoking command in '/home/roboticist/0_Projects/tail_mate/build/turtlebot3_gazebo': CMAKE_PREFIX_PATH=${CMAKE_PREFIX_PATH}:/home/roboticist/0_Projects/tail_mate/install/sjtu_drone_control:/home/roboticist/0_Projects/tail_mate/install/sjtu_drone_bringup:/opt/ros/humble /usr/bin/cmake --build /home/roboticist/0_Projects/tail_mate/build/turtlebot3_gazebo -- -j20 -l20
[0.405s] DEBUG:colcon.colcon_core.event_handler.log_command:Invoking command in '/home/roboticist/0_Projects/tail_mate/build/followme_drone': CMAKE_PREFIX_PATH=${CMAKE_PREFIX_PATH}:/home/roboticist/0_Projects/tail_mate/install/sjtu_drone_control:/home/roboticist/0_Projects/tail_mate/install/sjtu_drone_bringup:/opt/ros/humble /usr/bin/cmake --build /home/roboticist/0_Projects/tail_mate/build/followme_drone -- -j20 -l20
[0.643s] INFO:colcon.colcon_core.task.python.build:Building Python package in '/home/roboticist/0_Projects/tail_mate/src/sjtu_drone/sjtu_drone_bringup'
[0.643s] INFO:colcon.colcon_core.shell:Skip shell extension 'powershell' for command environment: Not usable outside of PowerShell
[0.643s] DEBUG:colcon.colcon_core.shell:Skip shell extension 'dsv' for command environment
[0.878s] INFO:colcon.colcon_core.task.python.build:Building Python package in '/home/roboticist/0_Projects/tail_mate/src/sjtu_drone/sjtu_drone_control'
[0.879s] INFO:colcon.colcon_core.shell:Skip shell extension 'powershell' for command environment: Not usable outside of PowerShell
[0.879s] DEBUG:colcon.colcon_core.shell:Skip shell extension 'dsv' for command environment
[0.888s] DEBUG:colcon.colcon_core.event_handler.log_command:Invoking command in '/home/roboticist/0_Projects/tail_mate/build/sjtu_drone_description': CMAKE_PREFIX_PATH=${CMAKE_PREFIX_PATH}:/home/roboticist/0_Projects/tail_mate/install/sjtu_drone_control:/home/roboticist/0_Projects/tail_mate/install/sjtu_drone_bringup:/opt/ros/humble /usr/bin/cmake --build /home/roboticist/0_Projects/tail_mate/build/sjtu_drone_description -- -j20 -l20
[0.889s] DEBUG:colcon.colcon_core.event_handler.log_command:Invoked command in '/home/roboticist/0_Projects/tail_mate/build/turtlebot3_fake_node' returned '0': CMAKE_PREFIX_PATH=${CMAKE_PREFIX_PATH}:/home/roboticist/0_Projects/tail_mate/install/sjtu_drone_control:/home/roboticist/0_Projects/tail_mate/install/sjtu_drone_bringup:/opt/ros/humble /usr/bin/cmake --build /home/roboticist/0_Projects/tail_mate/build/turtlebot3_fake_node -- -j20 -l20
[0.897s] DEBUG:colcon.colcon_core.event_handler.log_command:Invoking command in '/home/roboticist/0_Projects/tail_mate/build/turtlebot3_fake_node': CMAKE_PREFIX_PATH=${CMAKE_PREFIX_PATH}:/home/roboticist/0_Projects/tail_mate/install/sjtu_drone_control:/home/roboticist/0_Projects/tail_mate/install/sjtu_drone_bringup:/opt/ros/humble /usr/bin/cmake --install /home/roboticist/0_Projects/tail_mate/build/turtlebot3_fake_node
[0.898s] DEBUG:colcon.colcon_core.event_handler.log_command:Invoked command in '/home/roboticist/0_Projects/tail_mate/build/turtlebot3_gazebo' returned '0': CMAKE_PREFIX_PATH=${CMAKE_PREFIX_PATH}:/home/roboticist/0_Projects/tail_mate/install/sjtu_drone_control:/home/roboticist/0_Projects/tail_mate/install/sjtu_drone_bringup:/opt/ros/humble /usr/bin/cmake --build /home/roboticist/0_Projects/tail_mate/build/turtlebot3_gazebo -- -j20 -l20
[0.899s] DEBUG:colcon.colcon_core.event_handler.log_command:Invoking command in '/home/roboticist/0_Projects/tail_mate/build/turtlebot3_gazebo': CMAKE_PREFIX_PATH=${CMAKE_PREFIX_PATH}:/home/roboticist/0_Projects/tail_mate/install/sjtu_drone_control:/home/roboticist/0_Projects/tail_mate/install/sjtu_drone_bringup:/opt/ros/humble /usr/bin/cmake --install /home/roboticist/0_Projects/tail_mate/build/turtlebot3_gazebo
[0.910s] Level 1:colcon.colcon_core.environment:create_environment_scripts_only(turtlebot3_fake_node)
[0.913s] DEBUG:colcon.colcon_core.event_handler.log_command:Invoked command in '/home/roboticist/0_Projects/tail_mate/build/turtlebot3_fake_node' returned '0': CMAKE_PREFIX_PATH=${CMAKE_PREFIX_PATH}:/home/roboticist/0_Projects/tail_mate/install/sjtu_drone_control:/home/roboticist/0_Projects/tail_mate/install/sjtu_drone_bringup:/opt/ros/humble /usr/bin/cmake --install /home/roboticist/0_Projects/tail_mate/build/turtlebot3_fake_node
[0.914s] Level 1:colcon.colcon_core.environment:checking '/home/roboticist/0_Projects/tail_mate/install/turtlebot3_fake_node' for CMake module files
[0.914s] Level 1:colcon.colcon_core.environment:checking '/home/roboticist/0_Projects/tail_mate/install/turtlebot3_fake_node' for CMake config files
[0.914s] Level 1:colcon.colcon_core.shell:create_environment_hook('turtlebot3_fake_node', 'cmake_prefix_path')
[0.914s] INFO:colcon.colcon_core.shell:Creating environment hook '/home/roboticist/0_Projects/tail_mate/install/turtlebot3_fake_node/share/turtlebot3_fake_node/hook/cmake_prefix_path.ps1'
[0.915s] INFO:colcon.colcon_core.shell:Creating environment descriptor '/home/roboticist/0_Projects/tail_mate/install/turtlebot3_fake_node/share/turtlebot3_fake_node/hook/cmake_prefix_path.dsv'
[0.915s] INFO:colcon.colcon_core.shell:Creating environment hook '/home/roboticist/0_Projects/tail_mate/install/turtlebot3_fake_node/share/turtlebot3_fake_node/hook/cmake_prefix_path.sh'
[0.915s] Level 1:colcon.colcon_core.environment:checking '/home/roboticist/0_Projects/tail_mate/install/turtlebot3_fake_node/lib'
[0.915s] Level 1:colcon.colcon_core.environment:checking '/home/roboticist/0_Projects/tail_mate/install/turtlebot3_fake_node/bin'
[0.915s] Level 1:colcon.colcon_core.environment:checking '/home/roboticist/0_Projects/tail_mate/install/turtlebot3_fake_node/lib/pkgconfig/turtlebot3_fake_node.pc'
[0.915s] Level 1:colcon.colcon_core.environment:checking '/home/roboticist/0_Projects/tail_mate/install/turtlebot3_fake_node/lib/python3.10/site-packages'
[0.916s] Level 1:colcon.colcon_core.environment:checking '/home/roboticist/0_Projects/tail_mate/install/turtlebot3_fake_node/bin'
[0.916s] INFO:colcon.colcon_core.shell:Creating package script '/home/roboticist/0_Projects/tail_mate/install/turtlebot3_fake_node/share/turtlebot3_fake_node/package.ps1'
[0.916s] INFO:colcon.colcon_core.shell:Creating package descriptor '/home/roboticist/0_Projects/tail_mate/install/turtlebot3_fake_node/share/turtlebot3_fake_node/package.dsv'
[0.916s] INFO:colcon.colcon_core.shell:Creating package script '/home/roboticist/0_Projects/tail_mate/install/turtlebot3_fake_node/share/turtlebot3_fake_node/package.sh'
[0.917s] INFO:colcon.colcon_core.shell:Creating package script '/home/roboticist/0_Projects/tail_mate/install/turtlebot3_fake_node/share/turtlebot3_fake_node/package.bash'
[0.917s] INFO:colcon.colcon_core.shell:Creating package script '/home/roboticist/0_Projects/tail_mate/install/turtlebot3_fake_node/share/turtlebot3_fake_node/package.zsh'
[0.918s] Level 1:colcon.colcon_core.environment:create_file_with_runtime_dependencies(/home/roboticist/0_Projects/tail_mate/install/turtlebot3_fake_node/share/colcon-core/packages/turtlebot3_fake_node)
[0.918s] Level 1:colcon.colcon_core.environment:create_environment_scripts_only(turtlebot3_fake_node)
[0.918s] Level 1:colcon.colcon_core.environment:checking '/home/roboticist/0_Projects/tail_mate/install/turtlebot3_fake_node' for CMake module files
[0.918s] Level 1:colcon.colcon_core.environment:checking '/home/roboticist/0_Projects/tail_mate/install/turtlebot3_fake_node' for CMake config files
[0.918s] Level 1:colcon.colcon_core.shell:create_environment_hook('turtlebot3_fake_node', 'cmake_prefix_path')
[0.919s] INFO:colcon.colcon_core.shell:Creating environment hook '/home/roboticist/0_Projects/tail_mate/install/turtlebot3_fake_node/share/turtlebot3_fake_node/hook/cmake_prefix_path.ps1'
[0.919s] INFO:colcon.colcon_core.shell:Creating environment descriptor '/home/roboticist/0_Projects/tail_mate/install/turtlebot3_fake_node/share/turtlebot3_fake_node/hook/cmake_prefix_path.dsv'
[0.919s] INFO:colcon.colcon_core.shell:Creating environment hook '/home/roboticist/0_Projects/tail_mate/install/turtlebot3_fake_node/share/turtlebot3_fake_node/hook/cmake_prefix_path.sh'
[0.919s] Level 1:colcon.colcon_core.environment:checking '/home/roboticist/0_Projects/tail_mate/install/turtlebot3_fake_node/lib'
[0.919s] Level 1:colcon.colcon_core.environment:checking '/home/roboticist/0_Projects/tail_mate/install/turtlebot3_fake_node/bin'
[0.919s] Level 1:colcon.colcon_core.environment:checking '/home/roboticist/0_Projects/tail_mate/install/turtlebot3_fake_node/lib/pkgconfig/turtlebot3_fake_node.pc'
[0.919s] Level 1:colcon.colcon_core.environment:checking '/home/roboticist/0_Projects/tail_mate/install/turtlebot3_fake_node/lib/python3.10/site-packages'
[0.920s] Level 1:colcon.colcon_core.environment:checking '/home/roboticist/0_Projects/tail_mate/install/turtlebot3_fake_node/bin'
[0.920s] INFO:colcon.colcon_core.shell:Creating package script '/home/roboticist/0_Projects/tail_mate/install/turtlebot3_fake_node/share/turtlebot3_fake_node/package.ps1'
[0.920s] INFO:colcon.colcon_core.shell:Creating package descriptor '/home/roboticist/0_Projects/tail_mate/install/turtlebot3_fake_node/share/turtlebot3_fake_node/package.dsv'
[0.920s] INFO:colcon.colcon_core.shell:Creating package script '/home/roboticist/0_Projects/tail_mate/install/turtlebot3_fake_node/share/turtlebot3_fake_node/package.sh'
[0.920s] INFO:colcon.colcon_core.shell:Creating package script '/home/roboticist/0_Projects/tail_mate/install/turtlebot3_fake_node/share/turtlebot3_fake_node/package.bash'
[0.921s] INFO:colcon.colcon_core.shell:Creating package script '/home/roboticist/0_Projects/tail_mate/install/turtlebot3_fake_node/share/turtlebot3_fake_node/package.zsh'
[0.921s] Level 1:colcon.colcon_core.environment:create_file_with_runtime_dependencies(/home/roboticist/0_Projects/tail_mate/install/turtlebot3_fake_node/share/colcon-core/packages/turtlebot3_fake_node)
[0.921s] Level 1:colcon.colcon_core.environment:create_environment_scripts_only(turtlebot3_gazebo)
[0.921s] Level 1:colcon.colcon_core.environment:checking '/home/roboticist/0_Projects/tail_mate/install/turtlebot3_gazebo' for CMake module files
[0.922s] DEBUG:colcon.colcon_core.event_handler.log_command:Invoked command in '/home/roboticist/0_Projects/tail_mate/build/turtlebot3_gazebo' returned '0': CMAKE_PREFIX_PATH=${CMAKE_PREFIX_PATH}:/home/roboticist/0_Projects/tail_mate/install/sjtu_drone_control:/home/roboticist/0_Projects/tail_mate/install/sjtu_drone_bringup:/opt/ros/humble /usr/bin/cmake --install /home/roboticist/0_Projects/tail_mate/build/turtlebot3_gazebo
[0.922s] Level 1:colcon.colcon_core.environment:checking '/home/roboticist/0_Projects/tail_mate/install/turtlebot3_gazebo' for CMake config files
[0.923s] Level 1:colcon.colcon_core.shell:create_environment_hook('turtlebot3_gazebo', 'cmake_prefix_path')
[0.923s] INFO:colcon.colcon_core.shell:Creating environment hook '/home/roboticist/0_Projects/tail_mate/install/turtlebot3_gazebo/share/turtlebot3_gazebo/hook/cmake_prefix_path.ps1'
[0.923s] INFO:colcon.colcon_core.shell:Creating environment descriptor '/home/roboticist/0_Projects/tail_mate/install/turtlebot3_gazebo/share/turtlebot3_gazebo/hook/cmake_prefix_path.dsv'
[0.923s] INFO:colcon.colcon_core.shell:Creating environment hook '/home/roboticist/0_Projects/tail_mate/install/turtlebot3_gazebo/share/turtlebot3_gazebo/hook/cmake_prefix_path.sh'
[0.924s] Level 1:colcon.colcon_core.environment:checking '/home/roboticist/0_Projects/tail_mate/install/turtlebot3_gazebo/lib'
[0.924s] Level 1:colcon.colcon_core.environment:checking '/home/roboticist/0_Projects/tail_mate/install/turtlebot3_gazebo/bin'
[0.924s] Level 1:colcon.colcon_core.environment:checking '/home/roboticist/0_Projects/tail_mate/install/turtlebot3_gazebo/lib/pkgconfig/turtlebot3_gazebo.pc'
[0.924s] Level 1:colcon.colcon_core.environment:checking '/home/roboticist/0_Projects/tail_mate/install/turtlebot3_gazebo/lib/python3.10/site-packages'
[0.924s] Level 1:colcon.colcon_core.environment:checking '/home/roboticist/0_Projects/tail_mate/install/turtlebot3_gazebo/bin'
[0.924s] INFO:colcon.colcon_core.shell:Creating package script '/home/roboticist/0_Projects/tail_mate/install/turtlebot3_gazebo/share/turtlebot3_gazebo/package.ps1'
[0.924s] INFO:colcon.colcon_core.shell:Creating package descriptor '/home/roboticist/0_Projects/tail_mate/install/turtlebot3_gazebo/share/turtlebot3_gazebo/package.dsv'
[0.925s] INFO:colcon.colcon_core.shell:Creating package script '/home/roboticist/0_Projects/tail_mate/install/turtlebot3_gazebo/share/turtlebot3_gazebo/package.sh'
[0.925s] INFO:colcon.colcon_core.shell:Creating package script '/home/roboticist/0_Projects/tail_mate/install/turtlebot3_gazebo/share/turtlebot3_gazebo/package.bash'
[0.925s] INFO:colcon.colcon_core.shell:Creating package script '/home/roboticist/0_Projects/tail_mate/install/turtlebot3_gazebo/share/turtlebot3_gazebo/package.zsh'
[0.925s] Level 1:colcon.colcon_core.environment:create_file_with_runtime_dependencies(/home/roboticist/0_Projects/tail_mate/install/turtlebot3_gazebo/share/colcon-core/packages/turtlebot3_gazebo)
[0.925s] Level 1:colcon.colcon_core.environment:create_environment_scripts_only(turtlebot3_gazebo)
[0.925s] Level 1:colcon.colcon_core.environment:checking '/home/roboticist/0_Projects/tail_mate/install/turtlebot3_gazebo' for CMake module files
[0.926s] Level 1:colcon.colcon_core.environment:checking '/home/roboticist/0_Projects/tail_mate/install/turtlebot3_gazebo' for CMake config files
[0.926s] Level 1:colcon.colcon_core.shell:create_environment_hook('turtlebot3_gazebo', 'cmake_prefix_path')
[0.926s] INFO:colcon.colcon_core.shell:Creating environment hook '/home/roboticist/0_Projects/tail_mate/install/turtlebot3_gazebo/share/turtlebot3_gazebo/hook/cmake_prefix_path.ps1'
[0.927s] INFO:colcon.colcon_core.shell:Creating environment descriptor '/home/roboticist/0_Projects/tail_mate/install/turtlebot3_gazebo/share/turtlebot3_gazebo/hook/cmake_prefix_path.dsv'
[0.927s] INFO:colcon.colcon_core.shell:Creating environment hook '/home/roboticist/0_Projects/tail_mate/install/turtlebot3_gazebo/share/turtlebot3_gazebo/hook/cmake_prefix_path.sh'
[0.927s] Level 1:colcon.colcon_core.environment:checking '/home/roboticist/0_Projects/tail_mate/install/turtlebot3_gazebo/lib'
[0.927s] Level 1:colcon.colcon_core.environment:checking '/home/roboticist/0_Projects/tail_mate/install/turtlebot3_gazebo/bin'
[0.927s] Level 1:colcon.colcon_core.environment:checking '/home/roboticist/0_Projects/tail_mate/install/turtlebot3_gazebo/lib/pkgconfig/turtlebot3_gazebo.pc'
[0.927s] Level 1:colcon.colcon_core.environment:checking '/home/roboticist/0_Projects/tail_mate/install/turtlebot3_gazebo/lib/python3.10/site-packages'
[0.927s] Level 1:colcon.colcon_core.environment:checking '/home/roboticist/0_Projects/tail_mate/install/turtlebot3_gazebo/bin'
[0.928s] INFO:colcon.colcon_core.shell:Creating package script '/home/roboticist/0_Projects/tail_mate/install/turtlebot3_gazebo/share/turtlebot3_gazebo/package.ps1'
[0.928s] INFO:colcon.colcon_core.shell:Creating package descriptor '/home/roboticist/0_Projects/tail_mate/install/turtlebot3_gazebo/share/turtlebot3_gazebo/package.dsv'
[0.928s] INFO:colcon.colcon_core.shell:Creating package script '/home/roboticist/0_Projects/tail_mate/install/turtlebot3_gazebo/share/turtlebot3_gazebo/package.sh'
[0.928s] INFO:colcon.colcon_core.shell:Creating package script '/home/roboticist/0_Projects/tail_mate/install/turtlebot3_gazebo/share/turtlebot3_gazebo/package.bash'
[0.928s] INFO:colcon.colcon_core.shell:Creating package script '/home/roboticist/0_Projects/tail_mate/install/turtlebot3_gazebo/share/turtlebot3_gazebo/package.zsh'
[0.929s] Level 1:colcon.colcon_core.environment:create_file_with_runtime_dependencies(/home/roboticist/0_Projects/tail_mate/install/turtlebot3_gazebo/share/colcon-core/packages/turtlebot3_gazebo)
[0.929s] INFO:colcon.colcon_ros.task.ament_cmake.build:Building ROS package in '/home/roboticist/0_Projects/tail_mate/src/turtlebot3_simulations/turtlebot3_simulations' with build type 'ament_cmake'
[0.929s] INFO:colcon.colcon_cmake.task.cmake.build:Building CMake package in '/home/roboticist/0_Projects/tail_mate/src/turtlebot3_simulations/turtlebot3_simulations'
[0.929s] INFO:colcon.colcon_core.shell:Skip shell extension 'powershell' for command environment: Not usable outside of PowerShell
[0.929s] DEBUG:colcon.colcon_core.shell:Skip shell extension 'dsv' for command environment
[0.932s] DEBUG:colcon.colcon_core.event_handler.log_command:Invoked command in '/home/roboticist/0_Projects/tail_mate/build/followme_drone' returned '0': CMAKE_PREFIX_PATH=${CMAKE_PREFIX_PATH}:/home/roboticist/0_Projects/tail_mate/install/sjtu_drone_control:/home/roboticist/0_Projects/tail_mate/install/sjtu_drone_bringup:/opt/ros/humble /usr/bin/cmake --build /home/roboticist/0_Projects/tail_mate/build/followme_drone -- -j20 -l20
[0.933s] DEBUG:colcon.colcon_core.event_handler.log_command:Invoking command in '/home/roboticist/0_Projects/tail_mate/build/followme_drone': CMAKE_PREFIX_PATH=${CMAKE_PREFIX_PATH}:/home/roboticist/0_Projects/tail_mate/install/sjtu_drone_control:/home/roboticist/0_Projects/tail_mate/install/sjtu_drone_bringup:/opt/ros/humble /usr/bin/cmake --install /home/roboticist/0_Projects/tail_mate/build/followme_drone
[0.936s] DEBUG:colcon.colcon_core.event_handler.log_command:Invoking command in '/home/roboticist/0_Projects/tail_mate/build/turtlebot3_simulations': CMAKE_PREFIX_PATH=/home/roboticist/0_Projects/tail_mate/install/turtlebot3_gazebo:/home/roboticist/0_Projects/tail_mate/install/turtlebot3_fake_node:/home/roboticist/0_Projects/tail_mate/install/turtlebot3_simulations:/home/roboticist/0_Projects/tail_mate/install/sjtu_drone_description:/home/roboticist/0_Projects/tail_mate/install/followme_drone:/home/roboticist/0_Projects/tail_mate/install/sjtu_drone_control:/home/roboticist/0_Projects/tail_mate/install/sjtu_drone_bringup:/opt/ros/humble /usr/bin/cmake --build /home/roboticist/0_Projects/tail_mate/build/turtlebot3_simulations -- -j20 -l20
[0.940s] Level 1:colcon.colcon_core.environment:create_environment_scripts_only(followme_drone)
[0.940s] Level 1:colcon.colcon_core.environment:checking '/home/roboticist/0_Projects/tail_mate/install/followme_drone' for CMake module files
[0.940s] DEBUG:colcon.colcon_core.event_handler.log_command:Invoked command in '/home/roboticist/0_Projects/tail_mate/build/followme_drone' returned '0': CMAKE_PREFIX_PATH=${CMAKE_PREFIX_PATH}:/home/roboticist/0_Projects/tail_mate/install/sjtu_drone_control:/home/roboticist/0_Projects/tail_mate/install/sjtu_drone_bringup:/opt/ros/humble /usr/bin/cmake --install /home/roboticist/0_Projects/tail_mate/build/followme_drone
[0.941s] Level 1:colcon.colcon_core.environment:checking '/home/roboticist/0_Projects/tail_mate/install/followme_drone' for CMake config files
[0.941s] Level 1:colcon.colcon_core.shell:create_environment_hook('followme_drone', 'cmake_prefix_path')
[0.941s] INFO:colcon.colcon_core.shell:Creating environment hook '/home/roboticist/0_Projects/tail_mate/install/followme_drone/share/followme_drone/hook/cmake_prefix_path.ps1'
[0.942s] INFO:colcon.colcon_core.shell:Creating environment descriptor '/home/roboticist/0_Projects/tail_mate/install/followme_drone/share/followme_drone/hook/cmake_prefix_path.dsv'
[0.942s] INFO:colcon.colcon_core.shell:Creating environment hook '/home/roboticist/0_Projects/tail_mate/install/followme_drone/share/followme_drone/hook/cmake_prefix_path.sh'
[0.943s] Level 1:colcon.colcon_core.environment:checking '/home/roboticist/0_Projects/tail_mate/install/followme_drone/lib'
[0.943s] Level 1:colcon.colcon_core.environment:checking '/home/roboticist/0_Projects/tail_mate/install/followme_drone/bin'
[0.943s] Level 1:colcon.colcon_core.environment:checking '/home/roboticist/0_Projects/tail_mate/install/followme_drone/lib/pkgconfig/followme_drone.pc'
[0.943s] Level 1:colcon.colcon_core.environment:checking '/home/roboticist/0_Projects/tail_mate/install/followme_drone/lib/python3.10/site-packages'
[0.943s] Level 1:colcon.colcon_core.environment:checking '/home/roboticist/0_Projects/tail_mate/install/followme_drone/bin'
[0.943s] INFO:colcon.colcon_core.shell:Creating package script '/home/roboticist/0_Projects/tail_mate/install/followme_drone/share/followme_drone/package.ps1'
[0.944s] INFO:colcon.colcon_core.shell:Creating package descriptor '/home/roboticist/0_Projects/tail_mate/install/followme_drone/share/followme_drone/package.dsv'
[0.944s] INFO:colcon.colcon_core.shell:Creating package script '/home/roboticist/0_Projects/tail_mate/install/followme_drone/share/followme_drone/package.sh'
[0.944s] INFO:colcon.colcon_core.shell:Creating package script '/home/roboticist/0_Projects/tail_mate/install/followme_drone/share/followme_drone/package.bash'
[0.945s] INFO:colcon.colcon_core.shell:Creating package script '/home/roboticist/0_Projects/tail_mate/install/followme_drone/share/followme_drone/package.zsh'
[0.945s] Level 1:colcon.colcon_core.environment:create_file_with_runtime_dependencies(/home/roboticist/0_Projects/tail_mate/install/followme_drone/share/colcon-core/packages/followme_drone)
[0.946s] Level 1:colcon.colcon_core.environment:create_environment_scripts_only(followme_drone)
[0.946s] Level 1:colcon.colcon_core.environment:checking '/home/roboticist/0_Projects/tail_mate/install/followme_drone' for CMake module files
[0.946s] Level 1:colcon.colcon_core.environment:checking '/home/roboticist/0_Projects/tail_mate/install/followme_drone' for CMake config files
[0.946s] Level 1:colcon.colcon_core.shell:create_environment_hook('followme_drone', 'cmake_prefix_path')
[0.947s] INFO:colcon.colcon_core.shell:Creating environment hook '/home/roboticist/0_Projects/tail_mate/install/followme_drone/share/followme_drone/hook/cmake_prefix_path.ps1'
[0.947s] INFO:colcon.colcon_core.shell:Creating environment descriptor '/home/roboticist/0_Projects/tail_mate/install/followme_drone/share/followme_drone/hook/cmake_prefix_path.dsv'
[0.947s] INFO:colcon.colcon_core.shell:Creating environment hook '/home/roboticist/0_Projects/tail_mate/install/followme_drone/share/followme_drone/hook/cmake_prefix_path.sh'
[0.948s] Level 1:colcon.colcon_core.environment:checking '/home/roboticist/0_Projects/tail_mate/install/followme_drone/lib'
[0.948s] Level 1:colcon.colcon_core.environment:checking '/home/roboticist/0_Projects/tail_mate/install/followme_drone/bin'
[0.948s] Level 1:colcon.colcon_core.environment:checking '/home/roboticist/0_Projects/tail_mate/install/followme_drone/lib/pkgconfig/followme_drone.pc'
[0.948s] Level 1:colcon.colcon_core.environment:checking '/home/roboticist/0_Projects/tail_mate/install/followme_drone/lib/python3.10/site-packages'
[0.948s] Level 1:colcon.colcon_core.environment:checking '/home/roboticist/0_Projects/tail_mate/install/followme_drone/bin'
[0.949s] INFO:colcon.colcon_core.shell:Creating package script '/home/roboticist/0_Projects/tail_mate/install/followme_drone/share/followme_drone/package.ps1'
[0.949s] INFO:colcon.colcon_core.shell:Creating package descriptor '/home/roboticist/0_Projects/tail_mate/install/followme_drone/share/followme_drone/package.dsv'
[0.949s] INFO:colcon.colcon_core.shell:Creating package script '/home/roboticist/0_Projects/tail_mate/install/followme_drone/share/followme_drone/package.sh'
[0.950s] INFO:colcon.colcon_core.shell:Creating package script '/home/roboticist/0_Projects/tail_mate/install/followme_drone/share/followme_drone/package.bash'
[0.950s] INFO:colcon.colcon_core.shell:Creating package script '/home/roboticist/0_Projects/tail_mate/install/followme_drone/share/followme_drone/package.zsh'
[0.951s] Level 1:colcon.colcon_core.environment:create_file_with_runtime_dependencies(/home/roboticist/0_Projects/tail_mate/install/followme_drone/share/colcon-core/packages/followme_drone)
[0.962s] DEBUG:colcon.colcon_core.event_handler.log_command:Invoked command in '/home/roboticist/0_Projects/tail_mate/build/sjtu_drone_description' returned '0': CMAKE_PREFIX_PATH=${CMAKE_PREFIX_PATH}:/home/roboticist/0_Projects/tail_mate/install/sjtu_drone_control:/home/roboticist/0_Projects/tail_mate/install/sjtu_drone_bringup:/opt/ros/humble /usr/bin/cmake --build /home/roboticist/0_Projects/tail_mate/build/sjtu_drone_description -- -j20 -l20
[0.963s] DEBUG:colcon.colcon_core.event_handler.log_command:Invoking command in '/home/roboticist/0_Projects/tail_mate/build/sjtu_drone_description': CMAKE_PREFIX_PATH=${CMAKE_PREFIX_PATH}:/home/roboticist/0_Projects/tail_mate/install/sjtu_drone_control:/home/roboticist/0_Projects/tail_mate/install/sjtu_drone_bringup:/opt/ros/humble /usr/bin/cmake --install /home/roboticist/0_Projects/tail_mate/build/sjtu_drone_description
[0.964s] DEBUG:colcon.colcon_core.event_handler.log_command:Invoked command in '/home/roboticist/0_Projects/tail_mate/build/turtlebot3_simulations' returned '0': CMAKE_PREFIX_PATH=/home/roboticist/0_Projects/tail_mate/install/turtlebot3_gazebo:/home/roboticist/0_Projects/tail_mate/install/turtlebot3_fake_node:/home/roboticist/0_Projects/tail_mate/install/turtlebot3_simulations:/home/roboticist/0_Projects/tail_mate/install/sjtu_drone_description:/home/roboticist/0_Projects/tail_mate/install/followme_drone:/home/roboticist/0_Projects/tail_mate/install/sjtu_drone_control:/home/roboticist/0_Projects/tail_mate/install/sjtu_drone_bringup:/opt/ros/humble /usr/bin/cmake --build /home/roboticist/0_Projects/tail_mate/build/turtlebot3_simulations -- -j20 -l20
[0.966s] DEBUG:colcon.colcon_core.event_handler.log_command:Invoking command in '/home/roboticist/0_Projects/tail_mate/build/turtlebot3_simulations': CMAKE_PREFIX_PATH=/home/roboticist/0_Projects/tail_mate/install/turtlebot3_gazebo:/home/roboticist/0_Projects/tail_mate/install/turtlebot3_fake_node:/home/roboticist/0_Projects/tail_mate/install/turtlebot3_simulations:/home/roboticist/0_Projects/tail_mate/install/sjtu_drone_description:/home/roboticist/0_Projects/tail_mate/install/followme_drone:/home/roboticist/0_Projects/tail_mate/install/sjtu_drone_control:/home/roboticist/0_Projects/tail_mate/install/sjtu_drone_bringup:/opt/ros/humble /usr/bin/cmake --install /home/roboticist/0_Projects/tail_mate/build/turtlebot3_simulations
[0.974s] Level 1:colcon.colcon_core.environment:create_environment_scripts_only(turtlebot3_simulations)
[0.974s] Level 1:colcon.colcon_core.environment:checking '/home/roboticist/0_Projects/tail_mate/install/turtlebot3_simulations' for CMake module files
[0.975s] Level 1:colcon.colcon_core.environment:checking '/home/roboticist/0_Projects/tail_mate/install/turtlebot3_simulations' for CMake config files
[0.976s] DEBUG:colcon.colcon_core.event_handler.log_command:Invoked command in '/home/roboticist/0_Projects/tail_mate/build/turtlebot3_simulations' returned '0': CMAKE_PREFIX_PATH=/home/roboticist/0_Projects/tail_mate/install/turtlebot3_gazebo:/home/roboticist/0_Projects/tail_mate/install/turtlebot3_fake_node:/home/roboticist/0_Projects/tail_mate/install/turtlebot3_simulations:/home/roboticist/0_Projects/tail_mate/install/sjtu_drone_description:/home/roboticist/0_Projects/tail_mate/install/followme_drone:/home/roboticist/0_Projects/tail_mate/install/sjtu_drone_control:/home/roboticist/0_Projects/tail_mate/install/sjtu_drone_bringup:/opt/ros/humble /usr/bin/cmake --install /home/roboticist/0_Projects/tail_mate/build/turtlebot3_simulations
[0.976s] Level 1:colcon.colcon_core.shell:create_environment_hook('turtlebot3_simulations', 'cmake_prefix_path')
[0.976s] INFO:colcon.colcon_core.shell:Creating environment hook '/home/roboticist/0_Projects/tail_mate/install/turtlebot3_simulations/share/turtlebot3_simulations/hook/cmake_prefix_path.ps1'
[0.977s] INFO:colcon.colcon_core.shell:Creating environment descriptor '/home/roboticist/0_Projects/tail_mate/install/turtlebot3_simulations/share/turtlebot3_simulations/hook/cmake_prefix_path.dsv'
[0.977s] INFO:colcon.colcon_core.shell:Creating environment hook '/home/roboticist/0_Projects/tail_mate/install/turtlebot3_simulations/share/turtlebot3_simulations/hook/cmake_prefix_path.sh'
[0.977s] Level 1:colcon.colcon_core.environment:checking '/home/roboticist/0_Projects/tail_mate/install/turtlebot3_simulations/bin'
[0.977s] Level 1:colcon.colcon_core.environment:checking '/home/roboticist/0_Projects/tail_mate/install/turtlebot3_simulations/lib/pkgconfig/turtlebot3_simulations.pc'
[0.978s] Level 1:colcon.colcon_core.environment:checking '/home/roboticist/0_Projects/tail_mate/install/turtlebot3_simulations/lib/python3.10/site-packages'
[0.978s] Level 1:colcon.colcon_core.environment:checking '/home/roboticist/0_Projects/tail_mate/install/turtlebot3_simulations/bin'
[0.978s] INFO:colcon.colcon_core.shell:Creating package script '/home/roboticist/0_Projects/tail_mate/install/turtlebot3_simulations/share/turtlebot3_simulations/package.ps1'
[0.979s] INFO:colcon.colcon_core.shell:Creating package descriptor '/home/roboticist/0_Projects/tail_mate/install/turtlebot3_simulations/share/turtlebot3_simulations/package.dsv'
[0.979s] INFO:colcon.colcon_core.shell:Creating package script '/home/roboticist/0_Projects/tail_mate/install/turtlebot3_simulations/share/turtlebot3_simulations/package.sh'
[0.979s] INFO:colcon.colcon_core.shell:Creating package script '/home/roboticist/0_Projects/tail_mate/install/turtlebot3_simulations/share/turtlebot3_simulations/package.bash'
[0.979s] INFO:colcon.colcon_core.shell:Creating package script '/home/roboticist/0_Projects/tail_mate/install/turtlebot3_simulations/share/turtlebot3_simulations/package.zsh'
[0.980s] Level 1:colcon.colcon_core.environment:create_file_with_runtime_dependencies(/home/roboticist/0_Projects/tail_mate/install/turtlebot3_simulations/share/colcon-core/packages/turtlebot3_simulations)
[0.980s] Level 1:colcon.colcon_core.environment:create_environment_scripts_only(turtlebot3_simulations)
[0.980s] Level 1:colcon.colcon_core.environment:checking '/home/roboticist/0_Projects/tail_mate/install/turtlebot3_simulations' for CMake module files
[0.981s] Level 1:colcon.colcon_core.environment:checking '/home/roboticist/0_Projects/tail_mate/install/turtlebot3_simulations' for CMake config files
[0.981s] Level 1:colcon.colcon_core.shell:create_environment_hook('turtlebot3_simulations', 'cmake_prefix_path')
[0.981s] INFO:colcon.colcon_core.shell:Creating environment hook '/home/roboticist/0_Projects/tail_mate/install/turtlebot3_simulations/share/turtlebot3_simulations/hook/cmake_prefix_path.ps1'
[0.982s] INFO:colcon.colcon_core.shell:Creating environment descriptor '/home/roboticist/0_Projects/tail_mate/install/turtlebot3_simulations/share/turtlebot3_simulations/hook/cmake_prefix_path.dsv'
[0.982s] INFO:colcon.colcon_core.shell:Creating environment hook '/home/roboticist/0_Projects/tail_mate/install/turtlebot3_simulations/share/turtlebot3_simulations/hook/cmake_prefix_path.sh'
[0.982s] Level 1:colcon.colcon_core.environment:checking '/home/roboticist/0_Projects/tail_mate/install/turtlebot3_simulations/bin'
[0.982s] Level 1:colcon.colcon_core.environment:checking '/home/roboticist/0_Projects/tail_mate/install/turtlebot3_simulations/lib/pkgconfig/turtlebot3_simulations.pc'
[0.983s] Level 1:colcon.colcon_core.environment:checking '/home/roboticist/0_Projects/tail_mate/install/turtlebot3_simulations/lib/python3.10/site-packages'
[0.983s] Level 1:colcon.colcon_core.environment:checking '/home/roboticist/0_Projects/tail_mate/install/turtlebot3_simulations/bin'
[0.983s] INFO:colcon.colcon_core.shell:Creating package script '/home/roboticist/0_Projects/tail_mate/install/turtlebot3_simulations/share/turtlebot3_simulations/package.ps1'
[0.983s] INFO:colcon.colcon_core.shell:Creating package descriptor '/home/roboticist/0_Projects/tail_mate/install/turtlebot3_simulations/share/turtlebot3_simulations/package.dsv'
[0.984s] INFO:colcon.colcon_core.shell:Creating package script '/home/roboticist/0_Projects/tail_mate/install/turtlebot3_simulations/share/turtlebot3_simulations/package.sh'
[0.984s] INFO:colcon.colcon_core.shell:Creating package script '/home/roboticist/0_Projects/tail_mate/install/turtlebot3_simulations/share/turtlebot3_simulations/package.bash'
[0.985s] INFO:colcon.colcon_core.shell:Creating package script '/home/roboticist/0_Projects/tail_mate/install/turtlebot3_simulations/share/turtlebot3_simulations/package.zsh'
[0.985s] Level 1:colcon.colcon_core.environment:create_file_with_runtime_dependencies(/home/roboticist/0_Projects/tail_mate/install/turtlebot3_simulations/share/colcon-core/packages/turtlebot3_simulations)
[0.985s] Level 1:colcon.colcon_core.environment:create_environment_scripts_only(sjtu_drone_description)
[0.985s] Level 1:colcon.colcon_core.environment:checking '/home/roboticist/0_Projects/tail_mate/install/sjtu_drone_description' for CMake module files
[0.986s] DEBUG:colcon.colcon_core.event_handler.log_command:Invoked command in '/home/roboticist/0_Projects/tail_mate/build/sjtu_drone_description' returned '0': CMAKE_PREFIX_PATH=${CMAKE_PREFIX_PATH}:/home/roboticist/0_Projects/tail_mate/install/sjtu_drone_control:/home/roboticist/0_Projects/tail_mate/install/sjtu_drone_bringup:/opt/ros/humble /usr/bin/cmake --install /home/roboticist/0_Projects/tail_mate/build/sjtu_drone_description
[0.986s] Level 1:colcon.colcon_core.environment:checking '/home/roboticist/0_Projects/tail_mate/install/sjtu_drone_description' for CMake config files
[0.987s] Level 1:colcon.colcon_core.shell:create_environment_hook('sjtu_drone_description', 'cmake_prefix_path')
[0.987s] INFO:colcon.colcon_core.shell:Creating environment hook '/home/roboticist/0_Projects/tail_mate/install/sjtu_drone_description/share/sjtu_drone_description/hook/cmake_prefix_path.ps1'
[0.987s] INFO:colcon.colcon_core.shell:Creating environment descriptor '/home/roboticist/0_Projects/tail_mate/install/sjtu_drone_description/share/sjtu_drone_description/hook/cmake_prefix_path.dsv'
[0.987s] INFO:colcon.colcon_core.shell:Creating environment hook '/home/roboticist/0_Projects/tail_mate/install/sjtu_drone_description/share/sjtu_drone_description/hook/cmake_prefix_path.sh'
[0.988s] Level 1:colcon.colcon_core.environment:checking '/home/roboticist/0_Projects/tail_mate/install/sjtu_drone_description/lib'
[0.988s] Level 1:colcon.colcon_core.shell:create_environment_hook('sjtu_drone_description', 'ld_library_path_lib')
[0.988s] INFO:colcon.colcon_core.shell:Creating environment hook '/home/roboticist/0_Projects/tail_mate/install/sjtu_drone_description/share/sjtu_drone_description/hook/ld_library_path_lib.ps1'
[0.988s] INFO:colcon.colcon_core.shell:Creating environment descriptor '/home/roboticist/0_Projects/tail_mate/install/sjtu_drone_description/share/sjtu_drone_description/hook/ld_library_path_lib.dsv'
[0.989s] INFO:colcon.colcon_core.shell:Creating environment hook '/home/roboticist/0_Projects/tail_mate/install/sjtu_drone_description/share/sjtu_drone_description/hook/ld_library_path_lib.sh'
[0.989s] Level 1:colcon.colcon_core.environment:checking '/home/roboticist/0_Projects/tail_mate/install/sjtu_drone_description/bin'
[0.989s] Level 1:colcon.colcon_core.environment:checking '/home/roboticist/0_Projects/tail_mate/install/sjtu_drone_description/lib/pkgconfig/sjtu_drone_description.pc'
[0.989s] Level 1:colcon.colcon_core.environment:checking '/home/roboticist/0_Projects/tail_mate/install/sjtu_drone_description/lib/python3.10/site-packages'
[0.989s] Level 1:colcon.colcon_core.environment:checking '/home/roboticist/0_Projects/tail_mate/install/sjtu_drone_description/bin'
[0.990s] INFO:colcon.colcon_core.shell:Creating package script '/home/roboticist/0_Projects/tail_mate/install/sjtu_drone_description/share/sjtu_drone_description/package.ps1'
[0.990s] INFO:colcon.colcon_core.shell:Creating package descriptor '/home/roboticist/0_Projects/tail_mate/install/sjtu_drone_description/share/sjtu_drone_description/package.dsv'
[0.991s] INFO:colcon.colcon_core.shell:Creating package script '/home/roboticist/0_Projects/tail_mate/install/sjtu_drone_description/share/sjtu_drone_description/package.sh'
[0.991s] INFO:colcon.colcon_core.shell:Creating package script '/home/roboticist/0_Projects/tail_mate/install/sjtu_drone_description/share/sjtu_drone_description/package.bash'
[0.991s] INFO:colcon.colcon_core.shell:Creating package script '/home/roboticist/0_Projects/tail_mate/install/sjtu_drone_description/share/sjtu_drone_description/package.zsh'
[0.992s] Level 1:colcon.colcon_core.environment:create_file_with_runtime_dependencies(/home/roboticist/0_Projects/tail_mate/install/sjtu_drone_description/share/colcon-core/packages/sjtu_drone_description)
[0.992s] Level 1:colcon.colcon_core.environment:create_environment_scripts_only(sjtu_drone_description)
[0.992s] Level 1:colcon.colcon_core.environment:checking '/home/roboticist/0_Projects/tail_mate/install/sjtu_drone_description' for CMake module files
[0.993s] Level 1:colcon.colcon_core.environment:checking '/home/roboticist/0_Projects/tail_mate/install/sjtu_drone_description' for CMake config files
[0.993s] Level 1:colcon.colcon_core.shell:create_environment_hook('sjtu_drone_description', 'cmake_prefix_path')
[0.993s] INFO:colcon.colcon_core.shell:Creating environment hook '/home/roboticist/0_Projects/tail_mate/install/sjtu_drone_description/share/sjtu_drone_description/hook/cmake_prefix_path.ps1'
[0.994s] INFO:colcon.colcon_core.shell:Creating environment descriptor '/home/roboticist/0_Projects/tail_mate/install/sjtu_drone_description/share/sjtu_drone_description/hook/cmake_prefix_path.dsv'
[0.994s] INFO:colcon.colcon_core.shell:Creating environment hook '/home/roboticist/0_Projects/tail_mate/install/sjtu_drone_description/share/sjtu_drone_description/hook/cmake_prefix_path.sh'
[0.994s] Level 1:colcon.colcon_core.environment:checking '/home/roboticist/0_Projects/tail_mate/install/sjtu_drone_description/lib'
[0.994s] Level 1:colcon.colcon_core.shell:create_environment_hook('sjtu_drone_description', 'ld_library_path_lib')
[0.994s] INFO:colcon.colcon_core.shell:Creating environment hook '/home/roboticist/0_Projects/tail_mate/install/sjtu_drone_description/share/sjtu_drone_description/hook/ld_library_path_lib.ps1'
[0.995s] INFO:colcon.colcon_core.shell:Creating environment descriptor '/home/roboticist/0_Projects/tail_mate/install/sjtu_drone_description/share/sjtu_drone_description/hook/ld_library_path_lib.dsv'
[0.995s] INFO:colcon.colcon_core.shell:Creating environment hook '/home/roboticist/0_Projects/tail_mate/install/sjtu_drone_description/share/sjtu_drone_description/hook/ld_library_path_lib.sh'
[0.995s] Level 1:colcon.colcon_core.environment:checking '/home/roboticist/0_Projects/tail_mate/install/sjtu_drone_description/bin'
[0.995s] Level 1:colcon.colcon_core.environment:checking '/home/roboticist/0_Projects/tail_mate/install/sjtu_drone_description/lib/pkgconfig/sjtu_drone_description.pc'
[0.996s] Level 1:colcon.colcon_core.environment:checking '/home/roboticist/0_Projects/tail_mate/install/sjtu_drone_description/lib/python3.10/site-packages'
[0.996s] Level 1:colcon.colcon_core.environment:checking '/home/roboticist/0_Projects/tail_mate/install/sjtu_drone_description/bin'
[0.996s] INFO:colcon.colcon_core.shell:Creating package script '/home/roboticist/0_Projects/tail_mate/install/sjtu_drone_description/share/sjtu_drone_description/package.ps1'
[0.996s] INFO:colcon.colcon_core.shell:Creating package descriptor '/home/roboticist/0_Projects/tail_mate/install/sjtu_drone_description/share/sjtu_drone_description/package.dsv'
[0.997s] INFO:colcon.colcon_core.shell:Creating package script '/home/roboticist/0_Projects/tail_mate/install/sjtu_drone_description/share/sjtu_drone_description/package.sh'
[0.997s] INFO:colcon.colcon_core.shell:Creating package script '/home/roboticist/0_Projects/tail_mate/install/sjtu_drone_description/share/sjtu_drone_description/package.bash'
[0.998s] INFO:colcon.colcon_core.shell:Creating package script '/home/roboticist/0_Projects/tail_mate/install/sjtu_drone_description/share/sjtu_drone_description/package.zsh'
[0.998s] Level 1:colcon.colcon_core.environment:create_file_with_runtime_dependencies(/home/roboticist/0_Projects/tail_mate/install/sjtu_drone_description/share/colcon-core/packages/sjtu_drone_description)
[1.101s] DEBUG:colcon.colcon_core.event_handler.log_command:Invoking command in '/home/roboticist/0_Projects/tail_mate/src/sjtu_drone/sjtu_drone_control': PYTHONPATH=/home/roboticist/0_Projects/tail_mate/build/sjtu_drone_control/prefix_override:/usr/lib/python3/dist-packages/colcon_core/task/python/colcon_distutils_commands:/home/roboticist/0_Projects/tail_mate/install/sjtu_drone_control/lib/python3.10/site-packages:${PYTHONPATH} /usr/bin/python3 -W ignore:setup.py install is deprecated -W ignore:easy_install command is deprecated setup.py egg_info --egg-base ../../../build/sjtu_drone_control build --build-base /home/roboticist/0_Projects/tail_mate/build/sjtu_drone_control/build install --record /home/roboticist/0_Projects/tail_mate/build/sjtu_drone_control/install.log --single-version-externally-managed install_data
[1.112s] DEBUG:colcon.colcon_core.event_handler.log_command:Invoking command in '/home/roboticist/0_Projects/tail_mate/src/sjtu_drone/sjtu_drone_bringup': PYTHONPATH=/home/roboticist/0_Projects/tail_mate/build/sjtu_drone_bringup/prefix_override:/usr/lib/python3/dist-packages/colcon_core/task/python/colcon_distutils_commands:/home/roboticist/0_Projects/tail_mate/install/sjtu_drone_bringup/lib/python3.10/site-packages:${PYTHONPATH} /usr/bin/python3 -W ignore:setup.py install is deprecated -W ignore:easy_install command is deprecated setup.py egg_info --egg-base ../../../build/sjtu_drone_bringup build --build-base /home/roboticist/0_Projects/tail_mate/build/sjtu_drone_bringup/build install --record /home/roboticist/0_Projects/tail_mate/build/sjtu_drone_bringup/install.log --single-version-externally-managed install_data
[1.360s] Level 1:colcon.colcon_core.environment:checking '/home/roboticist/0_Projects/tail_mate/install/sjtu_drone_control' for CMake module files
[1.361s] DEBUG:colcon.colcon_core.event_handler.log_command:Invoked command in '/home/roboticist/0_Projects/tail_mate/src/sjtu_drone/sjtu_drone_control' returned '0': PYTHONPATH=/home/roboticist/0_Projects/tail_mate/build/sjtu_drone_control/prefix_override:/usr/lib/python3/dist-packages/colcon_core/task/python/colcon_distutils_commands:/home/roboticist/0_Projects/tail_mate/install/sjtu_drone_control/lib/python3.10/site-packages:${PYTHONPATH} /usr/bin/python3 -W ignore:setup.py install is deprecated -W ignore:easy_install command is deprecated setup.py egg_info --egg-base ../../../build/sjtu_drone_control build --build-base /home/roboticist/0_Projects/tail_mate/build/sjtu_drone_control/build install --record /home/roboticist/0_Projects/tail_mate/build/sjtu_drone_control/install.log --single-version-externally-managed install_data
[1.361s] Level 1:colcon.colcon_core.environment:checking '/home/roboticist/0_Projects/tail_mate/install/sjtu_drone_control' for CMake config files
[1.362s] Level 1:colcon.colcon_core.environment:checking '/home/roboticist/0_Projects/tail_mate/install/sjtu_drone_control/lib'
[1.362s] Level 1:colcon.colcon_core.environment:checking '/home/roboticist/0_Projects/tail_mate/install/sjtu_drone_control/bin'
[1.362s] Level 1:colcon.colcon_core.environment:checking '/home/roboticist/0_Projects/tail_mate/install/sjtu_drone_control/lib/pkgconfig/sjtu_drone_control.pc'
[1.362s] Level 1:colcon.colcon_core.environment:checking '/home/roboticist/0_Projects/tail_mate/install/sjtu_drone_control/lib/python3.10/site-packages'
[1.362s] Level 1:colcon.colcon_core.shell:create_environment_hook('sjtu_drone_control', 'pythonpath')
[1.362s] INFO:colcon.colcon_core.shell:Creating environment hook '/home/roboticist/0_Projects/tail_mate/install/sjtu_drone_control/share/sjtu_drone_control/hook/pythonpath.ps1'
[1.363s] INFO:colcon.colcon_core.shell:Creating environment descriptor '/home/roboticist/0_Projects/tail_mate/install/sjtu_drone_control/share/sjtu_drone_control/hook/pythonpath.dsv'
[1.363s] INFO:colcon.colcon_core.shell:Creating environment hook '/home/roboticist/0_Projects/tail_mate/install/sjtu_drone_control/share/sjtu_drone_control/hook/pythonpath.sh'
[1.364s] Level 1:colcon.colcon_core.environment:checking '/home/roboticist/0_Projects/tail_mate/install/sjtu_drone_control/bin'
[1.364s] Level 1:colcon.colcon_core.environment:create_environment_scripts_only(sjtu_drone_control)
[1.364s] INFO:colcon.colcon_core.shell:Creating package script '/home/roboticist/0_Projects/tail_mate/install/sjtu_drone_control/share/sjtu_drone_control/package.ps1'
[1.365s] INFO:colcon.colcon_core.shell:Creating package descriptor '/home/roboticist/0_Projects/tail_mate/install/sjtu_drone_control/share/sjtu_drone_control/package.dsv'
[1.365s] INFO:colcon.colcon_core.shell:Creating package script '/home/roboticist/0_Projects/tail_mate/install/sjtu_drone_control/share/sjtu_drone_control/package.sh'
[1.366s] INFO:colcon.colcon_core.shell:Creating package script '/home/roboticist/0_Projects/tail_mate/install/sjtu_drone_control/share/sjtu_drone_control/package.bash'
[1.366s] INFO:colcon.colcon_core.shell:Creating package script '/home/roboticist/0_Projects/tail_mate/install/sjtu_drone_control/share/sjtu_drone_control/package.zsh'
[1.366s] Level 1:colcon.colcon_core.environment:create_file_with_runtime_dependencies(/home/roboticist/0_Projects/tail_mate/install/sjtu_drone_control/share/colcon-core/packages/sjtu_drone_control)
[1.374s] Level 1:colcon.colcon_core.environment:checking '/home/roboticist/0_Projects/tail_mate/install/sjtu_drone_bringup' for CMake module files
[1.374s] DEBUG:colcon.colcon_core.event_handler.log_command:Invoked command in '/home/roboticist/0_Projects/tail_mate/src/sjtu_drone/sjtu_drone_bringup' returned '0': PYTHONPATH=/home/roboticist/0_Projects/tail_mate/build/sjtu_drone_bringup/prefix_override:/usr/lib/python3/dist-packages/colcon_core/task/python/colcon_distutils_commands:/home/roboticist/0_Projects/tail_mate/install/sjtu_drone_bringup/lib/python3.10/site-packages:${PYTHONPATH} /usr/bin/python3 -W ignore:setup.py install is deprecated -W ignore:easy_install command is deprecated setup.py egg_info --egg-base ../../../build/sjtu_drone_bringup build --build-base /home/roboticist/0_Projects/tail_mate/build/sjtu_drone_bringup/build install --record /home/roboticist/0_Projects/tail_mate/build/sjtu_drone_bringup/install.log --single-version-externally-managed install_data
[1.374s] Level 1:colcon.colcon_core.environment:checking '/home/roboticist/0_Projects/tail_mate/install/sjtu_drone_bringup' for CMake config files
[1.375s] Level 1:colcon.colcon_core.environment:checking '/home/roboticist/0_Projects/tail_mate/install/sjtu_drone_bringup/lib'
[1.375s] Level 1:colcon.colcon_core.environment:checking '/home/roboticist/0_Projects/tail_mate/install/sjtu_drone_bringup/bin'
[1.375s] Level 1:colcon.colcon_core.environment:checking '/home/roboticist/0_Projects/tail_mate/install/sjtu_drone_bringup/lib/pkgconfig/sjtu_drone_bringup.pc'
[1.375s] Level 1:colcon.colcon_core.environment:checking '/home/roboticist/0_Projects/tail_mate/install/sjtu_drone_bringup/lib/python3.10/site-packages'
[1.375s] Level 1:colcon.colcon_core.shell:create_environment_hook('sjtu_drone_bringup', 'pythonpath')
[1.375s] INFO:colcon.colcon_core.shell:Creating environment hook '/home/roboticist/0_Projects/tail_mate/install/sjtu_drone_bringup/share/sjtu_drone_bringup/hook/pythonpath.ps1'
[1.376s] INFO:colcon.colcon_core.shell:Creating environment descriptor '/home/roboticist/0_Projects/tail_mate/install/sjtu_drone_bringup/share/sjtu_drone_bringup/hook/pythonpath.dsv'
[1.376s] INFO:colcon.colcon_core.shell:Creating environment hook '/home/roboticist/0_Projects/tail_mate/install/sjtu_drone_bringup/share/sjtu_drone_bringup/hook/pythonpath.sh'
[1.377s] Level 1:colcon.colcon_core.environment:checking '/home/roboticist/0_Projects/tail_mate/install/sjtu_drone_bringup/bin'
[1.377s] Level 1:colcon.colcon_core.environment:create_environment_scripts_only(sjtu_drone_bringup)
[1.377s] INFO:colcon.colcon_core.shell:Creating package script '/home/roboticist/0_Projects/tail_mate/install/sjtu_drone_bringup/share/sjtu_drone_bringup/package.ps1'
[1.377s] INFO:colcon.colcon_core.shell:Creating package descriptor '/home/roboticist/0_Projects/tail_mate/install/sjtu_drone_bringup/share/sjtu_drone_bringup/package.dsv'
[1.378s] INFO:colcon.colcon_core.shell:Creating package script '/home/roboticist/0_Projects/tail_mate/install/sjtu_drone_bringup/share/sjtu_drone_bringup/package.sh'
[1.378s] INFO:colcon.colcon_core.shell:Creating package script '/home/roboticist/0_Projects/tail_mate/install/sjtu_drone_bringup/share/sjtu_drone_bringup/package.bash'
[1.378s] INFO:colcon.colcon_core.shell:Creating package script '/home/roboticist/0_Projects/tail_mate/install/sjtu_drone_bringup/share/sjtu_drone_bringup/package.zsh'
[1.379s] Level 1:colcon.colcon_core.environment:create_file_with_runtime_dependencies(/home/roboticist/0_Projects/tail_mate/install/sjtu_drone_bringup/share/colcon-core/packages/sjtu_drone_bringup)
[1.379s] DEBUG:colcon.colcon_parallel_executor.executor.parallel:closing loop
[1.379s] DEBUG:colcon.colcon_parallel_executor.executor.parallel:loop closed
[1.379s] DEBUG:colcon.colcon_parallel_executor.executor.parallel:run_until_complete finished with '0'
[1.379s] DEBUG:colcon.colcon_core.event_reactor:joining thread
[1.382s] INFO:colcon.colcon_core.plugin_system:Skipping extension 'colcon_notification.desktop_notification.terminal_notifier': Not used on non-Darwin systems
[1.382s] INFO:colcon.colcon_core.plugin_system:Skipping extension 'colcon_notification.desktop_notification.win32': Not used on non-Windows systems
[1.382s] INFO:colcon.colcon_notification.desktop_notification:Sending desktop notification using 'notify2'
[1.393s] DEBUG:colcon.colcon_core.event_reactor:joined thread
[1.393s] INFO:colcon.colcon_core.shell:Creating prefix script '/home/roboticist/0_Projects/tail_mate/install/local_setup.ps1'
[1.394s] INFO:colcon.colcon_core.shell:Creating prefix util module '/home/roboticist/0_Projects/tail_mate/install/_local_setup_util_ps1.py'
[1.395s] INFO:colcon.colcon_core.shell:Creating prefix chain script '/home/roboticist/0_Projects/tail_mate/install/setup.ps1'
[1.396s] INFO:colcon.colcon_core.shell:Creating prefix script '/home/roboticist/0_Projects/tail_mate/install/local_setup.sh'
[1.397s] INFO:colcon.colcon_core.shell:Creating prefix util module '/home/roboticist/0_Projects/tail_mate/install/_local_setup_util_sh.py'
[1.397s] INFO:colcon.colcon_core.shell:Creating prefix chain script '/home/roboticist/0_Projects/tail_mate/install/setup.sh'
[1.398s] INFO:colcon.colcon_core.shell:Creating prefix script '/home/roboticist/0_Projects/tail_mate/install/local_setup.bash'
[1.399s] INFO:colcon.colcon_core.shell:Creating prefix chain script '/home/roboticist/0_Projects/tail_mate/install/setup.bash'
[1.400s] INFO:colcon.colcon_core.shell:Creating prefix script '/home/roboticist/0_Projects/tail_mate/install/local_setup.zsh'
[1.400s] INFO:colcon.colcon_core.shell:Creating prefix chain script '/home/roboticist/0_Projects/tail_mate/install/setup.zsh'
