[0.710s] Invoking command in '/home/roboticist/0_Projects/tail_mate/src/sjtu_drone/sjtu_drone_control': PYTHONPATH=/home/roboticist/0_Projects/tail_mate/build/sjtu_drone_control/prefix_override:/usr/lib/python3/dist-packages/colcon_core/task/python/colcon_distutils_commands:/home/roboticist/0_Projects/tail_mate/install/sjtu_drone_control/lib/python3.10/site-packages:${PYTHONPATH} /usr/bin/python3 -W ignore:setup.py install is deprecated -W ignore:easy_install command is deprecated setup.py egg_info --egg-base ../../../build/sjtu_drone_control build --build-base /home/roboticist/0_Projects/tail_mate/build/sjtu_drone_control/build install --record /home/roboticist/0_Projects/tail_mate/build/sjtu_drone_control/install.log --single-version-externally-managed install_data
[0.877s] running egg_info
[0.878s] writing ../../../build/sjtu_drone_control/sjtu_drone_control.egg-info/PKG-INFO
[0.878s] writing dependency_links to ../../../build/sjtu_drone_control/sjtu_drone_control.egg-info/dependency_links.txt
[0.878s] writing entry points to ../../../build/sjtu_drone_control/sjtu_drone_control.egg-info/entry_points.txt
[0.878s] writing requirements to ../../../build/sjtu_drone_control/sjtu_drone_control.egg-info/requires.txt
[0.878s] writing top-level names to ../../../build/sjtu_drone_control/sjtu_drone_control.egg-info/top_level.txt
[0.879s] reading manifest file '../../../build/sjtu_drone_control/sjtu_drone_control.egg-info/SOURCES.txt'
[0.879s] writing manifest file '../../../build/sjtu_drone_control/sjtu_drone_control.egg-info/SOURCES.txt'
[0.879s] running build
[0.879s] running build_py
[0.879s] running install
[0.880s] running install_lib
[0.880s] running install_data
[0.880s] running install_egg_info
[0.881s] removing '/home/roboticist/0_Projects/tail_mate/install/sjtu_drone_control/lib/python3.10/site-packages/sjtu_drone_control-0.0.0-py3.10.egg-info' (and everything under it)
[0.882s] Copying ../../../build/sjtu_drone_control/sjtu_drone_control.egg-info to /home/roboticist/0_Projects/tail_mate/install/sjtu_drone_control/lib/python3.10/site-packages/sjtu_drone_control-0.0.0-py3.10.egg-info
[0.882s] running install_scripts
[0.895s] Installing drone_position_control script to /home/roboticist/0_Projects/tail_mate/install/sjtu_drone_control/lib/sjtu_drone_control
[0.895s] Installing open_loop_control script to /home/roboticist/0_Projects/tail_mate/install/sjtu_drone_control/lib/sjtu_drone_control
[0.895s] Installing teleop script to /home/roboticist/0_Projects/tail_mate/install/sjtu_drone_control/lib/sjtu_drone_control
[0.896s] Installing teleop_joystick script to /home/roboticist/0_Projects/tail_mate/install/sjtu_drone_control/lib/sjtu_drone_control
[0.896s] writing list of installed files to '/home/roboticist/0_Projects/tail_mate/build/sjtu_drone_control/install.log'
